<Event xmlns='http://schemas.microsoft.com/win/2004/08/events/event'><System><Provider Name='Microsoft-Windows-Sysmon' Guid='{5770385f-c22a-43e0-bf4c-06f5698ffbd9}'/><EventID>1</EventID><Version>5</Version><Level>4</Level><Task>1</Task><Opcode>0</Opcode><Keywords>0x8000000000000000</Keywords><TimeCreated SystemTime='2025-12-16T09:33:19.2697057Z'/><EventRecordID>29778547</EventRecordID><Correlation/><Execution ProcessID='6012' ThreadID='7820'/><Channel>Microsoft-Windows-Sysmon/Operational</Channel><Computer>DESKTOP-TVP7N18</Computer><Security UserID='S-1-5-18'/></System><EventData><Data Name='RuleName'>-</Data><Data Name='UtcTime'>2025-12-16 09:33:19.268</Data><Data Name='ProcessGuid'>{67c6cbf5-275f-6941-99f9-000000003b00}</Data><Data Name='ProcessId'>30524</Data><Data Name='Image'>C:\Program Files\WindowsApps\Microsoft.MicrosoftPCManager_3.18.12.0_x64__8wekyb3d8bbwe\PCManager\MSPCManagerCore.exe</Data><Data Name='FileVersion'>3.18.12.0</Data><Data Name='Description'>MSPCManagerCore</Data><Data Name='Product'>MSPCManagerCore</Data><Data Name='Company'>MSPCManagerCore</Data><Data Name='OriginalFileName'>MSPCManagerCore.exe</Data><Data Name='CommandLine'>"C:\Program Files\WindowsApps\Microsoft.MicrosoftPCManager_3.18.12.0_x64__8wekyb3d8bbwe\PCManager\MSPCManagerCore.exe"  --RunOnce</Data><Data Name='CurrentDirectory'>C:\Program Files\WindowsApps\Microsoft.MicrosoftPCManager_3.18.12.0_x64__8wekyb3d8bbwe\PCManager\</Data><Data Name='User'>DESKTOP-TVP7N18\User</Data><Data Name='LogonGuid'>{67c6cbf5-cfd9-693b-6443-180000000000}</Data><Data Name='LogonId'>0x184364</Data><Data Name='TerminalSessionId'>1</Data><Data Name='IntegrityLevel'>High</Data><Data Name='Hashes'>MD5=AC43B7551C26571CC32CEF86DADFF922,SHA256=AF64E8EFB0345FCB71283443596A6E68311AEB4190245E5356CE8C63174C3234,IMPHASH=00000000000000000000000000000000</Data><Data Name='ParentProcessGuid'>{67c6cbf5-275f-6941-97f9-000000003b00}</Data><Data Name='ParentProcessId'>30952</Data><Data Name='ParentImage'>C:\Windows\System32\cmd.exe</Data><Data Name='ParentCommandLine'>"C:\WINDOWS\system32\cmd.exe" /c start " " /b "C:\Program Files\WindowsApps\Microsoft.MicrosoftPCManager_3.18.12.0_x64__8wekyb3d8bbwe\PCManager\MSPCManagerCore.exe" --RunOnce</Data><Data Name='ParentUser'>DESKTOP-TVP7N18\User</Data></EventData></Event>
<Event xmlns='http://schemas.microsoft.com/win/2004/08/events/event'><System><Provider Name='Microsoft-Windows-Sysmon' Guid='{5770385f-c22a-43e0-bf4c-06f5698ffbd9}'/><EventID>1</EventID><Version>5</Version><Level>4</Level><Task>1</Task><Opcode>0</Opcode><Keywords>0x8000000000000000</Keywords><TimeCreated SystemTime='2025-12-16T09:33:19.2530549Z'/><EventRecordID>29778546</EventRecordID><Correlation/><Execution ProcessID='6012' ThreadID='7820'/><Channel>Microsoft-Windows-Sysmon/Operational</Channel><Computer>DESKTOP-TVP7N18</Computer><Security UserID='S-1-5-18'/></System><EventData><Data Name='RuleName'>-</Data><Data Name='UtcTime'>2025-12-16 09:33:19.248</Data><Data Name='ProcessGuid'>{67c6cbf5-275f-6941-97f9-000000003b00}</Data><Data Name='ProcessId'>30952</Data><Data Name='Image'>C:\Windows\System32\cmd.exe</Data><Data Name='FileVersion'>10.0.26100.7309 (WinBuild.160101.0800)</Data><Data Name='Description'>Windows Command Processor</Data><Data Name='Product'>Microsoft® Windows® Operating System</Data><Data Name='Company'>Microsoft Corporation</Data><Data Name='OriginalFileName'>Cmd.Exe</Data><Data Name='CommandLine'>"C:\WINDOWS\system32\cmd.exe" /c start " " /b "C:\Program Files\WindowsApps\Microsoft.MicrosoftPCManager_3.18.12.0_x64__8wekyb3d8bbwe\PCManager\MSPCManagerCore.exe" --RunOnce</Data><Data Name='CurrentDirectory'>C:\Program Files\WindowsApps\Microsoft.MicrosoftPCManager_3.18.12.0_x64__8wekyb3d8bbwe\PCManager\</Data><Data Name='User'>DESKTOP-TVP7N18\User</Data><Data Name='LogonGuid'>{67c6cbf5-cfd9-693b-6443-180000000000}</Data><Data Name='LogonId'>0x184364</Data><Data Name='TerminalSessionId'>1</Data><Data Name='IntegrityLevel'>High</Data><Data Name='Hashes'>MD5=6D109A3A00F210C1AB89C3B08399ED48,SHA256=64AFC6DB3AAD1289533662E2D79E27DD55C7DCDB8CD918B08E145AD82AD5ACB4,IMPHASH=B0F049C014592B156EB1FA857E99CEB9</Data><Data Name='ParentProcessGuid'>{67c6cbf5-d4af-693f-938e-000000003b00}</Data><Data Name='ParentProcessId'>19816</Data><Data Name='ParentImage'>C:\Program Files\WindowsApps\Microsoft.MicrosoftPCManager_3.18.12.0_x64__8wekyb3d8bbwe\PCManager\MSPCManagerService.exe</Data><Data Name='ParentCommandLine'>"C:\Program Files\WindowsApps\Microsoft.MicrosoftPCManager_3.18.12.0_x64__8wekyb3d8bbwe\PCManager\MSPCManagerService.exe"</Data><Data Name='ParentUser'>NT AUTHORITY\SYSTEM</Data></EventData></Event>
<Event xmlns='http://schemas.microsoft.com/win/2004/08/events/event'><System><Provider Name='Microsoft-Windows-Sysmon' Guid='{5770385f-c22a-43e0-bf4c-06f5698ffbd9}'/><EventID>1</EventID><Version>5</Version><Level>4</Level><Task>1</Task><Opcode>0</Opcode><Keywords>0x8000000000000000</Keywords><TimeCreated SystemTime='2025-12-16T09:33:14.1216362Z'/><EventRecordID>29778545</EventRecordID><Correlation/><Execution ProcessID='6012' ThreadID='7820'/><Channel>Microsoft-Windows-Sysmon/Operational</Channel><Computer>DESKTOP-TVP7N18</Computer><Security UserID='S-1-5-18'/></System><EventData><Data Name='RuleName'>-</Data><Data Name='UtcTime'>2025-12-16 09:33:14.119</Data><Data Name='ProcessGuid'>{67c6cbf5-275a-6941-94f9-000000003b00}</Data><Data Name='ProcessId'>31432</Data><Data Name='Image'>C:\Windows\System32\wbem\WMIC.exe</Data><Data Name='FileVersion'>10.0.26100.5074 (WinBuild.160101.0800)</Data><Data Name='Description'>WMI Commandline Utility</Data><Data Name='Product'>Microsoft® Windows® Operating System</Data><Data Name='Company'>Microsoft Corporation</Data><Data Name='OriginalFileName'>wmic.exe</Data><Data Name='CommandLine'>wmic os get Caption</Data><Data Name='CurrentDirectory'>D:\Microsoft VS Code\</Data><Data Name='User'>DESKTOP-TVP7N18\User</Data><Data Name='LogonGuid'>{67c6cbf5-cfd9-693b-6443-180000000000}</Data><Data Name='LogonId'>0x184364</Data><Data Name='TerminalSessionId'>1</Data><Data Name='IntegrityLevel'>High</Data><Data Name='Hashes'>MD5=2E51DA7B69836CFEBCB3F9AA47C08266,SHA256=7C7F386BB7C70263FD835DC58791B6DD73FC6617C27751B5503DBA8D0CDDA690,IMPHASH=43C6BE584D77B658A53A9A5C606724DD</Data><Data Name='ParentProcessGuid'>{67c6cbf5-0519-6940-3a99-000000003b00}</Data><Data Name='ParentProcessId'>22764</Data><Data Name='ParentImage'>D:\Microsoft VS Code\Code.exe</Data><Data Name='ParentCommandLine'>"D:\Microsoft VS Code\Code.exe" --type=utility --utility-sub-type=node.mojom.NodeService --lang=zh-CN --service-sandbox-type=none --no-sandbox --dns-result-order=ipv4first --experimental-network-inspection --inspect-port=0 --video-capture-use-gpu-memory-buffer --user-data-dir="C:\Users\User\AppData\Roaming\Code" --standard-schemes=vscode-webview,vscode-file --secure-schemes=vscode-webview,vscode-file --cors-schemes=vscode-webview,vscode-file --fetch-schemes=vscode-webview,vscode-file --service-worker-schemes=vscode-webview --code-cache-schemes=vscode-webview,vscode-file --field-trial-handle=1752,i,1211510252958233461,16098926946889970287,262144 --enable-features=DocumentPolicyIncludeJSCallStacksInCrashReports,EarlyEstablishGpuChannel,EnableTransparentHwndEnlargement,EstablishGpuChannelAsync --disable-features=CalculateNativeWinOcclusion,LocalNetworkAccessChecks,ScreenAIOCREnabled,SpareRendererForSitePerProcess,TraceSiteInstanceGetProcessCreation --variations-seed-version --trace-process-track-uuid=3190708993808206286 --mojo-platform-channel-handle=3748 /prefetch:14</Data><Data Name='ParentUser'>DESKTOP-TVP7N18\User</Data></EventData></Event>
<Event xmlns='http://schemas.microsoft.com/win/2004/08/events/event'><System><Provider Name='Microsoft-Windows-Sysmon' Guid='{5770385f-c22a-43e0-bf4c-06f5698ffbd9}'/><EventID>11</EventID><Version>2</Version><Level>4</Level><Task>11</Task><Opcode>0</Opcode><Keywords>0x8000000000000000</Keywords><TimeCreated SystemTime='2025-12-16T09:33:14.0584805Z'/><EventRecordID>29778544</EventRecordID><Correlation/><Execution ProcessID='6012' ThreadID='7820'/><Channel>Microsoft-Windows-Sysmon/Operational</Channel><Computer>DESKTOP-TVP7N18</Computer><Security UserID='S-1-5-18'/></System><EventData><Data Name='RuleName'>-</Data><Data Name='UtcTime'>2025-12-16 09:33:14.057</Data><Data Name='ProcessGuid'>{67c6cbf5-275a-6941-92f9-000000003b00}</Data><Data Name='ProcessId'>13748</Data><Data Name='Image'>C:\Windows\System32\WindowsPowerShell\v1.0\powershell.exe</Data><Data Name='TargetFilename'>C:\Users\User\AppData\Local\Temp\__PSScriptPolicyTest_hchqj0sp.vxq.ps1</Data><Data Name='CreationUtcTime'>2025-12-16 09:33:14.057</Data><Data Name='User'>DESKTOP-TVP7N18\User</Data></EventData></Event>
<Event xmlns='http://schemas.microsoft.com/win/2004/08/events/event'><System><Provider Name='Microsoft-Windows-Sysmon' Guid='{5770385f-c22a-43e0-bf4c-06f5698ffbd9}'/><EventID>1</EventID><Version>5</Version><Level>4</Level><Task>1</Task><Opcode>0</Opcode><Keywords>0x8000000000000000</Keywords><TimeCreated SystemTime='2025-12-16T09:33:14.0186875Z'/><EventRecordID>29778543</EventRecordID><Correlation/><Execution ProcessID='6012' ThreadID='7820'/><Channel>Microsoft-Windows-Sysmon/Operational</Channel><Computer>DESKTOP-TVP7N18</Computer><Security UserID='S-1-5-18'/></System><EventData><Data Name='RuleName'>-</Data><Data Name='UtcTime'>2025-12-16 09:33:14.015</Data><Data Name='ProcessGuid'>{67c6cbf5-275a-6941-92f9-000000003b00}</Data><Data Name='ProcessId'>13748</Data><Data Name='Image'>C:\Windows\System32\WindowsPowerShell\v1.0\powershell.exe</Data><Data Name='FileVersion'>10.0.26100.5074 (WinBuild.160101.0800)</Data><Data Name='Description'>Windows PowerShell</Data><Data Name='Product'>Microsoft® Windows® Operating System</Data><Data Name='Company'>Microsoft Corporation</Data><Data Name='OriginalFileName'>PowerShell.EXE</Data><Data Name='CommandLine'>powershell -NoProfile -Command [System.Environment]::GetFolderPath([System.Environment+SpecialFolder]::MyDocuments)</Data><Data Name='CurrentDirectory'>D:\Microsoft VS Code\</Data><Data Name='User'>DESKTOP-TVP7N18\User</Data><Data Name='LogonGuid'>{67c6cbf5-cfd9-693b-6443-180000000000}</Data><Data Name='LogonId'>0x184364</Data><Data Name='TerminalSessionId'>1</Data><Data Name='IntegrityLevel'>High</Data><Data Name='Hashes'>MD5=A97E6573B97B44C96122BFA543A82EA1,SHA256=0FF6F2C94BC7E2833A5F7E16DE1622E5DBA70396F31C7D5F56381870317E8C46,IMPHASH=AFACF6DC9041114B198160AAB4D0AE77</Data><Data Name='ParentProcessGuid'>{67c6cbf5-0519-6940-3a99-000000003b00}</Data><Data Name='ParentProcessId'>22764</Data><Data Name='ParentImage'>D:\Microsoft VS Code\Code.exe</Data><Data Name='ParentCommandLine'>"D:\Microsoft VS Code\Code.exe" --type=utility --utility-sub-type=node.mojom.NodeService --lang=zh-CN --service-sandbox-type=none --no-sandbox --dns-result-order=ipv4first --experimental-network-inspection --inspect-port=0 --video-capture-use-gpu-memory-buffer --user-data-dir="C:\Users\User\AppData\Roaming\Code" --standard-schemes=vscode-webview,vscode-file --secure-schemes=vscode-webview,vscode-file --cors-schemes=vscode-webview,vscode-file --fetch-schemes=vscode-webview,vscode-file --service-worker-schemes=vscode-webview --code-cache-schemes=vscode-webview,vscode-file --field-trial-handle=1752,i,1211510252958233461,16098926946889970287,262144 --enable-features=DocumentPolicyIncludeJSCallStacksInCrashReports,EarlyEstablishGpuChannel,EnableTransparentHwndEnlargement,EstablishGpuChannelAsync --disable-features=CalculateNativeWinOcclusion,LocalNetworkAccessChecks,ScreenAIOCREnabled,SpareRendererForSitePerProcess,TraceSiteInstanceGetProcessCreation --variations-seed-version --trace-process-track-uuid=3190708993808206286 --mojo-platform-channel-handle=3748 /prefetch:14</Data><Data Name='ParentUser'>DESKTOP-TVP7N18\User</Data></EventData></Event>
<Event xmlns='http://schemas.microsoft.com/win/2004/08/events/event'><System><Provider Name='Microsoft-Windows-Sysmon' Guid='{5770385f-c22a-43e0-bf4c-06f5698ffbd9}'/><EventID>11</EventID><Version>2</Version><Level>4</Level><Task>11</Task><Opcode>0</Opcode><Keywords>0x8000000000000000</Keywords><TimeCreated SystemTime='2025-12-16T09:33:13.9542081Z'/><EventRecordID>29778542</EventRecordID><Correlation/><Execution ProcessID='6012' ThreadID='7820'/><Channel>Microsoft-Windows-Sysmon/Operational</Channel><Computer>DESKTOP-TVP7N18</Computer><Security UserID='S-1-5-18'/></System><EventData><Data Name='RuleName'>-</Data><Data Name='UtcTime'>2025-12-16 09:33:13.953</Data><Data Name='ProcessGuid'>{67c6cbf5-2759-6941-90f9-000000003b00}</Data><Data Name='ProcessId'>37860</Data><Data Name='Image'>C:\Windows\System32\WindowsPowerShell\v1.0\powershell.exe</Data><Data Name='TargetFilename'>C:\Users\User\AppData\Local\Temp\__PSScriptPolicyTest_4qrqqe5g.gwi.ps1</Data><Data Name='CreationUtcTime'>2025-12-16 09:33:13.953</Data><Data Name='User'>DESKTOP-TVP7N18\User</Data></EventData></Event>
<Event xmlns='http://schemas.microsoft.com/win/2004/08/events/event'><System><Provider Name='Microsoft-Windows-Sysmon' Guid='{5770385f-c22a-43e0-bf4c-06f5698ffbd9}'/><EventID>1</EventID><Version>5</Version><Level>4</Level><Task>1</Task><Opcode>0</Opcode><Keywords>0x8000000000000000</Keywords><TimeCreated SystemTime='2025-12-16T09:33:13.9147558Z'/><EventRecordID>29778541</EventRecordID><Correlation/><Execution ProcessID='6012' ThreadID='7820'/><Channel>Microsoft-Windows-Sysmon/Operational</Channel><Computer>DESKTOP-TVP7N18</Computer><Security UserID='S-1-5-18'/></System><EventData><Data Name='RuleName'>-</Data><Data Name='UtcTime'>2025-12-16 09:33:13.911</Data><Data Name='ProcessGuid'>{67c6cbf5-2759-6941-90f9-000000003b00}</Data><Data Name='ProcessId'>37860</Data><Data Name='Image'>C:\Windows\System32\WindowsPowerShell\v1.0\powershell.exe</Data><Data Name='FileVersion'>10.0.26100.5074 (WinBuild.160101.0800)</Data><Data Name='Description'>Windows PowerShell</Data><Data Name='Product'>Microsoft® Windows® Operating System</Data><Data Name='Company'>Microsoft Corporation</Data><Data Name='OriginalFileName'>PowerShell.EXE</Data><Data Name='CommandLine'>powershell -NoProfile -Command [System.Environment]::GetFolderPath([System.Environment+SpecialFolder]::MyDocuments)</Data><Data Name='CurrentDirectory'>D:\Microsoft VS Code\</Data><Data Name='User'>DESKTOP-TVP7N18\User</Data><Data Name='LogonGuid'>{67c6cbf5-cfd9-693b-6443-180000000000}</Data><Data Name='LogonId'>0x184364</Data><Data Name='TerminalSessionId'>1</Data><Data Name='IntegrityLevel'>High</Data><Data Name='Hashes'>MD5=A97E6573B97B44C96122BFA543A82EA1,SHA256=0FF6F2C94BC7E2833A5F7E16DE1622E5DBA70396F31C7D5F56381870317E8C46,IMPHASH=AFACF6DC9041114B198160AAB4D0AE77</Data><Data Name='ParentProcessGuid'>{67c6cbf5-0519-6940-3a99-000000003b00}</Data><Data Name='ParentProcessId'>22764</Data><Data Name='ParentImage'>D:\Microsoft VS Code\Code.exe</Data><Data Name='ParentCommandLine'>"D:\Microsoft VS Code\Code.exe" --type=utility --utility-sub-type=node.mojom.NodeService --lang=zh-CN --service-sandbox-type=none --no-sandbox --dns-result-order=ipv4first --experimental-network-inspection --inspect-port=0 --video-capture-use-gpu-memory-buffer --user-data-dir="C:\Users\User\AppData\Roaming\Code" --standard-schemes=vscode-webview,vscode-file --secure-schemes=vscode-webview,vscode-file --cors-schemes=vscode-webview,vscode-file --fetch-schemes=vscode-webview,vscode-file --service-worker-schemes=vscode-webview --code-cache-schemes=vscode-webview,vscode-file --field-trial-handle=1752,i,1211510252958233461,16098926946889970287,262144 --enable-features=DocumentPolicyIncludeJSCallStacksInCrashReports,EarlyEstablishGpuChannel,EnableTransparentHwndEnlargement,EstablishGpuChannelAsync --disable-features=CalculateNativeWinOcclusion,LocalNetworkAccessChecks,ScreenAIOCREnabled,SpareRendererForSitePerProcess,TraceSiteInstanceGetProcessCreation --variations-seed-version --trace-process-track-uuid=3190708993808206286 --mojo-platform-channel-handle=3748 /prefetch:14</Data><Data Name='ParentUser'>DESKTOP-TVP7N18\User</Data></EventData></Event>
<Event xmlns='http://schemas.microsoft.com/win/2004/08/events/event'><System><Provider Name='Microsoft-Windows-Sysmon' Guid='{5770385f-c22a-43e0-bf4c-06f5698ffbd9}'/><EventID>1</EventID><Version>5</Version><Level>4</Level><Task>1</Task><Opcode>0</Opcode><Keywords>0x8000000000000000</Keywords><TimeCreated SystemTime='2025-12-16T09:33:13.8657796Z'/><EventRecordID>29778540</EventRecordID><Correlation/><Execution ProcessID='6012' ThreadID='7820'/><Channel>Microsoft-Windows-Sysmon/Operational</Channel><Computer>DESKTOP-TVP7N18</Computer><Security UserID='S-1-5-18'/></System><EventData><Data Name='RuleName'>-</Data><Data Name='UtcTime'>2025-12-16 09:33:13.864</Data><Data Name='ProcessGuid'>{67c6cbf5-2759-6941-8ff9-000000003b00}</Data><Data Name='ProcessId'>39388</Data><Data Name='Image'>C:\Windows\System32\where.exe</Data><Data Name='FileVersion'>10.0.26100.1 (WinBuild.160101.0800)</Data><Data Name='Description'>Where - Lists location of files</Data><Data Name='Product'>Microsoft® Windows® Operating System</Data><Data Name='Company'>Microsoft Corporation</Data><Data Name='OriginalFileName'>where.exe</Data><Data Name='CommandLine'>where  wget</Data><Data Name='CurrentDirectory'>D:\Microsoft VS Code\</Data><Data Name='User'>DESKTOP-TVP7N18\User</Data><Data Name='LogonGuid'>{67c6cbf5-cfd9-693b-6443-180000000000}</Data><Data Name='LogonId'>0x184364</Data><Data Name='TerminalSessionId'>1</Data><Data Name='IntegrityLevel'>High</Data><Data Name='Hashes'>MD5=8066FE09B1F19BA7752896C2FD68B04C,SHA256=F51FAB8041E5023D7290B540A2106F051EF0BD2BC3443C9DAF318628B560FA29,IMPHASH=F264C40E9C5668C813DEE205E3D4D322</Data><Data Name='ParentProcessGuid'>{67c6cbf5-2759-6941-8df9-000000003b00}</Data><Data Name='ParentProcessId'>34416</Data><Data Name='ParentImage'>C:\Windows\System32\cmd.exe</Data><Data Name='ParentCommandLine'>C:\WINDOWS\system32\cmd.exe /d /s /c "where wget"</Data><Data Name='ParentUser'>DESKTOP-TVP7N18\User</Data></EventData></Event>
<Event xmlns='http://schemas.microsoft.com/win/2004/08/events/event'><System><Provider Name='Microsoft-Windows-Sysmon' Guid='{5770385f-c22a-43e0-bf4c-06f5698ffbd9}'/><EventID>1</EventID><Version>5</Version><Level>4</Level><Task>1</Task><Opcode>0</Opcode><Keywords>0x8000000000000000</Keywords><TimeCreated SystemTime='2025-12-16T09:33:13.8514198Z'/><EventRecordID>29778539</EventRecordID><Correlation/><Execution ProcessID='6012' ThreadID='7820'/><Channel>Microsoft-Windows-Sysmon/Operational</Channel><Computer>DESKTOP-TVP7N18</Computer><Security UserID='S-1-5-18'/></System><EventData><Data Name='RuleName'>-</Data><Data Name='UtcTime'>2025-12-16 09:33:13.849</Data><Data Name='ProcessGuid'>{67c6cbf5-2759-6941-8df9-000000003b00}</Data><Data Name='ProcessId'>34416</Data><Data Name='Image'>C:\Windows\System32\cmd.exe</Data><Data Name='FileVersion'>10.0.26100.7309 (WinBuild.160101.0800)</Data><Data Name='Description'>Windows Command Processor</Data><Data Name='Product'>Microsoft® Windows® Operating System</Data><Data Name='Company'>Microsoft Corporation</Data><Data Name='OriginalFileName'>Cmd.Exe</Data><Data Name='CommandLine'>C:\WINDOWS\system32\cmd.exe /d /s /c "where wget"</Data><Data Name='CurrentDirectory'>D:\Microsoft VS Code\</Data><Data Name='User'>DESKTOP-TVP7N18\User</Data><Data Name='LogonGuid'>{67c6cbf5-cfd9-693b-6443-180000000000}</Data><Data Name='LogonId'>0x184364</Data><Data Name='TerminalSessionId'>1</Data><Data Name='IntegrityLevel'>High</Data><Data Name='Hashes'>MD5=6D109A3A00F210C1AB89C3B08399ED48,SHA256=64AFC6DB3AAD1289533662E2D79E27DD55C7DCDB8CD918B08E145AD82AD5ACB4,IMPHASH=B0F049C014592B156EB1FA857E99CEB9</Data><Data Name='ParentProcessGuid'>{67c6cbf5-0519-6940-3a99-000000003b00}</Data><Data Name='ParentProcessId'>22764</Data><Data Name='ParentImage'>D:\Microsoft VS Code\Code.exe</Data><Data Name='ParentCommandLine'>"D:\Microsoft VS Code\Code.exe" --type=utility --utility-sub-type=node.mojom.NodeService --lang=zh-CN --service-sandbox-type=none --no-sandbox --dns-result-order=ipv4first --experimental-network-inspection --inspect-port=0 --video-capture-use-gpu-memory-buffer --user-data-dir="C:\Users\User\AppData\Roaming\Code" --standard-schemes=vscode-webview,vscode-file --secure-schemes=vscode-webview,vscode-file --cors-schemes=vscode-webview,vscode-file --fetch-schemes=vscode-webview,vscode-file --service-worker-schemes=vscode-webview --code-cache-schemes=vscode-webview,vscode-file --field-trial-handle=1752,i,1211510252958233461,16098926946889970287,262144 --enable-features=DocumentPolicyIncludeJSCallStacksInCrashReports,EarlyEstablishGpuChannel,EnableTransparentHwndEnlargement,EstablishGpuChannelAsync --disable-features=CalculateNativeWinOcclusion,LocalNetworkAccessChecks,ScreenAIOCREnabled,SpareRendererForSitePerProcess,TraceSiteInstanceGetProcessCreation --variations-seed-version --trace-process-track-uuid=3190708993808206286 --mojo-platform-channel-handle=3748 /prefetch:14</Data><Data Name='ParentUser'>DESKTOP-TVP7N18\User</Data></EventData></Event>
<Event xmlns='http://schemas.microsoft.com/win/2004/08/events/event'><System><Provider Name='Microsoft-Windows-Sysmon' Guid='{5770385f-c22a-43e0-bf4c-06f5698ffbd9}'/><EventID>1</EventID><Version>5</Version><Level>4</Level><Task>1</Task><Opcode>0</Opcode><Keywords>0x8000000000000000</Keywords><TimeCreated SystemTime='2025-12-16T09:33:13.8217074Z'/><EventRecordID>29778538</EventRecordID><Correlation/><Execution ProcessID='6012' ThreadID='7820'/><Channel>Microsoft-Windows-Sysmon/Operational</Channel><Computer>DESKTOP-TVP7N18</Computer><Security UserID='S-1-5-18'/></System><EventData><Data Name='RuleName'>-</Data><Data Name='UtcTime'>2025-12-16 09:33:13.820</Data><Data Name='ProcessGuid'>{67c6cbf5-2759-6941-8cf9-000000003b00}</Data><Data Name='ProcessId'>46616</Data><Data Name='Image'>C:\Windows\System32\where.exe</Data><Data Name='FileVersion'>10.0.26100.1 (WinBuild.160101.0800)</Data><Data Name='Description'>Where - Lists location of files</Data><Data Name='Product'>Microsoft® Windows® Operating System</Data><Data Name='Company'>Microsoft Corporation</Data><Data Name='OriginalFileName'>where.exe</Data><Data Name='CommandLine'>where  ansible</Data><Data Name='CurrentDirectory'>D:\Microsoft VS Code\</Data><Data Name='User'>DESKTOP-TVP7N18\User</Data><Data Name='LogonGuid'>{67c6cbf5-cfd9-693b-6443-180000000000}</Data><Data Name='LogonId'>0x184364</Data><Data Name='TerminalSessionId'>1</Data><Data Name='IntegrityLevel'>High</Data><Data Name='Hashes'>MD5=8066FE09B1F19BA7752896C2FD68B04C,SHA256=F51FAB8041E5023D7290B540A2106F051EF0BD2BC3443C9DAF318628B560FA29,IMPHASH=F264C40E9C5668C813DEE205E3D4D322</Data><Data Name='ParentProcessGuid'>{67c6cbf5-2759-6941-8af9-000000003b00}</Data><Data Name='ParentProcessId'>38144</Data><Data Name='ParentImage'>C:\Windows\System32\cmd.exe</Data><Data Name='ParentCommandLine'>C:\WINDOWS\system32\cmd.exe /d /s /c "where ansible"</Data><Data Name='ParentUser'>DESKTOP-TVP7N18\User</Data></EventData></Event>
<Event xmlns='http://schemas.microsoft.com/win/2004/08/events/event'><System><Provider Name='Microsoft-Windows-Sysmon' Guid='{5770385f-c22a-43e0-bf4c-06f5698ffbd9}'/><EventID>1</EventID><Version>5</Version><Level>4</Level><Task>1</Task><Opcode>0</Opcode><Keywords>0x8000000000000000</Keywords><TimeCreated SystemTime='2025-12-16T09:33:13.8076461Z'/><EventRecordID>29778537</EventRecordID><Correlation/><Execution ProcessID='6012' ThreadID='7820'/><Channel>Microsoft-Windows-Sysmon/Operational</Channel><Computer>DESKTOP-TVP7N18</Computer><Security UserID='S-1-5-18'/></System><EventData><Data Name='RuleName'>-</Data><Data Name='UtcTime'>2025-12-16 09:33:13.805</Data><Data Name='ProcessGuid'>{67c6cbf5-2759-6941-8af9-000000003b00}</Data><Data Name='ProcessId'>38144</Data><Data Name='Image'>C:\Windows\System32\cmd.exe</Data><Data Name='FileVersion'>10.0.26100.7309 (WinBuild.160101.0800)</Data><Data Name='Description'>Windows Command Processor</Data><Data Name='Product'>Microsoft® Windows® Operating System</Data><Data Name='Company'>Microsoft Corporation</Data><Data Name='OriginalFileName'>Cmd.Exe</Data><Data Name='CommandLine'>C:\WINDOWS\system32\cmd.exe /d /s /c "where ansible"</Data><Data Name='CurrentDirectory'>D:\Microsoft VS Code\</Data><Data Name='User'>DESKTOP-TVP7N18\User</Data><Data Name='LogonGuid'>{67c6cbf5-cfd9-693b-6443-180000000000}</Data><Data Name='LogonId'>0x184364</Data><Data Name='TerminalSessionId'>1</Data><Data Name='IntegrityLevel'>High</Data><Data Name='Hashes'>MD5=6D109A3A00F210C1AB89C3B08399ED48,SHA256=64AFC6DB3AAD1289533662E2D79E27DD55C7DCDB8CD918B08E145AD82AD5ACB4,IMPHASH=B0F049C014592B156EB1FA857E99CEB9</Data><Data Name='ParentProcessGuid'>{67c6cbf5-0519-6940-3a99-000000003b00}</Data><Data Name='ParentProcessId'>22764</Data><Data Name='ParentImage'>D:\Microsoft VS Code\Code.exe</Data><Data Name='ParentCommandLine'>"D:\Microsoft VS Code\Code.exe" --type=utility --utility-sub-type=node.mojom.NodeService --lang=zh-CN --service-sandbox-type=none --no-sandbox --dns-result-order=ipv4first --experimental-network-inspection --inspect-port=0 --video-capture-use-gpu-memory-buffer --user-data-dir="C:\Users\User\AppData\Roaming\Code" --standard-schemes=vscode-webview,vscode-file --secure-schemes=vscode-webview,vscode-file --cors-schemes=vscode-webview,vscode-file --fetch-schemes=vscode-webview,vscode-file --service-worker-schemes=vscode-webview --code-cache-schemes=vscode-webview,vscode-file --field-trial-handle=1752,i,1211510252958233461,16098926946889970287,262144 --enable-features=DocumentPolicyIncludeJSCallStacksInCrashReports,EarlyEstablishGpuChannel,EnableTransparentHwndEnlargement,EstablishGpuChannelAsync --disable-features=CalculateNativeWinOcclusion,LocalNetworkAccessChecks,ScreenAIOCREnabled,SpareRendererForSitePerProcess,TraceSiteInstanceGetProcessCreation --variations-seed-version --trace-process-track-uuid=3190708993808206286 --mojo-platform-channel-handle=3748 /prefetch:14</Data><Data Name='ParentUser'>DESKTOP-TVP7N18\User</Data></EventData></Event>
<Event xmlns='http://schemas.microsoft.com/win/2004/08/events/event'><System><Provider Name='Microsoft-Windows-Sysmon' Guid='{5770385f-c22a-43e0-bf4c-06f5698ffbd9}'/><EventID>1</EventID><Version>5</Version><Level>4</Level><Task>1</Task><Opcode>0</Opcode><Keywords>0x8000000000000000</Keywords><TimeCreated SystemTime='2025-12-16T09:33:13.7783481Z'/><EventRecordID>29778536</EventRecordID><Correlation/><Execution ProcessID='6012' ThreadID='7820'/><Channel>Microsoft-Windows-Sysmon/Operational</Channel><Computer>DESKTOP-TVP7N18</Computer><Security UserID='S-1-5-18'/></System><EventData><Data Name='RuleName'>-</Data><Data Name='UtcTime'>2025-12-16 09:33:13.776</Data><Data Name='ProcessGuid'>{67c6cbf5-2759-6941-89f9-000000003b00}</Data><Data Name='ProcessId'>56384</Data><Data Name='Image'>C:\Windows\System32\where.exe</Data><Data Name='FileVersion'>10.0.26100.1 (WinBuild.160101.0800)</Data><Data Name='Description'>Where - Lists location of files</Data><Data Name='Product'>Microsoft® Windows® Operating System</Data><Data Name='Company'>Microsoft Corporation</Data><Data Name='OriginalFileName'>where.exe</Data><Data Name='CommandLine'>where  helm</Data><Data Name='CurrentDirectory'>D:\Microsoft VS Code\</Data><Data Name='User'>DESKTOP-TVP7N18\User</Data><Data Name='LogonGuid'>{67c6cbf5-cfd9-693b-6443-180000000000}</Data><Data Name='LogonId'>0x184364</Data><Data Name='TerminalSessionId'>1</Data><Data Name='IntegrityLevel'>High</Data><Data Name='Hashes'>MD5=8066FE09B1F19BA7752896C2FD68B04C,SHA256=F51FAB8041E5023D7290B540A2106F051EF0BD2BC3443C9DAF318628B560FA29,IMPHASH=F264C40E9C5668C813DEE205E3D4D322</Data><Data Name='ParentProcessGuid'>{67c6cbf5-2759-6941-87f9-000000003b00}</Data><Data Name='ParentProcessId'>27768</Data><Data Name='ParentImage'>C:\Windows\System32\cmd.exe</Data><Data Name='ParentCommandLine'>C:\WINDOWS\system32\cmd.exe /d /s /c "where helm"</Data><Data Name='ParentUser'>DESKTOP-TVP7N18\User</Data></EventData></Event>
<Event xmlns='http://schemas.microsoft.com/win/2004/08/events/event'><System><Provider Name='Microsoft-Windows-Sysmon' Guid='{5770385f-c22a-43e0-bf4c-06f5698ffbd9}'/><EventID>1</EventID><Version>5</Version><Level>4</Level><Task>1</Task><Opcode>0</Opcode><Keywords>0x8000000000000000</Keywords><TimeCreated SystemTime='2025-12-16T09:33:13.7637607Z'/><EventRecordID>29778535</EventRecordID><Correlation/><Execution ProcessID='6012' ThreadID='7820'/><Channel>Microsoft-Windows-Sysmon/Operational</Channel><Computer>DESKTOP-TVP7N18</Computer><Security UserID='S-1-5-18'/></System><EventData><Data Name='RuleName'>-</Data><Data Name='UtcTime'>2025-12-16 09:33:13.761</Data><Data Name='ProcessGuid'>{67c6cbf5-2759-6941-87f9-000000003b00}</Data><Data Name='ProcessId'>27768</Data><Data Name='Image'>C:\Windows\System32\cmd.exe</Data><Data Name='FileVersion'>10.0.26100.7309 (WinBuild.160101.0800)</Data><Data Name='Description'>Windows Command Processor</Data><Data Name='Product'>Microsoft® Windows® Operating System</Data><Data Name='Company'>Microsoft Corporation</Data><Data Name='OriginalFileName'>Cmd.Exe</Data><Data Name='CommandLine'>C:\WINDOWS\system32\cmd.exe /d /s /c "where helm"</Data><Data Name='CurrentDirectory'>D:\Microsoft VS Code\</Data><Data Name='User'>DESKTOP-TVP7N18\User</Data><Data Name='LogonGuid'>{67c6cbf5-cfd9-693b-6443-180000000000}</Data><Data Name='LogonId'>0x184364</Data><Data Name='TerminalSessionId'>1</Data><Data Name='IntegrityLevel'>High</Data><Data Name='Hashes'>MD5=6D109A3A00F210C1AB89C3B08399ED48,SHA256=64AFC6DB3AAD1289533662E2D79E27DD55C7DCDB8CD918B08E145AD82AD5ACB4,IMPHASH=B0F049C014592B156EB1FA857E99CEB9</Data><Data Name='ParentProcessGuid'>{67c6cbf5-0519-6940-3a99-000000003b00}</Data><Data Name='ParentProcessId'>22764</Data><Data Name='ParentImage'>D:\Microsoft VS Code\Code.exe</Data><Data Name='ParentCommandLine'>"D:\Microsoft VS Code\Code.exe" --type=utility --utility-sub-type=node.mojom.NodeService --lang=zh-CN --service-sandbox-type=none --no-sandbox --dns-result-order=ipv4first --experimental-network-inspection --inspect-port=0 --video-capture-use-gpu-memory-buffer --user-data-dir="C:\Users\User\AppData\Roaming\Code" --standard-schemes=vscode-webview,vscode-file --secure-schemes=vscode-webview,vscode-file --cors-schemes=vscode-webview,vscode-file --fetch-schemes=vscode-webview,vscode-file --service-worker-schemes=vscode-webview --code-cache-schemes=vscode-webview,vscode-file --field-trial-handle=1752,i,1211510252958233461,16098926946889970287,262144 --enable-features=DocumentPolicyIncludeJSCallStacksInCrashReports,EarlyEstablishGpuChannel,EnableTransparentHwndEnlargement,EstablishGpuChannelAsync --disable-features=CalculateNativeWinOcclusion,LocalNetworkAccessChecks,ScreenAIOCREnabled,SpareRendererForSitePerProcess,TraceSiteInstanceGetProcessCreation --variations-seed-version --trace-process-track-uuid=3190708993808206286 --mojo-platform-channel-handle=3748 /prefetch:14</Data><Data Name='ParentUser'>DESKTOP-TVP7N18\User</Data></EventData></Event>
<Event xmlns='http://schemas.microsoft.com/win/2004/08/events/event'><System><Provider Name='Microsoft-Windows-Sysmon' Guid='{5770385f-c22a-43e0-bf4c-06f5698ffbd9}'/><EventID>1</EventID><Version>5</Version><Level>4</Level><Task>1</Task><Opcode>0</Opcode><Keywords>0x8000000000000000</Keywords><TimeCreated SystemTime='2025-12-16T09:33:13.7324199Z'/><EventRecordID>29778534</EventRecordID><Correlation/><Execution ProcessID='6012' ThreadID='7820'/><Channel>Microsoft-Windows-Sysmon/Operational</Channel><Computer>DESKTOP-TVP7N18</Computer><Security UserID='S-1-5-18'/></System><EventData><Data Name='RuleName'>-</Data><Data Name='UtcTime'>2025-12-16 09:33:13.731</Data><Data Name='ProcessGuid'>{67c6cbf5-2759-6941-86f9-000000003b00}</Data><Data Name='ProcessId'>32784</Data><Data Name='Image'>C:\Windows\System32\where.exe</Data><Data Name='FileVersion'>10.0.26100.1 (WinBuild.160101.0800)</Data><Data Name='Description'>Where - Lists location of files</Data><Data Name='Product'>Microsoft® Windows® Operating System</Data><Data Name='Company'>Microsoft Corporation</Data><Data Name='OriginalFileName'>where.exe</Data><Data Name='CommandLine'>where  dotnet</Data><Data Name='CurrentDirectory'>D:\Microsoft VS Code\</Data><Data Name='User'>DESKTOP-TVP7N18\User</Data><Data Name='LogonGuid'>{67c6cbf5-cfd9-693b-6443-180000000000}</Data><Data Name='LogonId'>0x184364</Data><Data Name='TerminalSessionId'>1</Data><Data Name='IntegrityLevel'>High</Data><Data Name='Hashes'>MD5=8066FE09B1F19BA7752896C2FD68B04C,SHA256=F51FAB8041E5023D7290B540A2106F051EF0BD2BC3443C9DAF318628B560FA29,IMPHASH=F264C40E9C5668C813DEE205E3D4D322</Data><Data Name='ParentProcessGuid'>{67c6cbf5-2759-6941-84f9-000000003b00}</Data><Data Name='ParentProcessId'>27392</Data><Data Name='ParentImage'>C:\Windows\System32\cmd.exe</Data><Data Name='ParentCommandLine'>C:\WINDOWS\system32\cmd.exe /d /s /c "where dotnet"</Data><Data Name='ParentUser'>DESKTOP-TVP7N18\User</Data></EventData></Event>
<Event xmlns='http://schemas.microsoft.com/win/2004/08/events/event'><System><Provider Name='Microsoft-Windows-Sysmon' Guid='{5770385f-c22a-43e0-bf4c-06f5698ffbd9}'/><EventID>1</EventID><Version>5</Version><Level>4</Level><Task>1</Task><Opcode>0</Opcode><Keywords>0x8000000000000000</Keywords><TimeCreated SystemTime='2025-12-16T09:33:13.7173065Z'/><EventRecordID>29778533</EventRecordID><Correlation/><Execution ProcessID='6012' ThreadID='7820'/><Channel>Microsoft-Windows-Sysmon/Operational</Channel><Computer>DESKTOP-TVP7N18</Computer><Security UserID='S-1-5-18'/></System><EventData><Data Name='RuleName'>-</Data><Data Name='UtcTime'>2025-12-16 09:33:13.714</Data><Data Name='ProcessGuid'>{67c6cbf5-2759-6941-84f9-000000003b00}</Data><Data Name='ProcessId'>27392</Data><Data Name='Image'>C:\Windows\System32\cmd.exe</Data><Data Name='FileVersion'>10.0.26100.7309 (WinBuild.160101.0800)</Data><Data Name='Description'>Windows Command Processor</Data><Data Name='Product'>Microsoft® Windows® Operating System</Data><Data Name='Company'>Microsoft Corporation</Data><Data Name='OriginalFileName'>Cmd.Exe</Data><Data Name='CommandLine'>C:\WINDOWS\system32\cmd.exe /d /s /c "where dotnet"</Data><Data Name='CurrentDirectory'>D:\Microsoft VS Code\</Data><Data Name='User'>DESKTOP-TVP7N18\User</Data><Data Name='LogonGuid'>{67c6cbf5-cfd9-693b-6443-180000000000}</Data><Data Name='LogonId'>0x184364</Data><Data Name='TerminalSessionId'>1</Data><Data Name='IntegrityLevel'>High</Data><Data Name='Hashes'>MD5=6D109A3A00F210C1AB89C3B08399ED48,SHA256=64AFC6DB3AAD1289533662E2D79E27DD55C7DCDB8CD918B08E145AD82AD5ACB4,IMPHASH=B0F049C014592B156EB1FA857E99CEB9</Data><Data Name='ParentProcessGuid'>{67c6cbf5-0519-6940-3a99-000000003b00}</Data><Data Name='ParentProcessId'>22764</Data><Data Name='ParentImage'>D:\Microsoft VS Code\Code.exe</Data><Data Name='ParentCommandLine'>"D:\Microsoft VS Code\Code.exe" --type=utility --utility-sub-type=node.mojom.NodeService --lang=zh-CN --service-sandbox-type=none --no-sandbox --dns-result-order=ipv4first --experimental-network-inspection --inspect-port=0 --video-capture-use-gpu-memory-buffer --user-data-dir="C:\Users\User\AppData\Roaming\Code" --standard-schemes=vscode-webview,vscode-file --secure-schemes=vscode-webview,vscode-file --cors-schemes=vscode-webview,vscode-file --fetch-schemes=vscode-webview,vscode-file --service-worker-schemes=vscode-webview --code-cache-schemes=vscode-webview,vscode-file --field-trial-handle=1752,i,1211510252958233461,16098926946889970287,262144 --enable-features=DocumentPolicyIncludeJSCallStacksInCrashReports,EarlyEstablishGpuChannel,EnableTransparentHwndEnlargement,EstablishGpuChannelAsync --disable-features=CalculateNativeWinOcclusion,LocalNetworkAccessChecks,ScreenAIOCREnabled,SpareRendererForSitePerProcess,TraceSiteInstanceGetProcessCreation --variations-seed-version --trace-process-track-uuid=3190708993808206286 --mojo-platform-channel-handle=3748 /prefetch:14</Data><Data Name='ParentUser'>DESKTOP-TVP7N18\User</Data></EventData></Event>
<Event xmlns='http://schemas.microsoft.com/win/2004/08/events/event'><System><Provider Name='Microsoft-Windows-Sysmon' Guid='{5770385f-c22a-43e0-bf4c-06f5698ffbd9}'/><EventID>1</EventID><Version>5</Version><Level>4</Level><Task>1</Task><Opcode>0</Opcode><Keywords>0x8000000000000000</Keywords><TimeCreated SystemTime='2025-12-16T09:33:13.6742023Z'/><EventRecordID>29778532</EventRecordID><Correlation/><Execution ProcessID='6012' ThreadID='7820'/><Channel>Microsoft-Windows-Sysmon/Operational</Channel><Computer>DESKTOP-TVP7N18</Computer><Security UserID='S-1-5-18'/></System><EventData><Data Name='RuleName'>-</Data><Data Name='UtcTime'>2025-12-16 09:33:13.673</Data><Data Name='ProcessGuid'>{67c6cbf5-2759-6941-83f9-000000003b00}</Data><Data Name='ProcessId'>28868</Data><Data Name='Image'>C:\Windows\System32\where.exe</Data><Data Name='FileVersion'>10.0.26100.1 (WinBuild.160101.0800)</Data><Data Name='Description'>Where - Lists location of files</Data><Data Name='Product'>Microsoft® Windows® Operating System</Data><Data Name='Company'>Microsoft Corporation</Data><Data Name='OriginalFileName'>where.exe</Data><Data Name='CommandLine'>where  bundle</Data><Data Name='CurrentDirectory'>D:\Microsoft VS Code\</Data><Data Name='User'>DESKTOP-TVP7N18\User</Data><Data Name='LogonGuid'>{67c6cbf5-cfd9-693b-6443-180000000000}</Data><Data Name='LogonId'>0x184364</Data><Data Name='TerminalSessionId'>1</Data><Data Name='IntegrityLevel'>High</Data><Data Name='Hashes'>MD5=8066FE09B1F19BA7752896C2FD68B04C,SHA256=F51FAB8041E5023D7290B540A2106F051EF0BD2BC3443C9DAF318628B560FA29,IMPHASH=F264C40E9C5668C813DEE205E3D4D322</Data><Data Name='ParentProcessGuid'>{67c6cbf5-2759-6941-81f9-000000003b00}</Data><Data Name='ParentProcessId'>38180</Data><Data Name='ParentImage'>C:\Windows\System32\cmd.exe</Data><Data Name='ParentCommandLine'>C:\WINDOWS\system32\cmd.exe /d /s /c "where bundle"</Data><Data Name='ParentUser'>DESKTOP-TVP7N18\User</Data></EventData></Event>
<Event xmlns='http://schemas.microsoft.com/win/2004/08/events/event'><System><Provider Name='Microsoft-Windows-Sysmon' Guid='{5770385f-c22a-43e0-bf4c-06f5698ffbd9}'/><EventID>1</EventID><Version>5</Version><Level>4</Level><Task>1</Task><Opcode>0</Opcode><Keywords>0x8000000000000000</Keywords><TimeCreated SystemTime='2025-12-16T09:33:13.6595674Z'/><EventRecordID>29778531</EventRecordID><Correlation/><Execution ProcessID='6012' ThreadID='7820'/><Channel>Microsoft-Windows-Sysmon/Operational</Channel><Computer>DESKTOP-TVP7N18</Computer><Security UserID='S-1-5-18'/></System><EventData><Data Name='RuleName'>-</Data><Data Name='UtcTime'>2025-12-16 09:33:13.657</Data><Data Name='ProcessGuid'>{67c6cbf5-2759-6941-81f9-000000003b00}</Data><Data Name='ProcessId'>38180</Data><Data Name='Image'>C:\Windows\System32\cmd.exe</Data><Data Name='FileVersion'>10.0.26100.7309 (WinBuild.160101.0800)</Data><Data Name='Description'>Windows Command Processor</Data><Data Name='Product'>Microsoft® Windows® Operating System</Data><Data Name='Company'>Microsoft Corporation</Data><Data Name='OriginalFileName'>Cmd.Exe</Data><Data Name='CommandLine'>C:\WINDOWS\system32\cmd.exe /d /s /c "where bundle"</Data><Data Name='CurrentDirectory'>D:\Microsoft VS Code\</Data><Data Name='User'>DESKTOP-TVP7N18\User</Data><Data Name='LogonGuid'>{67c6cbf5-cfd9-693b-6443-180000000000}</Data><Data Name='LogonId'>0x184364</Data><Data Name='TerminalSessionId'>1</Data><Data Name='IntegrityLevel'>High</Data><Data Name='Hashes'>MD5=6D109A3A00F210C1AB89C3B08399ED48,SHA256=64AFC6DB3AAD1289533662E2D79E27DD55C7DCDB8CD918B08E145AD82AD5ACB4,IMPHASH=B0F049C014592B156EB1FA857E99CEB9</Data><Data Name='ParentProcessGuid'>{67c6cbf5-0519-6940-3a99-000000003b00}</Data><Data Name='ParentProcessId'>22764</Data><Data Name='ParentImage'>D:\Microsoft VS Code\Code.exe</Data><Data Name='ParentCommandLine'>"D:\Microsoft VS Code\Code.exe" --type=utility --utility-sub-type=node.mojom.NodeService --lang=zh-CN --service-sandbox-type=none --no-sandbox --dns-result-order=ipv4first --experimental-network-inspection --inspect-port=0 --video-capture-use-gpu-memory-buffer --user-data-dir="C:\Users\User\AppData\Roaming\Code" --standard-schemes=vscode-webview,vscode-file --secure-schemes=vscode-webview,vscode-file --cors-schemes=vscode-webview,vscode-file --fetch-schemes=vscode-webview,vscode-file --service-worker-schemes=vscode-webview --code-cache-schemes=vscode-webview,vscode-file --field-trial-handle=1752,i,1211510252958233461,16098926946889970287,262144 --enable-features=DocumentPolicyIncludeJSCallStacksInCrashReports,EarlyEstablishGpuChannel,EnableTransparentHwndEnlargement,EstablishGpuChannelAsync --disable-features=CalculateNativeWinOcclusion,LocalNetworkAccessChecks,ScreenAIOCREnabled,SpareRendererForSitePerProcess,TraceSiteInstanceGetProcessCreation --variations-seed-version --trace-process-track-uuid=3190708993808206286 --mojo-platform-channel-handle=3748 /prefetch:14</Data><Data Name='ParentUser'>DESKTOP-TVP7N18\User</Data></EventData></Event>
<Event xmlns='http://schemas.microsoft.com/win/2004/08/events/event'><System><Provider Name='Microsoft-Windows-Sysmon' Guid='{5770385f-c22a-43e0-bf4c-06f5698ffbd9}'/><EventID>1</EventID><Version>5</Version><Level>4</Level><Task>1</Task><Opcode>0</Opcode><Keywords>0x8000000000000000</Keywords><TimeCreated SystemTime='2025-12-16T09:33:13.6300311Z'/><EventRecordID>29778530</EventRecordID><Correlation/><Execution ProcessID='6012' ThreadID='7820'/><Channel>Microsoft-Windows-Sysmon/Operational</Channel><Computer>DESKTOP-TVP7N18</Computer><Security UserID='S-1-5-18'/></System><EventData><Data Name='RuleName'>-</Data><Data Name='UtcTime'>2025-12-16 09:33:13.628</Data><Data Name='ProcessGuid'>{67c6cbf5-2759-6941-80f9-000000003b00}</Data><Data Name='ProcessId'>60548</Data><Data Name='Image'>C:\Windows\System32\where.exe</Data><Data Name='FileVersion'>10.0.26100.1 (WinBuild.160101.0800)</Data><Data Name='Description'>Where - Lists location of files</Data><Data Name='Product'>Microsoft® Windows® Operating System</Data><Data Name='Company'>Microsoft Corporation</Data><Data Name='OriginalFileName'>where.exe</Data><Data Name='CommandLine'>where  mvn</Data><Data Name='CurrentDirectory'>D:\Microsoft VS Code\</Data><Data Name='User'>DESKTOP-TVP7N18\User</Data><Data Name='LogonGuid'>{67c6cbf5-cfd9-693b-6443-180000000000}</Data><Data Name='LogonId'>0x184364</Data><Data Name='TerminalSessionId'>1</Data><Data Name='IntegrityLevel'>High</Data><Data Name='Hashes'>MD5=8066FE09B1F19BA7752896C2FD68B04C,SHA256=F51FAB8041E5023D7290B540A2106F051EF0BD2BC3443C9DAF318628B560FA29,IMPHASH=F264C40E9C5668C813DEE205E3D4D322</Data><Data Name='ParentProcessGuid'>{67c6cbf5-2759-6941-7ef9-000000003b00}</Data><Data Name='ParentProcessId'>38088</Data><Data Name='ParentImage'>C:\Windows\System32\cmd.exe</Data><Data Name='ParentCommandLine'>C:\WINDOWS\system32\cmd.exe /d /s /c "where mvn"</Data><Data Name='ParentUser'>DESKTOP-TVP7N18\User</Data></EventData></Event>
<Event xmlns='http://schemas.microsoft.com/win/2004/08/events/event'><System><Provider Name='Microsoft-Windows-Sysmon' Guid='{5770385f-c22a-43e0-bf4c-06f5698ffbd9}'/><EventID>1</EventID><Version>5</Version><Level>4</Level><Task>1</Task><Opcode>0</Opcode><Keywords>0x8000000000000000</Keywords><TimeCreated SystemTime='2025-12-16T09:33:13.6163819Z'/><EventRecordID>29778529</EventRecordID><Correlation/><Execution ProcessID='6012' ThreadID='7820'/><Channel>Microsoft-Windows-Sysmon/Operational</Channel><Computer>DESKTOP-TVP7N18</Computer><Security UserID='S-1-5-18'/></System><EventData><Data Name='RuleName'>-</Data><Data Name='UtcTime'>2025-12-16 09:33:13.613</Data><Data Name='ProcessGuid'>{67c6cbf5-2759-6941-7ef9-000000003b00}</Data><Data Name='ProcessId'>38088</Data><Data Name='Image'>C:\Windows\System32\cmd.exe</Data><Data Name='FileVersion'>10.0.26100.7309 (WinBuild.160101.0800)</Data><Data Name='Description'>Windows Command Processor</Data><Data Name='Product'>Microsoft® Windows® Operating System</Data><Data Name='Company'>Microsoft Corporation</Data><Data Name='OriginalFileName'>Cmd.Exe</Data><Data Name='CommandLine'>C:\WINDOWS\system32\cmd.exe /d /s /c "where mvn"</Data><Data Name='CurrentDirectory'>D:\Microsoft VS Code\</Data><Data Name='User'>DESKTOP-TVP7N18\User</Data><Data Name='LogonGuid'>{67c6cbf5-cfd9-693b-6443-180000000000}</Data><Data Name='LogonId'>0x184364</Data><Data Name='TerminalSessionId'>1</Data><Data Name='IntegrityLevel'>High</Data><Data Name='Hashes'>MD5=6D109A3A00F210C1AB89C3B08399ED48,SHA256=64AFC6DB3AAD1289533662E2D79E27DD55C7DCDB8CD918B08E145AD82AD5ACB4,IMPHASH=B0F049C014592B156EB1FA857E99CEB9</Data><Data Name='ParentProcessGuid'>{67c6cbf5-0519-6940-3a99-000000003b00}</Data><Data Name='ParentProcessId'>22764</Data><Data Name='ParentImage'>D:\Microsoft VS Code\Code.exe</Data><Data Name='ParentCommandLine'>"D:\Microsoft VS Code\Code.exe" --type=utility --utility-sub-type=node.mojom.NodeService --lang=zh-CN --service-sandbox-type=none --no-sandbox --dns-result-order=ipv4first --experimental-network-inspection --inspect-port=0 --video-capture-use-gpu-memory-buffer --user-data-dir="C:\Users\User\AppData\Roaming\Code" --standard-schemes=vscode-webview,vscode-file --secure-schemes=vscode-webview,vscode-file --cors-schemes=vscode-webview,vscode-file --fetch-schemes=vscode-webview,vscode-file --service-worker-schemes=vscode-webview --code-cache-schemes=vscode-webview,vscode-file --field-trial-handle=1752,i,1211510252958233461,16098926946889970287,262144 --enable-features=DocumentPolicyIncludeJSCallStacksInCrashReports,EarlyEstablishGpuChannel,EnableTransparentHwndEnlargement,EstablishGpuChannelAsync --disable-features=CalculateNativeWinOcclusion,LocalNetworkAccessChecks,ScreenAIOCREnabled,SpareRendererForSitePerProcess,TraceSiteInstanceGetProcessCreation --variations-seed-version --trace-process-track-uuid=3190708993808206286 --mojo-platform-channel-handle=3748 /prefetch:14</Data><Data Name='ParentUser'>DESKTOP-TVP7N18\User</Data></EventData></Event>
<Event xmlns='http://schemas.microsoft.com/win/2004/08/events/event'><System><Provider Name='Microsoft-Windows-Sysmon' Guid='{5770385f-c22a-43e0-bf4c-06f5698ffbd9}'/><EventID>1</EventID><Version>5</Version><Level>4</Level><Task>1</Task><Opcode>0</Opcode><Keywords>0x8000000000000000</Keywords><TimeCreated SystemTime='2025-12-16T09:33:13.5856290Z'/><EventRecordID>29778528</EventRecordID><Correlation/><Execution ProcessID='6012' ThreadID='7820'/><Channel>Microsoft-Windows-Sysmon/Operational</Channel><Computer>DESKTOP-TVP7N18</Computer><Security UserID='S-1-5-18'/></System><EventData><Data Name='RuleName'>-</Data><Data Name='UtcTime'>2025-12-16 09:33:13.584</Data><Data Name='ProcessGuid'>{67c6cbf5-2759-6941-7df9-000000003b00}</Data><Data Name='ProcessId'>40872</Data><Data Name='Image'>C:\Windows\System32\where.exe</Data><Data Name='FileVersion'>10.0.26100.1 (WinBuild.160101.0800)</Data><Data Name='Description'>Where - Lists location of files</Data><Data Name='Product'>Microsoft® Windows® Operating System</Data><Data Name='Company'>Microsoft Corporation</Data><Data Name='OriginalFileName'>where.exe</Data><Data Name='CommandLine'>where  gradle</Data><Data Name='CurrentDirectory'>D:\Microsoft VS Code\</Data><Data Name='User'>DESKTOP-TVP7N18\User</Data><Data Name='LogonGuid'>{67c6cbf5-cfd9-693b-6443-180000000000}</Data><Data Name='LogonId'>0x184364</Data><Data Name='TerminalSessionId'>1</Data><Data Name='IntegrityLevel'>High</Data><Data Name='Hashes'>MD5=8066FE09B1F19BA7752896C2FD68B04C,SHA256=F51FAB8041E5023D7290B540A2106F051EF0BD2BC3443C9DAF318628B560FA29,IMPHASH=F264C40E9C5668C813DEE205E3D4D322</Data><Data Name='ParentProcessGuid'>{67c6cbf5-2759-6941-7bf9-000000003b00}</Data><Data Name='ParentProcessId'>14364</Data><Data Name='ParentImage'>C:\Windows\System32\cmd.exe</Data><Data Name='ParentCommandLine'>C:\WINDOWS\system32\cmd.exe /d /s /c "where gradle"</Data><Data Name='ParentUser'>DESKTOP-TVP7N18\User</Data></EventData></Event>
