<Event xmlns='http://schemas.microsoft.com/win/2004/08/events/event'><System><Provider Name='Microsoft-Windows-Sysmon' Guid='{5770385f-c22a-43e0-bf4c-06f5698ffbd9}'/><EventID>1</EventID><Version>5</Version><Level>4</Level><Task>1</Task><Opcode>0</Opcode><Keywords>0x8000000000000000</Keywords><TimeCreated SystemTime='2025-12-16T18:41:02.9045672Z'/><EventRecordID>29803458</EventRecordID><Correlation/><Execution ProcessID='5512' ThreadID='7132'/><Channel>Microsoft-Windows-Sysmon/Operational</Channel><Computer>DESKTOP-TVP7N18</Computer><Security UserID='S-1-5-18'/></System><EventData><Data Name='RuleName'>-</Data><Data Name='UtcTime'>2025-12-16 18:41:02.902</Data><Data Name='ProcessGuid'>{67c6cbf5-a7be-6941-e723-000000003c00}</Data><Data Name='ProcessId'>13636</Data><Data Name='Image'>C:\Windows\System32\wbem\WMIC.exe</Data><Data Name='FileVersion'>10.0.26100.5074 (WinBuild.160101.0800)</Data><Data Name='Description'>WMI Commandline Utility</Data><Data Name='Product'>Microsoft® Windows® Operating System</Data><Data Name='Company'>Microsoft Corporation</Data><Data Name='OriginalFileName'>wmic.exe</Data><Data Name='CommandLine'>wmic os get Caption</Data><Data Name='CurrentDirectory'>D:\Microsoft VS Code\</Data><Data Name='User'>DESKTOP-TVP7N18\User</Data><Data Name='LogonGuid'>{67c6cbf5-9df4-6941-3f9d-030000000000}</Data><Data Name='LogonId'>0x39d3f</Data><Data Name='TerminalSessionId'>1</Data><Data Name='IntegrityLevel'>High</Data><Data Name='Hashes'>MD5=2E51DA7B69836CFEBCB3F9AA47C08266,SHA256=7C7F386BB7C70263FD835DC58791B6DD73FC6617C27751B5503DBA8D0CDDA690,IMPHASH=43C6BE584D77B658A53A9A5C606724DD</Data><Data Name='ParentProcessGuid'>{67c6cbf5-9f3d-6941-1404-000000003c00}</Data><Data Name='ParentProcessId'>20272</Data><Data Name='ParentImage'>D:\Microsoft VS Code\Code.exe</Data><Data Name='ParentCommandLine'>"D:\Microsoft VS Code\Code.exe" --type=utility --utility-sub-type=node.mojom.NodeService --lang=zh-CN --service-sandbox-type=none --no-sandbox --dns-result-order=ipv4first --experimental-network-inspection --inspect-port=0 --video-capture-use-gpu-memory-buffer --user-data-dir="C:\Users\User\AppData\Roaming\Code" --standard-schemes=vscode-webview,vscode-file --secure-schemes=vscode-webview,vscode-file --cors-schemes=vscode-webview,vscode-file --fetch-schemes=vscode-webview,vscode-file --service-worker-schemes=vscode-webview --code-cache-schemes=vscode-webview,vscode-file --field-trial-handle=1760,i,1018579588423067860,1407623836582838396,262144 --enable-features=DocumentPolicyIncludeJSCallStacksInCrashReports,EarlyEstablishGpuChannel,EnableTransparentHwndEnlargement,EstablishGpuChannelAsync --disable-features=CalculateNativeWinOcclusion,LocalNetworkAccessChecks,ScreenAIOCREnabled,SpareRendererForSitePerProcess,TraceSiteInstanceGetProcessCreation --variations-seed-version --trace-process-track-uuid=3190708993808206286 --mojo-platform-channel-handle=3720 /prefetch:14</Data><Data Name='ParentUser'>DESKTOP-TVP7N18\User</Data></EventData></Event>
<Event xmlns='http://schemas.microsoft.com/win/2004/08/events/event'><System><Provider Name='Microsoft-Windows-Sysmon' Guid='{5770385f-c22a-43e0-bf4c-06f5698ffbd9}'/><EventID>1</EventID><Version>5</Version><Level>4</Level><Task>1</Task><Opcode>0</Opcode><Keywords>0x8000000000000000</Keywords><TimeCreated SystemTime='2025-12-16T18:41:02.8473819Z'/><EventRecordID>29803457</EventRecordID><Correlation/><Execution ProcessID='5512' ThreadID='7132'/><Channel>Microsoft-Windows-Sysmon/Operational</Channel><Computer>DESKTOP-TVP7N18</Computer><Security UserID='S-1-5-18'/></System><EventData><Data Name='RuleName'>-</Data><Data Name='UtcTime'>2025-12-16 18:41:02.836</Data><Data Name='ProcessGuid'>{67c6cbf5-a7be-6941-e623-000000003c00}</Data><Data Name='ProcessId'>9832</Data><Data Name='Image'>D:\Git\Git\mingw64\libexec\git-core\git.exe</Data><Data Name='FileVersion'>2.50.0.windows.1</Data><Data Name='Description'>Git for Windows</Data><Data Name='Product'>Git</Data><Data Name='Company'>The Git Development Community</Data><Data Name='OriginalFileName'>git.exe</Data><Data Name='CommandLine'>git maintenance run --auto --no-quiet --detach</Data><Data Name='CurrentDirectory'>D:\MCPSecTrace\</Data><Data Name='User'>DESKTOP-TVP7N18\User</Data><Data Name='LogonGuid'>{67c6cbf5-9df4-6941-3f9d-030000000000}</Data><Data Name='LogonId'>0x39d3f</Data><Data Name='TerminalSessionId'>1</Data><Data Name='IntegrityLevel'>High</Data><Data Name='Hashes'>MD5=48750D8CEFD683FF97E70603097B79F2,SHA256=1F2EE2DE971B6D0A7A13F053014998B66C22DF47F30F1907A767346392EB8D78,IMPHASH=BA786B4B77B388CC6698F98951D469C8</Data><Data Name='ParentProcessGuid'>{67c6cbf5-a7be-6941-e323-000000003c00}</Data><Data Name='ParentProcessId'>2696</Data><Data Name='ParentImage'>D:\Git\Git\mingw64\bin\git.exe</Data><Data Name='ParentCommandLine'>git.exe -c core.abbrev=40 commit -m checkpoint-1344957576-1765910225021 --allow-empty --no-verify</Data><Data Name='ParentUser'>DESKTOP-TVP7N18\User</Data></EventData></Event>
<Event xmlns='http://schemas.microsoft.com/win/2004/08/events/event'><System><Provider Name='Microsoft-Windows-Sysmon' Guid='{5770385f-c22a-43e0-bf4c-06f5698ffbd9}'/><EventID>11</EventID><Version>2</Version><Level>4</Level><Task>11</Task><Opcode>0</Opcode><Keywords>0x8000000000000000</Keywords><TimeCreated SystemTime='2025-12-16T18:41:02.8446385Z'/><EventRecordID>29803456</EventRecordID><Correlation/><Execution ProcessID='5512' ThreadID='7132'/><Channel>Microsoft-Windows-Sysmon/Operational</Channel><Computer>DESKTOP-TVP7N18</Computer><Security UserID='S-1-5-18'/></System><EventData><Data Name='RuleName'>-</Data><Data Name='UtcTime'>2025-12-16 18:41:02.844</Data><Data Name='ProcessGuid'>{67c6cbf5-a7be-6941-e423-000000003c00}</Data><Data Name='ProcessId'>18300</Data><Data Name='Image'>C:\Windows\System32\WindowsPowerShell\v1.0\powershell.exe</Data><Data Name='TargetFilename'>C:\Users\User\AppData\Local\Temp\__PSScriptPolicyTest_g1ycby02.voz.ps1</Data><Data Name='CreationUtcTime'>2025-12-16 18:41:02.844</Data><Data Name='User'>DESKTOP-TVP7N18\User</Data></EventData></Event>
<Event xmlns='http://schemas.microsoft.com/win/2004/08/events/event'><System><Provider Name='Microsoft-Windows-Sysmon' Guid='{5770385f-c22a-43e0-bf4c-06f5698ffbd9}'/><EventID>1</EventID><Version>5</Version><Level>4</Level><Task>1</Task><Opcode>0</Opcode><Keywords>0x8000000000000000</Keywords><TimeCreated SystemTime='2025-12-16T18:41:02.8099248Z'/><EventRecordID>29803455</EventRecordID><Correlation/><Execution ProcessID='5512' ThreadID='7132'/><Channel>Microsoft-Windows-Sysmon/Operational</Channel><Computer>DESKTOP-TVP7N18</Computer><Security UserID='S-1-5-18'/></System><EventData><Data Name='RuleName'>-</Data><Data Name='UtcTime'>2025-12-16 18:41:02.807</Data><Data Name='ProcessGuid'>{67c6cbf5-a7be-6941-e423-000000003c00}</Data><Data Name='ProcessId'>18300</Data><Data Name='Image'>C:\Windows\System32\WindowsPowerShell\v1.0\powershell.exe</Data><Data Name='FileVersion'>10.0.26100.5074 (WinBuild.160101.0800)</Data><Data Name='Description'>Windows PowerShell</Data><Data Name='Product'>Microsoft® Windows® Operating System</Data><Data Name='Company'>Microsoft Corporation</Data><Data Name='OriginalFileName'>PowerShell.EXE</Data><Data Name='CommandLine'>powershell -NoProfile -Command [System.Environment]::GetFolderPath([System.Environment+SpecialFolder]::MyDocuments)</Data><Data Name='CurrentDirectory'>D:\Microsoft VS Code\</Data><Data Name='User'>DESKTOP-TVP7N18\User</Data><Data Name='LogonGuid'>{67c6cbf5-9df4-6941-3f9d-030000000000}</Data><Data Name='LogonId'>0x39d3f</Data><Data Name='TerminalSessionId'>1</Data><Data Name='IntegrityLevel'>High</Data><Data Name='Hashes'>MD5=A97E6573B97B44C96122BFA543A82EA1,SHA256=0FF6F2C94BC7E2833A5F7E16DE1622E5DBA70396F31C7D5F56381870317E8C46,IMPHASH=AFACF6DC9041114B198160AAB4D0AE77</Data><Data Name='ParentProcessGuid'>{67c6cbf5-9f3d-6941-1404-000000003c00}</Data><Data Name='ParentProcessId'>20272</Data><Data Name='ParentImage'>D:\Microsoft VS Code\Code.exe</Data><Data Name='ParentCommandLine'>"D:\Microsoft VS Code\Code.exe" --type=utility --utility-sub-type=node.mojom.NodeService --lang=zh-CN --service-sandbox-type=none --no-sandbox --dns-result-order=ipv4first --experimental-network-inspection --inspect-port=0 --video-capture-use-gpu-memory-buffer --user-data-dir="C:\Users\User\AppData\Roaming\Code" --standard-schemes=vscode-webview,vscode-file --secure-schemes=vscode-webview,vscode-file --cors-schemes=vscode-webview,vscode-file --fetch-schemes=vscode-webview,vscode-file --service-worker-schemes=vscode-webview --code-cache-schemes=vscode-webview,vscode-file --field-trial-handle=1760,i,1018579588423067860,1407623836582838396,262144 --enable-features=DocumentPolicyIncludeJSCallStacksInCrashReports,EarlyEstablishGpuChannel,EnableTransparentHwndEnlargement,EstablishGpuChannelAsync --disable-features=CalculateNativeWinOcclusion,LocalNetworkAccessChecks,ScreenAIOCREnabled,SpareRendererForSitePerProcess,TraceSiteInstanceGetProcessCreation --variations-seed-version --trace-process-track-uuid=3190708993808206286 --mojo-platform-channel-handle=3720 /prefetch:14</Data><Data Name='ParentUser'>DESKTOP-TVP7N18\User</Data></EventData></Event>
<Event xmlns='http://schemas.microsoft.com/win/2004/08/events/event'><System><Provider Name='Microsoft-Windows-Sysmon' Guid='{5770385f-c22a-43e0-bf4c-06f5698ffbd9}'/><EventID>1</EventID><Version>5</Version><Level>4</Level><Task>1</Task><Opcode>0</Opcode><Keywords>0x8000000000000000</Keywords><TimeCreated SystemTime='2025-12-16T18:41:02.7994182Z'/><EventRecordID>29803454</EventRecordID><Correlation/><Execution ProcessID='5512' ThreadID='7132'/><Channel>Microsoft-Windows-Sysmon/Operational</Channel><Computer>DESKTOP-TVP7N18</Computer><Security UserID='S-1-5-18'/></System><EventData><Data Name='RuleName'>-</Data><Data Name='UtcTime'>2025-12-16 18:41:02.788</Data><Data Name='ProcessGuid'>{67c6cbf5-a7be-6941-e323-000000003c00}</Data><Data Name='ProcessId'>2696</Data><Data Name='Image'>D:\Git\Git\mingw64\bin\git.exe</Data><Data Name='FileVersion'>2.50.0.windows.1</Data><Data Name='Description'>Git for Windows</Data><Data Name='Product'>Git</Data><Data Name='Company'>The Git Development Community</Data><Data Name='OriginalFileName'>git.exe</Data><Data Name='CommandLine'>git.exe -c core.abbrev=40 commit -m checkpoint-1344957576-1765910225021 --allow-empty --no-verify</Data><Data Name='CurrentDirectory'>c:\Users\User\AppData\Roaming\Code\User\globalStorage\saoudrizwan.claude-dev\checkpoints\1344957576\</Data><Data Name='User'>DESKTOP-TVP7N18\User</Data><Data Name='LogonGuid'>{67c6cbf5-9df4-6941-3f9d-030000000000}</Data><Data Name='LogonId'>0x39d3f</Data><Data Name='TerminalSessionId'>1</Data><Data Name='IntegrityLevel'>High</Data><Data Name='Hashes'>MD5=48750D8CEFD683FF97E70603097B79F2,SHA256=1F2EE2DE971B6D0A7A13F053014998B66C22DF47F30F1907A767346392EB8D78,IMPHASH=BA786B4B77B388CC6698F98951D469C8</Data><Data Name='ParentProcessGuid'>{67c6cbf5-a7be-6941-e123-000000003c00}</Data><Data Name='ParentProcessId'>18596</Data><Data Name='ParentImage'>D:\Git\Git\cmd\git.exe</Data><Data Name='ParentCommandLine'>git -c core.abbrev=40 commit -m checkpoint-1344957576-1765910225021 --allow-empty --no-verify</Data><Data Name='ParentUser'>DESKTOP-TVP7N18\User</Data></EventData></Event>
<Event xmlns='http://schemas.microsoft.com/win/2004/08/events/event'><System><Provider Name='Microsoft-Windows-Sysmon' Guid='{5770385f-c22a-43e0-bf4c-06f5698ffbd9}'/><EventID>1</EventID><Version>5</Version><Level>4</Level><Task>1</Task><Opcode>0</Opcode><Keywords>0x8000000000000000</Keywords><TimeCreated SystemTime='2025-12-16T18:41:02.7745317Z'/><EventRecordID>29803453</EventRecordID><Correlation/><Execution ProcessID='5512' ThreadID='7132'/><Channel>Microsoft-Windows-Sysmon/Operational</Channel><Computer>DESKTOP-TVP7N18</Computer><Security UserID='S-1-5-18'/></System><EventData><Data Name='RuleName'>-</Data><Data Name='UtcTime'>2025-12-16 18:41:02.773</Data><Data Name='ProcessGuid'>{67c6cbf5-a7be-6941-e123-000000003c00}</Data><Data Name='ProcessId'>18596</Data><Data Name='Image'>D:\Git\Git\cmd\git.exe</Data><Data Name='FileVersion'>2.50.0.windows.1</Data><Data Name='Description'>Git for Windows</Data><Data Name='Product'>Git</Data><Data Name='Company'>The Git Development Community</Data><Data Name='OriginalFileName'>git.exe</Data><Data Name='CommandLine'>git -c core.abbrev=40 commit -m checkpoint-1344957576-1765910225021 --allow-empty --no-verify</Data><Data Name='CurrentDirectory'>c:\Users\User\AppData\Roaming\Code\User\globalStorage\saoudrizwan.claude-dev\checkpoints\1344957576\</Data><Data Name='User'>DESKTOP-TVP7N18\User</Data><Data Name='LogonGuid'>{67c6cbf5-9df4-6941-3f9d-030000000000}</Data><Data Name='LogonId'>0x39d3f</Data><Data Name='TerminalSessionId'>1</Data><Data Name='IntegrityLevel'>High</Data><Data Name='Hashes'>MD5=72D5DD969D5E0812D4F779923751F4FF,SHA256=E1E5F04E40A003B28B1E79659FABF3FD04DC4D8FDC7221D3495DFE51F861C75E,IMPHASH=10D716A849443DCD821CE3C4C8CBA197</Data><Data Name='ParentProcessGuid'>{67c6cbf5-9f3d-6941-1404-000000003c00}</Data><Data Name='ParentProcessId'>20272</Data><Data Name='ParentImage'>D:\Microsoft VS Code\Code.exe</Data><Data Name='ParentCommandLine'>"D:\Microsoft VS Code\Code.exe" --type=utility --utility-sub-type=node.mojom.NodeService --lang=zh-CN --service-sandbox-type=none --no-sandbox --dns-result-order=ipv4first --experimental-network-inspection --inspect-port=0 --video-capture-use-gpu-memory-buffer --user-data-dir="C:\Users\User\AppData\Roaming\Code" --standard-schemes=vscode-webview,vscode-file --secure-schemes=vscode-webview,vscode-file --cors-schemes=vscode-webview,vscode-file --fetch-schemes=vscode-webview,vscode-file --service-worker-schemes=vscode-webview --code-cache-schemes=vscode-webview,vscode-file --field-trial-handle=1760,i,1018579588423067860,1407623836582838396,262144 --enable-features=DocumentPolicyIncludeJSCallStacksInCrashReports,EarlyEstablishGpuChannel,EnableTransparentHwndEnlargement,EstablishGpuChannelAsync --disable-features=CalculateNativeWinOcclusion,LocalNetworkAccessChecks,ScreenAIOCREnabled,SpareRendererForSitePerProcess,TraceSiteInstanceGetProcessCreation --variations-seed-version --trace-process-track-uuid=3190708993808206286 --mojo-platform-channel-handle=3720 /prefetch:14</Data><Data Name='ParentUser'>DESKTOP-TVP7N18\User</Data></EventData></Event>
<Event xmlns='http://schemas.microsoft.com/win/2004/08/events/event'><System><Provider Name='Microsoft-Windows-Sysmon' Guid='{5770385f-c22a-43e0-bf4c-06f5698ffbd9}'/><EventID>11</EventID><Version>2</Version><Level>4</Level><Task>11</Task><Opcode>0</Opcode><Keywords>0x8000000000000000</Keywords><TimeCreated SystemTime='2025-12-16T18:41:02.7469538Z'/><EventRecordID>29803452</EventRecordID><Correlation/><Execution ProcessID='5512' ThreadID='7132'/><Channel>Microsoft-Windows-Sysmon/Operational</Channel><Computer>DESKTOP-TVP7N18</Computer><Security UserID='S-1-5-18'/></System><EventData><Data Name='RuleName'>-</Data><Data Name='UtcTime'>2025-12-16 18:41:02.746</Data><Data Name='ProcessGuid'>{67c6cbf5-a7be-6941-df23-000000003c00}</Data><Data Name='ProcessId'>19980</Data><Data Name='Image'>C:\Windows\System32\WindowsPowerShell\v1.0\powershell.exe</Data><Data Name='TargetFilename'>C:\Users\User\AppData\Local\Temp\__PSScriptPolicyTest_02tgubg3.rcv.ps1</Data><Data Name='CreationUtcTime'>2025-12-16 18:41:02.746</Data><Data Name='User'>DESKTOP-TVP7N18\User</Data></EventData></Event>
<Event xmlns='http://schemas.microsoft.com/win/2004/08/events/event'><System><Provider Name='Microsoft-Windows-Sysmon' Guid='{5770385f-c22a-43e0-bf4c-06f5698ffbd9}'/><EventID>1</EventID><Version>5</Version><Level>4</Level><Task>1</Task><Opcode>0</Opcode><Keywords>0x8000000000000000</Keywords><TimeCreated SystemTime='2025-12-16T18:41:02.7104919Z'/><EventRecordID>29803451</EventRecordID><Correlation/><Execution ProcessID='5512' ThreadID='7132'/><Channel>Microsoft-Windows-Sysmon/Operational</Channel><Computer>DESKTOP-TVP7N18</Computer><Security UserID='S-1-5-18'/></System><EventData><Data Name='RuleName'>-</Data><Data Name='UtcTime'>2025-12-16 18:41:02.707</Data><Data Name='ProcessGuid'>{67c6cbf5-a7be-6941-df23-000000003c00}</Data><Data Name='ProcessId'>19980</Data><Data Name='Image'>C:\Windows\System32\WindowsPowerShell\v1.0\powershell.exe</Data><Data Name='FileVersion'>10.0.26100.5074 (WinBuild.160101.0800)</Data><Data Name='Description'>Windows PowerShell</Data><Data Name='Product'>Microsoft® Windows® Operating System</Data><Data Name='Company'>Microsoft Corporation</Data><Data Name='OriginalFileName'>PowerShell.EXE</Data><Data Name='CommandLine'>powershell -NoProfile -Command [System.Environment]::GetFolderPath([System.Environment+SpecialFolder]::MyDocuments)</Data><Data Name='CurrentDirectory'>D:\Microsoft VS Code\</Data><Data Name='User'>DESKTOP-TVP7N18\User</Data><Data Name='LogonGuid'>{67c6cbf5-9df4-6941-3f9d-030000000000}</Data><Data Name='LogonId'>0x39d3f</Data><Data Name='TerminalSessionId'>1</Data><Data Name='IntegrityLevel'>High</Data><Data Name='Hashes'>MD5=A97E6573B97B44C96122BFA543A82EA1,SHA256=0FF6F2C94BC7E2833A5F7E16DE1622E5DBA70396F31C7D5F56381870317E8C46,IMPHASH=AFACF6DC9041114B198160AAB4D0AE77</Data><Data Name='ParentProcessGuid'>{67c6cbf5-9f3d-6941-1404-000000003c00}</Data><Data Name='ParentProcessId'>20272</Data><Data Name='ParentImage'>D:\Microsoft VS Code\Code.exe</Data><Data Name='ParentCommandLine'>"D:\Microsoft VS Code\Code.exe" --type=utility --utility-sub-type=node.mojom.NodeService --lang=zh-CN --service-sandbox-type=none --no-sandbox --dns-result-order=ipv4first --experimental-network-inspection --inspect-port=0 --video-capture-use-gpu-memory-buffer --user-data-dir="C:\Users\User\AppData\Roaming\Code" --standard-schemes=vscode-webview,vscode-file --secure-schemes=vscode-webview,vscode-file --cors-schemes=vscode-webview,vscode-file --fetch-schemes=vscode-webview,vscode-file --service-worker-schemes=vscode-webview --code-cache-schemes=vscode-webview,vscode-file --field-trial-handle=1760,i,1018579588423067860,1407623836582838396,262144 --enable-features=DocumentPolicyIncludeJSCallStacksInCrashReports,EarlyEstablishGpuChannel,EnableTransparentHwndEnlargement,EstablishGpuChannelAsync --disable-features=CalculateNativeWinOcclusion,LocalNetworkAccessChecks,ScreenAIOCREnabled,SpareRendererForSitePerProcess,TraceSiteInstanceGetProcessCreation --variations-seed-version --trace-process-track-uuid=3190708993808206286 --mojo-platform-channel-handle=3720 /prefetch:14</Data><Data Name='ParentUser'>DESKTOP-TVP7N18\User</Data></EventData></Event>
<Event xmlns='http://schemas.microsoft.com/win/2004/08/events/event'><System><Provider Name='Microsoft-Windows-Sysmon' Guid='{5770385f-c22a-43e0-bf4c-06f5698ffbd9}'/><EventID>1</EventID><Version>5</Version><Level>4</Level><Task>1</Task><Opcode>0</Opcode><Keywords>0x8000000000000000</Keywords><TimeCreated SystemTime='2025-12-16T18:41:02.6602520Z'/><EventRecordID>29803450</EventRecordID><Correlation/><Execution ProcessID='5512' ThreadID='7132'/><Channel>Microsoft-Windows-Sysmon/Operational</Channel><Computer>DESKTOP-TVP7N18</Computer><Security UserID='S-1-5-18'/></System><EventData><Data Name='RuleName'>-</Data><Data Name='UtcTime'>2025-12-16 18:41:02.649</Data><Data Name='ProcessGuid'>{67c6cbf5-a7be-6941-de23-000000003c00}</Data><Data Name='ProcessId'>18660</Data><Data Name='Image'>D:\Git\Git\mingw64\bin\git.exe</Data><Data Name='FileVersion'>2.50.0.windows.1</Data><Data Name='Description'>Git for Windows</Data><Data Name='Product'>Git</Data><Data Name='Company'>The Git Development Community</Data><Data Name='OriginalFileName'>git.exe</Data><Data Name='CommandLine'>git.exe add . --ignore-errors</Data><Data Name='CurrentDirectory'>c:\Users\User\AppData\Roaming\Code\User\globalStorage\saoudrizwan.claude-dev\checkpoints\1344957576\</Data><Data Name='User'>DESKTOP-TVP7N18\User</Data><Data Name='LogonGuid'>{67c6cbf5-9df4-6941-3f9d-030000000000}</Data><Data Name='LogonId'>0x39d3f</Data><Data Name='TerminalSessionId'>1</Data><Data Name='IntegrityLevel'>High</Data><Data Name='Hashes'>MD5=48750D8CEFD683FF97E70603097B79F2,SHA256=1F2EE2DE971B6D0A7A13F053014998B66C22DF47F30F1907A767346392EB8D78,IMPHASH=BA786B4B77B388CC6698F98951D469C8</Data><Data Name='ParentProcessGuid'>{67c6cbf5-a7be-6941-dc23-000000003c00}</Data><Data Name='ParentProcessId'>3244</Data><Data Name='ParentImage'>D:\Git\Git\cmd\git.exe</Data><Data Name='ParentCommandLine'>git add . --ignore-errors</Data><Data Name='ParentUser'>DESKTOP-TVP7N18\User</Data></EventData></Event>
<Event xmlns='http://schemas.microsoft.com/win/2004/08/events/event'><System><Provider Name='Microsoft-Windows-Sysmon' Guid='{5770385f-c22a-43e0-bf4c-06f5698ffbd9}'/><EventID>11</EventID><Version>2</Version><Level>4</Level><Task>11</Task><Opcode>0</Opcode><Keywords>0x8000000000000000</Keywords><TimeCreated SystemTime='2025-12-16T18:41:02.6377872Z'/><EventRecordID>29803449</EventRecordID><Correlation/><Execution ProcessID='5512' ThreadID='7132'/><Channel>Microsoft-Windows-Sysmon/Operational</Channel><Computer>DESKTOP-TVP7N18</Computer><Security UserID='S-1-5-18'/></System><EventData><Data Name='RuleName'>-</Data><Data Name='UtcTime'>2025-12-16 18:41:02.637</Data><Data Name='ProcessGuid'>{67c6cbf5-a7be-6941-da23-000000003c00}</Data><Data Name='ProcessId'>9612</Data><Data Name='Image'>C:\Windows\System32\WindowsPowerShell\v1.0\powershell.exe</Data><Data Name='TargetFilename'>C:\Users\User\AppData\Local\Temp\__PSScriptPolicyTest_vltiwndx.ovz.ps1</Data><Data Name='CreationUtcTime'>2025-12-16 18:41:02.637</Data><Data Name='User'>DESKTOP-TVP7N18\User</Data></EventData></Event>
<Event xmlns='http://schemas.microsoft.com/win/2004/08/events/event'><System><Provider Name='Microsoft-Windows-Sysmon' Guid='{5770385f-c22a-43e0-bf4c-06f5698ffbd9}'/><EventID>1</EventID><Version>5</Version><Level>4</Level><Task>1</Task><Opcode>0</Opcode><Keywords>0x8000000000000000</Keywords><TimeCreated SystemTime='2025-12-16T18:41:02.6356100Z'/><EventRecordID>29803448</EventRecordID><Correlation/><Execution ProcessID='5512' ThreadID='7132'/><Channel>Microsoft-Windows-Sysmon/Operational</Channel><Computer>DESKTOP-TVP7N18</Computer><Security UserID='S-1-5-18'/></System><EventData><Data Name='RuleName'>-</Data><Data Name='UtcTime'>2025-12-16 18:41:02.634</Data><Data Name='ProcessGuid'>{67c6cbf5-a7be-6941-dc23-000000003c00}</Data><Data Name='ProcessId'>3244</Data><Data Name='Image'>D:\Git\Git\cmd\git.exe</Data><Data Name='FileVersion'>2.50.0.windows.1</Data><Data Name='Description'>Git for Windows</Data><Data Name='Product'>Git</Data><Data Name='Company'>The Git Development Community</Data><Data Name='OriginalFileName'>git.exe</Data><Data Name='CommandLine'>git add . --ignore-errors</Data><Data Name='CurrentDirectory'>c:\Users\User\AppData\Roaming\Code\User\globalStorage\saoudrizwan.claude-dev\checkpoints\1344957576\</Data><Data Name='User'>DESKTOP-TVP7N18\User</Data><Data Name='LogonGuid'>{67c6cbf5-9df4-6941-3f9d-030000000000}</Data><Data Name='LogonId'>0x39d3f</Data><Data Name='TerminalSessionId'>1</Data><Data Name='IntegrityLevel'>High</Data><Data Name='Hashes'>MD5=72D5DD969D5E0812D4F779923751F4FF,SHA256=E1E5F04E40A003B28B1E79659FABF3FD04DC4D8FDC7221D3495DFE51F861C75E,IMPHASH=10D716A849443DCD821CE3C4C8CBA197</Data><Data Name='ParentProcessGuid'>{67c6cbf5-9f3d-6941-1404-000000003c00}</Data><Data Name='ParentProcessId'>20272</Data><Data Name='ParentImage'>D:\Microsoft VS Code\Code.exe</Data><Data Name='ParentCommandLine'>"D:\Microsoft VS Code\Code.exe" --type=utility --utility-sub-type=node.mojom.NodeService --lang=zh-CN --service-sandbox-type=none --no-sandbox --dns-result-order=ipv4first --experimental-network-inspection --inspect-port=0 --video-capture-use-gpu-memory-buffer --user-data-dir="C:\Users\User\AppData\Roaming\Code" --standard-schemes=vscode-webview,vscode-file --secure-schemes=vscode-webview,vscode-file --cors-schemes=vscode-webview,vscode-file --fetch-schemes=vscode-webview,vscode-file --service-worker-schemes=vscode-webview --code-cache-schemes=vscode-webview,vscode-file --field-trial-handle=1760,i,1018579588423067860,1407623836582838396,262144 --enable-features=DocumentPolicyIncludeJSCallStacksInCrashReports,EarlyEstablishGpuChannel,EnableTransparentHwndEnlargement,EstablishGpuChannelAsync --disable-features=CalculateNativeWinOcclusion,LocalNetworkAccessChecks,ScreenAIOCREnabled,SpareRendererForSitePerProcess,TraceSiteInstanceGetProcessCreation --variations-seed-version --trace-process-track-uuid=3190708993808206286 --mojo-platform-channel-handle=3720 /prefetch:14</Data><Data Name='ParentUser'>DESKTOP-TVP7N18\User</Data></EventData></Event>
<Event xmlns='http://schemas.microsoft.com/win/2004/08/events/event'><System><Provider Name='Microsoft-Windows-Sysmon' Guid='{5770385f-c22a-43e0-bf4c-06f5698ffbd9}'/><EventID>1</EventID><Version>5</Version><Level>4</Level><Task>1</Task><Opcode>0</Opcode><Keywords>0x8000000000000000</Keywords><TimeCreated SystemTime='2025-12-16T18:41:02.5978843Z'/><EventRecordID>29803447</EventRecordID><Correlation/><Execution ProcessID='5512' ThreadID='7132'/><Channel>Microsoft-Windows-Sysmon/Operational</Channel><Computer>DESKTOP-TVP7N18</Computer><Security UserID='S-1-5-18'/></System><EventData><Data Name='RuleName'>-</Data><Data Name='UtcTime'>2025-12-16 18:41:02.595</Data><Data Name='ProcessGuid'>{67c6cbf5-a7be-6941-da23-000000003c00}</Data><Data Name='ProcessId'>9612</Data><Data Name='Image'>C:\Windows\System32\WindowsPowerShell\v1.0\powershell.exe</Data><Data Name='FileVersion'>10.0.26100.5074 (WinBuild.160101.0800)</Data><Data Name='Description'>Windows PowerShell</Data><Data Name='Product'>Microsoft® Windows® Operating System</Data><Data Name='Company'>Microsoft Corporation</Data><Data Name='OriginalFileName'>PowerShell.EXE</Data><Data Name='CommandLine'>powershell -NoProfile -Command [System.Environment]::GetFolderPath([System.Environment+SpecialFolder]::MyDocuments)</Data><Data Name='CurrentDirectory'>D:\Microsoft VS Code\</Data><Data Name='User'>DESKTOP-TVP7N18\User</Data><Data Name='LogonGuid'>{67c6cbf5-9df4-6941-3f9d-030000000000}</Data><Data Name='LogonId'>0x39d3f</Data><Data Name='TerminalSessionId'>1</Data><Data Name='IntegrityLevel'>High</Data><Data Name='Hashes'>MD5=A97E6573B97B44C96122BFA543A82EA1,SHA256=0FF6F2C94BC7E2833A5F7E16DE1622E5DBA70396F31C7D5F56381870317E8C46,IMPHASH=AFACF6DC9041114B198160AAB4D0AE77</Data><Data Name='ParentProcessGuid'>{67c6cbf5-9f3d-6941-1404-000000003c00}</Data><Data Name='ParentProcessId'>20272</Data><Data Name='ParentImage'>D:\Microsoft VS Code\Code.exe</Data><Data Name='ParentCommandLine'>"D:\Microsoft VS Code\Code.exe" --type=utility --utility-sub-type=node.mojom.NodeService --lang=zh-CN --service-sandbox-type=none --no-sandbox --dns-result-order=ipv4first --experimental-network-inspection --inspect-port=0 --video-capture-use-gpu-memory-buffer --user-data-dir="C:\Users\User\AppData\Roaming\Code" --standard-schemes=vscode-webview,vscode-file --secure-schemes=vscode-webview,vscode-file --cors-schemes=vscode-webview,vscode-file --fetch-schemes=vscode-webview,vscode-file --service-worker-schemes=vscode-webview --code-cache-schemes=vscode-webview,vscode-file --field-trial-handle=1760,i,1018579588423067860,1407623836582838396,262144 --enable-features=DocumentPolicyIncludeJSCallStacksInCrashReports,EarlyEstablishGpuChannel,EnableTransparentHwndEnlargement,EstablishGpuChannelAsync --disable-features=CalculateNativeWinOcclusion,LocalNetworkAccessChecks,ScreenAIOCREnabled,SpareRendererForSitePerProcess,TraceSiteInstanceGetProcessCreation --variations-seed-version --trace-process-track-uuid=3190708993808206286 --mojo-platform-channel-handle=3720 /prefetch:14</Data><Data Name='ParentUser'>DESKTOP-TVP7N18\User</Data></EventData></Event>
<Event xmlns='http://schemas.microsoft.com/win/2004/08/events/event'><System><Provider Name='Microsoft-Windows-Sysmon' Guid='{5770385f-c22a-43e0-bf4c-06f5698ffbd9}'/><EventID>11</EventID><Version>2</Version><Level>4</Level><Task>11</Task><Opcode>0</Opcode><Keywords>0x8000000000000000</Keywords><TimeCreated SystemTime='2025-12-16T18:40:59.5379177Z'/><EventRecordID>29803446</EventRecordID><Correlation/><Execution ProcessID='5512' ThreadID='7132'/><Channel>Microsoft-Windows-Sysmon/Operational</Channel><Computer>DESKTOP-TVP7N18</Computer><Security UserID='S-1-5-18'/></System><EventData><Data Name='RuleName'>-</Data><Data Name='UtcTime'>2025-12-16 18:40:59.537</Data><Data Name='ProcessGuid'>{67c6cbf5-a7bb-6941-d923-000000003c00}</Data><Data Name='ProcessId'>21140</Data><Data Name='Image'>C:\Windows\System32\WindowsPowerShell\v1.0\powershell.exe</Data><Data Name='TargetFilename'>C:\Users\User\AppData\Local\Temp\__PSScriptPolicyTest_txzcrnuf.iqi.ps1</Data><Data Name='CreationUtcTime'>2025-12-16 18:40:59.537</Data><Data Name='User'>DESKTOP-TVP7N18\User</Data></EventData></Event>
<Event xmlns='http://schemas.microsoft.com/win/2004/08/events/event'><System><Provider Name='Microsoft-Windows-Sysmon' Guid='{5770385f-c22a-43e0-bf4c-06f5698ffbd9}'/><EventID>1</EventID><Version>5</Version><Level>4</Level><Task>1</Task><Opcode>0</Opcode><Keywords>0x8000000000000000</Keywords><TimeCreated SystemTime='2025-12-16T18:40:59.5088653Z'/><EventRecordID>29803445</EventRecordID><Correlation/><Execution ProcessID='5512' ThreadID='7132'/><Channel>Microsoft-Windows-Sysmon/Operational</Channel><Computer>DESKTOP-TVP7N18</Computer><Security UserID='S-1-5-18'/></System><EventData><Data Name='RuleName'>-</Data><Data Name='UtcTime'>2025-12-16 18:40:59.506</Data><Data Name='ProcessGuid'>{67c6cbf5-a7bb-6941-d923-000000003c00}</Data><Data Name='ProcessId'>21140</Data><Data Name='Image'>C:\Windows\System32\WindowsPowerShell\v1.0\powershell.exe</Data><Data Name='FileVersion'>10.0.26100.5074 (WinBuild.160101.0800)</Data><Data Name='Description'>Windows PowerShell</Data><Data Name='Product'>Microsoft® Windows® Operating System</Data><Data Name='Company'>Microsoft Corporation</Data><Data Name='OriginalFileName'>PowerShell.EXE</Data><Data Name='CommandLine'>powershell  -Command "Get-NetTCPConnection | Where-Object { $_.RemoteAddress -eq '221.194.131.179' }"</Data><Data Name='CurrentDirectory'>D:\MCPSecTrace\</Data><Data Name='User'>DESKTOP-TVP7N18\User</Data><Data Name='LogonGuid'>{67c6cbf5-9df4-6941-3f9d-030000000000}</Data><Data Name='LogonId'>0x39d3f</Data><Data Name='TerminalSessionId'>1</Data><Data Name='IntegrityLevel'>High</Data><Data Name='Hashes'>MD5=A97E6573B97B44C96122BFA543A82EA1,SHA256=0FF6F2C94BC7E2833A5F7E16DE1622E5DBA70396F31C7D5F56381870317E8C46,IMPHASH=AFACF6DC9041114B198160AAB4D0AE77</Data><Data Name='ParentProcessGuid'>{67c6cbf5-a7b7-6941-d423-000000003c00}</Data><Data Name='ParentProcessId'>12368</Data><Data Name='ParentImage'>C:\Windows\System32\cmd.exe</Data><Data Name='ParentCommandLine'>C:\Windows\System32\cmd.exe</Data><Data Name='ParentUser'>DESKTOP-TVP7N18\User</Data></EventData></Event>
<Event xmlns='http://schemas.microsoft.com/win/2004/08/events/event'><System><Provider Name='Microsoft-Windows-Sysmon' Guid='{5770385f-c22a-43e0-bf4c-06f5698ffbd9}'/><EventID>22</EventID><Version>5</Version><Level>4</Level><Task>22</Task><Opcode>0</Opcode><Keywords>0x8000000000000000</Keywords><TimeCreated SystemTime='2025-12-16T18:40:58.5353457Z'/><EventRecordID>29803444</EventRecordID><Correlation/><Execution ProcessID='5512' ThreadID='6124'/><Channel>Microsoft-Windows-Sysmon/Operational</Channel><Computer>DESKTOP-TVP7N18</Computer><Security UserID='S-1-5-18'/></System><EventData><Data Name='RuleName'>-</Data><Data Name='UtcTime'>2025-12-16 18:40:57.519</Data><Data Name='ProcessGuid'>{67c6cbf5-a6c2-6941-2c22-000000003c00}</Data><Data Name='ProcessId'>3896</Data><Data Name='QueryName'>ttnet-dig.feishu.cn</Data><Data Name='QueryStatus'>0</Data><Data Name='QueryResults'>type: 5 bgp.netarch-aliec2-edge-lb.l.bytedns.net;type: 5 sub2.bgp.netarch-aliec2-edge-lb.l.bytedns.net;::ffff:8.133.123.139;::ffff:8.133.123.141;::ffff:8.133.123.140;::ffff:8.133.123.137;::ffff:8.133.123.138;::ffff:8.133.123.144;</Data><Data Name='Image'>D:\Feishu\app\Feishu.exe</Data><Data Name='User'>DESKTOP-TVP7N18\User</Data></EventData></Event>
<Event xmlns='http://schemas.microsoft.com/win/2004/08/events/event'><System><Provider Name='Microsoft-Windows-Sysmon' Guid='{5770385f-c22a-43e0-bf4c-06f5698ffbd9}'/><EventID>22</EventID><Version>5</Version><Level>4</Level><Task>22</Task><Opcode>0</Opcode><Keywords>0x8000000000000000</Keywords><TimeCreated SystemTime='2025-12-16T18:40:58.5353287Z'/><EventRecordID>29803443</EventRecordID><Correlation/><Execution ProcessID='5512' ThreadID='6124'/><Channel>Microsoft-Windows-Sysmon/Operational</Channel><Computer>DESKTOP-TVP7N18</Computer><Security UserID='S-1-5-18'/></System><EventData><Data Name='RuleName'>-</Data><Data Name='UtcTime'>2025-12-16 18:40:57.519</Data><Data Name='ProcessGuid'>{67c6cbf5-a6c2-6941-2c22-000000003c00}</Data><Data Name='ProcessId'>3896</Data><Data Name='QueryName'>api3-eeft-security.feishu.cn</Data><Data Name='QueryStatus'>0</Data><Data Name='QueryResults'>type: 5 api3-eeft-security.feishu.cn.w.cdngslb.com;type: 5 api3-eeft-security.feishu.cn.queniurc.com;::ffff:113.56.147.83;::ffff:113.56.147.86;::ffff:113.56.147.82;::ffff:113.56.147.85;::ffff:113.56.147.84;::ffff:113.56.147.81;::ffff:119.36.63.209;::ffff:119.36.63.206;::ffff:119.36.63.208;::ffff:119.36.63.205;::ffff:119.36.63.204;::ffff:119.36.63.207;</Data><Data Name='Image'>D:\Feishu\app\Feishu.exe</Data><Data Name='User'>DESKTOP-TVP7N18\User</Data></EventData></Event>
<Event xmlns='http://schemas.microsoft.com/win/2004/08/events/event'><System><Provider Name='Microsoft-Windows-Sysmon' Guid='{5770385f-c22a-43e0-bf4c-06f5698ffbd9}'/><EventID>22</EventID><Version>5</Version><Level>4</Level><Task>22</Task><Opcode>0</Opcode><Keywords>0x8000000000000000</Keywords><TimeCreated SystemTime='2025-12-16T18:40:58.5352883Z'/><EventRecordID>29803442</EventRecordID><Correlation/><Execution ProcessID='5512' ThreadID='6124'/><Channel>Microsoft-Windows-Sysmon/Operational</Channel><Computer>DESKTOP-TVP7N18</Computer><Security UserID='S-1-5-18'/></System><EventData><Data Name='RuleName'>-</Data><Data Name='UtcTime'>2025-12-16 18:40:55.577</Data><Data Name='ProcessGuid'>{67c6cbf5-a6c1-6941-2722-000000003c00}</Data><Data Name='ProcessId'>12300</Data><Data Name='QueryName'>mcs.snssdk.com</Data><Data Name='QueryStatus'>0</Data><Data Name='QueryResults'>type: 5 mcs.snssdk.com.bytedns1.com;type: 5 mcs.snssdk.com.w.kunlunca.com;type: 5 mcs.snssdk.com.queniurc.com;::ffff:119.36.63.207;::ffff:113.56.147.86;::ffff:113.56.147.82;::ffff:119.36.63.206;::ffff:119.36.63.205;::ffff:119.36.63.208;::ffff:113.56.147.81;::ffff:119.36.63.209;::ffff:119.36.63.204;::ffff:113.56.147.84;::ffff:113.56.147.83;::ffff:113.56.147.85;</Data><Data Name='Image'>D:\Feishu\app\Feishu.exe</Data><Data Name='User'>DESKTOP-TVP7N18\User</Data></EventData></Event>
<Event xmlns='http://schemas.microsoft.com/win/2004/08/events/event'><System><Provider Name='Microsoft-Windows-Sysmon' Guid='{5770385f-c22a-43e0-bf4c-06f5698ffbd9}'/><EventID>1</EventID><Version>5</Version><Level>4</Level><Task>1</Task><Opcode>0</Opcode><Keywords>0x8000000000000000</Keywords><TimeCreated SystemTime='2025-12-16T18:40:55.5992282Z'/><EventRecordID>29803441</EventRecordID><Correlation/><Execution ProcessID='5512' ThreadID='7132'/><Channel>Microsoft-Windows-Sysmon/Operational</Channel><Computer>DESKTOP-TVP7N18</Computer><Security UserID='S-1-5-18'/></System><EventData><Data Name='RuleName'>-</Data><Data Name='UtcTime'>2025-12-16 18:40:55.597</Data><Data Name='ProcessGuid'>{67c6cbf5-a7b7-6941-d823-000000003c00}</Data><Data Name='ProcessId'>7056</Data><Data Name='Image'>C:\Windows\System32\chcp.com</Data><Data Name='FileVersion'>10.0.26100.1 (WinBuild.160101.0800)</Data><Data Name='Description'>Change CodePage Utility</Data><Data Name='Product'>Microsoft® Windows® Operating System</Data><Data Name='Company'>Microsoft Corporation</Data><Data Name='OriginalFileName'>CHCP.COM</Data><Data Name='CommandLine'>"C:\WINDOWS\System32\chcp.com"   936 </Data><Data Name='CurrentDirectory'>D:\MCPSecTrace\</Data><Data Name='User'>DESKTOP-TVP7N18\User</Data><Data Name='LogonGuid'>{67c6cbf5-9df4-6941-3f9d-030000000000}</Data><Data Name='LogonId'>0x39d3f</Data><Data Name='TerminalSessionId'>1</Data><Data Name='IntegrityLevel'>High</Data><Data Name='Hashes'>MD5=0F493FBD2CEAB5F745722D528AB5F37B,SHA256=8D75E783F327F899A42927FC2927F0E3D1EC62C4CA1DC88DE04DD67DE9AE555D,IMPHASH=C93AF07577A42F365DB1BEDE9A35D5AC</Data><Data Name='ParentProcessGuid'>{67c6cbf5-a7b7-6941-d423-000000003c00}</Data><Data Name='ParentProcessId'>12368</Data><Data Name='ParentImage'>C:\Windows\System32\cmd.exe</Data><Data Name='ParentCommandLine'>C:\Windows\System32\cmd.exe</Data><Data Name='ParentUser'>DESKTOP-TVP7N18\User</Data></EventData></Event>
<Event xmlns='http://schemas.microsoft.com/win/2004/08/events/event'><System><Provider Name='Microsoft-Windows-Sysmon' Guid='{5770385f-c22a-43e0-bf4c-06f5698ffbd9}'/><EventID>1</EventID><Version>5</Version><Level>4</Level><Task>1</Task><Opcode>0</Opcode><Keywords>0x8000000000000000</Keywords><TimeCreated SystemTime='2025-12-16T18:40:55.5864948Z'/><EventRecordID>29803440</EventRecordID><Correlation/><Execution ProcessID='5512' ThreadID='7132'/><Channel>Microsoft-Windows-Sysmon/Operational</Channel><Computer>DESKTOP-TVP7N18</Computer><Security UserID='S-1-5-18'/></System><EventData><Data Name='RuleName'>-</Data><Data Name='UtcTime'>2025-12-16 18:40:55.584</Data><Data Name='ProcessGuid'>{67c6cbf5-a7b7-6941-d723-000000003c00}</Data><Data Name='ProcessId'>19832</Data><Data Name='Image'>C:\Windows\System32\chcp.com</Data><Data Name='FileVersion'>10.0.26100.1 (WinBuild.160101.0800)</Data><Data Name='Description'>Change CodePage Utility</Data><Data Name='Product'>Microsoft® Windows® Operating System</Data><Data Name='Company'>Microsoft Corporation</Data><Data Name='OriginalFileName'>CHCP.COM</Data><Data Name='CommandLine'>"C:\WINDOWS\System32\chcp.com"  65001 </Data><Data Name='CurrentDirectory'>D:\MCPSecTrace\</Data><Data Name='User'>DESKTOP-TVP7N18\User</Data><Data Name='LogonGuid'>{67c6cbf5-9df4-6941-3f9d-030000000000}</Data><Data Name='LogonId'>0x39d3f</Data><Data Name='TerminalSessionId'>1</Data><Data Name='IntegrityLevel'>High</Data><Data Name='Hashes'>MD5=0F493FBD2CEAB5F745722D528AB5F37B,SHA256=8D75E783F327F899A42927FC2927F0E3D1EC62C4CA1DC88DE04DD67DE9AE555D,IMPHASH=C93AF07577A42F365DB1BEDE9A35D5AC</Data><Data Name='ParentProcessGuid'>{67c6cbf5-a7b7-6941-d423-000000003c00}</Data><Data Name='ParentProcessId'>12368</Data><Data Name='ParentImage'>C:\Windows\System32\cmd.exe</Data><Data Name='ParentCommandLine'>C:\Windows\System32\cmd.exe</Data><Data Name='ParentUser'>DESKTOP-TVP7N18\User</Data></EventData></Event>
<Event xmlns='http://schemas.microsoft.com/win/2004/08/events/event'><System><Provider Name='Microsoft-Windows-Sysmon' Guid='{5770385f-c22a-43e0-bf4c-06f5698ffbd9}'/><EventID>1</EventID><Version>5</Version><Level>4</Level><Task>1</Task><Opcode>0</Opcode><Keywords>0x8000000000000000</Keywords><TimeCreated SystemTime='2025-12-16T18:40:55.5751308Z'/><EventRecordID>29803439</EventRecordID><Correlation/><Execution ProcessID='5512' ThreadID='7132'/><Channel>Microsoft-Windows-Sysmon/Operational</Channel><Computer>DESKTOP-TVP7N18</Computer><Security UserID='S-1-5-18'/></System><EventData><Data Name='RuleName'>-</Data><Data Name='UtcTime'>2025-12-16 18:40:55.574</Data><Data Name='ProcessGuid'>{67c6cbf5-a7b7-6941-d623-000000003c00}</Data><Data Name='ProcessId'>7380</Data><Data Name='Image'>C:\Windows\System32\chcp.com</Data><Data Name='FileVersion'>10.0.26100.1 (WinBuild.160101.0800)</Data><Data Name='Description'>Change CodePage Utility</Data><Data Name='Product'>Microsoft® Windows® Operating System</Data><Data Name='Company'>Microsoft Corporation</Data><Data Name='OriginalFileName'>CHCP.COM</Data><Data Name='CommandLine'>C:\WINDOWS\System32\chcp.com</Data><Data Name='CurrentDirectory'>D:\MCPSecTrace\</Data><Data Name='User'>DESKTOP-TVP7N18\User</Data><Data Name='LogonGuid'>{67c6cbf5-9df4-6941-3f9d-030000000000}</Data><Data Name='LogonId'>0x39d3f</Data><Data Name='TerminalSessionId'>1</Data><Data Name='IntegrityLevel'>High</Data><Data Name='Hashes'>MD5=0F493FBD2CEAB5F745722D528AB5F37B,SHA256=8D75E783F327F899A42927FC2927F0E3D1EC62C4CA1DC88DE04DD67DE9AE555D,IMPHASH=C93AF07577A42F365DB1BEDE9A35D5AC</Data><Data Name='ParentProcessGuid'>{67c6cbf5-a7b7-6941-d523-000000003c00}</Data><Data Name='ParentProcessId'>18188</Data><Data Name='ParentImage'>C:\Windows\System32\cmd.exe</Data><Data Name='ParentCommandLine'>C:\WINDOWS\system32\cmd.exe /c "C:\WINDOWS\System32\chcp.com"</Data><Data Name='ParentUser'>DESKTOP-TVP7N18\User</Data></EventData></Event>
<Event xmlns='http://schemas.microsoft.com/win/2004/08/events/event'><System><Provider Name='Microsoft-Windows-Sysmon' Guid='{5770385f-c22a-43e0-bf4c-06f5698ffbd9}'/><EventID>1</EventID><Version>5</Version><Level>4</Level><Task>1</Task><Opcode>0</Opcode><Keywords>0x8000000000000000</Keywords><TimeCreated SystemTime='2025-12-16T18:50:37.2484708Z'/><EventRecordID>29806711</EventRecordID><Correlation/><Execution ProcessID='5512' ThreadID='7132'/><Channel>Microsoft-Windows-Sysmon/Operational</Channel><Computer>DESKTOP-TVP7N18</Computer><Security UserID='S-1-5-18'/></System><EventData><Data Name='RuleName'>-</Data><Data Name='UtcTime'>2025-12-16 18:50:37.245</Data><Data Name='ProcessGuid'>{67c6cbf5-a9fd-6941-5d31-000000003c00}</Data><Data Name='ProcessId'>12524</Data><Data Name='Image'>C:\Windows\System32\wbem\WMIC.exe</Data><Data Name='FileVersion'>10.0.26100.5074 (WinBuild.160101.0800)</Data><Data Name='Description'>WMI Commandline Utility</Data><Data Name='Product'>Microsoft® Windows® Operating System</Data><Data Name='Company'>Microsoft Corporation</Data><Data Name='OriginalFileName'>wmic.exe</Data><Data Name='CommandLine'>wmic os get Caption</Data><Data Name='CurrentDirectory'>D:\Microsoft VS Code\</Data><Data Name='User'>DESKTOP-TVP7N18\User</Data><Data Name='LogonGuid'>{67c6cbf5-9df4-6941-3f9d-030000000000}</Data><Data Name='LogonId'>0x39d3f</Data><Data Name='TerminalSessionId'>1</Data><Data Name='IntegrityLevel'>High</Data><Data Name='Hashes'>MD5=2E51DA7B69836CFEBCB3F9AA47C08266,SHA256=7C7F386BB7C70263FD835DC58791B6DD73FC6617C27751B5503DBA8D0CDDA690,IMPHASH=43C6BE584D77B658A53A9A5C606724DD</Data><Data Name='ParentProcessGuid'>{67c6cbf5-9f3d-6941-1404-000000003c00}</Data><Data Name='ParentProcessId'>20272</Data><Data Name='ParentImage'>D:\Microsoft VS Code\Code.exe</Data><Data Name='ParentCommandLine'>"D:\Microsoft VS Code\Code.exe" --type=utility --utility-sub-type=node.mojom.NodeService --lang=zh-CN --service-sandbox-type=none --no-sandbox --dns-result-order=ipv4first --experimental-network-inspection --inspect-port=0 --video-capture-use-gpu-memory-buffer --user-data-dir="C:\Users\User\AppData\Roaming\Code" --standard-schemes=vscode-webview,vscode-file --secure-schemes=vscode-webview,vscode-file --cors-schemes=vscode-webview,vscode-file --fetch-schemes=vscode-webview,vscode-file --service-worker-schemes=vscode-webview --code-cache-schemes=vscode-webview,vscode-file --field-trial-handle=1760,i,1018579588423067860,1407623836582838396,262144 --enable-features=DocumentPolicyIncludeJSCallStacksInCrashReports,EarlyEstablishGpuChannel,EnableTransparentHwndEnlargement,EstablishGpuChannelAsync --disable-features=CalculateNativeWinOcclusion,LocalNetworkAccessChecks,ScreenAIOCREnabled,SpareRendererForSitePerProcess,TraceSiteInstanceGetProcessCreation --variations-seed-version --trace-process-track-uuid=3190708993808206286 --mojo-platform-channel-handle=3720 /prefetch:14</Data><Data Name='ParentUser'>DESKTOP-TVP7N18\User</Data></EventData></Event>
<Event xmlns='http://schemas.microsoft.com/win/2004/08/events/event'><System><Provider Name='Microsoft-Windows-Sysmon' Guid='{5770385f-c22a-43e0-bf4c-06f5698ffbd9}'/><EventID>11</EventID><Version>2</Version><Level>4</Level><Task>11</Task><Opcode>0</Opcode><Keywords>0x8000000000000000</Keywords><TimeCreated SystemTime='2025-12-16T18:50:37.1904487Z'/><EventRecordID>29806710</EventRecordID><Correlation/><Execution ProcessID='5512' ThreadID='7132'/><Channel>Microsoft-Windows-Sysmon/Operational</Channel><Computer>DESKTOP-TVP7N18</Computer><Security UserID='S-1-5-18'/></System><EventData><Data Name='RuleName'>-</Data><Data Name='UtcTime'>2025-12-16 18:50:37.188</Data><Data Name='ProcessGuid'>{67c6cbf5-a9fd-6941-5a31-000000003c00}</Data><Data Name='ProcessId'>9900</Data><Data Name='Image'>C:\Windows\System32\WindowsPowerShell\v1.0\powershell.exe</Data><Data Name='TargetFilename'>C:\Users\User\AppData\Local\Temp\__PSScriptPolicyTest_q3lsusmr.dwt.ps1</Data><Data Name='CreationUtcTime'>2025-12-16 18:50:37.188</Data><Data Name='User'>DESKTOP-TVP7N18\User</Data></EventData></Event>
<Event xmlns='http://schemas.microsoft.com/win/2004/08/events/event'><System><Provider Name='Microsoft-Windows-Sysmon' Guid='{5770385f-c22a-43e0-bf4c-06f5698ffbd9}'/><EventID>1</EventID><Version>5</Version><Level>4</Level><Task>1</Task><Opcode>0</Opcode><Keywords>0x8000000000000000</Keywords><TimeCreated SystemTime='2025-12-16T18:50:37.1705206Z'/><EventRecordID>29806709</EventRecordID><Correlation/><Execution ProcessID='5512' ThreadID='7132'/><Channel>Microsoft-Windows-Sysmon/Operational</Channel><Computer>DESKTOP-TVP7N18</Computer><Security UserID='S-1-5-18'/></System><EventData><Data Name='RuleName'>-</Data><Data Name='UtcTime'>2025-12-16 18:50:37.157</Data><Data Name='ProcessGuid'>{67c6cbf5-a9fd-6941-5c31-000000003c00}</Data><Data Name='ProcessId'>7528</Data><Data Name='Image'>D:\Git\Git\mingw64\libexec\git-core\git.exe</Data><Data Name='FileVersion'>2.50.0.windows.1</Data><Data Name='Description'>Git for Windows</Data><Data Name='Product'>Git</Data><Data Name='Company'>The Git Development Community</Data><Data Name='OriginalFileName'>git.exe</Data><Data Name='CommandLine'>git maintenance run --auto --no-quiet --detach</Data><Data Name='CurrentDirectory'>D:\MCPSecTrace\</Data><Data Name='User'>DESKTOP-TVP7N18\User</Data><Data Name='LogonGuid'>{67c6cbf5-9df4-6941-3f9d-030000000000}</Data><Data Name='LogonId'>0x39d3f</Data><Data Name='TerminalSessionId'>1</Data><Data Name='IntegrityLevel'>High</Data><Data Name='Hashes'>MD5=48750D8CEFD683FF97E70603097B79F2,SHA256=1F2EE2DE971B6D0A7A13F053014998B66C22DF47F30F1907A767346392EB8D78,IMPHASH=BA786B4B77B388CC6698F98951D469C8</Data><Data Name='ParentProcessGuid'>{67c6cbf5-a9fd-6941-5931-000000003c00}</Data><Data Name='ParentProcessId'>15304</Data><Data Name='ParentImage'>D:\Git\Git\mingw64\bin\git.exe</Data><Data Name='ParentCommandLine'>git.exe -c core.abbrev=40 commit -m checkpoint-1344957576-1765910779246 --allow-empty --no-verify</Data><Data Name='ParentUser'>DESKTOP-TVP7N18\User</Data></EventData></Event>
<Event xmlns='http://schemas.microsoft.com/win/2004/08/events/event'><System><Provider Name='Microsoft-Windows-Sysmon' Guid='{5770385f-c22a-43e0-bf4c-06f5698ffbd9}'/><EventID>1</EventID><Version>5</Version><Level>4</Level><Task>1</Task><Opcode>0</Opcode><Keywords>0x8000000000000000</Keywords><TimeCreated SystemTime='2025-12-16T18:50:37.1520054Z'/><EventRecordID>29806708</EventRecordID><Correlation/><Execution ProcessID='5512' ThreadID='7132'/><Channel>Microsoft-Windows-Sysmon/Operational</Channel><Computer>DESKTOP-TVP7N18</Computer><Security UserID='S-1-5-18'/></System><EventData><Data Name='RuleName'>-</Data><Data Name='UtcTime'>2025-12-16 18:50:37.149</Data><Data Name='ProcessGuid'>{67c6cbf5-a9fd-6941-5a31-000000003c00}</Data><Data Name='ProcessId'>9900</Data><Data Name='Image'>C:\Windows\System32\WindowsPowerShell\v1.0\powershell.exe</Data><Data Name='FileVersion'>10.0.26100.5074 (WinBuild.160101.0800)</Data><Data Name='Description'>Windows PowerShell</Data><Data Name='Product'>Microsoft® Windows® Operating System</Data><Data Name='Company'>Microsoft Corporation</Data><Data Name='OriginalFileName'>PowerShell.EXE</Data><Data Name='CommandLine'>powershell -NoProfile -Command [System.Environment]::GetFolderPath([System.Environment+SpecialFolder]::MyDocuments)</Data><Data Name='CurrentDirectory'>D:\Microsoft VS Code\</Data><Data Name='User'>DESKTOP-TVP7N18\User</Data><Data Name='LogonGuid'>{67c6cbf5-9df4-6941-3f9d-030000000000}</Data><Data Name='LogonId'>0x39d3f</Data><Data Name='TerminalSessionId'>1</Data><Data Name='IntegrityLevel'>High</Data><Data Name='Hashes'>MD5=A97E6573B97B44C96122BFA543A82EA1,SHA256=0FF6F2C94BC7E2833A5F7E16DE1622E5DBA70396F31C7D5F56381870317E8C46,IMPHASH=AFACF6DC9041114B198160AAB4D0AE77</Data><Data Name='ParentProcessGuid'>{67c6cbf5-9f3d-6941-1404-000000003c00}</Data><Data Name='ParentProcessId'>20272</Data><Data Name='ParentImage'>D:\Microsoft VS Code\Code.exe</Data><Data Name='ParentCommandLine'>"D:\Microsoft VS Code\Code.exe" --type=utility --utility-sub-type=node.mojom.NodeService --lang=zh-CN --service-sandbox-type=none --no-sandbox --dns-result-order=ipv4first --experimental-network-inspection --inspect-port=0 --video-capture-use-gpu-memory-buffer --user-data-dir="C:\Users\User\AppData\Roaming\Code" --standard-schemes=vscode-webview,vscode-file --secure-schemes=vscode-webview,vscode-file --cors-schemes=vscode-webview,vscode-file --fetch-schemes=vscode-webview,vscode-file --service-worker-schemes=vscode-webview --code-cache-schemes=vscode-webview,vscode-file --field-trial-handle=1760,i,1018579588423067860,1407623836582838396,262144 --enable-features=DocumentPolicyIncludeJSCallStacksInCrashReports,EarlyEstablishGpuChannel,EnableTransparentHwndEnlargement,EstablishGpuChannelAsync --disable-features=CalculateNativeWinOcclusion,LocalNetworkAccessChecks,ScreenAIOCREnabled,SpareRendererForSitePerProcess,TraceSiteInstanceGetProcessCreation --variations-seed-version --trace-process-track-uuid=3190708993808206286 --mojo-platform-channel-handle=3720 /prefetch:14</Data><Data Name='ParentUser'>DESKTOP-TVP7N18\User</Data></EventData></Event>
