<Event xmlns='http://schemas.microsoft.com/win/2004/08/events/event'><System><Provider Name='Microsoft-Windows-Sysmon' Guid='{5770385f-c22a-43e0-bf4c-06f5698ffbd9}'/><EventID>1</EventID><Version>5</Version><Level>4</Level><Task>1</Task><Opcode>0</Opcode><Keywords>0x8000000000000000</Keywords><TimeCreated SystemTime='2025-12-16T18:50:37.1344943Z'/><EventRecordID>29806707</EventRecordID><Correlation/><Execution ProcessID='5512' ThreadID='7132'/><Channel>Microsoft-Windows-Sysmon/Operational</Channel><Computer>DESKTOP-TVP7N18</Computer><Security UserID='S-1-5-18'/></System><EventData><Data Name='RuleName'>-</Data><Data Name='UtcTime'>2025-12-16 18:50:37.123</Data><Data Name='ProcessGuid'>{67c6cbf5-a9fd-6941-5931-000000003c00}</Data><Data Name='ProcessId'>15304</Data><Data Name='Image'>D:\Git\Git\mingw64\bin\git.exe</Data><Data Name='FileVersion'>2.50.0.windows.1</Data><Data Name='Description'>Git for Windows</Data><Data Name='Product'>Git</Data><Data Name='Company'>The Git Development Community</Data><Data Name='OriginalFileName'>git.exe</Data><Data Name='CommandLine'>git.exe -c core.abbrev=40 commit -m checkpoint-1344957576-1765910779246 --allow-empty --no-verify</Data><Data Name='CurrentDirectory'>c:\Users\User\AppData\Roaming\Code\User\globalStorage\saoudrizwan.claude-dev\checkpoints\1344957576\</Data><Data Name='User'>DESKTOP-TVP7N18\User</Data><Data Name='LogonGuid'>{67c6cbf5-9df4-6941-3f9d-030000000000}</Data><Data Name='LogonId'>0x39d3f</Data><Data Name='TerminalSessionId'>1</Data><Data Name='IntegrityLevel'>High</Data><Data Name='Hashes'>MD5=48750D8CEFD683FF97E70603097B79F2,SHA256=1F2EE2DE971B6D0A7A13F053014998B66C22DF47F30F1907A767346392EB8D78,IMPHASH=BA786B4B77B388CC6698F98951D469C8</Data><Data Name='ParentProcessGuid'>{67c6cbf5-a9fd-6941-5731-000000003c00}</Data><Data Name='ParentProcessId'>21252</Data><Data Name='ParentImage'>D:\Git\Git\cmd\git.exe</Data><Data Name='ParentCommandLine'>git -c core.abbrev=40 commit -m checkpoint-1344957576-1765910779246 --allow-empty --no-verify</Data><Data Name='ParentUser'>DESKTOP-TVP7N18\User</Data></EventData></Event>
<Event xmlns='http://schemas.microsoft.com/win/2004/08/events/event'><System><Provider Name='Microsoft-Windows-Sysmon' Guid='{5770385f-c22a-43e0-bf4c-06f5698ffbd9}'/><EventID>1</EventID><Version>5</Version><Level>4</Level><Task>1</Task><Opcode>0</Opcode><Keywords>0x8000000000000000</Keywords><TimeCreated SystemTime='2025-12-16T18:50:37.1096311Z'/><EventRecordID>29806706</EventRecordID><Correlation/><Execution ProcessID='5512' ThreadID='7132'/><Channel>Microsoft-Windows-Sysmon/Operational</Channel><Computer>DESKTOP-TVP7N18</Computer><Security UserID='S-1-5-18'/></System><EventData><Data Name='RuleName'>-</Data><Data Name='UtcTime'>2025-12-16 18:50:37.108</Data><Data Name='ProcessGuid'>{67c6cbf5-a9fd-6941-5731-000000003c00}</Data><Data Name='ProcessId'>21252</Data><Data Name='Image'>D:\Git\Git\cmd\git.exe</Data><Data Name='FileVersion'>2.50.0.windows.1</Data><Data Name='Description'>Git for Windows</Data><Data Name='Product'>Git</Data><Data Name='Company'>The Git Development Community</Data><Data Name='OriginalFileName'>git.exe</Data><Data Name='CommandLine'>git -c core.abbrev=40 commit -m checkpoint-1344957576-1765910779246 --allow-empty --no-verify</Data><Data Name='CurrentDirectory'>c:\Users\User\AppData\Roaming\Code\User\globalStorage\saoudrizwan.claude-dev\checkpoints\1344957576\</Data><Data Name='User'>DESKTOP-TVP7N18\User</Data><Data Name='LogonGuid'>{67c6cbf5-9df4-6941-3f9d-030000000000}</Data><Data Name='LogonId'>0x39d3f</Data><Data Name='TerminalSessionId'>1</Data><Data Name='IntegrityLevel'>High</Data><Data Name='Hashes'>MD5=72D5DD969D5E0812D4F779923751F4FF,SHA256=E1E5F04E40A003B28B1E79659FABF3FD04DC4D8FDC7221D3495DFE51F861C75E,IMPHASH=10D716A849443DCD821CE3C4C8CBA197</Data><Data Name='ParentProcessGuid'>{67c6cbf5-9f3d-6941-1404-000000003c00}</Data><Data Name='ParentProcessId'>20272</Data><Data Name='ParentImage'>D:\Microsoft VS Code\Code.exe</Data><Data Name='ParentCommandLine'>"D:\Microsoft VS Code\Code.exe" --type=utility --utility-sub-type=node.mojom.NodeService --lang=zh-CN --service-sandbox-type=none --no-sandbox --dns-result-order=ipv4first --experimental-network-inspection --inspect-port=0 --video-capture-use-gpu-memory-buffer --user-data-dir="C:\Users\User\AppData\Roaming\Code" --standard-schemes=vscode-webview,vscode-file --secure-schemes=vscode-webview,vscode-file --cors-schemes=vscode-webview,vscode-file --fetch-schemes=vscode-webview,vscode-file --service-worker-schemes=vscode-webview --code-cache-schemes=vscode-webview,vscode-file --field-trial-handle=1760,i,1018579588423067860,1407623836582838396,262144 --enable-features=DocumentPolicyIncludeJSCallStacksInCrashReports,EarlyEstablishGpuChannel,EnableTransparentHwndEnlargement,EstablishGpuChannelAsync --disable-features=CalculateNativeWinOcclusion,LocalNetworkAccessChecks,ScreenAIOCREnabled,SpareRendererForSitePerProcess,TraceSiteInstanceGetProcessCreation --variations-seed-version --trace-process-track-uuid=3190708993808206286 --mojo-platform-channel-handle=3720 /prefetch:14</Data><Data Name='ParentUser'>DESKTOP-TVP7N18\User</Data></EventData></Event>
<Event xmlns='http://schemas.microsoft.com/win/2004/08/events/event'><System><Provider Name='Microsoft-Windows-Sysmon' Guid='{5770385f-c22a-43e0-bf4c-06f5698ffbd9}'/><EventID>11</EventID><Version>2</Version><Level>4</Level><Task>11</Task><Opcode>0</Opcode><Keywords>0x8000000000000000</Keywords><TimeCreated SystemTime='2025-12-16T18:50:37.0866209Z'/><EventRecordID>29806705</EventRecordID><Correlation/><Execution ProcessID='5512' ThreadID='7132'/><Channel>Microsoft-Windows-Sysmon/Operational</Channel><Computer>DESKTOP-TVP7N18</Computer><Security UserID='S-1-5-18'/></System><EventData><Data Name='RuleName'>-</Data><Data Name='UtcTime'>2025-12-16 18:50:37.086</Data><Data Name='ProcessGuid'>{67c6cbf5-a9fd-6941-5531-000000003c00}</Data><Data Name='ProcessId'>17340</Data><Data Name='Image'>C:\Windows\System32\WindowsPowerShell\v1.0\powershell.exe</Data><Data Name='TargetFilename'>C:\Users\User\AppData\Local\Temp\__PSScriptPolicyTest_yhnvcld3.mrc.ps1</Data><Data Name='CreationUtcTime'>2025-12-16 18:50:37.086</Data><Data Name='User'>DESKTOP-TVP7N18\User</Data></EventData></Event>
<Event xmlns='http://schemas.microsoft.com/win/2004/08/events/event'><System><Provider Name='Microsoft-Windows-Sysmon' Guid='{5770385f-c22a-43e0-bf4c-06f5698ffbd9}'/><EventID>1</EventID><Version>5</Version><Level>4</Level><Task>1</Task><Opcode>0</Opcode><Keywords>0x8000000000000000</Keywords><TimeCreated SystemTime='2025-12-16T18:50:37.0472979Z'/><EventRecordID>29806704</EventRecordID><Correlation/><Execution ProcessID='5512' ThreadID='7132'/><Channel>Microsoft-Windows-Sysmon/Operational</Channel><Computer>DESKTOP-TVP7N18</Computer><Security UserID='S-1-5-18'/></System><EventData><Data Name='RuleName'>-</Data><Data Name='UtcTime'>2025-12-16 18:50:37.044</Data><Data Name='ProcessGuid'>{67c6cbf5-a9fd-6941-5531-000000003c00}</Data><Data Name='ProcessId'>17340</Data><Data Name='Image'>C:\Windows\System32\WindowsPowerShell\v1.0\powershell.exe</Data><Data Name='FileVersion'>10.0.26100.5074 (WinBuild.160101.0800)</Data><Data Name='Description'>Windows PowerShell</Data><Data Name='Product'>Microsoft® Windows® Operating System</Data><Data Name='Company'>Microsoft Corporation</Data><Data Name='OriginalFileName'>PowerShell.EXE</Data><Data Name='CommandLine'>powershell -NoProfile -Command [System.Environment]::GetFolderPath([System.Environment+SpecialFolder]::MyDocuments)</Data><Data Name='CurrentDirectory'>D:\Microsoft VS Code\</Data><Data Name='User'>DESKTOP-TVP7N18\User</Data><Data Name='LogonGuid'>{67c6cbf5-9df4-6941-3f9d-030000000000}</Data><Data Name='LogonId'>0x39d3f</Data><Data Name='TerminalSessionId'>1</Data><Data Name='IntegrityLevel'>High</Data><Data Name='Hashes'>MD5=A97E6573B97B44C96122BFA543A82EA1,SHA256=0FF6F2C94BC7E2833A5F7E16DE1622E5DBA70396F31C7D5F56381870317E8C46,IMPHASH=AFACF6DC9041114B198160AAB4D0AE77</Data><Data Name='ParentProcessGuid'>{67c6cbf5-9f3d-6941-1404-000000003c00}</Data><Data Name='ParentProcessId'>20272</Data><Data Name='ParentImage'>D:\Microsoft VS Code\Code.exe</Data><Data Name='ParentCommandLine'>"D:\Microsoft VS Code\Code.exe" --type=utility --utility-sub-type=node.mojom.NodeService --lang=zh-CN --service-sandbox-type=none --no-sandbox --dns-result-order=ipv4first --experimental-network-inspection --inspect-port=0 --video-capture-use-gpu-memory-buffer --user-data-dir="C:\Users\User\AppData\Roaming\Code" --standard-schemes=vscode-webview,vscode-file --secure-schemes=vscode-webview,vscode-file --cors-schemes=vscode-webview,vscode-file --fetch-schemes=vscode-webview,vscode-file --service-worker-schemes=vscode-webview --code-cache-schemes=vscode-webview,vscode-file --field-trial-handle=1760,i,1018579588423067860,1407623836582838396,262144 --enable-features=DocumentPolicyIncludeJSCallStacksInCrashReports,EarlyEstablishGpuChannel,EnableTransparentHwndEnlargement,EstablishGpuChannelAsync --disable-features=CalculateNativeWinOcclusion,LocalNetworkAccessChecks,ScreenAIOCREnabled,SpareRendererForSitePerProcess,TraceSiteInstanceGetProcessCreation --variations-seed-version --trace-process-track-uuid=3190708993808206286 --mojo-platform-channel-handle=3720 /prefetch:14</Data><Data Name='ParentUser'>DESKTOP-TVP7N18\User</Data></EventData></Event>
<Event xmlns='http://schemas.microsoft.com/win/2004/08/events/event'><System><Provider Name='Microsoft-Windows-Sysmon' Guid='{5770385f-c22a-43e0-bf4c-06f5698ffbd9}'/><EventID>1</EventID><Version>5</Version><Level>4</Level><Task>1</Task><Opcode>0</Opcode><Keywords>0x8000000000000000</Keywords><TimeCreated SystemTime='2025-12-16T18:50:36.9884363Z'/><EventRecordID>29806703</EventRecordID><Correlation/><Execution ProcessID='5512' ThreadID='7132'/><Channel>Microsoft-Windows-Sysmon/Operational</Channel><Computer>DESKTOP-TVP7N18</Computer><Security UserID='S-1-5-18'/></System><EventData><Data Name='RuleName'>-</Data><Data Name='UtcTime'>2025-12-16 18:50:36.977</Data><Data Name='ProcessGuid'>{67c6cbf5-a9fc-6941-5431-000000003c00}</Data><Data Name='ProcessId'>2688</Data><Data Name='Image'>D:\Git\Git\mingw64\bin\git.exe</Data><Data Name='FileVersion'>2.50.0.windows.1</Data><Data Name='Description'>Git for Windows</Data><Data Name='Product'>Git</Data><Data Name='Company'>The Git Development Community</Data><Data Name='OriginalFileName'>git.exe</Data><Data Name='CommandLine'>git.exe add . --ignore-errors</Data><Data Name='CurrentDirectory'>c:\Users\User\AppData\Roaming\Code\User\globalStorage\saoudrizwan.claude-dev\checkpoints\1344957576\</Data><Data Name='User'>DESKTOP-TVP7N18\User</Data><Data Name='LogonGuid'>{67c6cbf5-9df4-6941-3f9d-030000000000}</Data><Data Name='LogonId'>0x39d3f</Data><Data Name='TerminalSessionId'>1</Data><Data Name='IntegrityLevel'>High</Data><Data Name='Hashes'>MD5=48750D8CEFD683FF97E70603097B79F2,SHA256=1F2EE2DE971B6D0A7A13F053014998B66C22DF47F30F1907A767346392EB8D78,IMPHASH=BA786B4B77B388CC6698F98951D469C8</Data><Data Name='ParentProcessGuid'>{67c6cbf5-a9fc-6941-5231-000000003c00}</Data><Data Name='ParentProcessId'>9452</Data><Data Name='ParentImage'>D:\Git\Git\cmd\git.exe</Data><Data Name='ParentCommandLine'>git add . --ignore-errors</Data><Data Name='ParentUser'>DESKTOP-TVP7N18\User</Data></EventData></Event>
<Event xmlns='http://schemas.microsoft.com/win/2004/08/events/event'><System><Provider Name='Microsoft-Windows-Sysmon' Guid='{5770385f-c22a-43e0-bf4c-06f5698ffbd9}'/><EventID>11</EventID><Version>2</Version><Level>4</Level><Task>11</Task><Opcode>0</Opcode><Keywords>0x8000000000000000</Keywords><TimeCreated SystemTime='2025-12-16T18:50:36.9710011Z'/><EventRecordID>29806702</EventRecordID><Correlation/><Execution ProcessID='5512' ThreadID='7132'/><Channel>Microsoft-Windows-Sysmon/Operational</Channel><Computer>DESKTOP-TVP7N18</Computer><Security UserID='S-1-5-18'/></System><EventData><Data Name='RuleName'>-</Data><Data Name='UtcTime'>2025-12-16 18:50:36.970</Data><Data Name='ProcessGuid'>{67c6cbf5-a9fc-6941-5031-000000003c00}</Data><Data Name='ProcessId'>12252</Data><Data Name='Image'>C:\Windows\System32\WindowsPowerShell\v1.0\powershell.exe</Data><Data Name='TargetFilename'>C:\Users\User\AppData\Local\Temp\__PSScriptPolicyTest_emowrroh.gid.ps1</Data><Data Name='CreationUtcTime'>2025-12-16 18:50:36.970</Data><Data Name='User'>DESKTOP-TVP7N18\User</Data></EventData></Event>
<Event xmlns='http://schemas.microsoft.com/win/2004/08/events/event'><System><Provider Name='Microsoft-Windows-Sysmon' Guid='{5770385f-c22a-43e0-bf4c-06f5698ffbd9}'/><EventID>1</EventID><Version>5</Version><Level>4</Level><Task>1</Task><Opcode>0</Opcode><Keywords>0x8000000000000000</Keywords><TimeCreated SystemTime='2025-12-16T18:50:36.9627956Z'/><EventRecordID>29806701</EventRecordID><Correlation/><Execution ProcessID='5512' ThreadID='7132'/><Channel>Microsoft-Windows-Sysmon/Operational</Channel><Computer>DESKTOP-TVP7N18</Computer><Security UserID='S-1-5-18'/></System><EventData><Data Name='RuleName'>-</Data><Data Name='UtcTime'>2025-12-16 18:50:36.961</Data><Data Name='ProcessGuid'>{67c6cbf5-a9fc-6941-5231-000000003c00}</Data><Data Name='ProcessId'>9452</Data><Data Name='Image'>D:\Git\Git\cmd\git.exe</Data><Data Name='FileVersion'>2.50.0.windows.1</Data><Data Name='Description'>Git for Windows</Data><Data Name='Product'>Git</Data><Data Name='Company'>The Git Development Community</Data><Data Name='OriginalFileName'>git.exe</Data><Data Name='CommandLine'>git add . --ignore-errors</Data><Data Name='CurrentDirectory'>c:\Users\User\AppData\Roaming\Code\User\globalStorage\saoudrizwan.claude-dev\checkpoints\1344957576\</Data><Data Name='User'>DESKTOP-TVP7N18\User</Data><Data Name='LogonGuid'>{67c6cbf5-9df4-6941-3f9d-030000000000}</Data><Data Name='LogonId'>0x39d3f</Data><Data Name='TerminalSessionId'>1</Data><Data Name='IntegrityLevel'>High</Data><Data Name='Hashes'>MD5=72D5DD969D5E0812D4F779923751F4FF,SHA256=E1E5F04E40A003B28B1E79659FABF3FD04DC4D8FDC7221D3495DFE51F861C75E,IMPHASH=10D716A849443DCD821CE3C4C8CBA197</Data><Data Name='ParentProcessGuid'>{67c6cbf5-9f3d-6941-1404-000000003c00}</Data><Data Name='ParentProcessId'>20272</Data><Data Name='ParentImage'>D:\Microsoft VS Code\Code.exe</Data><Data Name='ParentCommandLine'>"D:\Microsoft VS Code\Code.exe" --type=utility --utility-sub-type=node.mojom.NodeService --lang=zh-CN --service-sandbox-type=none --no-sandbox --dns-result-order=ipv4first --experimental-network-inspection --inspect-port=0 --video-capture-use-gpu-memory-buffer --user-data-dir="C:\Users\User\AppData\Roaming\Code" --standard-schemes=vscode-webview,vscode-file --secure-schemes=vscode-webview,vscode-file --cors-schemes=vscode-webview,vscode-file --fetch-schemes=vscode-webview,vscode-file --service-worker-schemes=vscode-webview --code-cache-schemes=vscode-webview,vscode-file --field-trial-handle=1760,i,1018579588423067860,1407623836582838396,262144 --enable-features=DocumentPolicyIncludeJSCallStacksInCrashReports,EarlyEstablishGpuChannel,EnableTransparentHwndEnlargement,EstablishGpuChannelAsync --disable-features=CalculateNativeWinOcclusion,LocalNetworkAccessChecks,ScreenAIOCREnabled,SpareRendererForSitePerProcess,TraceSiteInstanceGetProcessCreation --variations-seed-version --trace-process-track-uuid=3190708993808206286 --mojo-platform-channel-handle=3720 /prefetch:14</Data><Data Name='ParentUser'>DESKTOP-TVP7N18\User</Data></EventData></Event>
<Event xmlns='http://schemas.microsoft.com/win/2004/08/events/event'><System><Provider Name='Microsoft-Windows-Sysmon' Guid='{5770385f-c22a-43e0-bf4c-06f5698ffbd9}'/><EventID>1</EventID><Version>5</Version><Level>4</Level><Task>1</Task><Opcode>0</Opcode><Keywords>0x8000000000000000</Keywords><TimeCreated SystemTime='2025-12-16T18:50:36.9294429Z'/><EventRecordID>29806700</EventRecordID><Correlation/><Execution ProcessID='5512' ThreadID='7132'/><Channel>Microsoft-Windows-Sysmon/Operational</Channel><Computer>DESKTOP-TVP7N18</Computer><Security UserID='S-1-5-18'/></System><EventData><Data Name='RuleName'>-</Data><Data Name='UtcTime'>2025-12-16 18:50:36.926</Data><Data Name='ProcessGuid'>{67c6cbf5-a9fc-6941-5031-000000003c00}</Data><Data Name='ProcessId'>12252</Data><Data Name='Image'>C:\Windows\System32\WindowsPowerShell\v1.0\powershell.exe</Data><Data Name='FileVersion'>10.0.26100.5074 (WinBuild.160101.0800)</Data><Data Name='Description'>Windows PowerShell</Data><Data Name='Product'>Microsoft® Windows® Operating System</Data><Data Name='Company'>Microsoft Corporation</Data><Data Name='OriginalFileName'>PowerShell.EXE</Data><Data Name='CommandLine'>powershell -NoProfile -Command [System.Environment]::GetFolderPath([System.Environment+SpecialFolder]::MyDocuments)</Data><Data Name='CurrentDirectory'>D:\Microsoft VS Code\</Data><Data Name='User'>DESKTOP-TVP7N18\User</Data><Data Name='LogonGuid'>{67c6cbf5-9df4-6941-3f9d-030000000000}</Data><Data Name='LogonId'>0x39d3f</Data><Data Name='TerminalSessionId'>1</Data><Data Name='IntegrityLevel'>High</Data><Data Name='Hashes'>MD5=A97E6573B97B44C96122BFA543A82EA1,SHA256=0FF6F2C94BC7E2833A5F7E16DE1622E5DBA70396F31C7D5F56381870317E8C46,IMPHASH=AFACF6DC9041114B198160AAB4D0AE77</Data><Data Name='ParentProcessGuid'>{67c6cbf5-9f3d-6941-1404-000000003c00}</Data><Data Name='ParentProcessId'>20272</Data><Data Name='ParentImage'>D:\Microsoft VS Code\Code.exe</Data><Data Name='ParentCommandLine'>"D:\Microsoft VS Code\Code.exe" --type=utility --utility-sub-type=node.mojom.NodeService --lang=zh-CN --service-sandbox-type=none --no-sandbox --dns-result-order=ipv4first --experimental-network-inspection --inspect-port=0 --video-capture-use-gpu-memory-buffer --user-data-dir="C:\Users\User\AppData\Roaming\Code" --standard-schemes=vscode-webview,vscode-file --secure-schemes=vscode-webview,vscode-file --cors-schemes=vscode-webview,vscode-file --fetch-schemes=vscode-webview,vscode-file --service-worker-schemes=vscode-webview --code-cache-schemes=vscode-webview,vscode-file --field-trial-handle=1760,i,1018579588423067860,1407623836582838396,262144 --enable-features=DocumentPolicyIncludeJSCallStacksInCrashReports,EarlyEstablishGpuChannel,EnableTransparentHwndEnlargement,EstablishGpuChannelAsync --disable-features=CalculateNativeWinOcclusion,LocalNetworkAccessChecks,ScreenAIOCREnabled,SpareRendererForSitePerProcess,TraceSiteInstanceGetProcessCreation --variations-seed-version --trace-process-track-uuid=3190708993808206286 --mojo-platform-channel-handle=3720 /prefetch:14</Data><Data Name='ParentUser'>DESKTOP-TVP7N18\User</Data></EventData></Event>
<Event xmlns='http://schemas.microsoft.com/win/2004/08/events/event'><System><Provider Name='Microsoft-Windows-Sysmon' Guid='{5770385f-c22a-43e0-bf4c-06f5698ffbd9}'/><EventID>11</EventID><Version>2</Version><Level>4</Level><Task>11</Task><Opcode>0</Opcode><Keywords>0x8000000000000000</Keywords><TimeCreated SystemTime='2025-12-16T18:50:33.8698392Z'/><EventRecordID>29806699</EventRecordID><Correlation/><Execution ProcessID='5512' ThreadID='7132'/><Channel>Microsoft-Windows-Sysmon/Operational</Channel><Computer>DESKTOP-TVP7N18</Computer><Security UserID='S-1-5-18'/></System><EventData><Data Name='RuleName'>-</Data><Data Name='UtcTime'>2025-12-16 18:50:33.869</Data><Data Name='ProcessGuid'>{67c6cbf5-a9f9-6941-4f31-000000003c00}</Data><Data Name='ProcessId'>7904</Data><Data Name='Image'>C:\Windows\System32\WindowsPowerShell\v1.0\powershell.exe</Data><Data Name='TargetFilename'>C:\Users\User\AppData\Local\Temp\__PSScriptPolicyTest_zdqqt1r4.l3q.ps1</Data><Data Name='CreationUtcTime'>2025-12-16 18:50:33.869</Data><Data Name='User'>DESKTOP-TVP7N18\User</Data></EventData></Event>
<Event xmlns='http://schemas.microsoft.com/win/2004/08/events/event'><System><Provider Name='Microsoft-Windows-Sysmon' Guid='{5770385f-c22a-43e0-bf4c-06f5698ffbd9}'/><EventID>1</EventID><Version>5</Version><Level>4</Level><Task>1</Task><Opcode>0</Opcode><Keywords>0x8000000000000000</Keywords><TimeCreated SystemTime='2025-12-16T18:50:33.8415826Z'/><EventRecordID>29806698</EventRecordID><Correlation/><Execution ProcessID='5512' ThreadID='7132'/><Channel>Microsoft-Windows-Sysmon/Operational</Channel><Computer>DESKTOP-TVP7N18</Computer><Security UserID='S-1-5-18'/></System><EventData><Data Name='RuleName'>-</Data><Data Name='UtcTime'>2025-12-16 18:50:33.838</Data><Data Name='ProcessGuid'>{67c6cbf5-a9f9-6941-4f31-000000003c00}</Data><Data Name='ProcessId'>7904</Data><Data Name='Image'>C:\Windows\System32\WindowsPowerShell\v1.0\powershell.exe</Data><Data Name='FileVersion'>10.0.26100.5074 (WinBuild.160101.0800)</Data><Data Name='Description'>Windows PowerShell</Data><Data Name='Product'>Microsoft® Windows® Operating System</Data><Data Name='Company'>Microsoft Corporation</Data><Data Name='OriginalFileName'>PowerShell.EXE</Data><Data Name='CommandLine'>powershell  -Command "Get-NetTCPConnection | Where-Object { $_.RemoteAddress -eq '221.194.131.179' }"</Data><Data Name='CurrentDirectory'>D:\MCPSecTrace\</Data><Data Name='User'>DESKTOP-TVP7N18\User</Data><Data Name='LogonGuid'>{67c6cbf5-9df4-6941-3f9d-030000000000}</Data><Data Name='LogonId'>0x39d3f</Data><Data Name='TerminalSessionId'>1</Data><Data Name='IntegrityLevel'>High</Data><Data Name='Hashes'>MD5=A97E6573B97B44C96122BFA543A82EA1,SHA256=0FF6F2C94BC7E2833A5F7E16DE1622E5DBA70396F31C7D5F56381870317E8C46,IMPHASH=AFACF6DC9041114B198160AAB4D0AE77</Data><Data Name='ParentProcessGuid'>{67c6cbf5-a9f5-6941-4431-000000003c00}</Data><Data Name='ParentProcessId'>19140</Data><Data Name='ParentImage'>C:\Windows\System32\cmd.exe</Data><Data Name='ParentCommandLine'>C:\Windows\System32\cmd.exe</Data><Data Name='ParentUser'>DESKTOP-TVP7N18\User</Data></EventData></Event>
<Event xmlns='http://schemas.microsoft.com/win/2004/08/events/event'><System><Provider Name='Microsoft-Windows-Sysmon' Guid='{5770385f-c22a-43e0-bf4c-06f5698ffbd9}'/><EventID>1</EventID><Version>5</Version><Level>4</Level><Task>1</Task><Opcode>0</Opcode><Keywords>0x8000000000000000</Keywords><TimeCreated SystemTime='2025-12-16T18:50:30.3794429Z'/><EventRecordID>29806697</EventRecordID><Correlation/><Execution ProcessID='5512' ThreadID='7132'/><Channel>Microsoft-Windows-Sysmon/Operational</Channel><Computer>DESKTOP-TVP7N18</Computer><Security UserID='S-1-5-18'/></System><EventData><Data Name='RuleName'>-</Data><Data Name='UtcTime'>2025-12-16 18:50:30.378</Data><Data Name='ProcessGuid'>{67c6cbf5-a9f6-6941-4c31-000000003c00}</Data><Data Name='ProcessId'>17472</Data><Data Name='Image'>C:\Windows\SysWOW64\CheckNetIsolation.exe</Data><Data Name='FileVersion'>10.0.26100.1882 (WinBuild.160101.0800)</Data><Data Name='Description'>AppContainer Network Isolation Diagnostic Tool</Data><Data Name='Product'>Microsoft® Windows® Operating System</Data><Data Name='Company'>Microsoft Corporation</Data><Data Name='OriginalFileName'>CheckNetIsolation.exe</Data><Data Name='CommandLine'>CheckNetIsolation.exe LoopbackExempt -a -n="Microsoft.Windows.Spartan_cw5n1h2txyewy"</Data><Data Name='CurrentDirectory'>C:\WINDOWS\system32\</Data><Data Name='User'>NT AUTHORITY\SYSTEM</Data><Data Name='LogonGuid'>{67c6cbf5-9df3-6941-e703-000000000000}</Data><Data Name='LogonId'>0x3e7</Data><Data Name='TerminalSessionId'>0</Data><Data Name='IntegrityLevel'>System</Data><Data Name='Hashes'>MD5=2AFD61BAB705AB20C67A5812747C6F5E,SHA256=FC923DE253D6952F9EBE0EB86BF14FF5A5781C880A243C67760418A8E37E1AB0,IMPHASH=68A876096D29AB35CC11C71C16B35D0E</Data><Data Name='ParentProcessGuid'>{67c6cbf5-a9f6-6941-4a31-000000003c00}</Data><Data Name='ParentProcessId'>12460</Data><Data Name='ParentImage'>C:\Program Files (x86)\Sangfor\SSL\ECAgent\ECAgent.exe</Data><Data Name='ParentCommandLine'>"C:\Program Files (x86)\Sangfor\SSL\ECAgent\ECAgent.exe" --import-sys --enable-loopback</Data><Data Name='ParentUser'>NT AUTHORITY\SYSTEM</Data></EventData></Event>
<Event xmlns='http://schemas.microsoft.com/win/2004/08/events/event'><System><Provider Name='Microsoft-Windows-Sysmon' Guid='{5770385f-c22a-43e0-bf4c-06f5698ffbd9}'/><EventID>1</EventID><Version>5</Version><Level>4</Level><Task>1</Task><Opcode>0</Opcode><Keywords>0x8000000000000000</Keywords><TimeCreated SystemTime='2025-12-16T18:50:30.3734203Z'/><EventRecordID>29806696</EventRecordID><Correlation/><Execution ProcessID='5512' ThreadID='7132'/><Channel>Microsoft-Windows-Sysmon/Operational</Channel><Computer>DESKTOP-TVP7N18</Computer><Security UserID='S-1-5-18'/></System><EventData><Data Name='RuleName'>-</Data><Data Name='UtcTime'>2025-12-16 18:50:30.371</Data><Data Name='ProcessGuid'>{67c6cbf5-a9f6-6941-4b31-000000003c00}</Data><Data Name='ProcessId'>8608</Data><Data Name='Image'>C:\Windows\SysWOW64\CheckNetIsolation.exe</Data><Data Name='FileVersion'>10.0.26100.1882 (WinBuild.160101.0800)</Data><Data Name='Description'>AppContainer Network Isolation Diagnostic Tool</Data><Data Name='Product'>Microsoft® Windows® Operating System</Data><Data Name='Company'>Microsoft Corporation</Data><Data Name='OriginalFileName'>CheckNetIsolation.exe</Data><Data Name='CommandLine'>CheckNetIsolation.exe LoopbackExempt -a -n="Microsoft.MicrosoftEdge_8wekyb3d8bbwe"</Data><Data Name='CurrentDirectory'>C:\WINDOWS\system32\</Data><Data Name='User'>NT AUTHORITY\SYSTEM</Data><Data Name='LogonGuid'>{67c6cbf5-9df3-6941-e703-000000000000}</Data><Data Name='LogonId'>0x3e7</Data><Data Name='TerminalSessionId'>0</Data><Data Name='IntegrityLevel'>System</Data><Data Name='Hashes'>MD5=2AFD61BAB705AB20C67A5812747C6F5E,SHA256=FC923DE253D6952F9EBE0EB86BF14FF5A5781C880A243C67760418A8E37E1AB0,IMPHASH=68A876096D29AB35CC11C71C16B35D0E</Data><Data Name='ParentProcessGuid'>{67c6cbf5-a9f6-6941-4a31-000000003c00}</Data><Data Name='ParentProcessId'>12460</Data><Data Name='ParentImage'>C:\Program Files (x86)\Sangfor\SSL\ECAgent\ECAgent.exe</Data><Data Name='ParentCommandLine'>"C:\Program Files (x86)\Sangfor\SSL\ECAgent\ECAgent.exe" --import-sys --enable-loopback</Data><Data Name='ParentUser'>NT AUTHORITY\SYSTEM</Data></EventData></Event>
<Event xmlns='http://schemas.microsoft.com/win/2004/08/events/event'><System><Provider Name='Microsoft-Windows-Sysmon' Guid='{5770385f-c22a-43e0-bf4c-06f5698ffbd9}'/><EventID>1</EventID><Version>5</Version><Level>4</Level><Task>1</Task><Opcode>0</Opcode><Keywords>0x8000000000000000</Keywords><TimeCreated SystemTime='2025-12-16T18:50:30.3345819Z'/><EventRecordID>29806695</EventRecordID><Correlation/><Execution ProcessID='5512' ThreadID='7132'/><Channel>Microsoft-Windows-Sysmon/Operational</Channel><Computer>DESKTOP-TVP7N18</Computer><Security UserID='S-1-5-18'/></System><EventData><Data Name='RuleName'>-</Data><Data Name='UtcTime'>2025-12-16 18:50:30.326</Data><Data Name='ProcessGuid'>{67c6cbf5-a9f6-6941-4a31-000000003c00}</Data><Data Name='ProcessId'>12460</Data><Data Name='Image'>C:\Program Files (x86)\Sangfor\SSL\ECAgent\ECAgent.exe</Data><Data Name='FileVersion'>7.6.7.201</Data><Data Name='Description'>Agent for EasyConnect</Data><Data Name='Product'>ECAgent</Data><Data Name='Company'>Sangfor Technologies Inc.</Data><Data Name='OriginalFileName'>ECAgent.exe</Data><Data Name='CommandLine'>"C:\Program Files (x86)\Sangfor\SSL\ECAgent\ECAgent.exe" --import-sys --enable-loopback</Data><Data Name='CurrentDirectory'>C:\WINDOWS\system32\</Data><Data Name='User'>NT AUTHORITY\SYSTEM</Data><Data Name='LogonGuid'>{67c6cbf5-9df3-6941-e703-000000000000}</Data><Data Name='LogonId'>0x3e7</Data><Data Name='TerminalSessionId'>0</Data><Data Name='IntegrityLevel'>System</Data><Data Name='Hashes'>MD5=1CC0F751A7CFA2A3E0DB16F888F4B137,SHA256=C1ED4A515F21E2F2653D78C7DC6314C1C96EBE7F7AF0E3853E4F1A88A9552F15,IMPHASH=E7026603648A42654A201B60FBC06147</Data><Data Name='ParentProcessGuid'>{67c6cbf5-9df4-6941-6800-000000003c00}</Data><Data Name='ParentProcessId'>5692</Data><Data Name='ParentImage'>C:\Program Files (x86)\Sangfor\SSL\Promote\SangforPromoteService.exe</Data><Data Name='ParentCommandLine'>"C:\Program Files (x86)\Sangfor\SSL\Promote\SangforPromoteService.exe"</Data><Data Name='ParentUser'>NT AUTHORITY\SYSTEM</Data></EventData></Event>
<Event xmlns='http://schemas.microsoft.com/win/2004/08/events/event'><System><Provider Name='Microsoft-Windows-Sysmon' Guid='{5770385f-c22a-43e0-bf4c-06f5698ffbd9}'/><EventID>1</EventID><Version>5</Version><Level>4</Level><Task>1</Task><Opcode>0</Opcode><Keywords>0x8000000000000000</Keywords><TimeCreated SystemTime='2025-12-16T18:50:30.3039838Z'/><EventRecordID>29806694</EventRecordID><Correlation/><Execution ProcessID='5512' ThreadID='7132'/><Channel>Microsoft-Windows-Sysmon/Operational</Channel><Computer>DESKTOP-TVP7N18</Computer><Security UserID='S-1-5-18'/></System><EventData><Data Name='RuleName'>-</Data><Data Name='UtcTime'>2025-12-16 18:50:30.292</Data><Data Name='ProcessGuid'>{67c6cbf5-a9f6-6941-4931-000000003c00}</Data><Data Name='ProcessId'>16864</Data><Data Name='Image'>C:\Program Files (x86)\Sangfor\SSL\ECAgent\ECAgent.exe</Data><Data Name='FileVersion'>7.6.7.201</Data><Data Name='Description'>Agent for EasyConnect</Data><Data Name='Product'>ECAgent</Data><Data Name='Company'>Sangfor Technologies Inc.</Data><Data Name='OriginalFileName'>ECAgent.exe</Data><Data Name='CommandLine'>"C:\Program Files (x86)\Sangfor\SSL\ECAgent\ECAgent.exe" --import-nss --enable-ie-loopback</Data><Data Name='CurrentDirectory'>C:\WINDOWS\system32\</Data><Data Name='User'>DESKTOP-TVP7N18\User</Data><Data Name='LogonGuid'>{67c6cbf5-9df4-6941-549e-030000000000}</Data><Data Name='LogonId'>0x39e54</Data><Data Name='TerminalSessionId'>1</Data><Data Name='IntegrityLevel'>Medium</Data><Data Name='Hashes'>MD5=1CC0F751A7CFA2A3E0DB16F888F4B137,SHA256=C1ED4A515F21E2F2653D78C7DC6314C1C96EBE7F7AF0E3853E4F1A88A9552F15,IMPHASH=E7026603648A42654A201B60FBC06147</Data><Data Name='ParentProcessGuid'>{67c6cbf5-9df4-6941-6800-000000003c00}</Data><Data Name='ParentProcessId'>5692</Data><Data Name='ParentImage'>C:\Program Files (x86)\Sangfor\SSL\Promote\SangforPromoteService.exe</Data><Data Name='ParentCommandLine'>"C:\Program Files (x86)\Sangfor\SSL\Promote\SangforPromoteService.exe"</Data><Data Name='ParentUser'>NT AUTHORITY\SYSTEM</Data></EventData></Event>
<Event xmlns='http://schemas.microsoft.com/win/2004/08/events/event'><System><Provider Name='Microsoft-Windows-Sysmon' Guid='{5770385f-c22a-43e0-bf4c-06f5698ffbd9}'/><EventID>1</EventID><Version>5</Version><Level>4</Level><Task>1</Task><Opcode>0</Opcode><Keywords>0x8000000000000000</Keywords><TimeCreated SystemTime='2025-12-16T18:50:29.9294635Z'/><EventRecordID>29806693</EventRecordID><Correlation/><Execution ProcessID='5512' ThreadID='7132'/><Channel>Microsoft-Windows-Sysmon/Operational</Channel><Computer>DESKTOP-TVP7N18</Computer><Security UserID='S-1-5-18'/></System><EventData><Data Name='RuleName'>-</Data><Data Name='UtcTime'>2025-12-16 18:50:29.927</Data><Data Name='ProcessGuid'>{67c6cbf5-a9f5-6941-4831-000000003c00}</Data><Data Name='ProcessId'>20812</Data><Data Name='Image'>C:\Windows\System32\chcp.com</Data><Data Name='FileVersion'>10.0.26100.1 (WinBuild.160101.0800)</Data><Data Name='Description'>Change CodePage Utility</Data><Data Name='Product'>Microsoft® Windows® Operating System</Data><Data Name='Company'>Microsoft Corporation</Data><Data Name='OriginalFileName'>CHCP.COM</Data><Data Name='CommandLine'>"C:\WINDOWS\System32\chcp.com"   936 </Data><Data Name='CurrentDirectory'>D:\MCPSecTrace\</Data><Data Name='User'>DESKTOP-TVP7N18\User</Data><Data Name='LogonGuid'>{67c6cbf5-9df4-6941-3f9d-030000000000}</Data><Data Name='LogonId'>0x39d3f</Data><Data Name='TerminalSessionId'>1</Data><Data Name='IntegrityLevel'>High</Data><Data Name='Hashes'>MD5=0F493FBD2CEAB5F745722D528AB5F37B,SHA256=8D75E783F327F899A42927FC2927F0E3D1EC62C4CA1DC88DE04DD67DE9AE555D,IMPHASH=C93AF07577A42F365DB1BEDE9A35D5AC</Data><Data Name='ParentProcessGuid'>{67c6cbf5-a9f5-6941-4431-000000003c00}</Data><Data Name='ParentProcessId'>19140</Data><Data Name='ParentImage'>C:\Windows\System32\cmd.exe</Data><Data Name='ParentCommandLine'>C:\Windows\System32\cmd.exe</Data><Data Name='ParentUser'>DESKTOP-TVP7N18\User</Data></EventData></Event>
<Event xmlns='http://schemas.microsoft.com/win/2004/08/events/event'><System><Provider Name='Microsoft-Windows-Sysmon' Guid='{5770385f-c22a-43e0-bf4c-06f5698ffbd9}'/><EventID>1</EventID><Version>5</Version><Level>4</Level><Task>1</Task><Opcode>0</Opcode><Keywords>0x8000000000000000</Keywords><TimeCreated SystemTime='2025-12-16T18:50:29.9223749Z'/><EventRecordID>29806692</EventRecordID><Correlation/><Execution ProcessID='5512' ThreadID='7132'/><Channel>Microsoft-Windows-Sysmon/Operational</Channel><Computer>DESKTOP-TVP7N18</Computer><Security UserID='S-1-5-18'/></System><EventData><Data Name='RuleName'>-</Data><Data Name='UtcTime'>2025-12-16 18:50:29.921</Data><Data Name='ProcessGuid'>{67c6cbf5-a9f5-6941-4731-000000003c00}</Data><Data Name='ProcessId'>13120</Data><Data Name='Image'>C:\Windows\System32\chcp.com</Data><Data Name='FileVersion'>10.0.26100.1 (WinBuild.160101.0800)</Data><Data Name='Description'>Change CodePage Utility</Data><Data Name='Product'>Microsoft® Windows® Operating System</Data><Data Name='Company'>Microsoft Corporation</Data><Data Name='OriginalFileName'>CHCP.COM</Data><Data Name='CommandLine'>"C:\WINDOWS\System32\chcp.com"  65001 </Data><Data Name='CurrentDirectory'>D:\MCPSecTrace\</Data><Data Name='User'>DESKTOP-TVP7N18\User</Data><Data Name='LogonGuid'>{67c6cbf5-9df4-6941-3f9d-030000000000}</Data><Data Name='LogonId'>0x39d3f</Data><Data Name='TerminalSessionId'>1</Data><Data Name='IntegrityLevel'>High</Data><Data Name='Hashes'>MD5=0F493FBD2CEAB5F745722D528AB5F37B,SHA256=8D75E783F327F899A42927FC2927F0E3D1EC62C4CA1DC88DE04DD67DE9AE555D,IMPHASH=C93AF07577A42F365DB1BEDE9A35D5AC</Data><Data Name='ParentProcessGuid'>{67c6cbf5-a9f5-6941-4431-000000003c00}</Data><Data Name='ParentProcessId'>19140</Data><Data Name='ParentImage'>C:\Windows\System32\cmd.exe</Data><Data Name='ParentCommandLine'>C:\Windows\System32\cmd.exe</Data><Data Name='ParentUser'>DESKTOP-TVP7N18\User</Data></EventData></Event>
<Event xmlns='http://schemas.microsoft.com/win/2004/08/events/event'><System><Provider Name='Microsoft-Windows-Sysmon' Guid='{5770385f-c22a-43e0-bf4c-06f5698ffbd9}'/><EventID>1</EventID><Version>5</Version><Level>4</Level><Task>1</Task><Opcode>0</Opcode><Keywords>0x8000000000000000</Keywords><TimeCreated SystemTime='2025-12-16T18:50:29.9155580Z'/><EventRecordID>29806691</EventRecordID><Correlation/><Execution ProcessID='5512' ThreadID='7132'/><Channel>Microsoft-Windows-Sysmon/Operational</Channel><Computer>DESKTOP-TVP7N18</Computer><Security UserID='S-1-5-18'/></System><EventData><Data Name='RuleName'>-</Data><Data Name='UtcTime'>2025-12-16 18:50:29.914</Data><Data Name='ProcessGuid'>{67c6cbf5-a9f5-6941-4631-000000003c00}</Data><Data Name='ProcessId'>10272</Data><Data Name='Image'>C:\Windows\System32\chcp.com</Data><Data Name='FileVersion'>10.0.26100.1 (WinBuild.160101.0800)</Data><Data Name='Description'>Change CodePage Utility</Data><Data Name='Product'>Microsoft® Windows® Operating System</Data><Data Name='Company'>Microsoft Corporation</Data><Data Name='OriginalFileName'>CHCP.COM</Data><Data Name='CommandLine'>C:\WINDOWS\System32\chcp.com</Data><Data Name='CurrentDirectory'>D:\MCPSecTrace\</Data><Data Name='User'>DESKTOP-TVP7N18\User</Data><Data Name='LogonGuid'>{67c6cbf5-9df4-6941-3f9d-030000000000}</Data><Data Name='LogonId'>0x39d3f</Data><Data Name='TerminalSessionId'>1</Data><Data Name='IntegrityLevel'>High</Data><Data Name='Hashes'>MD5=0F493FBD2CEAB5F745722D528AB5F37B,SHA256=8D75E783F327F899A42927FC2927F0E3D1EC62C4CA1DC88DE04DD67DE9AE555D,IMPHASH=C93AF07577A42F365DB1BEDE9A35D5AC</Data><Data Name='ParentProcessGuid'>{67c6cbf5-a9f5-6941-4531-000000003c00}</Data><Data Name='ParentProcessId'>19516</Data><Data Name='ParentImage'>C:\Windows\System32\cmd.exe</Data><Data Name='ParentCommandLine'>C:\WINDOWS\system32\cmd.exe /c "C:\WINDOWS\System32\chcp.com"</Data><Data Name='ParentUser'>DESKTOP-TVP7N18\User</Data></EventData></Event>
<Event xmlns='http://schemas.microsoft.com/win/2004/08/events/event'><System><Provider Name='Microsoft-Windows-Sysmon' Guid='{5770385f-c22a-43e0-bf4c-06f5698ffbd9}'/><EventID>1</EventID><Version>5</Version><Level>4</Level><Task>1</Task><Opcode>0</Opcode><Keywords>0x8000000000000000</Keywords><TimeCreated SystemTime='2025-12-16T18:50:29.9100077Z'/><EventRecordID>29806690</EventRecordID><Correlation/><Execution ProcessID='5512' ThreadID='7132'/><Channel>Microsoft-Windows-Sysmon/Operational</Channel><Computer>DESKTOP-TVP7N18</Computer><Security UserID='S-1-5-18'/></System><EventData><Data Name='RuleName'>-</Data><Data Name='UtcTime'>2025-12-16 18:50:29.907</Data><Data Name='ProcessGuid'>{67c6cbf5-a9f5-6941-4531-000000003c00}</Data><Data Name='ProcessId'>19516</Data><Data Name='Image'>C:\Windows\System32\cmd.exe</Data><Data Name='FileVersion'>10.0.26100.7309 (WinBuild.160101.0800)</Data><Data Name='Description'>Windows Command Processor</Data><Data Name='Product'>Microsoft® Windows® Operating System</Data><Data Name='Company'>Microsoft Corporation</Data><Data Name='OriginalFileName'>Cmd.Exe</Data><Data Name='CommandLine'>C:\WINDOWS\system32\cmd.exe /c "C:\WINDOWS\System32\chcp.com"</Data><Data Name='CurrentDirectory'>D:\MCPSecTrace\</Data><Data Name='User'>DESKTOP-TVP7N18\User</Data><Data Name='LogonGuid'>{67c6cbf5-9df4-6941-3f9d-030000000000}</Data><Data Name='LogonId'>0x39d3f</Data><Data Name='TerminalSessionId'>1</Data><Data Name='IntegrityLevel'>High</Data><Data Name='Hashes'>MD5=6D109A3A00F210C1AB89C3B08399ED48,SHA256=64AFC6DB3AAD1289533662E2D79E27DD55C7DCDB8CD918B08E145AD82AD5ACB4,IMPHASH=B0F049C014592B156EB1FA857E99CEB9</Data><Data Name='ParentProcessGuid'>{67c6cbf5-a9f5-6941-4431-000000003c00}</Data><Data Name='ParentProcessId'>19140</Data><Data Name='ParentImage'>C:\Windows\System32\cmd.exe</Data><Data Name='ParentCommandLine'>C:\Windows\System32\cmd.exe</Data><Data Name='ParentUser'>DESKTOP-TVP7N18\User</Data></EventData></Event>
<Event xmlns='http://schemas.microsoft.com/win/2004/08/events/event'><System><Provider Name='Microsoft-Windows-Sysmon' Guid='{5770385f-c22a-43e0-bf4c-06f5698ffbd9}'/><EventID>1</EventID><Version>5</Version><Level>4</Level><Task>1</Task><Opcode>0</Opcode><Keywords>0x8000000000000000</Keywords><TimeCreated SystemTime='2025-12-16T18:50:29.8922565Z'/><EventRecordID>29806689</EventRecordID><Correlation/><Execution ProcessID='5512' ThreadID='7132'/><Channel>Microsoft-Windows-Sysmon/Operational</Channel><Computer>DESKTOP-TVP7N18</Computer><Security UserID='S-1-5-18'/></System><EventData><Data Name='RuleName'>-</Data><Data Name='UtcTime'>2025-12-16 18:50:29.889</Data><Data Name='ProcessGuid'>{67c6cbf5-a9f5-6941-4431-000000003c00}</Data><Data Name='ProcessId'>19140</Data><Data Name='Image'>C:\Windows\System32\cmd.exe</Data><Data Name='FileVersion'>10.0.26100.7309 (WinBuild.160101.0800)</Data><Data Name='Description'>Windows Command Processor</Data><Data Name='Product'>Microsoft® Windows® Operating System</Data><Data Name='Company'>Microsoft Corporation</Data><Data Name='OriginalFileName'>Cmd.Exe</Data><Data Name='CommandLine'>C:\Windows\System32\cmd.exe</Data><Data Name='CurrentDirectory'>D:\MCPSecTrace\</Data><Data Name='User'>DESKTOP-TVP7N18\User</Data><Data Name='LogonGuid'>{67c6cbf5-9df4-6941-3f9d-030000000000}</Data><Data Name='LogonId'>0x39d3f</Data><Data Name='TerminalSessionId'>1</Data><Data Name='IntegrityLevel'>High</Data><Data Name='Hashes'>MD5=6D109A3A00F210C1AB89C3B08399ED48,SHA256=64AFC6DB3AAD1289533662E2D79E27DD55C7DCDB8CD918B08E145AD82AD5ACB4,IMPHASH=B0F049C014592B156EB1FA857E99CEB9</Data><Data Name='ParentProcessGuid'>{67c6cbf5-9f3d-6941-1204-000000003c00}</Data><Data Name='ParentProcessId'>18816</Data><Data Name='ParentImage'>D:\Microsoft VS Code\Code.exe</Data><Data Name='ParentCommandLine'>"D:\Microsoft VS Code\Code.exe" --type=utility --utility-sub-type=node.mojom.NodeService --lang=zh-CN --service-sandbox-type=none --no-sandbox --video-capture-use-gpu-memory-buffer --user-data-dir="C:\Users\User\AppData\Roaming\Code" --standard-schemes=vscode-webview,vscode-file --secure-schemes=vscode-webview,vscode-file --cors-schemes=vscode-webview,vscode-file --fetch-schemes=vscode-webview,vscode-file --service-worker-schemes=vscode-webview --code-cache-schemes=vscode-webview,vscode-file --field-trial-handle=1760,i,1018579588423067860,1407623836582838396,262144 --enable-features=DocumentPolicyIncludeJSCallStacksInCrashReports,EarlyEstablishGpuChannel,EnableTransparentHwndEnlargement,EstablishGpuChannelAsync --disable-features=CalculateNativeWinOcclusion,LocalNetworkAccessChecks,ScreenAIOCREnabled,SpareRendererForSitePerProcess,TraceSiteInstanceGetProcessCreation --variations-seed-version --trace-process-track-uuid=3190708992871164437 --mojo-platform-channel-handle=3300 /prefetch:14</Data><Data Name='ParentUser'>DESKTOP-TVP7N18\User</Data></EventData></Event>
<Event xmlns='http://schemas.microsoft.com/win/2004/08/events/event'><System><Provider Name='Microsoft-Windows-Sysmon' Guid='{5770385f-c22a-43e0-bf4c-06f5698ffbd9}'/><EventID>1</EventID><Version>5</Version><Level>4</Level><Task>1</Task><Opcode>0</Opcode><Keywords>0x8000000000000000</Keywords><TimeCreated SystemTime='2025-12-16T18:50:29.8686340Z'/><EventRecordID>29806688</EventRecordID><Correlation/><Execution ProcessID='5512' ThreadID='7132'/><Channel>Microsoft-Windows-Sysmon/Operational</Channel><Computer>DESKTOP-TVP7N18</Computer><Security UserID='S-1-5-18'/></System><EventData><Data Name='RuleName'>-</Data><Data Name='UtcTime'>2025-12-16 18:50:29.866</Data><Data Name='ProcessGuid'>{67c6cbf5-a9f5-6941-4331-000000003c00}</Data><Data Name='ProcessId'>22232</Data><Data Name='Image'>C:\Windows\System32\wsl.exe</Data><Data Name='FileVersion'>10.0.26100.7309 (WinBuild.160101.0800)</Data><Data Name='Description'>Windows Subsystem for Linux</Data><Data Name='Product'>Microsoft® Windows® Operating System</Data><Data Name='Company'>Microsoft Corporation</Data><Data Name='OriginalFileName'>wsl.exe</Data><Data Name='CommandLine'>wsl.exe  -l -q</Data><Data Name='CurrentDirectory'>D:\Microsoft VS Code\</Data><Data Name='User'>DESKTOP-TVP7N18\User</Data><Data Name='LogonGuid'>{67c6cbf5-9df4-6941-3f9d-030000000000}</Data><Data Name='LogonId'>0x39d3f</Data><Data Name='TerminalSessionId'>1</Data><Data Name='IntegrityLevel'>High</Data><Data Name='Hashes'>MD5=BA09DFE3A79D4B7F8621BB767861424E,SHA256=8797FF87FB1AE27F6BBBFF141434A404EC2F9F11021444FA0547FC48151D6702,IMPHASH=73B53B13256BFA149D3F5F2B4E21E138</Data><Data Name='ParentProcessGuid'>{67c6cbf5-a9f5-6941-4131-000000003c00}</Data><Data Name='ParentProcessId'>22096</Data><Data Name='ParentImage'>C:\Windows\System32\cmd.exe</Data><Data Name='ParentCommandLine'>C:\WINDOWS\system32\cmd.exe /d /s /c "wsl.exe -l -q"</Data><Data Name='ParentUser'>DESKTOP-TVP7N18\User</Data></EventData></Event>
<Event xmlns='http://schemas.microsoft.com/win/2004/08/events/event'><System><Provider Name='Microsoft-Windows-Sysmon' Guid='{5770385f-c22a-43e0-bf4c-06f5698ffbd9}'/><EventID>1</EventID><Version>5</Version><Level>4</Level><Task>1</Task><Opcode>0</Opcode><Keywords>0x8000000000000000</Keywords><TimeCreated SystemTime='2025-12-16T18:50:29.8513842Z'/><EventRecordID>29806687</EventRecordID><Correlation/><Execution ProcessID='5512' ThreadID='7132'/><Channel>Microsoft-Windows-Sysmon/Operational</Channel><Computer>DESKTOP-TVP7N18</Computer><Security UserID='S-1-5-18'/></System><EventData><Data Name='RuleName'>-</Data><Data Name='UtcTime'>2025-12-16 18:50:29.848</Data><Data Name='ProcessGuid'>{67c6cbf5-a9f5-6941-4131-000000003c00}</Data><Data Name='ProcessId'>22096</Data><Data Name='Image'>C:\Windows\System32\cmd.exe</Data><Data Name='FileVersion'>10.0.26100.7309 (WinBuild.160101.0800)</Data><Data Name='Description'>Windows Command Processor</Data><Data Name='Product'>Microsoft® Windows® Operating System</Data><Data Name='Company'>Microsoft Corporation</Data><Data Name='OriginalFileName'>Cmd.Exe</Data><Data Name='CommandLine'>C:\WINDOWS\system32\cmd.exe /d /s /c "wsl.exe -l -q"</Data><Data Name='CurrentDirectory'>D:\Microsoft VS Code\</Data><Data Name='User'>DESKTOP-TVP7N18\User</Data><Data Name='LogonGuid'>{67c6cbf5-9df4-6941-3f9d-030000000000}</Data><Data Name='LogonId'>0x39d3f</Data><Data Name='TerminalSessionId'>1</Data><Data Name='IntegrityLevel'>High</Data><Data Name='Hashes'>MD5=6D109A3A00F210C1AB89C3B08399ED48,SHA256=64AFC6DB3AAD1289533662E2D79E27DD55C7DCDB8CD918B08E145AD82AD5ACB4,IMPHASH=B0F049C014592B156EB1FA857E99CEB9</Data><Data Name='ParentProcessGuid'>{67c6cbf5-9f3c-6941-0604-000000003c00}</Data><Data Name='ParentProcessId'>18120</Data><Data Name='ParentImage'>D:\Microsoft VS Code\Code.exe</Data><Data Name='ParentCommandLine'>"D:\Microsoft VS Code\Code.exe" --no-sandbox</Data><Data Name='ParentUser'>DESKTOP-TVP7N18\User</Data></EventData></Event>
<Event xmlns='http://schemas.microsoft.com/win/2004/08/events/event'><System><Provider Name='Microsoft-Windows-Sysmon' Guid='{5770385f-c22a-43e0-bf4c-06f5698ffbd9}'/><EventID>1</EventID><Version>5</Version><Level>4</Level><Task>1</Task><Opcode>0</Opcode><Keywords>0x8000000000000000</Keywords><TimeCreated SystemTime='2025-12-16T18:50:23.1449868Z'/><EventRecordID>29806686</EventRecordID><Correlation/><Execution ProcessID='5512' ThreadID='7132'/><Channel>Microsoft-Windows-Sysmon/Operational</Channel><Computer>DESKTOP-TVP7N18</Computer><Security UserID='S-1-5-18'/></System><EventData><Data Name='RuleName'>-</Data><Data Name='UtcTime'>2025-12-16 18:50:23.142</Data><Data Name='ProcessGuid'>{67c6cbf5-a9ef-6941-3e31-000000003c00}</Data><Data Name='ProcessId'>12308</Data><Data Name='Image'>C:\Windows\System32\wbem\WMIC.exe</Data><Data Name='FileVersion'>10.0.26100.5074 (WinBuild.160101.0800)</Data><Data Name='Description'>WMI Commandline Utility</Data><Data Name='Product'>Microsoft® Windows® Operating System</Data><Data Name='Company'>Microsoft Corporation</Data><Data Name='OriginalFileName'>wmic.exe</Data><Data Name='CommandLine'>wmic os get Caption</Data><Data Name='CurrentDirectory'>D:\Microsoft VS Code\</Data><Data Name='User'>DESKTOP-TVP7N18\User</Data><Data Name='LogonGuid'>{67c6cbf5-9df4-6941-3f9d-030000000000}</Data><Data Name='LogonId'>0x39d3f</Data><Data Name='TerminalSessionId'>1</Data><Data Name='IntegrityLevel'>High</Data><Data Name='Hashes'>MD5=2E51DA7B69836CFEBCB3F9AA47C08266,SHA256=7C7F386BB7C70263FD835DC58791B6DD73FC6617C27751B5503DBA8D0CDDA690,IMPHASH=43C6BE584D77B658A53A9A5C606724DD</Data><Data Name='ParentProcessGuid'>{67c6cbf5-9f3d-6941-1404-000000003c00}</Data><Data Name='ParentProcessId'>20272</Data><Data Name='ParentImage'>D:\Microsoft VS Code\Code.exe</Data><Data Name='ParentCommandLine'>"D:\Microsoft VS Code\Code.exe" --type=utility --utility-sub-type=node.mojom.NodeService --lang=zh-CN --service-sandbox-type=none --no-sandbox --dns-result-order=ipv4first --experimental-network-inspection --inspect-port=0 --video-capture-use-gpu-memory-buffer --user-data-dir="C:\Users\User\AppData\Roaming\Code" --standard-schemes=vscode-webview,vscode-file --secure-schemes=vscode-webview,vscode-file --cors-schemes=vscode-webview,vscode-file --fetch-schemes=vscode-webview,vscode-file --service-worker-schemes=vscode-webview --code-cache-schemes=vscode-webview,vscode-file --field-trial-handle=1760,i,1018579588423067860,1407623836582838396,262144 --enable-features=DocumentPolicyIncludeJSCallStacksInCrashReports,EarlyEstablishGpuChannel,EnableTransparentHwndEnlargement,EstablishGpuChannelAsync --disable-features=CalculateNativeWinOcclusion,LocalNetworkAccessChecks,ScreenAIOCREnabled,SpareRendererForSitePerProcess,TraceSiteInstanceGetProcessCreation --variations-seed-version --trace-process-track-uuid=3190708993808206286 --mojo-platform-channel-handle=3720 /prefetch:14</Data><Data Name='ParentUser'>DESKTOP-TVP7N18\User</Data></EventData></Event>
<Event xmlns='http://schemas.microsoft.com/win/2004/08/events/event'><System><Provider Name='Microsoft-Windows-Sysmon' Guid='{5770385f-c22a-43e0-bf4c-06f5698ffbd9}'/><EventID>1</EventID><Version>5</Version><Level>4</Level><Task>1</Task><Opcode>0</Opcode><Keywords>0x8000000000000000</Keywords><TimeCreated SystemTime='2025-12-16T18:50:23.0797784Z'/><EventRecordID>29806685</EventRecordID><Correlation/><Execution ProcessID='5512' ThreadID='7132'/><Channel>Microsoft-Windows-Sysmon/Operational</Channel><Computer>DESKTOP-TVP7N18</Computer><Security UserID='S-1-5-18'/></System><EventData><Data Name='RuleName'>-</Data><Data Name='UtcTime'>2025-12-16 18:50:23.068</Data><Data Name='ProcessGuid'>{67c6cbf5-a9ef-6941-3d31-000000003c00}</Data><Data Name='ProcessId'>16824</Data><Data Name='Image'>D:\Git\Git\mingw64\libexec\git-core\git.exe</Data><Data Name='FileVersion'>2.50.0.windows.1</Data><Data Name='Description'>Git for Windows</Data><Data Name='Product'>Git</Data><Data Name='Company'>The Git Development Community</Data><Data Name='OriginalFileName'>git.exe</Data><Data Name='CommandLine'>git maintenance run --auto --no-quiet --detach</Data><Data Name='CurrentDirectory'>D:\MCPSecTrace\</Data><Data Name='User'>DESKTOP-TVP7N18\User</Data><Data Name='LogonGuid'>{67c6cbf5-9df4-6941-3f9d-030000000000}</Data><Data Name='LogonId'>0x39d3f</Data><Data Name='TerminalSessionId'>1</Data><Data Name='IntegrityLevel'>High</Data><Data Name='Hashes'>MD5=48750D8CEFD683FF97E70603097B79F2,SHA256=1F2EE2DE971B6D0A7A13F053014998B66C22DF47F30F1907A767346392EB8D78,IMPHASH=BA786B4B77B388CC6698F98951D469C8</Data><Data Name='ParentProcessGuid'>{67c6cbf5-a9ef-6941-3a31-000000003c00}</Data><Data Name='ParentProcessId'>20596</Data><Data Name='ParentImage'>D:\Git\Git\mingw64\bin\git.exe</Data><Data Name='ParentCommandLine'>git.exe -c core.abbrev=40 commit -m checkpoint-1344957576-1765910779246 --allow-empty --no-verify</Data><Data Name='ParentUser'>DESKTOP-TVP7N18\User</Data></EventData></Event>
