<Event xmlns='http://schemas.microsoft.com/win/2004/08/events/event'><System><Provider Name='Microsoft-Windows-Sysmon' Guid='{5770385f-c22a-43e0-bf4c-06f5698ffbd9}'/><EventID>11</EventID><Version>2</Version><Level>4</Level><Task>11</Task><Opcode>0</Opcode><Keywords>0x8000000000000000</Keywords><TimeCreated SystemTime='2025-12-16T18:50:23.0784402Z'/><EventRecordID>29806684</EventRecordID><Correlation/><Execution ProcessID='5512' ThreadID='7132'/><Channel>Microsoft-Windows-Sysmon/Operational</Channel><Computer>DESKTOP-TVP7N18</Computer><Security UserID='S-1-5-18'/></System><EventData><Data Name='RuleName'>-</Data><Data Name='UtcTime'>2025-12-16 18:50:23.077</Data><Data Name='ProcessGuid'>{67c6cbf5-a9ef-6941-3b31-000000003c00}</Data><Data Name='ProcessId'>12704</Data><Data Name='Image'>C:\Windows\System32\WindowsPowerShell\v1.0\powershell.exe</Data><Data Name='TargetFilename'>C:\Users\User\AppData\Local\Temp\__PSScriptPolicyTest_44w1yf0e.rpq.ps1</Data><Data Name='CreationUtcTime'>2025-12-16 18:50:23.077</Data><Data Name='User'>DESKTOP-TVP7N18\User</Data></EventData></Event>
<Event xmlns='http://schemas.microsoft.com/win/2004/08/events/event'><System><Provider Name='Microsoft-Windows-Sysmon' Guid='{5770385f-c22a-43e0-bf4c-06f5698ffbd9}'/><EventID>1</EventID><Version>5</Version><Level>4</Level><Task>1</Task><Opcode>0</Opcode><Keywords>0x8000000000000000</Keywords><TimeCreated SystemTime='2025-12-16T18:50:23.0424395Z'/><EventRecordID>29806683</EventRecordID><Correlation/><Execution ProcessID='5512' ThreadID='7132'/><Channel>Microsoft-Windows-Sysmon/Operational</Channel><Computer>DESKTOP-TVP7N18</Computer><Security UserID='S-1-5-18'/></System><EventData><Data Name='RuleName'>-</Data><Data Name='UtcTime'>2025-12-16 18:50:23.040</Data><Data Name='ProcessGuid'>{67c6cbf5-a9ef-6941-3b31-000000003c00}</Data><Data Name='ProcessId'>12704</Data><Data Name='Image'>C:\Windows\System32\WindowsPowerShell\v1.0\powershell.exe</Data><Data Name='FileVersion'>10.0.26100.5074 (WinBuild.160101.0800)</Data><Data Name='Description'>Windows PowerShell</Data><Data Name='Product'>Microsoft® Windows® Operating System</Data><Data Name='Company'>Microsoft Corporation</Data><Data Name='OriginalFileName'>PowerShell.EXE</Data><Data Name='CommandLine'>powershell -NoProfile -Command [System.Environment]::GetFolderPath([System.Environment+SpecialFolder]::MyDocuments)</Data><Data Name='CurrentDirectory'>D:\Microsoft VS Code\</Data><Data Name='User'>DESKTOP-TVP7N18\User</Data><Data Name='LogonGuid'>{67c6cbf5-9df4-6941-3f9d-030000000000}</Data><Data Name='LogonId'>0x39d3f</Data><Data Name='TerminalSessionId'>1</Data><Data Name='IntegrityLevel'>High</Data><Data Name='Hashes'>MD5=A97E6573B97B44C96122BFA543A82EA1,SHA256=0FF6F2C94BC7E2833A5F7E16DE1622E5DBA70396F31C7D5F56381870317E8C46,IMPHASH=AFACF6DC9041114B198160AAB4D0AE77</Data><Data Name='ParentProcessGuid'>{67c6cbf5-9f3d-6941-1404-000000003c00}</Data><Data Name='ParentProcessId'>20272</Data><Data Name='ParentImage'>D:\Microsoft VS Code\Code.exe</Data><Data Name='ParentCommandLine'>"D:\Microsoft VS Code\Code.exe" --type=utility --utility-sub-type=node.mojom.NodeService --lang=zh-CN --service-sandbox-type=none --no-sandbox --dns-result-order=ipv4first --experimental-network-inspection --inspect-port=0 --video-capture-use-gpu-memory-buffer --user-data-dir="C:\Users\User\AppData\Roaming\Code" --standard-schemes=vscode-webview,vscode-file --secure-schemes=vscode-webview,vscode-file --cors-schemes=vscode-webview,vscode-file --fetch-schemes=vscode-webview,vscode-file --service-worker-schemes=vscode-webview --code-cache-schemes=vscode-webview,vscode-file --field-trial-handle=1760,i,1018579588423067860,1407623836582838396,262144 --enable-features=DocumentPolicyIncludeJSCallStacksInCrashReports,EarlyEstablishGpuChannel,EnableTransparentHwndEnlargement,EstablishGpuChannelAsync --disable-features=CalculateNativeWinOcclusion,LocalNetworkAccessChecks,ScreenAIOCREnabled,SpareRendererForSitePerProcess,TraceSiteInstanceGetProcessCreation --variations-seed-version --trace-process-track-uuid=3190708993808206286 --mojo-platform-channel-handle=3720 /prefetch:14</Data><Data Name='ParentUser'>DESKTOP-TVP7N18\User</Data></EventData></Event>
<Event xmlns='http://schemas.microsoft.com/win/2004/08/events/event'><System><Provider Name='Microsoft-Windows-Sysmon' Guid='{5770385f-c22a-43e0-bf4c-06f5698ffbd9}'/><EventID>1</EventID><Version>5</Version><Level>4</Level><Task>1</Task><Opcode>0</Opcode><Keywords>0x8000000000000000</Keywords><TimeCreated SystemTime='2025-12-16T18:50:23.0294966Z'/><EventRecordID>29806682</EventRecordID><Correlation/><Execution ProcessID='5512' ThreadID='7132'/><Channel>Microsoft-Windows-Sysmon/Operational</Channel><Computer>DESKTOP-TVP7N18</Computer><Security UserID='S-1-5-18'/></System><EventData><Data Name='RuleName'>-</Data><Data Name='UtcTime'>2025-12-16 18:50:23.018</Data><Data Name='ProcessGuid'>{67c6cbf5-a9ef-6941-3a31-000000003c00}</Data><Data Name='ProcessId'>20596</Data><Data Name='Image'>D:\Git\Git\mingw64\bin\git.exe</Data><Data Name='FileVersion'>2.50.0.windows.1</Data><Data Name='Description'>Git for Windows</Data><Data Name='Product'>Git</Data><Data Name='Company'>The Git Development Community</Data><Data Name='OriginalFileName'>git.exe</Data><Data Name='CommandLine'>git.exe -c core.abbrev=40 commit -m checkpoint-1344957576-1765910779246 --allow-empty --no-verify</Data><Data Name='CurrentDirectory'>c:\Users\User\AppData\Roaming\Code\User\globalStorage\saoudrizwan.claude-dev\checkpoints\1344957576\</Data><Data Name='User'>DESKTOP-TVP7N18\User</Data><Data Name='LogonGuid'>{67c6cbf5-9df4-6941-3f9d-030000000000}</Data><Data Name='LogonId'>0x39d3f</Data><Data Name='TerminalSessionId'>1</Data><Data Name='IntegrityLevel'>High</Data><Data Name='Hashes'>MD5=48750D8CEFD683FF97E70603097B79F2,SHA256=1F2EE2DE971B6D0A7A13F053014998B66C22DF47F30F1907A767346392EB8D78,IMPHASH=BA786B4B77B388CC6698F98951D469C8</Data><Data Name='ParentProcessGuid'>{67c6cbf5-a9ef-6941-3831-000000003c00}</Data><Data Name='ParentProcessId'>1608</Data><Data Name='ParentImage'>D:\Git\Git\cmd\git.exe</Data><Data Name='ParentCommandLine'>git -c core.abbrev=40 commit -m checkpoint-1344957576-1765910779246 --allow-empty --no-verify</Data><Data Name='ParentUser'>DESKTOP-TVP7N18\User</Data></EventData></Event>
<Event xmlns='http://schemas.microsoft.com/win/2004/08/events/event'><System><Provider Name='Microsoft-Windows-Sysmon' Guid='{5770385f-c22a-43e0-bf4c-06f5698ffbd9}'/><EventID>1</EventID><Version>5</Version><Level>4</Level><Task>1</Task><Opcode>0</Opcode><Keywords>0x8000000000000000</Keywords><TimeCreated SystemTime='2025-12-16T18:50:23.0031675Z'/><EventRecordID>29806681</EventRecordID><Correlation/><Execution ProcessID='5512' ThreadID='7132'/><Channel>Microsoft-Windows-Sysmon/Operational</Channel><Computer>DESKTOP-TVP7N18</Computer><Security UserID='S-1-5-18'/></System><EventData><Data Name='RuleName'>-</Data><Data Name='UtcTime'>2025-12-16 18:50:23.002</Data><Data Name='ProcessGuid'>{67c6cbf5-a9ef-6941-3831-000000003c00}</Data><Data Name='ProcessId'>1608</Data><Data Name='Image'>D:\Git\Git\cmd\git.exe</Data><Data Name='FileVersion'>2.50.0.windows.1</Data><Data Name='Description'>Git for Windows</Data><Data Name='Product'>Git</Data><Data Name='Company'>The Git Development Community</Data><Data Name='OriginalFileName'>git.exe</Data><Data Name='CommandLine'>git -c core.abbrev=40 commit -m checkpoint-1344957576-1765910779246 --allow-empty --no-verify</Data><Data Name='CurrentDirectory'>c:\Users\User\AppData\Roaming\Code\User\globalStorage\saoudrizwan.claude-dev\checkpoints\1344957576\</Data><Data Name='User'>DESKTOP-TVP7N18\User</Data><Data Name='LogonGuid'>{67c6cbf5-9df4-6941-3f9d-030000000000}</Data><Data Name='LogonId'>0x39d3f</Data><Data Name='TerminalSessionId'>1</Data><Data Name='IntegrityLevel'>High</Data><Data Name='Hashes'>MD5=72D5DD969D5E0812D4F779923751F4FF,SHA256=E1E5F04E40A003B28B1E79659FABF3FD04DC4D8FDC7221D3495DFE51F861C75E,IMPHASH=10D716A849443DCD821CE3C4C8CBA197</Data><Data Name='ParentProcessGuid'>{67c6cbf5-9f3d-6941-1404-000000003c00}</Data><Data Name='ParentProcessId'>20272</Data><Data Name='ParentImage'>D:\Microsoft VS Code\Code.exe</Data><Data Name='ParentCommandLine'>"D:\Microsoft VS Code\Code.exe" --type=utility --utility-sub-type=node.mojom.NodeService --lang=zh-CN --service-sandbox-type=none --no-sandbox --dns-result-order=ipv4first --experimental-network-inspection --inspect-port=0 --video-capture-use-gpu-memory-buffer --user-data-dir="C:\Users\User\AppData\Roaming\Code" --standard-schemes=vscode-webview,vscode-file --secure-schemes=vscode-webview,vscode-file --cors-schemes=vscode-webview,vscode-file --fetch-schemes=vscode-webview,vscode-file --service-worker-schemes=vscode-webview --code-cache-schemes=vscode-webview,vscode-file --field-trial-handle=1760,i,1018579588423067860,1407623836582838396,262144 --enable-features=DocumentPolicyIncludeJSCallStacksInCrashReports,EarlyEstablishGpuChannel,EnableTransparentHwndEnlargement,EstablishGpuChannelAsync --disable-features=CalculateNativeWinOcclusion,LocalNetworkAccessChecks,ScreenAIOCREnabled,SpareRendererForSitePerProcess,TraceSiteInstanceGetProcessCreation --variations-seed-version --trace-process-track-uuid=3190708993808206286 --mojo-platform-channel-handle=3720 /prefetch:14</Data><Data Name='ParentUser'>DESKTOP-TVP7N18\User</Data></EventData></Event>
<Event xmlns='http://schemas.microsoft.com/win/2004/08/events/event'><System><Provider Name='Microsoft-Windows-Sysmon' Guid='{5770385f-c22a-43e0-bf4c-06f5698ffbd9}'/><EventID>11</EventID><Version>2</Version><Level>4</Level><Task>11</Task><Opcode>0</Opcode><Keywords>0x8000000000000000</Keywords><TimeCreated SystemTime='2025-12-16T18:50:22.9800606Z'/><EventRecordID>29806680</EventRecordID><Correlation/><Execution ProcessID='5512' ThreadID='7132'/><Channel>Microsoft-Windows-Sysmon/Operational</Channel><Computer>DESKTOP-TVP7N18</Computer><Security UserID='S-1-5-18'/></System><EventData><Data Name='RuleName'>-</Data><Data Name='UtcTime'>2025-12-16 18:50:22.979</Data><Data Name='ProcessGuid'>{67c6cbf5-a9ee-6941-3631-000000003c00}</Data><Data Name='ProcessId'>22340</Data><Data Name='Image'>C:\Windows\System32\WindowsPowerShell\v1.0\powershell.exe</Data><Data Name='TargetFilename'>C:\Users\User\AppData\Local\Temp\__PSScriptPolicyTest_c1djtm5y.pmt.ps1</Data><Data Name='CreationUtcTime'>2025-12-16 18:50:22.979</Data><Data Name='User'>DESKTOP-TVP7N18\User</Data></EventData></Event>
<Event xmlns='http://schemas.microsoft.com/win/2004/08/events/event'><System><Provider Name='Microsoft-Windows-Sysmon' Guid='{5770385f-c22a-43e0-bf4c-06f5698ffbd9}'/><EventID>1</EventID><Version>5</Version><Level>4</Level><Task>1</Task><Opcode>0</Opcode><Keywords>0x8000000000000000</Keywords><TimeCreated SystemTime='2025-12-16T18:50:22.9411963Z'/><EventRecordID>29806679</EventRecordID><Correlation/><Execution ProcessID='5512' ThreadID='7132'/><Channel>Microsoft-Windows-Sysmon/Operational</Channel><Computer>DESKTOP-TVP7N18</Computer><Security UserID='S-1-5-18'/></System><EventData><Data Name='RuleName'>-</Data><Data Name='UtcTime'>2025-12-16 18:50:22.938</Data><Data Name='ProcessGuid'>{67c6cbf5-a9ee-6941-3631-000000003c00}</Data><Data Name='ProcessId'>22340</Data><Data Name='Image'>C:\Windows\System32\WindowsPowerShell\v1.0\powershell.exe</Data><Data Name='FileVersion'>10.0.26100.5074 (WinBuild.160101.0800)</Data><Data Name='Description'>Windows PowerShell</Data><Data Name='Product'>Microsoft® Windows® Operating System</Data><Data Name='Company'>Microsoft Corporation</Data><Data Name='OriginalFileName'>PowerShell.EXE</Data><Data Name='CommandLine'>powershell -NoProfile -Command [System.Environment]::GetFolderPath([System.Environment+SpecialFolder]::MyDocuments)</Data><Data Name='CurrentDirectory'>D:\Microsoft VS Code\</Data><Data Name='User'>DESKTOP-TVP7N18\User</Data><Data Name='LogonGuid'>{67c6cbf5-9df4-6941-3f9d-030000000000}</Data><Data Name='LogonId'>0x39d3f</Data><Data Name='TerminalSessionId'>1</Data><Data Name='IntegrityLevel'>High</Data><Data Name='Hashes'>MD5=A97E6573B97B44C96122BFA543A82EA1,SHA256=0FF6F2C94BC7E2833A5F7E16DE1622E5DBA70396F31C7D5F56381870317E8C46,IMPHASH=AFACF6DC9041114B198160AAB4D0AE77</Data><Data Name='ParentProcessGuid'>{67c6cbf5-9f3d-6941-1404-000000003c00}</Data><Data Name='ParentProcessId'>20272</Data><Data Name='ParentImage'>D:\Microsoft VS Code\Code.exe</Data><Data Name='ParentCommandLine'>"D:\Microsoft VS Code\Code.exe" --type=utility --utility-sub-type=node.mojom.NodeService --lang=zh-CN --service-sandbox-type=none --no-sandbox --dns-result-order=ipv4first --experimental-network-inspection --inspect-port=0 --video-capture-use-gpu-memory-buffer --user-data-dir="C:\Users\User\AppData\Roaming\Code" --standard-schemes=vscode-webview,vscode-file --secure-schemes=vscode-webview,vscode-file --cors-schemes=vscode-webview,vscode-file --fetch-schemes=vscode-webview,vscode-file --service-worker-schemes=vscode-webview --code-cache-schemes=vscode-webview,vscode-file --field-trial-handle=1760,i,1018579588423067860,1407623836582838396,262144 --enable-features=DocumentPolicyIncludeJSCallStacksInCrashReports,EarlyEstablishGpuChannel,EnableTransparentHwndEnlargement,EstablishGpuChannelAsync --disable-features=CalculateNativeWinOcclusion,LocalNetworkAccessChecks,ScreenAIOCREnabled,SpareRendererForSitePerProcess,TraceSiteInstanceGetProcessCreation --variations-seed-version --trace-process-track-uuid=3190708993808206286 --mojo-platform-channel-handle=3720 /prefetch:14</Data><Data Name='ParentUser'>DESKTOP-TVP7N18\User</Data></EventData></Event>
<Event xmlns='http://schemas.microsoft.com/win/2004/08/events/event'><System><Provider Name='Microsoft-Windows-Sysmon' Guid='{5770385f-c22a-43e0-bf4c-06f5698ffbd9}'/><EventID>1</EventID><Version>5</Version><Level>4</Level><Task>1</Task><Opcode>0</Opcode><Keywords>0x8000000000000000</Keywords><TimeCreated SystemTime='2025-12-16T18:50:22.8878622Z'/><EventRecordID>29806678</EventRecordID><Correlation/><Execution ProcessID='5512' ThreadID='7132'/><Channel>Microsoft-Windows-Sysmon/Operational</Channel><Computer>DESKTOP-TVP7N18</Computer><Security UserID='S-1-5-18'/></System><EventData><Data Name='RuleName'>-</Data><Data Name='UtcTime'>2025-12-16 18:50:22.877</Data><Data Name='ProcessGuid'>{67c6cbf5-a9ee-6941-3531-000000003c00}</Data><Data Name='ProcessId'>19392</Data><Data Name='Image'>D:\Git\Git\mingw64\bin\git.exe</Data><Data Name='FileVersion'>2.50.0.windows.1</Data><Data Name='Description'>Git for Windows</Data><Data Name='Product'>Git</Data><Data Name='Company'>The Git Development Community</Data><Data Name='OriginalFileName'>git.exe</Data><Data Name='CommandLine'>git.exe add . --ignore-errors</Data><Data Name='CurrentDirectory'>c:\Users\User\AppData\Roaming\Code\User\globalStorage\saoudrizwan.claude-dev\checkpoints\1344957576\</Data><Data Name='User'>DESKTOP-TVP7N18\User</Data><Data Name='LogonGuid'>{67c6cbf5-9df4-6941-3f9d-030000000000}</Data><Data Name='LogonId'>0x39d3f</Data><Data Name='TerminalSessionId'>1</Data><Data Name='IntegrityLevel'>High</Data><Data Name='Hashes'>MD5=48750D8CEFD683FF97E70603097B79F2,SHA256=1F2EE2DE971B6D0A7A13F053014998B66C22DF47F30F1907A767346392EB8D78,IMPHASH=BA786B4B77B388CC6698F98951D469C8</Data><Data Name='ParentProcessGuid'>{67c6cbf5-a9ee-6941-3331-000000003c00}</Data><Data Name='ParentProcessId'>4228</Data><Data Name='ParentImage'>D:\Git\Git\cmd\git.exe</Data><Data Name='ParentCommandLine'>git add . --ignore-errors</Data><Data Name='ParentUser'>DESKTOP-TVP7N18\User</Data></EventData></Event>
<Event xmlns='http://schemas.microsoft.com/win/2004/08/events/event'><System><Provider Name='Microsoft-Windows-Sysmon' Guid='{5770385f-c22a-43e0-bf4c-06f5698ffbd9}'/><EventID>11</EventID><Version>2</Version><Level>4</Level><Task>11</Task><Opcode>0</Opcode><Keywords>0x8000000000000000</Keywords><TimeCreated SystemTime='2025-12-16T18:50:22.8658528Z'/><EventRecordID>29806677</EventRecordID><Correlation/><Execution ProcessID='5512' ThreadID='7132'/><Channel>Microsoft-Windows-Sysmon/Operational</Channel><Computer>DESKTOP-TVP7N18</Computer><Security UserID='S-1-5-18'/></System><EventData><Data Name='RuleName'>-</Data><Data Name='UtcTime'>2025-12-16 18:50:22.865</Data><Data Name='ProcessGuid'>{67c6cbf5-a9ee-6941-3131-000000003c00}</Data><Data Name='ProcessId'>19672</Data><Data Name='Image'>C:\Windows\System32\WindowsPowerShell\v1.0\powershell.exe</Data><Data Name='TargetFilename'>C:\Users\User\AppData\Local\Temp\__PSScriptPolicyTest_ygpipzqc.jva.ps1</Data><Data Name='CreationUtcTime'>2025-12-16 18:50:22.865</Data><Data Name='User'>DESKTOP-TVP7N18\User</Data></EventData></Event>
<Event xmlns='http://schemas.microsoft.com/win/2004/08/events/event'><System><Provider Name='Microsoft-Windows-Sysmon' Guid='{5770385f-c22a-43e0-bf4c-06f5698ffbd9}'/><EventID>1</EventID><Version>5</Version><Level>4</Level><Task>1</Task><Opcode>0</Opcode><Keywords>0x8000000000000000</Keywords><TimeCreated SystemTime='2025-12-16T18:50:22.8630025Z'/><EventRecordID>29806676</EventRecordID><Correlation/><Execution ProcessID='5512' ThreadID='7132'/><Channel>Microsoft-Windows-Sysmon/Operational</Channel><Computer>DESKTOP-TVP7N18</Computer><Security UserID='S-1-5-18'/></System><EventData><Data Name='RuleName'>-</Data><Data Name='UtcTime'>2025-12-16 18:50:22.861</Data><Data Name='ProcessGuid'>{67c6cbf5-a9ee-6941-3331-000000003c00}</Data><Data Name='ProcessId'>4228</Data><Data Name='Image'>D:\Git\Git\cmd\git.exe</Data><Data Name='FileVersion'>2.50.0.windows.1</Data><Data Name='Description'>Git for Windows</Data><Data Name='Product'>Git</Data><Data Name='Company'>The Git Development Community</Data><Data Name='OriginalFileName'>git.exe</Data><Data Name='CommandLine'>git add . --ignore-errors</Data><Data Name='CurrentDirectory'>c:\Users\User\AppData\Roaming\Code\User\globalStorage\saoudrizwan.claude-dev\checkpoints\1344957576\</Data><Data Name='User'>DESKTOP-TVP7N18\User</Data><Data Name='LogonGuid'>{67c6cbf5-9df4-6941-3f9d-030000000000}</Data><Data Name='LogonId'>0x39d3f</Data><Data Name='TerminalSessionId'>1</Data><Data Name='IntegrityLevel'>High</Data><Data Name='Hashes'>MD5=72D5DD969D5E0812D4F779923751F4FF,SHA256=E1E5F04E40A003B28B1E79659FABF3FD04DC4D8FDC7221D3495DFE51F861C75E,IMPHASH=10D716A849443DCD821CE3C4C8CBA197</Data><Data Name='ParentProcessGuid'>{67c6cbf5-9f3d-6941-1404-000000003c00}</Data><Data Name='ParentProcessId'>20272</Data><Data Name='ParentImage'>D:\Microsoft VS Code\Code.exe</Data><Data Name='ParentCommandLine'>"D:\Microsoft VS Code\Code.exe" --type=utility --utility-sub-type=node.mojom.NodeService --lang=zh-CN --service-sandbox-type=none --no-sandbox --dns-result-order=ipv4first --experimental-network-inspection --inspect-port=0 --video-capture-use-gpu-memory-buffer --user-data-dir="C:\Users\User\AppData\Roaming\Code" --standard-schemes=vscode-webview,vscode-file --secure-schemes=vscode-webview,vscode-file --cors-schemes=vscode-webview,vscode-file --fetch-schemes=vscode-webview,vscode-file --service-worker-schemes=vscode-webview --code-cache-schemes=vscode-webview,vscode-file --field-trial-handle=1760,i,1018579588423067860,1407623836582838396,262144 --enable-features=DocumentPolicyIncludeJSCallStacksInCrashReports,EarlyEstablishGpuChannel,EnableTransparentHwndEnlargement,EstablishGpuChannelAsync --disable-features=CalculateNativeWinOcclusion,LocalNetworkAccessChecks,ScreenAIOCREnabled,SpareRendererForSitePerProcess,TraceSiteInstanceGetProcessCreation --variations-seed-version --trace-process-track-uuid=3190708993808206286 --mojo-platform-channel-handle=3720 /prefetch:14</Data><Data Name='ParentUser'>DESKTOP-TVP7N18\User</Data></EventData></Event>
<Event xmlns='http://schemas.microsoft.com/win/2004/08/events/event'><System><Provider Name='Microsoft-Windows-Sysmon' Guid='{5770385f-c22a-43e0-bf4c-06f5698ffbd9}'/><EventID>1</EventID><Version>5</Version><Level>4</Level><Task>1</Task><Opcode>0</Opcode><Keywords>0x8000000000000000</Keywords><TimeCreated SystemTime='2025-12-16T18:50:22.8245959Z'/><EventRecordID>29806675</EventRecordID><Correlation/><Execution ProcessID='5512' ThreadID='7132'/><Channel>Microsoft-Windows-Sysmon/Operational</Channel><Computer>DESKTOP-TVP7N18</Computer><Security UserID='S-1-5-18'/></System><EventData><Data Name='RuleName'>-</Data><Data Name='UtcTime'>2025-12-16 18:50:22.822</Data><Data Name='ProcessGuid'>{67c6cbf5-a9ee-6941-3131-000000003c00}</Data><Data Name='ProcessId'>19672</Data><Data Name='Image'>C:\Windows\System32\WindowsPowerShell\v1.0\powershell.exe</Data><Data Name='FileVersion'>10.0.26100.5074 (WinBuild.160101.0800)</Data><Data Name='Description'>Windows PowerShell</Data><Data Name='Product'>Microsoft® Windows® Operating System</Data><Data Name='Company'>Microsoft Corporation</Data><Data Name='OriginalFileName'>PowerShell.EXE</Data><Data Name='CommandLine'>powershell -NoProfile -Command [System.Environment]::GetFolderPath([System.Environment+SpecialFolder]::MyDocuments)</Data><Data Name='CurrentDirectory'>D:\Microsoft VS Code\</Data><Data Name='User'>DESKTOP-TVP7N18\User</Data><Data Name='LogonGuid'>{67c6cbf5-9df4-6941-3f9d-030000000000}</Data><Data Name='LogonId'>0x39d3f</Data><Data Name='TerminalSessionId'>1</Data><Data Name='IntegrityLevel'>High</Data><Data Name='Hashes'>MD5=A97E6573B97B44C96122BFA543A82EA1,SHA256=0FF6F2C94BC7E2833A5F7E16DE1622E5DBA70396F31C7D5F56381870317E8C46,IMPHASH=AFACF6DC9041114B198160AAB4D0AE77</Data><Data Name='ParentProcessGuid'>{67c6cbf5-9f3d-6941-1404-000000003c00}</Data><Data Name='ParentProcessId'>20272</Data><Data Name='ParentImage'>D:\Microsoft VS Code\Code.exe</Data><Data Name='ParentCommandLine'>"D:\Microsoft VS Code\Code.exe" --type=utility --utility-sub-type=node.mojom.NodeService --lang=zh-CN --service-sandbox-type=none --no-sandbox --dns-result-order=ipv4first --experimental-network-inspection --inspect-port=0 --video-capture-use-gpu-memory-buffer --user-data-dir="C:\Users\User\AppData\Roaming\Code" --standard-schemes=vscode-webview,vscode-file --secure-schemes=vscode-webview,vscode-file --cors-schemes=vscode-webview,vscode-file --fetch-schemes=vscode-webview,vscode-file --service-worker-schemes=vscode-webview --code-cache-schemes=vscode-webview,vscode-file --field-trial-handle=1760,i,1018579588423067860,1407623836582838396,262144 --enable-features=DocumentPolicyIncludeJSCallStacksInCrashReports,EarlyEstablishGpuChannel,EnableTransparentHwndEnlargement,EstablishGpuChannelAsync --disable-features=CalculateNativeWinOcclusion,LocalNetworkAccessChecks,ScreenAIOCREnabled,SpareRendererForSitePerProcess,TraceSiteInstanceGetProcessCreation --variations-seed-version --trace-process-track-uuid=3190708993808206286 --mojo-platform-channel-handle=3720 /prefetch:14</Data><Data Name='ParentUser'>DESKTOP-TVP7N18\User</Data></EventData></Event>
<Event xmlns='http://schemas.microsoft.com/win/2004/08/events/event'><System><Provider Name='Microsoft-Windows-Sysmon' Guid='{5770385f-c22a-43e0-bf4c-06f5698ffbd9}'/><EventID>1</EventID><Version>5</Version><Level>4</Level><Task>1</Task><Opcode>0</Opcode><Keywords>0x8000000000000000</Keywords><TimeCreated SystemTime='2025-12-16T18:50:19.7121587Z'/><EventRecordID>29806674</EventRecordID><Correlation/><Execution ProcessID='5512' ThreadID='7132'/><Channel>Microsoft-Windows-Sysmon/Operational</Channel><Computer>DESKTOP-TVP7N18</Computer><Security UserID='S-1-5-18'/></System><EventData><Data Name='RuleName'>-</Data><Data Name='UtcTime'>2025-12-16 18:50:19.710</Data><Data Name='ProcessGuid'>{67c6cbf5-a9eb-6941-3031-000000003c00}</Data><Data Name='ProcessId'>18336</Data><Data Name='Image'>C:\Windows\System32\findstr.exe</Data><Data Name='FileVersion'>10.0.26100.7019 (WinBuild.160101.0800)</Data><Data Name='Description'>Find String (QGREP) Utility</Data><Data Name='Product'>Microsoft® Windows® Operating System</Data><Data Name='Company'>Microsoft Corporation</Data><Data Name='OriginalFileName'>FINDSTR.EXE</Data><Data Name='CommandLine'>findstr  "221.194.131.179"</Data><Data Name='CurrentDirectory'>D:\MCPSecTrace\</Data><Data Name='User'>DESKTOP-TVP7N18\User</Data><Data Name='LogonGuid'>{67c6cbf5-9df4-6941-3f9d-030000000000}</Data><Data Name='LogonId'>0x39d3f</Data><Data Name='TerminalSessionId'>1</Data><Data Name='IntegrityLevel'>High</Data><Data Name='Hashes'>MD5=E9E5AB26797A44DF0045FB3B7FD834DE,SHA256=867816F8A714A87F5F573EBBE3A526931FBE787CC03B4EC7AC8A970C9D8C0264,IMPHASH=FAF6C2ABBD03B51B5852A294EAAFC7CE</Data><Data Name='ParentProcessGuid'>{67c6cbf5-a9e7-6941-2a31-000000003c00}</Data><Data Name='ParentProcessId'>8756</Data><Data Name='ParentImage'>C:\Windows\System32\cmd.exe</Data><Data Name='ParentCommandLine'>C:\Windows\System32\cmd.exe</Data><Data Name='ParentUser'>DESKTOP-TVP7N18\User</Data></EventData></Event>
<Event xmlns='http://schemas.microsoft.com/win/2004/08/events/event'><System><Provider Name='Microsoft-Windows-Sysmon' Guid='{5770385f-c22a-43e0-bf4c-06f5698ffbd9}'/><EventID>1</EventID><Version>5</Version><Level>4</Level><Task>1</Task><Opcode>0</Opcode><Keywords>0x8000000000000000</Keywords><TimeCreated SystemTime='2025-12-16T18:50:19.7080717Z'/><EventRecordID>29806673</EventRecordID><Correlation/><Execution ProcessID='5512' ThreadID='7132'/><Channel>Microsoft-Windows-Sysmon/Operational</Channel><Computer>DESKTOP-TVP7N18</Computer><Security UserID='S-1-5-18'/></System><EventData><Data Name='RuleName'>-</Data><Data Name='UtcTime'>2025-12-16 18:50:19.705</Data><Data Name='ProcessGuid'>{67c6cbf5-a9eb-6941-2f31-000000003c00}</Data><Data Name='ProcessId'>10004</Data><Data Name='Image'>C:\Windows\System32\NETSTAT.EXE</Data><Data Name='FileVersion'>10.0.26100.4768 (WinBuild.160101.0800)</Data><Data Name='Description'>TCP/IP Netstat Command</Data><Data Name='Product'>Microsoft® Windows® Operating System</Data><Data Name='Company'>Microsoft Corporation</Data><Data Name='OriginalFileName'>netstat.exe</Data><Data Name='CommandLine'>netstat  -ano </Data><Data Name='CurrentDirectory'>D:\MCPSecTrace\</Data><Data Name='User'>DESKTOP-TVP7N18\User</Data><Data Name='LogonGuid'>{67c6cbf5-9df4-6941-3f9d-030000000000}</Data><Data Name='LogonId'>0x39d3f</Data><Data Name='TerminalSessionId'>1</Data><Data Name='IntegrityLevel'>High</Data><Data Name='Hashes'>MD5=3EF03622959AC1765819B9087191440C,SHA256=09BCA819AB371A2D4F62CA5114C1335C38FD196AE7956E2FC4D154BBE55C3F4C,IMPHASH=DD7994520D06E69F0EA9CB4B172D7CC1</Data><Data Name='ParentProcessGuid'>{67c6cbf5-a9e7-6941-2a31-000000003c00}</Data><Data Name='ParentProcessId'>8756</Data><Data Name='ParentImage'>C:\Windows\System32\cmd.exe</Data><Data Name='ParentCommandLine'>C:\Windows\System32\cmd.exe</Data><Data Name='ParentUser'>DESKTOP-TVP7N18\User</Data></EventData></Event>
<Event xmlns='http://schemas.microsoft.com/win/2004/08/events/event'><System><Provider Name='Microsoft-Windows-Sysmon' Guid='{5770385f-c22a-43e0-bf4c-06f5698ffbd9}'/><EventID>1</EventID><Version>5</Version><Level>4</Level><Task>1</Task><Opcode>0</Opcode><Keywords>0x8000000000000000</Keywords><TimeCreated SystemTime='2025-12-16T18:50:15.8112009Z'/><EventRecordID>29806672</EventRecordID><Correlation/><Execution ProcessID='5512' ThreadID='7132'/><Channel>Microsoft-Windows-Sysmon/Operational</Channel><Computer>DESKTOP-TVP7N18</Computer><Security UserID='S-1-5-18'/></System><EventData><Data Name='RuleName'>-</Data><Data Name='UtcTime'>2025-12-16 18:50:15.810</Data><Data Name='ProcessGuid'>{67c6cbf5-a9e7-6941-2e31-000000003c00}</Data><Data Name='ProcessId'>3252</Data><Data Name='Image'>C:\Windows\System32\chcp.com</Data><Data Name='FileVersion'>10.0.26100.1 (WinBuild.160101.0800)</Data><Data Name='Description'>Change CodePage Utility</Data><Data Name='Product'>Microsoft® Windows® Operating System</Data><Data Name='Company'>Microsoft Corporation</Data><Data Name='OriginalFileName'>CHCP.COM</Data><Data Name='CommandLine'>"C:\WINDOWS\System32\chcp.com"   936 </Data><Data Name='CurrentDirectory'>D:\MCPSecTrace\</Data><Data Name='User'>DESKTOP-TVP7N18\User</Data><Data Name='LogonGuid'>{67c6cbf5-9df4-6941-3f9d-030000000000}</Data><Data Name='LogonId'>0x39d3f</Data><Data Name='TerminalSessionId'>1</Data><Data Name='IntegrityLevel'>High</Data><Data Name='Hashes'>MD5=0F493FBD2CEAB5F745722D528AB5F37B,SHA256=8D75E783F327F899A42927FC2927F0E3D1EC62C4CA1DC88DE04DD67DE9AE555D,IMPHASH=C93AF07577A42F365DB1BEDE9A35D5AC</Data><Data Name='ParentProcessGuid'>{67c6cbf5-a9e7-6941-2a31-000000003c00}</Data><Data Name='ParentProcessId'>8756</Data><Data Name='ParentImage'>C:\Windows\System32\cmd.exe</Data><Data Name='ParentCommandLine'>C:\Windows\System32\cmd.exe</Data><Data Name='ParentUser'>DESKTOP-TVP7N18\User</Data></EventData></Event>
<Event xmlns='http://schemas.microsoft.com/win/2004/08/events/event'><System><Provider Name='Microsoft-Windows-Sysmon' Guid='{5770385f-c22a-43e0-bf4c-06f5698ffbd9}'/><EventID>1</EventID><Version>5</Version><Level>4</Level><Task>1</Task><Opcode>0</Opcode><Keywords>0x8000000000000000</Keywords><TimeCreated SystemTime='2025-12-16T18:50:15.8031615Z'/><EventRecordID>29806671</EventRecordID><Correlation/><Execution ProcessID='5512' ThreadID='7132'/><Channel>Microsoft-Windows-Sysmon/Operational</Channel><Computer>DESKTOP-TVP7N18</Computer><Security UserID='S-1-5-18'/></System><EventData><Data Name='RuleName'>-</Data><Data Name='UtcTime'>2025-12-16 18:50:15.801</Data><Data Name='ProcessGuid'>{67c6cbf5-a9e7-6941-2d31-000000003c00}</Data><Data Name='ProcessId'>8464</Data><Data Name='Image'>C:\Windows\System32\chcp.com</Data><Data Name='FileVersion'>10.0.26100.1 (WinBuild.160101.0800)</Data><Data Name='Description'>Change CodePage Utility</Data><Data Name='Product'>Microsoft® Windows® Operating System</Data><Data Name='Company'>Microsoft Corporation</Data><Data Name='OriginalFileName'>CHCP.COM</Data><Data Name='CommandLine'>"C:\WINDOWS\System32\chcp.com"  65001 </Data><Data Name='CurrentDirectory'>D:\MCPSecTrace\</Data><Data Name='User'>DESKTOP-TVP7N18\User</Data><Data Name='LogonGuid'>{67c6cbf5-9df4-6941-3f9d-030000000000}</Data><Data Name='LogonId'>0x39d3f</Data><Data Name='TerminalSessionId'>1</Data><Data Name='IntegrityLevel'>High</Data><Data Name='Hashes'>MD5=0F493FBD2CEAB5F745722D528AB5F37B,SHA256=8D75E783F327F899A42927FC2927F0E3D1EC62C4CA1DC88DE04DD67DE9AE555D,IMPHASH=C93AF07577A42F365DB1BEDE9A35D5AC</Data><Data Name='ParentProcessGuid'>{67c6cbf5-a9e7-6941-2a31-000000003c00}</Data><Data Name='ParentProcessId'>8756</Data><Data Name='ParentImage'>C:\Windows\System32\cmd.exe</Data><Data Name='ParentCommandLine'>C:\Windows\System32\cmd.exe</Data><Data Name='ParentUser'>DESKTOP-TVP7N18\User</Data></EventData></Event>
<Event xmlns='http://schemas.microsoft.com/win/2004/08/events/event'><System><Provider Name='Microsoft-Windows-Sysmon' Guid='{5770385f-c22a-43e0-bf4c-06f5698ffbd9}'/><EventID>1</EventID><Version>5</Version><Level>4</Level><Task>1</Task><Opcode>0</Opcode><Keywords>0x8000000000000000</Keywords><TimeCreated SystemTime='2025-12-16T18:50:15.7954006Z'/><EventRecordID>29806670</EventRecordID><Correlation/><Execution ProcessID='5512' ThreadID='7132'/><Channel>Microsoft-Windows-Sysmon/Operational</Channel><Computer>DESKTOP-TVP7N18</Computer><Security UserID='S-1-5-18'/></System><EventData><Data Name='RuleName'>-</Data><Data Name='UtcTime'>2025-12-16 18:50:15.793</Data><Data Name='ProcessGuid'>{67c6cbf5-a9e7-6941-2c31-000000003c00}</Data><Data Name='ProcessId'>7724</Data><Data Name='Image'>C:\Windows\System32\chcp.com</Data><Data Name='FileVersion'>10.0.26100.1 (WinBuild.160101.0800)</Data><Data Name='Description'>Change CodePage Utility</Data><Data Name='Product'>Microsoft® Windows® Operating System</Data><Data Name='Company'>Microsoft Corporation</Data><Data Name='OriginalFileName'>CHCP.COM</Data><Data Name='CommandLine'>C:\WINDOWS\System32\chcp.com</Data><Data Name='CurrentDirectory'>D:\MCPSecTrace\</Data><Data Name='User'>DESKTOP-TVP7N18\User</Data><Data Name='LogonGuid'>{67c6cbf5-9df4-6941-3f9d-030000000000}</Data><Data Name='LogonId'>0x39d3f</Data><Data Name='TerminalSessionId'>1</Data><Data Name='IntegrityLevel'>High</Data><Data Name='Hashes'>MD5=0F493FBD2CEAB5F745722D528AB5F37B,SHA256=8D75E783F327F899A42927FC2927F0E3D1EC62C4CA1DC88DE04DD67DE9AE555D,IMPHASH=C93AF07577A42F365DB1BEDE9A35D5AC</Data><Data Name='ParentProcessGuid'>{67c6cbf5-a9e7-6941-2b31-000000003c00}</Data><Data Name='ParentProcessId'>20600</Data><Data Name='ParentImage'>C:\Windows\System32\cmd.exe</Data><Data Name='ParentCommandLine'>C:\WINDOWS\system32\cmd.exe /c "C:\WINDOWS\System32\chcp.com"</Data><Data Name='ParentUser'>DESKTOP-TVP7N18\User</Data></EventData></Event>
<Event xmlns='http://schemas.microsoft.com/win/2004/08/events/event'><System><Provider Name='Microsoft-Windows-Sysmon' Guid='{5770385f-c22a-43e0-bf4c-06f5698ffbd9}'/><EventID>1</EventID><Version>5</Version><Level>4</Level><Task>1</Task><Opcode>0</Opcode><Keywords>0x8000000000000000</Keywords><TimeCreated SystemTime='2025-12-16T18:50:15.7904443Z'/><EventRecordID>29806669</EventRecordID><Correlation/><Execution ProcessID='5512' ThreadID='7132'/><Channel>Microsoft-Windows-Sysmon/Operational</Channel><Computer>DESKTOP-TVP7N18</Computer><Security UserID='S-1-5-18'/></System><EventData><Data Name='RuleName'>-</Data><Data Name='UtcTime'>2025-12-16 18:50:15.787</Data><Data Name='ProcessGuid'>{67c6cbf5-a9e7-6941-2b31-000000003c00}</Data><Data Name='ProcessId'>20600</Data><Data Name='Image'>C:\Windows\System32\cmd.exe</Data><Data Name='FileVersion'>10.0.26100.7309 (WinBuild.160101.0800)</Data><Data Name='Description'>Windows Command Processor</Data><Data Name='Product'>Microsoft® Windows® Operating System</Data><Data Name='Company'>Microsoft Corporation</Data><Data Name='OriginalFileName'>Cmd.Exe</Data><Data Name='CommandLine'>C:\WINDOWS\system32\cmd.exe /c "C:\WINDOWS\System32\chcp.com"</Data><Data Name='CurrentDirectory'>D:\MCPSecTrace\</Data><Data Name='User'>DESKTOP-TVP7N18\User</Data><Data Name='LogonGuid'>{67c6cbf5-9df4-6941-3f9d-030000000000}</Data><Data Name='LogonId'>0x39d3f</Data><Data Name='TerminalSessionId'>1</Data><Data Name='IntegrityLevel'>High</Data><Data Name='Hashes'>MD5=6D109A3A00F210C1AB89C3B08399ED48,SHA256=64AFC6DB3AAD1289533662E2D79E27DD55C7DCDB8CD918B08E145AD82AD5ACB4,IMPHASH=B0F049C014592B156EB1FA857E99CEB9</Data><Data Name='ParentProcessGuid'>{67c6cbf5-a9e7-6941-2a31-000000003c00}</Data><Data Name='ParentProcessId'>8756</Data><Data Name='ParentImage'>C:\Windows\System32\cmd.exe</Data><Data Name='ParentCommandLine'>C:\Windows\System32\cmd.exe</Data><Data Name='ParentUser'>DESKTOP-TVP7N18\User</Data></EventData></Event>
<Event xmlns='http://schemas.microsoft.com/win/2004/08/events/event'><System><Provider Name='Microsoft-Windows-Sysmon' Guid='{5770385f-c22a-43e0-bf4c-06f5698ffbd9}'/><EventID>1</EventID><Version>5</Version><Level>4</Level><Task>1</Task><Opcode>0</Opcode><Keywords>0x8000000000000000</Keywords><TimeCreated SystemTime='2025-12-16T18:50:15.7736254Z'/><EventRecordID>29806668</EventRecordID><Correlation/><Execution ProcessID='5512' ThreadID='7132'/><Channel>Microsoft-Windows-Sysmon/Operational</Channel><Computer>DESKTOP-TVP7N18</Computer><Security UserID='S-1-5-18'/></System><EventData><Data Name='RuleName'>-</Data><Data Name='UtcTime'>2025-12-16 18:50:15.771</Data><Data Name='ProcessGuid'>{67c6cbf5-a9e7-6941-2a31-000000003c00}</Data><Data Name='ProcessId'>8756</Data><Data Name='Image'>C:\Windows\System32\cmd.exe</Data><Data Name='FileVersion'>10.0.26100.7309 (WinBuild.160101.0800)</Data><Data Name='Description'>Windows Command Processor</Data><Data Name='Product'>Microsoft® Windows® Operating System</Data><Data Name='Company'>Microsoft Corporation</Data><Data Name='OriginalFileName'>Cmd.Exe</Data><Data Name='CommandLine'>C:\Windows\System32\cmd.exe</Data><Data Name='CurrentDirectory'>D:\MCPSecTrace\</Data><Data Name='User'>DESKTOP-TVP7N18\User</Data><Data Name='LogonGuid'>{67c6cbf5-9df4-6941-3f9d-030000000000}</Data><Data Name='LogonId'>0x39d3f</Data><Data Name='TerminalSessionId'>1</Data><Data Name='IntegrityLevel'>High</Data><Data Name='Hashes'>MD5=6D109A3A00F210C1AB89C3B08399ED48,SHA256=64AFC6DB3AAD1289533662E2D79E27DD55C7DCDB8CD918B08E145AD82AD5ACB4,IMPHASH=B0F049C014592B156EB1FA857E99CEB9</Data><Data Name='ParentProcessGuid'>{67c6cbf5-9f3d-6941-1204-000000003c00}</Data><Data Name='ParentProcessId'>18816</Data><Data Name='ParentImage'>D:\Microsoft VS Code\Code.exe</Data><Data Name='ParentCommandLine'>"D:\Microsoft VS Code\Code.exe" --type=utility --utility-sub-type=node.mojom.NodeService --lang=zh-CN --service-sandbox-type=none --no-sandbox --video-capture-use-gpu-memory-buffer --user-data-dir="C:\Users\User\AppData\Roaming\Code" --standard-schemes=vscode-webview,vscode-file --secure-schemes=vscode-webview,vscode-file --cors-schemes=vscode-webview,vscode-file --fetch-schemes=vscode-webview,vscode-file --service-worker-schemes=vscode-webview --code-cache-schemes=vscode-webview,vscode-file --field-trial-handle=1760,i,1018579588423067860,1407623836582838396,262144 --enable-features=DocumentPolicyIncludeJSCallStacksInCrashReports,EarlyEstablishGpuChannel,EnableTransparentHwndEnlargement,EstablishGpuChannelAsync --disable-features=CalculateNativeWinOcclusion,LocalNetworkAccessChecks,ScreenAIOCREnabled,SpareRendererForSitePerProcess,TraceSiteInstanceGetProcessCreation --variations-seed-version --trace-process-track-uuid=3190708992871164437 --mojo-platform-channel-handle=3300 /prefetch:14</Data><Data Name='ParentUser'>DESKTOP-TVP7N18\User</Data></EventData></Event>
<Event xmlns='http://schemas.microsoft.com/win/2004/08/events/event'><System><Provider Name='Microsoft-Windows-Sysmon' Guid='{5770385f-c22a-43e0-bf4c-06f5698ffbd9}'/><EventID>1</EventID><Version>5</Version><Level>4</Level><Task>1</Task><Opcode>0</Opcode><Keywords>0x8000000000000000</Keywords><TimeCreated SystemTime='2025-12-16T18:50:15.7483549Z'/><EventRecordID>29806667</EventRecordID><Correlation/><Execution ProcessID='5512' ThreadID='7132'/><Channel>Microsoft-Windows-Sysmon/Operational</Channel><Computer>DESKTOP-TVP7N18</Computer><Security UserID='S-1-5-18'/></System><EventData><Data Name='RuleName'>-</Data><Data Name='UtcTime'>2025-12-16 18:50:15.745</Data><Data Name='ProcessGuid'>{67c6cbf5-a9e7-6941-2931-000000003c00}</Data><Data Name='ProcessId'>6176</Data><Data Name='Image'>C:\Windows\System32\wsl.exe</Data><Data Name='FileVersion'>10.0.26100.7309 (WinBuild.160101.0800)</Data><Data Name='Description'>Windows Subsystem for Linux</Data><Data Name='Product'>Microsoft® Windows® Operating System</Data><Data Name='Company'>Microsoft Corporation</Data><Data Name='OriginalFileName'>wsl.exe</Data><Data Name='CommandLine'>wsl.exe  -l -q</Data><Data Name='CurrentDirectory'>D:\Microsoft VS Code\</Data><Data Name='User'>DESKTOP-TVP7N18\User</Data><Data Name='LogonGuid'>{67c6cbf5-9df4-6941-3f9d-030000000000}</Data><Data Name='LogonId'>0x39d3f</Data><Data Name='TerminalSessionId'>1</Data><Data Name='IntegrityLevel'>High</Data><Data Name='Hashes'>MD5=BA09DFE3A79D4B7F8621BB767861424E,SHA256=8797FF87FB1AE27F6BBBFF141434A404EC2F9F11021444FA0547FC48151D6702,IMPHASH=73B53B13256BFA149D3F5F2B4E21E138</Data><Data Name='ParentProcessGuid'>{67c6cbf5-a9e7-6941-2731-000000003c00}</Data><Data Name='ParentProcessId'>20580</Data><Data Name='ParentImage'>C:\Windows\System32\cmd.exe</Data><Data Name='ParentCommandLine'>C:\WINDOWS\system32\cmd.exe /d /s /c "wsl.exe -l -q"</Data><Data Name='ParentUser'>DESKTOP-TVP7N18\User</Data></EventData></Event>
<Event xmlns='http://schemas.microsoft.com/win/2004/08/events/event'><System><Provider Name='Microsoft-Windows-Sysmon' Guid='{5770385f-c22a-43e0-bf4c-06f5698ffbd9}'/><EventID>1</EventID><Version>5</Version><Level>4</Level><Task>1</Task><Opcode>0</Opcode><Keywords>0x8000000000000000</Keywords><TimeCreated SystemTime='2025-12-16T18:50:15.7266776Z'/><EventRecordID>29806666</EventRecordID><Correlation/><Execution ProcessID='5512' ThreadID='7132'/><Channel>Microsoft-Windows-Sysmon/Operational</Channel><Computer>DESKTOP-TVP7N18</Computer><Security UserID='S-1-5-18'/></System><EventData><Data Name='RuleName'>-</Data><Data Name='UtcTime'>2025-12-16 18:50:15.723</Data><Data Name='ProcessGuid'>{67c6cbf5-a9e7-6941-2731-000000003c00}</Data><Data Name='ProcessId'>20580</Data><Data Name='Image'>C:\Windows\System32\cmd.exe</Data><Data Name='FileVersion'>10.0.26100.7309 (WinBuild.160101.0800)</Data><Data Name='Description'>Windows Command Processor</Data><Data Name='Product'>Microsoft® Windows® Operating System</Data><Data Name='Company'>Microsoft Corporation</Data><Data Name='OriginalFileName'>Cmd.Exe</Data><Data Name='CommandLine'>C:\WINDOWS\system32\cmd.exe /d /s /c "wsl.exe -l -q"</Data><Data Name='CurrentDirectory'>D:\Microsoft VS Code\</Data><Data Name='User'>DESKTOP-TVP7N18\User</Data><Data Name='LogonGuid'>{67c6cbf5-9df4-6941-3f9d-030000000000}</Data><Data Name='LogonId'>0x39d3f</Data><Data Name='TerminalSessionId'>1</Data><Data Name='IntegrityLevel'>High</Data><Data Name='Hashes'>MD5=6D109A3A00F210C1AB89C3B08399ED48,SHA256=64AFC6DB3AAD1289533662E2D79E27DD55C7DCDB8CD918B08E145AD82AD5ACB4,IMPHASH=B0F049C014592B156EB1FA857E99CEB9</Data><Data Name='ParentProcessGuid'>{67c6cbf5-9f3c-6941-0604-000000003c00}</Data><Data Name='ParentProcessId'>18120</Data><Data Name='ParentImage'>D:\Microsoft VS Code\Code.exe</Data><Data Name='ParentCommandLine'>"D:\Microsoft VS Code\Code.exe" --no-sandbox</Data><Data Name='ParentUser'>DESKTOP-TVP7N18\User</Data></EventData></Event>
<Event xmlns='http://schemas.microsoft.com/win/2004/08/events/event'><System><Provider Name='Microsoft-Windows-Sysmon' Guid='{5770385f-c22a-43e0-bf4c-06f5698ffbd9}'/><EventID>1</EventID><Version>5</Version><Level>4</Level><Task>1</Task><Opcode>0</Opcode><Keywords>0x8000000000000000</Keywords><TimeCreated SystemTime='2025-12-16T18:50:01.5808197Z'/><EventRecordID>29806665</EventRecordID><Correlation/><Execution ProcessID='5512' ThreadID='7132'/><Channel>Microsoft-Windows-Sysmon/Operational</Channel><Computer>DESKTOP-TVP7N18</Computer><Security UserID='S-1-5-18'/></System><EventData><Data Name='RuleName'>-</Data><Data Name='UtcTime'>2025-12-16 18:50:01.578</Data><Data Name='ProcessGuid'>{67c6cbf5-a9d9-6941-2431-000000003c00}</Data><Data Name='ProcessId'>15340</Data><Data Name='Image'>C:\Windows\System32\wbem\WMIC.exe</Data><Data Name='FileVersion'>10.0.26100.5074 (WinBuild.160101.0800)</Data><Data Name='Description'>WMI Commandline Utility</Data><Data Name='Product'>Microsoft® Windows® Operating System</Data><Data Name='Company'>Microsoft Corporation</Data><Data Name='OriginalFileName'>wmic.exe</Data><Data Name='CommandLine'>wmic os get Caption</Data><Data Name='CurrentDirectory'>D:\Microsoft VS Code\</Data><Data Name='User'>DESKTOP-TVP7N18\User</Data><Data Name='LogonGuid'>{67c6cbf5-9df4-6941-3f9d-030000000000}</Data><Data Name='LogonId'>0x39d3f</Data><Data Name='TerminalSessionId'>1</Data><Data Name='IntegrityLevel'>High</Data><Data Name='Hashes'>MD5=2E51DA7B69836CFEBCB3F9AA47C08266,SHA256=7C7F386BB7C70263FD835DC58791B6DD73FC6617C27751B5503DBA8D0CDDA690,IMPHASH=43C6BE584D77B658A53A9A5C606724DD</Data><Data Name='ParentProcessGuid'>{67c6cbf5-9f3d-6941-1404-000000003c00}</Data><Data Name='ParentProcessId'>20272</Data><Data Name='ParentImage'>D:\Microsoft VS Code\Code.exe</Data><Data Name='ParentCommandLine'>"D:\Microsoft VS Code\Code.exe" --type=utility --utility-sub-type=node.mojom.NodeService --lang=zh-CN --service-sandbox-type=none --no-sandbox --dns-result-order=ipv4first --experimental-network-inspection --inspect-port=0 --video-capture-use-gpu-memory-buffer --user-data-dir="C:\Users\User\AppData\Roaming\Code" --standard-schemes=vscode-webview,vscode-file --secure-schemes=vscode-webview,vscode-file --cors-schemes=vscode-webview,vscode-file --fetch-schemes=vscode-webview,vscode-file --service-worker-schemes=vscode-webview --code-cache-schemes=vscode-webview,vscode-file --field-trial-handle=1760,i,1018579588423067860,1407623836582838396,262144 --enable-features=DocumentPolicyIncludeJSCallStacksInCrashReports,EarlyEstablishGpuChannel,EnableTransparentHwndEnlargement,EstablishGpuChannelAsync --disable-features=CalculateNativeWinOcclusion,LocalNetworkAccessChecks,ScreenAIOCREnabled,SpareRendererForSitePerProcess,TraceSiteInstanceGetProcessCreation --variations-seed-version --trace-process-track-uuid=3190708993808206286 --mojo-platform-channel-handle=3720 /prefetch:14</Data><Data Name='ParentUser'>DESKTOP-TVP7N18\User</Data></EventData></Event>
<Event xmlns='http://schemas.microsoft.com/win/2004/08/events/event'><System><Provider Name='Microsoft-Windows-Sysmon' Guid='{5770385f-c22a-43e0-bf4c-06f5698ffbd9}'/><EventID>1</EventID><Version>5</Version><Level>4</Level><Task>1</Task><Opcode>0</Opcode><Keywords>0x8000000000000000</Keywords><TimeCreated SystemTime='2025-12-16T18:50:01.5360253Z'/><EventRecordID>29806664</EventRecordID><Correlation/><Execution ProcessID='5512' ThreadID='7132'/><Channel>Microsoft-Windows-Sysmon/Operational</Channel><Computer>DESKTOP-TVP7N18</Computer><Security UserID='S-1-5-18'/></System><EventData><Data Name='RuleName'>-</Data><Data Name='UtcTime'>2025-12-16 18:50:01.525</Data><Data Name='ProcessGuid'>{67c6cbf5-a9d9-6941-2331-000000003c00}</Data><Data Name='ProcessId'>3756</Data><Data Name='Image'>D:\Git\Git\mingw64\libexec\git-core\git.exe</Data><Data Name='FileVersion'>2.50.0.windows.1</Data><Data Name='Description'>Git for Windows</Data><Data Name='Product'>Git</Data><Data Name='Company'>The Git Development Community</Data><Data Name='OriginalFileName'>git.exe</Data><Data Name='CommandLine'>git maintenance run --auto --no-quiet --detach</Data><Data Name='CurrentDirectory'>D:\MCPSecTrace\</Data><Data Name='User'>DESKTOP-TVP7N18\User</Data><Data Name='LogonGuid'>{67c6cbf5-9df4-6941-3f9d-030000000000}</Data><Data Name='LogonId'>0x39d3f</Data><Data Name='TerminalSessionId'>1</Data><Data Name='IntegrityLevel'>High</Data><Data Name='Hashes'>MD5=48750D8CEFD683FF97E70603097B79F2,SHA256=1F2EE2DE971B6D0A7A13F053014998B66C22DF47F30F1907A767346392EB8D78,IMPHASH=BA786B4B77B388CC6698F98951D469C8</Data><Data Name='ParentProcessGuid'>{67c6cbf5-a9d9-6941-2031-000000003c00}</Data><Data Name='ParentProcessId'>12840</Data><Data Name='ParentImage'>D:\Git\Git\mingw64\bin\git.exe</Data><Data Name='ParentCommandLine'>git.exe -c core.abbrev=40 commit -m checkpoint-1344957576-1765910779246 --allow-empty --no-verify</Data><Data Name='ParentUser'>DESKTOP-TVP7N18\User</Data></EventData></Event>
<Event xmlns='http://schemas.microsoft.com/win/2004/08/events/event'><System><Provider Name='Microsoft-Windows-Sysmon' Guid='{5770385f-c22a-43e0-bf4c-06f5698ffbd9}'/><EventID>11</EventID><Version>2</Version><Level>4</Level><Task>11</Task><Opcode>0</Opcode><Keywords>0x8000000000000000</Keywords><TimeCreated SystemTime='2025-12-16T18:50:01.5204087Z'/><EventRecordID>29806663</EventRecordID><Correlation/><Execution ProcessID='5512' ThreadID='7132'/><Channel>Microsoft-Windows-Sysmon/Operational</Channel><Computer>DESKTOP-TVP7N18</Computer><Security UserID='S-1-5-18'/></System><EventData><Data Name='RuleName'>-</Data><Data Name='UtcTime'>2025-12-16 18:50:01.520</Data><Data Name='ProcessGuid'>{67c6cbf5-a9d9-6941-2131-000000003c00}</Data><Data Name='ProcessId'>11528</Data><Data Name='Image'>C:\Windows\System32\WindowsPowerShell\v1.0\powershell.exe</Data><Data Name='TargetFilename'>C:\Users\User\AppData\Local\Temp\__PSScriptPolicyTest_3lbmksky.b0c.ps1</Data><Data Name='CreationUtcTime'>2025-12-16 18:50:01.520</Data><Data Name='User'>DESKTOP-TVP7N18\User</Data></EventData></Event>
