<Event xmlns='http://schemas.microsoft.com/win/2004/08/events/event'><System><Provider Name='Microsoft-Windows-Sysmon' Guid='{5770385f-c22a-43e0-bf4c-06f5698ffbd9}'/><EventID>13</EventID><Version>2</Version><Level>4</Level><Task>13</Task><Opcode>0</Opcode><Keywords>0x8000000000000000</Keywords><TimeCreated SystemTime='2025-08-14T14:38:32.8298006Z'/><EventRecordID>4613841</EventRecordID><Correlation/><Execution ProcessID='5792' ThreadID='8236'/><Channel>Microsoft-Windows-Sysmon/Operational</Channel><Computer>LAPTOP-6UTB6EBF</Computer><Security UserID='S-1-5-18'/></System><EventData><Data Name='RuleName'>-</Data><Data Name='EventType'>SetValue</Data><Data Name='UtcTime'>2025-08-14 14:38:32.825</Data><Data Name='ProcessGuid'>{750e87f3-f4e8-689d-61e0-000000001b00}</Data><Data Name='ProcessId'>30972</Data><Data Name='Image'>C:\Windows\System32\WindowsPowerShell\v1.0\powershell.exe</Data><Data Name='TargetObject'>HKLM\System\CurrentControlSet\Services\bam\State\UserSettings\S-1-5-21-2535620217-2053583276-3195117501-1001\\Device\HarddiskVolume3\Windows\System32\conhost.exe</Data><Data Name='Details'>Binary Data</Data><Data Name='User'>LAPTOP-6UTB6EBF\Sssu</Data></EventData></Event>
<Event xmlns='http://schemas.microsoft.com/win/2004/08/events/event'><System><Provider Name='Microsoft-Windows-Sysmon' Guid='{5770385f-c22a-43e0-bf4c-06f5698ffbd9}'/><EventID>7</EventID><Version>3</Version><Level>4</Level><Task>7</Task><Opcode>0</Opcode><Keywords>0x8000000000000000</Keywords><TimeCreated SystemTime='2025-08-14T14:38:32.8105218Z'/><EventRecordID>4613840</EventRecordID><Correlation/><Execution ProcessID='5792' ThreadID='8244'/><Channel>Microsoft-Windows-Sysmon/Operational</Channel><Computer>LAPTOP-6UTB6EBF</Computer><Security UserID='S-1-5-18'/></System><EventData><Data Name='RuleName'>-</Data><Data Name='UtcTime'>2025-08-14 14:38:32.627</Data><Data Name='ProcessGuid'>{750e87f3-f4e8-689d-5fe0-000000001b00}</Data><Data Name='ProcessId'>29036</Data><Data Name='Image'>C:\Windows\System32\wbem\WMIC.exe</Data><Data Name='ImageLoaded'>C:\Windows\System32\urlmon.dll</Data><Data Name='FileVersion'>11.00.26100.4484 (WinBuild.160101.0800)</Data><Data Name='Description'>OLE32 Extensions for Win32</Data><Data Name='Product'>Internet Explorer</Data><Data Name='Company'>Microsoft Corporation</Data><Data Name='OriginalFileName'>UrlMon.dll</Data><Data Name='Hashes'>SHA1=AA9C6D3EBFF39E25C2FECDB87A19FF30A1CEA0F1,MD5=71B0B42989C16D0964E41E6E40EF3303,SHA256=D268C7A58A4ABFB4C86288FFA1E73C32AED45B41974682C7527394E190217815,IMPHASH=2876234FCCC1243DC979BA8069C6CD6F</Data><Data Name='Signed'>true</Data><Data Name='Signature'>Microsoft Windows</Data><Data Name='SignatureStatus'>Valid</Data><Data Name='User'>LAPTOP-6UTB6EBF\Sssu</Data></EventData></Event>
<Event xmlns='http://schemas.microsoft.com/win/2004/08/events/event'><System><Provider Name='Microsoft-Windows-Sysmon' Guid='{5770385f-c22a-43e0-bf4c-06f5698ffbd9}'/><EventID>10</EventID><Version>3</Version><Level>4</Level><Task>10</Task><Opcode>0</Opcode><Keywords>0x8000000000000000</Keywords><TimeCreated SystemTime='2025-08-14T14:38:32.8072232Z'/><EventRecordID>4613839</EventRecordID><Correlation/><Execution ProcessID='5792' ThreadID='8236'/><Channel>Microsoft-Windows-Sysmon/Operational</Channel><Computer>LAPTOP-6UTB6EBF</Computer><Security UserID='S-1-5-18'/></System><EventData><Data Name='RuleName'>technique_id=T1055.001,technique_name=Dynamic-link Library Injection</Data><Data Name='UtcTime'>2025-08-14 14:38:32.802</Data><Data Name='SourceProcessGUID'>{750e87f3-f0b8-689d-d0dd-000000001b00}</Data><Data Name='SourceProcessId'>10304</Data><Data Name='SourceThreadId'>17572</Data><Data Name='SourceImage'>D:\Microsoft VS Code\Code.exe</Data><Data Name='TargetProcessGUID'>{750e87f3-f4e8-689d-61e0-000000001b00}</Data><Data Name='TargetProcessId'>30972</Data><Data Name='TargetImage'>C:\Windows\System32\WindowsPowerShell\v1.0\powershell.exe</Data><Data Name='GrantedAccess'>0x1fffff</Data><Data Name='CallTrace'>C:\WINDOWS\SYSTEM32\ntdll.dll+1637e4|C:\WINDOWS\System32\KERNELBASE.dll+fc93a|C:\WINDOWS\System32\KERNELBASE.dll+fa076|C:\WINDOWS\System32\KERNEL32.DLL+3c6d4|D:\Microsoft VS Code\Code.exe+25f7647|D:\Microsoft VS Code\Code.exe+6f9db2|D:\Microsoft VS Code\Code.exe+44c5274|UNKNOWN(00007FF7E0264E47)|UNKNOWN(00007FF7E03D05BF)|UNKNOWN(00007FF7E081041E)|UNKNOWN(00007FF7E0903A55)|UNKNOWN(00007FF7E09040FB)|UNKNOWN(00007FF7E09042B4)|UNKNOWN(00007FF7E0825F21)|UNKNOWN(00007FF7E073F985)|UNKNOWN(00007FF7E0B83B2E)|UNKNOWN(00007FF7E0930177)|D:\Microsoft VS Code\Code.exe+456a07d|D:\Microsoft VS Code\Code.exe+45e86ea|D:\Microsoft VS Code\Code.exe+44f3988|D:\Microsoft VS Code\Code.exe+44c00ff|D:\Microsoft VS Code\Code.exe+3d5ca24|D:\Microsoft VS Code\Code.exe+fca2a1|D:\Microsoft VS Code\Code.exe+fca49e</Data><Data Name='SourceUser'>LAPTOP-6UTB6EBF\Sssu</Data><Data Name='TargetUser'>LAPTOP-6UTB6EBF\Sssu</Data></EventData></Event>
<Event xmlns='http://schemas.microsoft.com/win/2004/08/events/event'><System><Provider Name='Microsoft-Windows-Sysmon' Guid='{5770385f-c22a-43e0-bf4c-06f5698ffbd9}'/><EventID>1</EventID><Version>5</Version><Level>4</Level><Task>1</Task><Opcode>0</Opcode><Keywords>0x8000000000000000</Keywords><TimeCreated SystemTime='2025-08-14T14:38:32.8069734Z'/><EventRecordID>4613838</EventRecordID><Correlation/><Execution ProcessID='5792' ThreadID='8236'/><Channel>Microsoft-Windows-Sysmon/Operational</Channel><Computer>LAPTOP-6UTB6EBF</Computer><Security UserID='S-1-5-18'/></System><EventData><Data Name='RuleName'>technique_id=T1059.001,technique_name=PowerShell</Data><Data Name='UtcTime'>2025-08-14 14:38:32.793</Data><Data Name='ProcessGuid'>{750e87f3-f4e8-689d-61e0-000000001b00}</Data><Data Name='ProcessId'>30972</Data><Data Name='Image'>C:\Windows\System32\WindowsPowerShell\v1.0\powershell.exe</Data><Data Name='FileVersion'>10.0.26100.3323 (WinBuild.160101.0800)</Data><Data Name='Description'>Windows PowerShell</Data><Data Name='Product'>Microsoft® Windows® Operating System</Data><Data Name='Company'>Microsoft Corporation</Data><Data Name='OriginalFileName'>PowerShell.EXE</Data><Data Name='CommandLine'>powershell -NoProfile -Command [System.Environment]::GetFolderPath([System.Environment+SpecialFolder]::MyDocuments)</Data><Data Name='CurrentDirectory'>D:\Microsoft VS Code\</Data><Data Name='User'>LAPTOP-6UTB6EBF\Sssu</Data><Data Name='LogonGuid'>{750e87f3-a408-689d-28e0-c2ee00000000}</Data><Data Name='LogonId'>0xeec2e028</Data><Data Name='TerminalSessionId'>8</Data><Data Name='IntegrityLevel'>High</Data><Data Name='Hashes'>SHA1=8B595BBBF8695CE90EEEA612B440ECC79ACC6C5D,MD5=BD542C1197F3B5217B5C5B5C4A25BD0C,SHA256=75F490D70F821AFBBBB28D8AE45FA712C0EF39F73832AF5FF0DF284BEB22A9FC,IMPHASH=AFACF6DC9041114B198160AAB4D0AE77</Data><Data Name='ParentProcessGuid'>{750e87f3-f0b8-689d-d0dd-000000001b00}</Data><Data Name='ParentProcessId'>10304</Data><Data Name='ParentImage'>D:\Microsoft VS Code\Code.exe</Data><Data Name='ParentCommandLine'>"D:\Microsoft VS Code\Code.exe" --type=utility --utility-sub-type=node.mojom.NodeService --lang=zh-CN --service-sandbox-type=none --dns-result-order=ipv4first --experimental-network-inspection --inspect-port=0 --video-capture-use-gpu-memory-buffer --user-data-dir="C:\Users\Sssu\AppData\Roaming\Code" --standard-schemes=vscode-webview,vscode-file --enable-sandbox --secure-schemes=vscode-webview,vscode-file --cors-schemes=vscode-webview,vscode-file --fetch-schemes=vscode-webview,vscode-file --service-worker-schemes=vscode-webview --code-cache-schemes=vscode-webview,vscode-file --field-trial-handle=1768,i,10854038273762721932,2201040780538170104,262144 --enable-features=DocumentPolicyIncludeJSCallStacksInCrashReports,EarlyEstablishGpuChannel,EnableTransparentHwndEnlargement,EstablishGpuChannelAsync --disable-features=CalculateNativeWinOcclusion,FontationsLinuxSystemFonts,ScreenAIOCREnabled,SpareRendererForSitePerProcess,WinDelaySpellcheckServiceInit --variations-seed-version --mojo-platform-channel-handle=3664 /prefetch:14</Data><Data Name='ParentUser'>LAPTOP-6UTB6EBF\Sssu</Data></EventData></Event>
<Event xmlns='http://schemas.microsoft.com/win/2004/08/events/event'><System><Provider Name='Microsoft-Windows-Sysmon' Guid='{5770385f-c22a-43e0-bf4c-06f5698ffbd9}'/><EventID>13</EventID><Version>2</Version><Level>4</Level><Task>13</Task><Opcode>0</Opcode><Keywords>0x8000000000000000</Keywords><TimeCreated SystemTime='2025-08-14T14:38:32.8042791Z'/><EventRecordID>4613837</EventRecordID><Correlation/><Execution ProcessID='5792' ThreadID='8236'/><Channel>Microsoft-Windows-Sysmon/Operational</Channel><Computer>LAPTOP-6UTB6EBF</Computer><Security UserID='S-1-5-18'/></System><EventData><Data Name='RuleName'>-</Data><Data Name='EventType'>SetValue</Data><Data Name='UtcTime'>2025-08-14 14:38:32.802</Data><Data Name='ProcessGuid'>{750e87f3-f0b8-689d-d0dd-000000001b00}</Data><Data Name='ProcessId'>10304</Data><Data Name='Image'>D:\Microsoft VS Code\Code.exe</Data><Data Name='TargetObject'>HKLM\System\CurrentControlSet\Services\bam\State\UserSettings\S-1-5-21-2535620217-2053583276-3195117501-1001\\Device\HarddiskVolume3\Windows\System32\WindowsPowerShell\v1.0\powershell.exe</Data><Data Name='Details'>Binary Data</Data><Data Name='User'>LAPTOP-6UTB6EBF\Sssu</Data></EventData></Event>
<Event xmlns='http://schemas.microsoft.com/win/2004/08/events/event'><System><Provider Name='Microsoft-Windows-Sysmon' Guid='{5770385f-c22a-43e0-bf4c-06f5698ffbd9}'/><EventID>17</EventID><Version>1</Version><Level>4</Level><Task>17</Task><Opcode>0</Opcode><Keywords>0x8000000000000000</Keywords><TimeCreated SystemTime='2025-08-14T14:38:32.7914083Z'/><EventRecordID>4613836</EventRecordID><Correlation/><Execution ProcessID='5792' ThreadID='8236'/><Channel>Microsoft-Windows-Sysmon/Operational</Channel><Computer>LAPTOP-6UTB6EBF</Computer><Security UserID='S-1-5-18'/></System><EventData><Data Name='RuleName'>-</Data><Data Name='EventType'>CreatePipe</Data><Data Name='UtcTime'>2025-08-14 14:38:32.791</Data><Data Name='ProcessGuid'>{750e87f3-f0b8-689d-d0dd-000000001b00}</Data><Data Name='ProcessId'>10304</Data><Data Name='PipeName'>\uv\17-10304</Data><Data Name='Image'>D:\Microsoft VS Code\Code.exe</Data><Data Name='User'>LAPTOP-6UTB6EBF\Sssu</Data></EventData></Event>
<Event xmlns='http://schemas.microsoft.com/win/2004/08/events/event'><System><Provider Name='Microsoft-Windows-Sysmon' Guid='{5770385f-c22a-43e0-bf4c-06f5698ffbd9}'/><EventID>17</EventID><Version>1</Version><Level>4</Level><Task>17</Task><Opcode>0</Opcode><Keywords>0x8000000000000000</Keywords><TimeCreated SystemTime='2025-08-14T14:38:32.7912565Z'/><EventRecordID>4613835</EventRecordID><Correlation/><Execution ProcessID='5792' ThreadID='8236'/><Channel>Microsoft-Windows-Sysmon/Operational</Channel><Computer>LAPTOP-6UTB6EBF</Computer><Security UserID='S-1-5-18'/></System><EventData><Data Name='RuleName'>-</Data><Data Name='EventType'>CreatePipe</Data><Data Name='UtcTime'>2025-08-14 14:38:32.790</Data><Data Name='ProcessGuid'>{750e87f3-f0b8-689d-d0dd-000000001b00}</Data><Data Name='ProcessId'>10304</Data><Data Name='PipeName'>\uv\7-10304</Data><Data Name='Image'>D:\Microsoft VS Code\Code.exe</Data><Data Name='User'>LAPTOP-6UTB6EBF\Sssu</Data></EventData></Event>
<Event xmlns='http://schemas.microsoft.com/win/2004/08/events/event'><System><Provider Name='Microsoft-Windows-Sysmon' Guid='{5770385f-c22a-43e0-bf4c-06f5698ffbd9}'/><EventID>17</EventID><Version>1</Version><Level>4</Level><Task>17</Task><Opcode>0</Opcode><Keywords>0x8000000000000000</Keywords><TimeCreated SystemTime='2025-08-14T14:38:32.7910789Z'/><EventRecordID>4613834</EventRecordID><Correlation/><Execution ProcessID='5792' ThreadID='8236'/><Channel>Microsoft-Windows-Sysmon/Operational</Channel><Computer>LAPTOP-6UTB6EBF</Computer><Security UserID='S-1-5-18'/></System><EventData><Data Name='RuleName'>-</Data><Data Name='EventType'>CreatePipe</Data><Data Name='UtcTime'>2025-08-14 14:38:32.790</Data><Data Name='ProcessGuid'>{750e87f3-f0b8-689d-d0dd-000000001b00}</Data><Data Name='ProcessId'>10304</Data><Data Name='PipeName'>\uv\6-10304</Data><Data Name='Image'>D:\Microsoft VS Code\Code.exe</Data><Data Name='User'>LAPTOP-6UTB6EBF\Sssu</Data></EventData></Event>
<Event xmlns='http://schemas.microsoft.com/win/2004/08/events/event'><System><Provider Name='Microsoft-Windows-Sysmon' Guid='{5770385f-c22a-43e0-bf4c-06f5698ffbd9}'/><EventID>13</EventID><Version>2</Version><Level>4</Level><Task>13</Task><Opcode>0</Opcode><Keywords>0x8000000000000000</Keywords><TimeCreated SystemTime='2025-08-14T14:38:32.7812646Z'/><EventRecordID>4613833</EventRecordID><Correlation/><Execution ProcessID='5792' ThreadID='8236'/><Channel>Microsoft-Windows-Sysmon/Operational</Channel><Computer>LAPTOP-6UTB6EBF</Computer><Security UserID='S-1-5-18'/></System><EventData><Data Name='RuleName'>-</Data><Data Name='EventType'>SetValue</Data><Data Name='UtcTime'>2025-08-14 14:38:32.779</Data><Data Name='ProcessGuid'>{750e87f3-f4e8-689d-60e0-000000001b00}</Data><Data Name='ProcessId'>38540</Data><Data Name='Image'>C:\WINDOWS\system32\conhost.exe</Data><Data Name='TargetObject'>HKLM\System\CurrentControlSet\Services\bam\State\UserSettings\S-1-5-21-2535620217-2053583276-3195117501-1001\\Device\HarddiskVolume3\Windows\System32\conhost.exe</Data><Data Name='Details'>Binary Data</Data><Data Name='User'>LAPTOP-6UTB6EBF\Sssu</Data></EventData></Event>
<Event xmlns='http://schemas.microsoft.com/win/2004/08/events/event'><System><Provider Name='Microsoft-Windows-Sysmon' Guid='{5770385f-c22a-43e0-bf4c-06f5698ffbd9}'/><EventID>7</EventID><Version>3</Version><Level>4</Level><Task>7</Task><Opcode>0</Opcode><Keywords>0x8000000000000000</Keywords><TimeCreated SystemTime='2025-08-14T14:38:32.6866612Z'/><EventRecordID>4613832</EventRecordID><Correlation/><Execution ProcessID='5792' ThreadID='8236'/><Channel>Microsoft-Windows-Sysmon/Operational</Channel><Computer>LAPTOP-6UTB6EBF</Computer><Security UserID='S-1-5-18'/></System><EventData><Data Name='RuleName'>technique_id=T1047,technique_name=Windows Management Instrumentation</Data><Data Name='UtcTime'>2025-08-14 14:38:32.684</Data><Data Name='ProcessGuid'>{750e87f3-f4e8-689d-5fe0-000000001b00}</Data><Data Name='ProcessId'>29036</Data><Data Name='Image'>C:\Windows\System32\wbem\WMIC.exe</Data><Data Name='ImageLoaded'>C:\Windows\System32\wbem\wmiutils.dll</Data><Data Name='FileVersion'>10.0.26100.4202 (WinBuild.160101.0800)</Data><Data Name='Description'>WMI</Data><Data Name='Product'>Microsoft® Windows® Operating System</Data><Data Name='Company'>Microsoft Corporation</Data><Data Name='OriginalFileName'>wmiutils.dll</Data><Data Name='Hashes'>SHA1=DDA120DFCD56618C74A7318EF11C7E60C305D84B,MD5=974A90405912019478EBA12CED19017F,SHA256=BC0B74988773658192B003A3ABF8961352D7FCE148B43426BDF1471AD3C46ADF,IMPHASH=472A202488B9A8A8072E75ADE4EC1496</Data><Data Name='Signed'>true</Data><Data Name='Signature'>Microsoft Windows</Data><Data Name='SignatureStatus'>Valid</Data><Data Name='User'>LAPTOP-6UTB6EBF\Sssu</Data></EventData></Event>
<Event xmlns='http://schemas.microsoft.com/win/2004/08/events/event'><System><Provider Name='Microsoft-Windows-Sysmon' Guid='{5770385f-c22a-43e0-bf4c-06f5698ffbd9}'/><EventID>7</EventID><Version>3</Version><Level>4</Level><Task>7</Task><Opcode>0</Opcode><Keywords>0x8000000000000000</Keywords><TimeCreated SystemTime='2025-08-14T14:38:32.6694826Z'/><EventRecordID>4613831</EventRecordID><Correlation/><Execution ProcessID='5792' ThreadID='8236'/><Channel>Microsoft-Windows-Sysmon/Operational</Channel><Computer>LAPTOP-6UTB6EBF</Computer><Security UserID='S-1-5-18'/></System><EventData><Data Name='RuleName'>technique_id=T1059.001,technique_name=PowerShell</Data><Data Name='UtcTime'>2025-08-14 14:38:32.668</Data><Data Name='ProcessGuid'>{750e87f3-f4e8-689d-5fe0-000000001b00}</Data><Data Name='ProcessId'>29036</Data><Data Name='Image'>C:\Windows\System32\wbem\WMIC.exe</Data><Data Name='ImageLoaded'>C:\Windows\System32\amsi.dll</Data><Data Name='FileVersion'>10.0.26100.1150 (WinBuild.160101.0800)</Data><Data Name='Description'>Anti-Malware Scan Interface</Data><Data Name='Product'>Microsoft® Windows® Operating System</Data><Data Name='Company'>Microsoft Corporation</Data><Data Name='OriginalFileName'>amsi.dll</Data><Data Name='Hashes'>SHA1=754513418500768B6D1B6A0180BB2CD1289227BC,MD5=D242C8CD7767074A748F70506552BAFE,SHA256=20B97C7F39F2E9AAD406D4DF68F9D58FB9E75A95A809DE25C1D0C8D57F0CDFAF,IMPHASH=2113D3CE4C8FBF73EBAC7ABC70D78752</Data><Data Name='Signed'>true</Data><Data Name='Signature'>Microsoft Windows</Data><Data Name='SignatureStatus'>Valid</Data><Data Name='User'>LAPTOP-6UTB6EBF\Sssu</Data></EventData></Event>
<Event xmlns='http://schemas.microsoft.com/win/2004/08/events/event'><System><Provider Name='Microsoft-Windows-Sysmon' Guid='{5770385f-c22a-43e0-bf4c-06f5698ffbd9}'/><EventID>13</EventID><Version>2</Version><Level>4</Level><Task>13</Task><Opcode>0</Opcode><Keywords>0x8000000000000000</Keywords><TimeCreated SystemTime='2025-08-14T14:38:32.5694045Z'/><EventRecordID>4613830</EventRecordID><Correlation/><Execution ProcessID='5792' ThreadID='8236'/><Channel>Microsoft-Windows-Sysmon/Operational</Channel><Computer>LAPTOP-6UTB6EBF</Computer><Security UserID='S-1-5-18'/></System><EventData><Data Name='RuleName'>-</Data><Data Name='EventType'>SetValue</Data><Data Name='UtcTime'>2025-08-14 14:38:32.568</Data><Data Name='ProcessGuid'>{750e87f3-f4e8-689d-5fe0-000000001b00}</Data><Data Name='ProcessId'>29036</Data><Data Name='Image'>C:\Windows\System32\Wbem\wmic.exe</Data><Data Name='TargetObject'>HKLM\System\CurrentControlSet\Services\bam\State\UserSettings\S-1-5-21-2535620217-2053583276-3195117501-1001\\Device\HarddiskVolume3\Windows\System32\conhost.exe</Data><Data Name='Details'>Binary Data</Data><Data Name='User'>LAPTOP-6UTB6EBF\Sssu</Data></EventData></Event>
<Event xmlns='http://schemas.microsoft.com/win/2004/08/events/event'><System><Provider Name='Microsoft-Windows-Sysmon' Guid='{5770385f-c22a-43e0-bf4c-06f5698ffbd9}'/><EventID>10</EventID><Version>3</Version><Level>4</Level><Task>10</Task><Opcode>0</Opcode><Keywords>0x8000000000000000</Keywords><TimeCreated SystemTime='2025-08-14T14:38:32.5520161Z'/><EventRecordID>4613829</EventRecordID><Correlation/><Execution ProcessID='5792' ThreadID='8236'/><Channel>Microsoft-Windows-Sysmon/Operational</Channel><Computer>LAPTOP-6UTB6EBF</Computer><Security UserID='S-1-5-18'/></System><EventData><Data Name='RuleName'>technique_id=T1055.001,technique_name=Dynamic-link Library Injection</Data><Data Name='UtcTime'>2025-08-14 14:38:32.549</Data><Data Name='SourceProcessGUID'>{750e87f3-f0b8-689d-d0dd-000000001b00}</Data><Data Name='SourceProcessId'>10304</Data><Data Name='SourceThreadId'>17572</Data><Data Name='SourceImage'>D:\Microsoft VS Code\Code.exe</Data><Data Name='TargetProcessGUID'>{750e87f3-f4e8-689d-5fe0-000000001b00}</Data><Data Name='TargetProcessId'>29036</Data><Data Name='TargetImage'>C:\Windows\System32\Wbem\wmic.exe</Data><Data Name='GrantedAccess'>0x1fffff</Data><Data Name='CallTrace'>C:\WINDOWS\SYSTEM32\ntdll.dll+1637e4|C:\WINDOWS\System32\KERNELBASE.dll+fc93a|C:\WINDOWS\System32\KERNELBASE.dll+fa076|C:\WINDOWS\System32\KERNEL32.DLL+3c6d4|D:\Microsoft VS Code\Code.exe+25f7647|D:\Microsoft VS Code\Code.exe+6fc006|D:\Microsoft VS Code\Code.exe+6fbdc7|D:\Microsoft VS Code\Code.exe+6fbc42|D:\Microsoft VS Code\Code.exe+44c5274|UNKNOWN(00007FF7E07DA00A)|UNKNOWN(00007FF7E0B679E3)|D:\Microsoft VS Code\Code.exe+44c3435|D:\Microsoft VS Code\Code.exe+44c3435|D:\Microsoft VS Code\Code.exe+44c3435|D:\Microsoft VS Code\Code.exe+44c3435|UNKNOWN(00007FF7E092FF08)|D:\Microsoft VS Code\Code.exe+456a07d|D:\Microsoft VS Code\Code.exe+45e86ea|D:\Microsoft VS Code\Code.exe+44f3988|D:\Microsoft VS Code\Code.exe+44c00ff|D:\Microsoft VS Code\Code.exe+3d5ca24|D:\Microsoft VS Code\Code.exe+fca2a1|D:\Microsoft VS Code\Code.exe+fca49e|D:\Microsoft VS Code\Code.exe+3d6e2c9</Data><Data Name='SourceUser'>LAPTOP-6UTB6EBF\Sssu</Data><Data Name='TargetUser'>LAPTOP-6UTB6EBF\Sssu</Data></EventData></Event>
<Event xmlns='http://schemas.microsoft.com/win/2004/08/events/event'><System><Provider Name='Microsoft-Windows-Sysmon' Guid='{5770385f-c22a-43e0-bf4c-06f5698ffbd9}'/><EventID>17</EventID><Version>1</Version><Level>4</Level><Task>17</Task><Opcode>0</Opcode><Keywords>0x8000000000000000</Keywords><TimeCreated SystemTime='2025-08-14T14:38:32.5424249Z'/><EventRecordID>4613828</EventRecordID><Correlation/><Execution ProcessID='5792' ThreadID='8236'/><Channel>Microsoft-Windows-Sysmon/Operational</Channel><Computer>LAPTOP-6UTB6EBF</Computer><Security UserID='S-1-5-18'/></System><EventData><Data Name='RuleName'>-</Data><Data Name='EventType'>CreatePipe</Data><Data Name='UtcTime'>2025-08-14 14:38:32.538</Data><Data Name='ProcessGuid'>{750e87f3-f0b8-689d-d0dd-000000001b00}</Data><Data Name='ProcessId'>10304</Data><Data Name='PipeName'>\uv\17-10304</Data><Data Name='Image'>D:\Microsoft VS Code\Code.exe</Data><Data Name='User'>LAPTOP-6UTB6EBF\Sssu</Data></EventData></Event>
<Event xmlns='http://schemas.microsoft.com/win/2004/08/events/event'><System><Provider Name='Microsoft-Windows-Sysmon' Guid='{5770385f-c22a-43e0-bf4c-06f5698ffbd9}'/><EventID>17</EventID><Version>1</Version><Level>4</Level><Task>17</Task><Opcode>0</Opcode><Keywords>0x8000000000000000</Keywords><TimeCreated SystemTime='2025-08-14T14:38:32.5423888Z'/><EventRecordID>4613827</EventRecordID><Correlation/><Execution ProcessID='5792' ThreadID='8236'/><Channel>Microsoft-Windows-Sysmon/Operational</Channel><Computer>LAPTOP-6UTB6EBF</Computer><Security UserID='S-1-5-18'/></System><EventData><Data Name='RuleName'>-</Data><Data Name='EventType'>CreatePipe</Data><Data Name='UtcTime'>2025-08-14 14:38:32.538</Data><Data Name='ProcessGuid'>{750e87f3-f0b8-689d-d0dd-000000001b00}</Data><Data Name='ProcessId'>10304</Data><Data Name='PipeName'>\uv\7-10304</Data><Data Name='Image'>D:\Microsoft VS Code\Code.exe</Data><Data Name='User'>LAPTOP-6UTB6EBF\Sssu</Data></EventData></Event>
<Event xmlns='http://schemas.microsoft.com/win/2004/08/events/event'><System><Provider Name='Microsoft-Windows-Sysmon' Guid='{5770385f-c22a-43e0-bf4c-06f5698ffbd9}'/><EventID>17</EventID><Version>1</Version><Level>4</Level><Task>17</Task><Opcode>0</Opcode><Keywords>0x8000000000000000</Keywords><TimeCreated SystemTime='2025-08-14T14:38:32.5423134Z'/><EventRecordID>4613826</EventRecordID><Correlation/><Execution ProcessID='5792' ThreadID='8236'/><Channel>Microsoft-Windows-Sysmon/Operational</Channel><Computer>LAPTOP-6UTB6EBF</Computer><Security UserID='S-1-5-18'/></System><EventData><Data Name='RuleName'>-</Data><Data Name='EventType'>CreatePipe</Data><Data Name='UtcTime'>2025-08-14 14:38:32.538</Data><Data Name='ProcessGuid'>{750e87f3-f0b8-689d-d0dd-000000001b00}</Data><Data Name='ProcessId'>10304</Data><Data Name='PipeName'>\uv\6-10304</Data><Data Name='Image'>D:\Microsoft VS Code\Code.exe</Data><Data Name='User'>LAPTOP-6UTB6EBF\Sssu</Data></EventData></Event>
<Event xmlns='http://schemas.microsoft.com/win/2004/08/events/event'><System><Provider Name='Microsoft-Windows-Sysmon' Guid='{5770385f-c22a-43e0-bf4c-06f5698ffbd9}'/><EventID>13</EventID><Version>2</Version><Level>4</Level><Task>13</Task><Opcode>0</Opcode><Keywords>0x8000000000000000</Keywords><TimeCreated SystemTime='2025-08-14T14:38:32.5255042Z'/><EventRecordID>4613825</EventRecordID><Correlation/><Execution ProcessID='5792' ThreadID='8236'/><Channel>Microsoft-Windows-Sysmon/Operational</Channel><Computer>LAPTOP-6UTB6EBF</Computer><Security UserID='S-1-5-18'/></System><EventData><Data Name='RuleName'>-</Data><Data Name='EventType'>SetValue</Data><Data Name='UtcTime'>2025-08-14 14:38:32.524</Data><Data Name='ProcessGuid'>{750e87f3-f4e7-689d-5ce0-000000001b00}</Data><Data Name='ProcessId'>31644</Data><Data Name='Image'>C:\WINDOWS\system32\conhost.exe</Data><Data Name='TargetObject'>HKLM\System\CurrentControlSet\Services\bam\State\UserSettings\S-1-5-21-2535620217-2053583276-3195117501-1001\\Device\HarddiskVolume3\Windows\System32\conhost.exe</Data><Data Name='Details'>Binary Data</Data><Data Name='User'>LAPTOP-6UTB6EBF\Sssu</Data></EventData></Event>
<Event xmlns='http://schemas.microsoft.com/win/2004/08/events/event'><System><Provider Name='Microsoft-Windows-Sysmon' Guid='{5770385f-c22a-43e0-bf4c-06f5698ffbd9}'/><EventID>13</EventID><Version>2</Version><Level>4</Level><Task>13</Task><Opcode>0</Opcode><Keywords>0x8000000000000000</Keywords><TimeCreated SystemTime='2025-08-14T14:38:32.5221923Z'/><EventRecordID>4613824</EventRecordID><Correlation/><Execution ProcessID='5792' ThreadID='8236'/><Channel>Microsoft-Windows-Sysmon/Operational</Channel><Computer>LAPTOP-6UTB6EBF</Computer><Security UserID='S-1-5-18'/></System><EventData><Data Name='RuleName'>-</Data><Data Name='EventType'>SetValue</Data><Data Name='UtcTime'>2025-08-14 14:38:32.521</Data><Data Name='ProcessGuid'>{750e87f3-f4e7-689d-5be0-000000001b00}</Data><Data Name='ProcessId'>38660</Data><Data Name='Image'>C:\WINDOWS\system32\cmd.exe</Data><Data Name='TargetObject'>HKLM\System\CurrentControlSet\Services\bam\State\UserSettings\S-1-5-21-2535620217-2053583276-3195117501-1001\\Device\HarddiskVolume3\Windows\System32\cmd.exe</Data><Data Name='Details'>Binary Data</Data><Data Name='User'>LAPTOP-6UTB6EBF\Sssu</Data></EventData></Event>
<Event xmlns='http://schemas.microsoft.com/win/2004/08/events/event'><System><Provider Name='Microsoft-Windows-Sysmon' Guid='{5770385f-c22a-43e0-bf4c-06f5698ffbd9}'/><EventID>13</EventID><Version>2</Version><Level>4</Level><Task>13</Task><Opcode>0</Opcode><Keywords>0x8000000000000000</Keywords><TimeCreated SystemTime='2025-08-14T14:38:31.0375622Z'/><EventRecordID>4613823</EventRecordID><Correlation/><Execution ProcessID='5792' ThreadID='8236'/><Channel>Microsoft-Windows-Sysmon/Operational</Channel><Computer>LAPTOP-6UTB6EBF</Computer><Security UserID='S-1-5-18'/></System><EventData><Data Name='RuleName'>-</Data><Data Name='EventType'>SetValue</Data><Data Name='UtcTime'>2025-08-14 14:38:31.036</Data><Data Name='ProcessGuid'>{750e87f3-f4e7-689d-5be0-000000001b00}</Data><Data Name='ProcessId'>38660</Data><Data Name='Image'>C:\WINDOWS\system32\cmd.exe</Data><Data Name='TargetObject'>HKLM\System\CurrentControlSet\Services\bam\State\UserSettings\S-1-5-21-2535620217-2053583276-3195117501-1001\\Device\HarddiskVolume3\Windows\System32\conhost.exe</Data><Data Name='Details'>Binary Data</Data><Data Name='User'>LAPTOP-6UTB6EBF\Sssu</Data></EventData></Event>
<Event xmlns='http://schemas.microsoft.com/win/2004/08/events/event'><System><Provider Name='Microsoft-Windows-Sysmon' Guid='{5770385f-c22a-43e0-bf4c-06f5698ffbd9}'/><EventID>10</EventID><Version>3</Version><Level>4</Level><Task>10</Task><Opcode>0</Opcode><Keywords>0x8000000000000000</Keywords><TimeCreated SystemTime='2025-08-14T14:38:31.0163975Z'/><EventRecordID>4613822</EventRecordID><Correlation/><Execution ProcessID='5792' ThreadID='8236'/><Channel>Microsoft-Windows-Sysmon/Operational</Channel><Computer>LAPTOP-6UTB6EBF</Computer><Security UserID='S-1-5-18'/></System><EventData><Data Name='RuleName'>technique_id=T1055.001,technique_name=Dynamic-link Library Injection</Data><Data Name='UtcTime'>2025-08-14 14:38:31.014</Data><Data Name='SourceProcessGUID'>{750e87f3-f0b8-689d-d0dd-000000001b00}</Data><Data Name='SourceProcessId'>10304</Data><Data Name='SourceThreadId'>17572</Data><Data Name='SourceImage'>D:\Microsoft VS Code\Code.exe</Data><Data Name='TargetProcessGUID'>{750e87f3-f4e7-689d-5be0-000000001b00}</Data><Data Name='TargetProcessId'>38660</Data><Data Name='TargetImage'>C:\WINDOWS\system32\cmd.exe</Data><Data Name='GrantedAccess'>0x1fffff</Data><Data Name='CallTrace'>C:\WINDOWS\SYSTEM32\ntdll.dll+1637e4|C:\WINDOWS\System32\KERNELBASE.dll+fc93a|C:\WINDOWS\System32\KERNELBASE.dll+fa076|C:\WINDOWS\System32\KERNEL32.DLL+3c6d4|D:\Microsoft VS Code\Code.exe+25f7647|D:\Microsoft VS Code\Code.exe+6f9db2|D:\Microsoft VS Code\Code.exe+44c5274|UNKNOWN(00007FF7E0264E47)|UNKNOWN(00007FF7E03D05BF)|UNKNOWN(00007FF7E0A53600)|D:\Microsoft VS Code\Code.exe+44c3435|UNKNOWN(00007FF7E0A548DB)|UNKNOWN(00007FF7E0A54BD3)|UNKNOWN(00007FF7E0A54D3D)|D:\Microsoft VS Code\Code.exe+44c3435|D:\Microsoft VS Code\Code.exe+4505d2e|D:\Microsoft VS Code\Code.exe+45e86ea|D:\Microsoft VS Code\Code.exe+44f3988|D:\Microsoft VS Code\Code.exe+44c00ff|D:\Microsoft VS Code\Code.exe+3d5ca24|D:\Microsoft VS Code\Code.exe+fca2a1|D:\Microsoft VS Code\Code.exe+fca49e|D:\Microsoft VS Code\Code.exe+3d6e2c9|D:\Microsoft VS Code\Code.exe+69210d</Data><Data Name='SourceUser'>LAPTOP-6UTB6EBF\Sssu</Data><Data Name='TargetUser'>LAPTOP-6UTB6EBF\Sssu</Data></EventData></Event>
<Event xmlns='http://schemas.microsoft.com/win/2004/08/events/event'><System><Provider Name='Microsoft-Windows-Sysmon' Guid='{5770385f-c22a-43e0-bf4c-06f5698ffbd9}'/><EventID>1</EventID><Version>5</Version><Level>4</Level><Task>1</Task><Opcode>0</Opcode><Keywords>0x8000000000000000</Keywords><TimeCreated SystemTime='2025-08-14T14:38:31.0162382Z'/><EventRecordID>4613821</EventRecordID><Correlation/><Execution ProcessID='5792' ThreadID='8236'/><Channel>Microsoft-Windows-Sysmon/Operational</Channel><Computer>LAPTOP-6UTB6EBF</Computer><Security UserID='S-1-5-18'/></System><EventData><Data Name='RuleName'>technique_id=T1059.003,technique_name=Windows Command Shell</Data><Data Name='UtcTime'>2025-08-14 14:38:31.005</Data><Data Name='ProcessGuid'>{750e87f3-f4e7-689d-5be0-000000001b00}</Data><Data Name='ProcessId'>38660</Data><Data Name='Image'>C:\Windows\System32\cmd.exe</Data><Data Name='FileVersion'>10.0.26100.4484 (WinBuild.160101.0800)</Data><Data Name='Description'>Windows Command Processor</Data><Data Name='Product'>Microsoft® Windows® Operating System</Data><Data Name='Company'>Microsoft Corporation</Data><Data Name='OriginalFileName'>Cmd.Exe</Data><Data Name='CommandLine'>C:\WINDOWS\system32\cmd.exe /d /s /c "git rev-parse HEAD"</Data><Data Name='CurrentDirectory'>d:\FTAgent-master\</Data><Data Name='User'>LAPTOP-6UTB6EBF\Sssu</Data><Data Name='LogonGuid'>{750e87f3-a408-689d-28e0-c2ee00000000}</Data><Data Name='LogonId'>0xeec2e028</Data><Data Name='TerminalSessionId'>8</Data><Data Name='IntegrityLevel'>High</Data><Data Name='Hashes'>SHA1=0B6A832A8DA0EA7AECB6182A460E9EA59B9C66EF,MD5=823CD190CE323284F6525D67DBDEFD0D,SHA256=875B19DD825BF2086119A0A43431002FB2A3DAFEE7F755453C4DA9109D070566,IMPHASH=ED799256EDA047E9421AD70A5FE3ACD6</Data><Data Name='ParentProcessGuid'>{750e87f3-f0b8-689d-d0dd-000000001b00}</Data><Data Name='ParentProcessId'>10304</Data><Data Name='ParentImage'>D:\Microsoft VS Code\Code.exe</Data><Data Name='ParentCommandLine'>"D:\Microsoft VS Code\Code.exe" --type=utility --utility-sub-type=node.mojom.NodeService --lang=zh-CN --service-sandbox-type=none --dns-result-order=ipv4first --experimental-network-inspection --inspect-port=0 --video-capture-use-gpu-memory-buffer --user-data-dir="C:\Users\Sssu\AppData\Roaming\Code" --standard-schemes=vscode-webview,vscode-file --enable-sandbox --secure-schemes=vscode-webview,vscode-file --cors-schemes=vscode-webview,vscode-file --fetch-schemes=vscode-webview,vscode-file --service-worker-schemes=vscode-webview --code-cache-schemes=vscode-webview,vscode-file --field-trial-handle=1768,i,10854038273762721932,2201040780538170104,262144 --enable-features=DocumentPolicyIncludeJSCallStacksInCrashReports,EarlyEstablishGpuChannel,EnableTransparentHwndEnlargement,EstablishGpuChannelAsync --disable-features=CalculateNativeWinOcclusion,FontationsLinuxSystemFonts,ScreenAIOCREnabled,SpareRendererForSitePerProcess,WinDelaySpellcheckServiceInit --variations-seed-version --mojo-platform-channel-handle=3664 /prefetch:14</Data><Data Name='ParentUser'>LAPTOP-6UTB6EBF\Sssu</Data></EventData></Event>
<Event xmlns='http://schemas.microsoft.com/win/2004/08/events/event'><System><Provider Name='Microsoft-Windows-Sysmon' Guid='{5770385f-c22a-43e0-bf4c-06f5698ffbd9}'/><EventID>13</EventID><Version>2</Version><Level>4</Level><Task>13</Task><Opcode>0</Opcode><Keywords>0x8000000000000000</Keywords><TimeCreated SystemTime='2025-08-14T14:38:31.0140275Z'/><EventRecordID>4613820</EventRecordID><Correlation/><Execution ProcessID='5792' ThreadID='8236'/><Channel>Microsoft-Windows-Sysmon/Operational</Channel><Computer>LAPTOP-6UTB6EBF</Computer><Security UserID='S-1-5-18'/></System><EventData><Data Name='RuleName'>-</Data><Data Name='EventType'>SetValue</Data><Data Name='UtcTime'>2025-08-14 14:38:31.013</Data><Data Name='ProcessGuid'>{750e87f3-f0b8-689d-d0dd-000000001b00}</Data><Data Name='ProcessId'>10304</Data><Data Name='Image'>D:\Microsoft VS Code\Code.exe</Data><Data Name='TargetObject'>HKLM\System\CurrentControlSet\Services\bam\State\UserSettings\S-1-5-21-2535620217-2053583276-3195117501-1001\\Device\HarddiskVolume3\Windows\System32\cmd.exe</Data><Data Name='Details'>Binary Data</Data><Data Name='User'>LAPTOP-6UTB6EBF\Sssu</Data></EventData></Event>
<Event xmlns='http://schemas.microsoft.com/win/2004/08/events/event'><System><Provider Name='Microsoft-Windows-Sysmon' Guid='{5770385f-c22a-43e0-bf4c-06f5698ffbd9}'/><EventID>13</EventID><Version>2</Version><Level>4</Level><Task>13</Task><Opcode>0</Opcode><Keywords>0x8000000000000000</Keywords><TimeCreated SystemTime='2025-08-14T14:38:31.0055544Z'/><EventRecordID>4613819</EventRecordID><Correlation/><Execution ProcessID='5792' ThreadID='8236'/><Channel>Microsoft-Windows-Sysmon/Operational</Channel><Computer>LAPTOP-6UTB6EBF</Computer><Security UserID='S-1-5-18'/></System><EventData><Data Name='RuleName'>-</Data><Data Name='EventType'>SetValue</Data><Data Name='UtcTime'>2025-08-14 14:38:31.004</Data><Data Name='ProcessGuid'>{750e87f3-f4e5-689d-58e0-000000001b00}</Data><Data Name='ProcessId'>38072</Data><Data Name='Image'>C:\WINDOWS\system32\conhost.exe</Data><Data Name='TargetObject'>HKLM\System\CurrentControlSet\Services\bam\State\UserSettings\S-1-5-21-2535620217-2053583276-3195117501-1001\\Device\HarddiskVolume3\Windows\System32\conhost.exe</Data><Data Name='Details'>Binary Data</Data><Data Name='User'>LAPTOP-6UTB6EBF\Sssu</Data></EventData></Event>
<Event xmlns='http://schemas.microsoft.com/win/2004/08/events/event'><System><Provider Name='Microsoft-Windows-Sysmon' Guid='{5770385f-c22a-43e0-bf4c-06f5698ffbd9}'/><EventID>17</EventID><Version>1</Version><Level>4</Level><Task>17</Task><Opcode>0</Opcode><Keywords>0x8000000000000000</Keywords><TimeCreated SystemTime='2025-08-14T14:38:31.0051474Z'/><EventRecordID>4613818</EventRecordID><Correlation/><Execution ProcessID='5792' ThreadID='8236'/><Channel>Microsoft-Windows-Sysmon/Operational</Channel><Computer>LAPTOP-6UTB6EBF</Computer><Security UserID='S-1-5-18'/></System><EventData><Data Name='RuleName'>-</Data><Data Name='EventType'>CreatePipe</Data><Data Name='UtcTime'>2025-08-14 14:38:31.004</Data><Data Name='ProcessGuid'>{750e87f3-f0b8-689d-d0dd-000000001b00}</Data><Data Name='ProcessId'>10304</Data><Data Name='PipeName'>\uv\17-10304</Data><Data Name='Image'>D:\Microsoft VS Code\Code.exe</Data><Data Name='User'>LAPTOP-6UTB6EBF\Sssu</Data></EventData></Event>
<Event xmlns='http://schemas.microsoft.com/win/2004/08/events/event'><System><Provider Name='Microsoft-Windows-Sysmon' Guid='{5770385f-c22a-43e0-bf4c-06f5698ffbd9}'/><EventID>17</EventID><Version>1</Version><Level>4</Level><Task>17</Task><Opcode>0</Opcode><Keywords>0x8000000000000000</Keywords><TimeCreated SystemTime='2025-08-14T14:38:31.0049697Z'/><EventRecordID>4613817</EventRecordID><Correlation/><Execution ProcessID='5792' ThreadID='8236'/><Channel>Microsoft-Windows-Sysmon/Operational</Channel><Computer>LAPTOP-6UTB6EBF</Computer><Security UserID='S-1-5-18'/></System><EventData><Data Name='RuleName'>-</Data><Data Name='EventType'>CreatePipe</Data><Data Name='UtcTime'>2025-08-14 14:38:31.004</Data><Data Name='ProcessGuid'>{750e87f3-f0b8-689d-d0dd-000000001b00}</Data><Data Name='ProcessId'>10304</Data><Data Name='PipeName'>\uv\7-10304</Data><Data Name='Image'>D:\Microsoft VS Code\Code.exe</Data><Data Name='User'>LAPTOP-6UTB6EBF\Sssu</Data></EventData></Event>
<Event xmlns='http://schemas.microsoft.com/win/2004/08/events/event'><System><Provider Name='Microsoft-Windows-Sysmon' Guid='{5770385f-c22a-43e0-bf4c-06f5698ffbd9}'/><EventID>17</EventID><Version>1</Version><Level>4</Level><Task>17</Task><Opcode>0</Opcode><Keywords>0x8000000000000000</Keywords><TimeCreated SystemTime='2025-08-14T14:38:31.0048525Z'/><EventRecordID>4613816</EventRecordID><Correlation/><Execution ProcessID='5792' ThreadID='8236'/><Channel>Microsoft-Windows-Sysmon/Operational</Channel><Computer>LAPTOP-6UTB6EBF</Computer><Security UserID='S-1-5-18'/></System><EventData><Data Name='RuleName'>-</Data><Data Name='EventType'>CreatePipe</Data><Data Name='UtcTime'>2025-08-14 14:38:31.004</Data><Data Name='ProcessGuid'>{750e87f3-f0b8-689d-d0dd-000000001b00}</Data><Data Name='ProcessId'>10304</Data><Data Name='PipeName'>\uv\6-10304</Data><Data Name='Image'>D:\Microsoft VS Code\Code.exe</Data><Data Name='User'>LAPTOP-6UTB6EBF\Sssu</Data></EventData></Event>
<Event xmlns='http://schemas.microsoft.com/win/2004/08/events/event'><System><Provider Name='Microsoft-Windows-Sysmon' Guid='{5770385f-c22a-43e0-bf4c-06f5698ffbd9}'/><EventID>13</EventID><Version>2</Version><Level>4</Level><Task>13</Task><Opcode>0</Opcode><Keywords>0x8000000000000000</Keywords><TimeCreated SystemTime='2025-08-14T14:38:31.0035617Z'/><EventRecordID>4613815</EventRecordID><Correlation/><Execution ProcessID='5792' ThreadID='8236'/><Channel>Microsoft-Windows-Sysmon/Operational</Channel><Computer>LAPTOP-6UTB6EBF</Computer><Security UserID='S-1-5-18'/></System><EventData><Data Name='RuleName'>-</Data><Data Name='EventType'>SetValue</Data><Data Name='UtcTime'>2025-08-14 14:38:31.002</Data><Data Name='ProcessGuid'>{750e87f3-f4e5-689d-57e0-000000001b00}</Data><Data Name='ProcessId'>18628</Data><Data Name='Image'>C:\WINDOWS\system32\cmd.exe</Data><Data Name='TargetObject'>HKLM\System\CurrentControlSet\Services\bam\State\UserSettings\S-1-5-21-2535620217-2053583276-3195117501-1001\\Device\HarddiskVolume3\Windows\System32\cmd.exe</Data><Data Name='Details'>Binary Data</Data><Data Name='User'>LAPTOP-6UTB6EBF\Sssu</Data></EventData></Event>
<Event xmlns='http://schemas.microsoft.com/win/2004/08/events/event'><System><Provider Name='Microsoft-Windows-Sysmon' Guid='{5770385f-c22a-43e0-bf4c-06f5698ffbd9}'/><EventID>1</EventID><Version>5</Version><Level>4</Level><Task>1</Task><Opcode>0</Opcode><Keywords>0x8000000000000000</Keywords><TimeCreated SystemTime='2025-08-14T14:38:30.9281872Z'/><EventRecordID>4613814</EventRecordID><Correlation/><Execution ProcessID='5792' ThreadID='8236'/><Channel>Microsoft-Windows-Sysmon/Operational</Channel><Computer>LAPTOP-6UTB6EBF</Computer><Security UserID='S-1-5-18'/></System><EventData><Data Name='RuleName'>technique_id=T1083,technique_name=File and Directory Discovery</Data><Data Name='UtcTime'>2025-08-14 14:38:30.184</Data><Data Name='ProcessGuid'>{750e87f3-f4e6-689d-5ae0-000000001b00}</Data><Data Name='ProcessId'>38104</Data><Data Name='Image'>D:\Git\mingw64\bin\git.exe</Data><Data Name='FileVersion'>2.47.0.windows.2</Data><Data Name='Description'>Git for Windows</Data><Data Name='Product'>Git</Data><Data Name='Company'>The Git Development Community</Data><Data Name='OriginalFileName'>git.exe</Data><Data Name='CommandLine'>git.exe  rev-parse --git-dir</Data><Data Name='CurrentDirectory'>d:\FTAgent-master\</Data><Data Name='User'>LAPTOP-6UTB6EBF\Sssu</Data><Data Name='LogonGuid'>{750e87f3-a408-689d-28e0-c2ee00000000}</Data><Data Name='LogonId'>0xeec2e028</Data><Data Name='TerminalSessionId'>8</Data><Data Name='IntegrityLevel'>High</Data><Data Name='Hashes'>SHA1=C99F61F91CD4814963873F8719239B4716304BF2,MD5=D34F13E7950085E0F6490A8B464C1E1C,SHA256=C56B3CD094880DA8693BEE16072607422D9C85D0375C07E348104280920C619D,IMPHASH=EB9545C6B03DEE5ACFDE883F783112D0</Data><Data Name='ParentProcessGuid'>{750e87f3-f4e5-689d-59e0-000000001b00}</Data><Data Name='ParentProcessId'>14692</Data><Data Name='ParentImage'>D:\Git\cmd\git.exe</Data><Data Name='ParentCommandLine'>git  rev-parse --git-dir</Data><Data Name='ParentUser'>LAPTOP-6UTB6EBF\Sssu</Data></EventData></Event>
<Event xmlns='http://schemas.microsoft.com/win/2004/08/events/event'><System><Provider Name='Microsoft-Windows-Sysmon' Guid='{5770385f-c22a-43e0-bf4c-06f5698ffbd9}'/><EventID>13</EventID><Version>2</Version><Level>4</Level><Task>13</Task><Opcode>0</Opcode><Keywords>0x8000000000000000</Keywords><TimeCreated SystemTime='2025-08-14T14:38:30.6902716Z'/><EventRecordID>4613813</EventRecordID><Correlation/><Execution ProcessID='5792' ThreadID='8236'/><Channel>Microsoft-Windows-Sysmon/Operational</Channel><Computer>LAPTOP-6UTB6EBF</Computer><Security UserID='S-1-5-18'/></System><EventData><Data Name='RuleName'>technique_id=T1005,technique_name=Data from Local System</Data><Data Name='EventType'>SetValue</Data><Data Name='UtcTime'>2025-08-14 14:38:30.688</Data><Data Name='ProcessGuid'>{750e87f3-4bcf-688f-b100-000000001b00}</Data><Data Name='ProcessId'>11456</Data><Data Name='Image'>C:\WINDOWS\system32\svchost.exe</Data><Data Name='TargetObject'>HKU\S-1-5-21-2535620217-2053583276-3195117501-1001\Software\Microsoft\Windows\CurrentVersion\CapabilityAccessManager\ConsentStore\location\NonPackaged\C:#Program Files (x86)#Lenovo#PCManager#5.1.120.7041#Modules#SE#SmartEngineHost.exe\PersistedInDatabase</Data><Data Name='Details'>DWORD (0x00000001)</Data><Data Name='User'>NT AUTHORITY\SYSTEM</Data></EventData></Event>
<Event xmlns='http://schemas.microsoft.com/win/2004/08/events/event'><System><Provider Name='Microsoft-Windows-Sysmon' Guid='{5770385f-c22a-43e0-bf4c-06f5698ffbd9}'/><EventID>13</EventID><Version>2</Version><Level>4</Level><Task>13</Task><Opcode>0</Opcode><Keywords>0x8000000000000000</Keywords><TimeCreated SystemTime='2025-08-14T14:38:30.6889754Z'/><EventRecordID>4613812</EventRecordID><Correlation/><Execution ProcessID='5792' ThreadID='8236'/><Channel>Microsoft-Windows-Sysmon/Operational</Channel><Computer>LAPTOP-6UTB6EBF</Computer><Security UserID='S-1-5-18'/></System><EventData><Data Name='RuleName'>technique_id=T1005,technique_name=Data from Local System</Data><Data Name='EventType'>SetValue</Data><Data Name='UtcTime'>2025-08-14 14:38:30.686</Data><Data Name='ProcessGuid'>{750e87f3-4bcf-688f-b100-000000001b00}</Data><Data Name='ProcessId'>11456</Data><Data Name='Image'>C:\WINDOWS\system32\svchost.exe</Data><Data Name='TargetObject'>HKU\S-1-5-21-2535620217-2053583276-3195117501-1001\Software\Microsoft\Windows\CurrentVersion\CapabilityAccessManager\ConsentStore\location\NonPackaged\C:#Program Files (x86)#Lenovo#PCManager#5.1.120.7041#Modules#SE#SmartEngineHost.exe\LastUsedTimeStop</Data><Data Name='Details'>QWORD (0x01dc0d29-0x1aaf39cc)</Data><Data Name='User'>NT AUTHORITY\SYSTEM</Data></EventData></Event>
<Event xmlns='http://schemas.microsoft.com/win/2004/08/events/event'><System><Provider Name='Microsoft-Windows-Sysmon' Guid='{5770385f-c22a-43e0-bf4c-06f5698ffbd9}'/><EventID>13</EventID><Version>2</Version><Level>4</Level><Task>13</Task><Opcode>0</Opcode><Keywords>0x8000000000000000</Keywords><TimeCreated SystemTime='2025-08-14T14:38:30.6802716Z'/><EventRecordID>4613811</EventRecordID><Correlation/><Execution ProcessID='5792' ThreadID='8236'/><Channel>Microsoft-Windows-Sysmon/Operational</Channel><Computer>LAPTOP-6UTB6EBF</Computer><Security UserID='S-1-5-18'/></System><EventData><Data Name='RuleName'>technique_id=T1005,technique_name=Data from Local System</Data><Data Name='EventType'>SetValue</Data><Data Name='UtcTime'>2025-08-14 14:38:30.677</Data><Data Name='ProcessGuid'>{750e87f3-4bcf-688f-b100-000000001b00}</Data><Data Name='ProcessId'>11456</Data><Data Name='Image'>C:\WINDOWS\system32\svchost.exe</Data><Data Name='TargetObject'>HKU\S-1-5-21-2535620217-2053583276-3195117501-1001\Software\Microsoft\Windows\CurrentVersion\CapabilityAccessManager\ConsentStore\location\NonPackaged\C:#Program Files (x86)#Lenovo#PCManager#5.1.120.7041#Modules#SE#SmartEngineHost.exe\LastUsedTimeStop</Data><Data Name='Details'>QWORD (0x00000000-0x00000000)</Data><Data Name='User'>NT AUTHORITY\SYSTEM</Data></EventData></Event>
<Event xmlns='http://schemas.microsoft.com/win/2004/08/events/event'><System><Provider Name='Microsoft-Windows-Sysmon' Guid='{5770385f-c22a-43e0-bf4c-06f5698ffbd9}'/><EventID>13</EventID><Version>2</Version><Level>4</Level><Task>13</Task><Opcode>0</Opcode><Keywords>0x8000000000000000</Keywords><TimeCreated SystemTime='2025-08-14T14:38:30.6731150Z'/><EventRecordID>4613810</EventRecordID><Correlation/><Execution ProcessID='5792' ThreadID='8236'/><Channel>Microsoft-Windows-Sysmon/Operational</Channel><Computer>LAPTOP-6UTB6EBF</Computer><Security UserID='S-1-5-18'/></System><EventData><Data Name='RuleName'>technique_id=T1005,technique_name=Data from Local System</Data><Data Name='EventType'>SetValue</Data><Data Name='UtcTime'>2025-08-14 14:38:30.671</Data><Data Name='ProcessGuid'>{750e87f3-4bcf-688f-b100-000000001b00}</Data><Data Name='ProcessId'>11456</Data><Data Name='Image'>C:\WINDOWS\system32\svchost.exe</Data><Data Name='TargetObject'>HKU\S-1-5-21-2535620217-2053583276-3195117501-1001\Software\Microsoft\Windows\CurrentVersion\CapabilityAccessManager\ConsentStore\location\NonPackaged\C:#Program Files (x86)#Lenovo#PCManager#5.1.120.7041#Modules#SE#SmartEngineHost.exe\LastUserAnnotatedLabel</Data><Data Name='Details'>DWORD (0x00000002)</Data><Data Name='User'>NT AUTHORITY\SYSTEM</Data></EventData></Event>
<Event xmlns='http://schemas.microsoft.com/win/2004/08/events/event'><System><Provider Name='Microsoft-Windows-Sysmon' Guid='{5770385f-c22a-43e0-bf4c-06f5698ffbd9}'/><EventID>13</EventID><Version>2</Version><Level>4</Level><Task>13</Task><Opcode>0</Opcode><Keywords>0x8000000000000000</Keywords><TimeCreated SystemTime='2025-08-14T14:38:30.6711836Z'/><EventRecordID>4613809</EventRecordID><Correlation/><Execution ProcessID='5792' ThreadID='8236'/><Channel>Microsoft-Windows-Sysmon/Operational</Channel><Computer>LAPTOP-6UTB6EBF</Computer><Security UserID='S-1-5-18'/></System><EventData><Data Name='RuleName'>technique_id=T1005,technique_name=Data from Local System</Data><Data Name='EventType'>SetValue</Data><Data Name='UtcTime'>2025-08-14 14:38:30.670</Data><Data Name='ProcessGuid'>{750e87f3-4bcf-688f-b100-000000001b00}</Data><Data Name='ProcessId'>11456</Data><Data Name='Image'>C:\WINDOWS\system32\svchost.exe</Data><Data Name='TargetObject'>HKU\S-1-5-21-2535620217-2053583276-3195117501-1001\Software\Microsoft\Windows\CurrentVersion\CapabilityAccessManager\ConsentStore\location\NonPackaged\C:#Program Files (x86)#Lenovo#PCManager#5.1.120.7041#Modules#SE#SmartEngineHost.exe\LastUsedTimeStart</Data><Data Name='Details'>QWORD (0x01dc0d29-0x1aaddb70)</Data><Data Name='User'>NT AUTHORITY\SYSTEM</Data></EventData></Event>
<Event xmlns='http://schemas.microsoft.com/win/2004/08/events/event'><System><Provider Name='Microsoft-Windows-Sysmon' Guid='{5770385f-c22a-43e0-bf4c-06f5698ffbd9}'/><EventID>13</EventID><Version>2</Version><Level>4</Level><Task>13</Task><Opcode>0</Opcode><Keywords>0x8000000000000000</Keywords><TimeCreated SystemTime='2025-08-14T14:38:30.6288025Z'/><EventRecordID>4613808</EventRecordID><Correlation/><Execution ProcessID='5792' ThreadID='8236'/><Channel>Microsoft-Windows-Sysmon/Operational</Channel><Computer>LAPTOP-6UTB6EBF</Computer><Security UserID='S-1-5-18'/></System><EventData><Data Name='RuleName'>technique_id=T1005,technique_name=Data from Local System</Data><Data Name='EventType'>SetValue</Data><Data Name='UtcTime'>2025-08-14 14:38:30.627</Data><Data Name='ProcessGuid'>{750e87f3-4bcf-688f-b100-000000001b00}</Data><Data Name='ProcessId'>11456</Data><Data Name='Image'>C:\WINDOWS\system32\svchost.exe</Data><Data Name='TargetObject'>HKU\S-1-5-21-2535620217-2053583276-3195117501-1001\Software\Microsoft\Windows\CurrentVersion\CapabilityAccessManager\ConsentStore\location\NonPackaged\C:#Program Files (x86)#Lenovo#PCManager#5.1.120.7041#Modules#SE#SmartEngineHost.exe\PersistedInDatabase</Data><Data Name='Details'>DWORD (0x00000001)</Data><Data Name='User'>NT AUTHORITY\SYSTEM</Data></EventData></Event>
<Event xmlns='http://schemas.microsoft.com/win/2004/08/events/event'><System><Provider Name='Microsoft-Windows-Sysmon' Guid='{5770385f-c22a-43e0-bf4c-06f5698ffbd9}'/><EventID>13</EventID><Version>2</Version><Level>4</Level><Task>13</Task><Opcode>0</Opcode><Keywords>0x8000000000000000</Keywords><TimeCreated SystemTime='2025-08-14T14:38:30.6276916Z'/><EventRecordID>4613807</EventRecordID><Correlation/><Execution ProcessID='5792' ThreadID='8236'/><Channel>Microsoft-Windows-Sysmon/Operational</Channel><Computer>LAPTOP-6UTB6EBF</Computer><Security UserID='S-1-5-18'/></System><EventData><Data Name='RuleName'>technique_id=T1005,technique_name=Data from Local System</Data><Data Name='EventType'>SetValue</Data><Data Name='UtcTime'>2025-08-14 14:38:30.626</Data><Data Name='ProcessGuid'>{750e87f3-4bcf-688f-b100-000000001b00}</Data><Data Name='ProcessId'>11456</Data><Data Name='Image'>C:\WINDOWS\system32\svchost.exe</Data><Data Name='TargetObject'>HKU\S-1-5-21-2535620217-2053583276-3195117501-1001\Software\Microsoft\Windows\CurrentVersion\CapabilityAccessManager\ConsentStore\location\NonPackaged\C:#Program Files (x86)#Lenovo#PCManager#5.1.120.7041#Modules#SE#SmartEngineHost.exe\LastUsedTimeStop</Data><Data Name='Details'>QWORD (0x01dc0d29-0x1aa5eb8f)</Data><Data Name='User'>NT AUTHORITY\SYSTEM</Data></EventData></Event>
