<Event xmlns='http://schemas.microsoft.com/win/2004/08/events/event'><System><Provider Name='Microsoft-Windows-Sysmon' Guid='{5770385f-c22a-43e0-bf4c-06f5698ffbd9}'/><EventID>22</EventID><Version>5</Version><Level>4</Level><Task>22</Task><Opcode>0</Opcode><Keywords>0x8000000000000000</Keywords><TimeCreated SystemTime='2025-08-14T14:38:36.2457725Z'/><EventRecordID>4613875</EventRecordID><Correlation/><Execution ProcessID='5792' ThreadID='8268'/><Channel>Microsoft-Windows-Sysmon/Operational</Channel><Computer>LAPTOP-6UTB6EBF</Computer><Security UserID='S-1-5-18'/></System><EventData><Data Name='RuleName'>-</Data><Data Name='UtcTime'>2025-08-14 14:38:35.065</Data><Data Name='ProcessGuid'>{750e87f3-a4e3-689d-07c5-000000001b00}</Data><Data Name='ProcessId'>13448</Data><Data Name='QueryName'>mcs-bd.feishu.cn</Data><Data Name='QueryStatus'>0</Data><Data Name='QueryResults'>type: 5 mcs-bd.feishu.cn.bytedns1.com;type: 5 mcs-bd.feishu.cn.c.dsa.cdnbuild.net;type: 5 l7-online-mp.s.dsa.cdnbuild.net;::ffff:110.249.203.176;::ffff:110.249.203.175;::ffff:110.249.203.177;::ffff:110.249.203.174;::ffff:110.249.203.178;</Data><Data Name='Image'>D:\Feishu\app\Feishu.exe</Data><Data Name='User'>LAPTOP-6UTB6EBF\Sssu</Data></EventData></Event>
<Event xmlns='http://schemas.microsoft.com/win/2004/08/events/event'><System><Provider Name='Microsoft-Windows-Sysmon' Guid='{5770385f-c22a-43e0-bf4c-06f5698ffbd9}'/><EventID>22</EventID><Version>5</Version><Level>4</Level><Task>22</Task><Opcode>0</Opcode><Keywords>0x8000000000000000</Keywords><TimeCreated SystemTime='2025-08-14T14:38:36.2457018Z'/><EventRecordID>4613874</EventRecordID><Correlation/><Execution ProcessID='5792' ThreadID='8268'/><Channel>Microsoft-Windows-Sysmon/Operational</Channel><Computer>LAPTOP-6UTB6EBF</Computer><Security UserID='S-1-5-18'/></System><EventData><Data Name='RuleName'>-</Data><Data Name='UtcTime'>2025-08-14 14:38:35.064</Data><Data Name='ProcessGuid'>{750e87f3-a4e3-689d-07c5-000000001b00}</Data><Data Name='ProcessId'>13448</Data><Data Name='QueryName'>slardar-bd.feishu.cn</Data><Data Name='QueryStatus'>0</Data><Data Name='QueryResults'>type: 5 slardar-bd.feishu.cn.bytedns1.com;type: 5 slardar-bd.feishu.cn.w.cdngslb.com;type: 5 slardar-bd.feishu.cn.queniukw.com;::ffff:119.249.53.154;::ffff:119.249.53.231;::ffff:221.195.209.94;::ffff:221.195.209.96;::ffff:221.195.209.98;::ffff:221.195.209.97;::ffff:221.195.209.93;::ffff:101.72.238.91;::ffff:221.195.209.99;::ffff:101.72.238.88;::ffff:221.195.209.95;::ffff:101.72.238.93;::ffff:221.195.209.100;::ffff:119.249.53.232;::ffff:101.72.238.89;::ffff:119.249.53.233;</Data><Data Name='Image'>D:\Feishu\app\Feishu.exe</Data><Data Name='User'>LAPTOP-6UTB6EBF\Sssu</Data></EventData></Event>
<Event xmlns='http://schemas.microsoft.com/win/2004/08/events/event'><System><Provider Name='Microsoft-Windows-Sysmon' Guid='{5770385f-c22a-43e0-bf4c-06f5698ffbd9}'/><EventID>13</EventID><Version>2</Version><Level>4</Level><Task>13</Task><Opcode>0</Opcode><Keywords>0x8000000000000000</Keywords><TimeCreated SystemTime='2025-08-14T14:38:33.2229547Z'/><EventRecordID>4613873</EventRecordID><Correlation/><Execution ProcessID='5792' ThreadID='8236'/><Channel>Microsoft-Windows-Sysmon/Operational</Channel><Computer>LAPTOP-6UTB6EBF</Computer><Security UserID='S-1-5-18'/></System><EventData><Data Name='RuleName'>-</Data><Data Name='EventType'>SetValue</Data><Data Name='UtcTime'>2025-08-14 14:38:33.219</Data><Data Name='ProcessGuid'>{750e87f3-f4e9-689d-64e0-000000001b00}</Data><Data Name='ProcessId'>9984</Data><Data Name='Image'>C:\WINDOWS\system32\conhost.exe</Data><Data Name='TargetObject'>HKLM\System\CurrentControlSet\Services\bam\State\UserSettings\S-1-5-21-2535620217-2053583276-3195117501-1001\\Device\HarddiskVolume3\Windows\System32\conhost.exe</Data><Data Name='Details'>Binary Data</Data><Data Name='User'>LAPTOP-6UTB6EBF\Sssu</Data></EventData></Event>
<Event xmlns='http://schemas.microsoft.com/win/2004/08/events/event'><System><Provider Name='Microsoft-Windows-Sysmon' Guid='{5770385f-c22a-43e0-bf4c-06f5698ffbd9}'/><EventID>13</EventID><Version>2</Version><Level>4</Level><Task>13</Task><Opcode>0</Opcode><Keywords>0x8000000000000000</Keywords><TimeCreated SystemTime='2025-08-14T14:38:33.2220370Z'/><EventRecordID>4613872</EventRecordID><Correlation/><Execution ProcessID='5792' ThreadID='8236'/><Channel>Microsoft-Windows-Sysmon/Operational</Channel><Computer>LAPTOP-6UTB6EBF</Computer><Security UserID='S-1-5-18'/></System><EventData><Data Name='RuleName'>-</Data><Data Name='EventType'>SetValue</Data><Data Name='UtcTime'>2025-08-14 14:38:33.217</Data><Data Name='ProcessGuid'>{750e87f3-f4e9-689d-63e0-000000001b00}</Data><Data Name='ProcessId'>26996</Data><Data Name='Image'>C:\Windows\System32\WindowsPowerShell\v1.0\powershell.exe</Data><Data Name='TargetObject'>HKLM\System\CurrentControlSet\Services\bam\State\UserSettings\S-1-5-21-2535620217-2053583276-3195117501-1001\\Device\HarddiskVolume3\Windows\System32\WindowsPowerShell\v1.0\powershell.exe</Data><Data Name='Details'>Binary Data</Data><Data Name='User'>LAPTOP-6UTB6EBF\Sssu</Data></EventData></Event>
<Event xmlns='http://schemas.microsoft.com/win/2004/08/events/event'><System><Provider Name='Microsoft-Windows-Sysmon' Guid='{5770385f-c22a-43e0-bf4c-06f5698ffbd9}'/><EventID>11</EventID><Version>2</Version><Level>4</Level><Task>11</Task><Opcode>0</Opcode><Keywords>0x8000000000000000</Keywords><TimeCreated SystemTime='2025-08-14T14:38:33.2194515Z'/><EventRecordID>4613871</EventRecordID><Correlation/><Execution ProcessID='5792' ThreadID='8236'/><Channel>Microsoft-Windows-Sysmon/Operational</Channel><Computer>LAPTOP-6UTB6EBF</Computer><Security UserID='S-1-5-18'/></System><EventData><Data Name='RuleName'>-</Data><Data Name='UtcTime'>2025-08-14 14:38:33.213</Data><Data Name='ProcessGuid'>{750e87f3-f4e9-689d-63e0-000000001b00}</Data><Data Name='ProcessId'>26996</Data><Data Name='Image'>C:\Windows\System32\WindowsPowerShell\v1.0\powershell.exe</Data><Data Name='TargetFilename'>C:\Users\Sssu\AppData\Local\Microsoft\Windows\PowerShell\StartupProfileData-NonInteractive</Data><Data Name='CreationUtcTime'>2025-02-24 08:06:28.554</Data><Data Name='User'>LAPTOP-6UTB6EBF\Sssu</Data></EventData></Event>
<Event xmlns='http://schemas.microsoft.com/win/2004/08/events/event'><System><Provider Name='Microsoft-Windows-Sysmon' Guid='{5770385f-c22a-43e0-bf4c-06f5698ffbd9}'/><EventID>7</EventID><Version>3</Version><Level>4</Level><Task>7</Task><Opcode>0</Opcode><Keywords>0x8000000000000000</Keywords><TimeCreated SystemTime='2025-08-14T14:38:33.1942152Z'/><EventRecordID>4613870</EventRecordID><Correlation/><Execution ProcessID='5792' ThreadID='8236'/><Channel>Microsoft-Windows-Sysmon/Operational</Channel><Computer>LAPTOP-6UTB6EBF</Computer><Security UserID='S-1-5-18'/></System><EventData><Data Name='RuleName'>technique_id=T1055,technique_name=Process Injection</Data><Data Name='UtcTime'>2025-08-14 14:38:33.182</Data><Data Name='ProcessGuid'>{750e87f3-f4e9-689d-63e0-000000001b00}</Data><Data Name='ProcessId'>26996</Data><Data Name='Image'>C:\Windows\System32\WindowsPowerShell\v1.0\powershell.exe</Data><Data Name='ImageLoaded'>C:\Windows\Microsoft.NET\Framework64\v4.0.30319\clrjit.dll</Data><Data Name='FileVersion'>4.8.9310.0 built by: NET481REL1LAST_C</Data><Data Name='Description'>Microsoft .NET Runtime Just-In-Time Compiler</Data><Data Name='Product'>Microsoft® .NET Framework</Data><Data Name='Company'>Microsoft Corporation</Data><Data Name='OriginalFileName'>clrjit.dll</Data><Data Name='Hashes'>SHA1=0513F2E34A02773BCDC5179DCA6E65557CD41336,MD5=6C1E4C94862BFEC94F9F5F73D5D84554,SHA256=24FCAF2398115D6946E93739FCEB11B07D5D31C6B906B4F42A8037A5DB473D85,IMPHASH=F2AFE1578B0645F42EFCA5A3FB0CE765</Data><Data Name='Signed'>true</Data><Data Name='Signature'>Microsoft Corporation</Data><Data Name='SignatureStatus'>Valid</Data><Data Name='User'>LAPTOP-6UTB6EBF\Sssu</Data></EventData></Event>
<Event xmlns='http://schemas.microsoft.com/win/2004/08/events/event'><System><Provider Name='Microsoft-Windows-Sysmon' Guid='{5770385f-c22a-43e0-bf4c-06f5698ffbd9}'/><EventID>17</EventID><Version>1</Version><Level>4</Level><Task>17</Task><Opcode>0</Opcode><Keywords>0x8000000000000000</Keywords><TimeCreated SystemTime='2025-08-14T14:38:33.1933888Z'/><EventRecordID>4613869</EventRecordID><Correlation/><Execution ProcessID='5792' ThreadID='8236'/><Channel>Microsoft-Windows-Sysmon/Operational</Channel><Computer>LAPTOP-6UTB6EBF</Computer><Security UserID='S-1-5-18'/></System><EventData><Data Name='RuleName'>-</Data><Data Name='EventType'>CreatePipe</Data><Data Name='UtcTime'>2025-08-14 14:38:33.172</Data><Data Name='ProcessGuid'>{750e87f3-f4e9-689d-63e0-000000001b00}</Data><Data Name='ProcessId'>26996</Data><Data Name='PipeName'>\PSHost.133996559130308468.26996.DefaultAppDomain.powershell</Data><Data Name='Image'>C:\Windows\System32\WindowsPowerShell\v1.0\powershell.exe</Data><Data Name='User'>LAPTOP-6UTB6EBF\Sssu</Data></EventData></Event>
<Event xmlns='http://schemas.microsoft.com/win/2004/08/events/event'><System><Provider Name='Microsoft-Windows-Sysmon' Guid='{5770385f-c22a-43e0-bf4c-06f5698ffbd9}'/><EventID>26</EventID><Version>5</Version><Level>4</Level><Task>26</Task><Opcode>0</Opcode><Keywords>0x8000000000000000</Keywords><TimeCreated SystemTime='2025-08-14T14:38:33.1837241Z'/><EventRecordID>4613868</EventRecordID><Correlation/><Execution ProcessID='5792' ThreadID='8236'/><Channel>Microsoft-Windows-Sysmon/Operational</Channel><Computer>LAPTOP-6UTB6EBF</Computer><Security UserID='S-1-5-18'/></System><EventData><Data Name='RuleName'>-</Data><Data Name='UtcTime'>2025-08-14 14:38:33.153</Data><Data Name='ProcessGuid'>{750e87f3-f4e9-689d-63e0-000000001b00}</Data><Data Name='ProcessId'>26996</Data><Data Name='User'>LAPTOP-6UTB6EBF\Sssu</Data><Data Name='Image'>C:\Windows\System32\WindowsPowerShell\v1.0\powershell.exe</Data><Data Name='TargetFilename'>C:\Users\Sssu\AppData\Local\Temp\__PSScriptPolicyTest_ltm2t4xb.uv2.ps1</Data><Data Name='Hashes'>SHA1=6AB83620379FC69F80C0242105DDFFD7D98D5D9D,MD5=D17FE0A3F47BE24A6453E9EF58C94641,SHA256=96AD1146EB96877EAB5942AE0736B82D8B5E2039A80D3D6932665C1A4C87DCF7,IMPHASH=00000000000000000000000000000000</Data><Data Name='IsExecutable'>false</Data></EventData></Event>
<Event xmlns='http://schemas.microsoft.com/win/2004/08/events/event'><System><Provider Name='Microsoft-Windows-Sysmon' Guid='{5770385f-c22a-43e0-bf4c-06f5698ffbd9}'/><EventID>11</EventID><Version>2</Version><Level>4</Level><Task>11</Task><Opcode>0</Opcode><Keywords>0x8000000000000000</Keywords><TimeCreated SystemTime='2025-08-14T14:38:33.1484304Z'/><EventRecordID>4613867</EventRecordID><Correlation/><Execution ProcessID='5792' ThreadID='8236'/><Channel>Microsoft-Windows-Sysmon/Operational</Channel><Computer>LAPTOP-6UTB6EBF</Computer><Security UserID='S-1-5-18'/></System><EventData><Data Name='RuleName'>technique_id=T1059.001,technique_name=PowerShell</Data><Data Name='UtcTime'>2025-08-14 14:38:33.129</Data><Data Name='ProcessGuid'>{750e87f3-f4e9-689d-63e0-000000001b00}</Data><Data Name='ProcessId'>26996</Data><Data Name='Image'>C:\Windows\System32\WindowsPowerShell\v1.0\powershell.exe</Data><Data Name='TargetFilename'>C:\Users\Sssu\AppData\Local\Temp\__PSScriptPolicyTest_ltm2t4xb.uv2.ps1</Data><Data Name='CreationUtcTime'>2025-08-14 14:38:33.128</Data><Data Name='User'>LAPTOP-6UTB6EBF\Sssu</Data></EventData></Event>
<Event xmlns='http://schemas.microsoft.com/win/2004/08/events/event'><System><Provider Name='Microsoft-Windows-Sysmon' Guid='{5770385f-c22a-43e0-bf4c-06f5698ffbd9}'/><EventID>7</EventID><Version>3</Version><Level>4</Level><Task>7</Task><Opcode>0</Opcode><Keywords>0x8000000000000000</Keywords><TimeCreated SystemTime='2025-08-14T14:38:33.1219095Z'/><EventRecordID>4613866</EventRecordID><Correlation/><Execution ProcessID='5792' ThreadID='8236'/><Channel>Microsoft-Windows-Sysmon/Operational</Channel><Computer>LAPTOP-6UTB6EBF</Computer><Security UserID='S-1-5-18'/></System><EventData><Data Name='RuleName'>technique_id=T1059.001,technique_name=PowerShell</Data><Data Name='UtcTime'>2025-08-14 14:38:33.112</Data><Data Name='ProcessGuid'>{750e87f3-f4e9-689d-63e0-000000001b00}</Data><Data Name='ProcessId'>26996</Data><Data Name='Image'>C:\Windows\System32\WindowsPowerShell\v1.0\powershell.exe</Data><Data Name='ImageLoaded'>C:\Windows\assembly\NativeImages_v4.0.30319_64\System.Manaa57fc8cc#\a0d5f359035413a6cfc74536cf1ac124\System.Management.Automation.ni.dll</Data><Data Name='FileVersion'>10.0.26100.4652</Data><Data Name='Description'>System.Management.Automation</Data><Data Name='Product'>Microsoft (R) Windows (R) Operating System</Data><Data Name='Company'>Microsoft Corporation</Data><Data Name='OriginalFileName'>System.Management.Automation.dll</Data><Data Name='Hashes'>SHA1=5AC7859C7D75340EA18E7BCA823CB28CFF9631C5,MD5=3499854B7DED02B8829F6D9D041D76D8,SHA256=EE3FD3D1E2A0EBAEBFDC341FA88F0436B8D4CE1ED65DEE8838C22179A6722AF2,IMPHASH=00000000000000000000000000000000</Data><Data Name='Signed'>false</Data><Data Name='Signature'>-</Data><Data Name='SignatureStatus'>Unavailable</Data><Data Name='User'>LAPTOP-6UTB6EBF\Sssu</Data></EventData></Event>
<Event xmlns='http://schemas.microsoft.com/win/2004/08/events/event'><System><Provider Name='Microsoft-Windows-Sysmon' Guid='{5770385f-c22a-43e0-bf4c-06f5698ffbd9}'/><EventID>7</EventID><Version>3</Version><Level>4</Level><Task>7</Task><Opcode>0</Opcode><Keywords>0x8000000000000000</Keywords><TimeCreated SystemTime='2025-08-14T14:38:33.1090258Z'/><EventRecordID>4613865</EventRecordID><Correlation/><Execution ProcessID='5792' ThreadID='8236'/><Channel>Microsoft-Windows-Sysmon/Operational</Channel><Computer>LAPTOP-6UTB6EBF</Computer><Security UserID='S-1-5-18'/></System><EventData><Data Name='RuleName'>technique_id=T1055,technique_name=Process Injection</Data><Data Name='UtcTime'>2025-08-14 14:38:33.097</Data><Data Name='ProcessGuid'>{750e87f3-f4e9-689d-63e0-000000001b00}</Data><Data Name='ProcessId'>26996</Data><Data Name='Image'>C:\Windows\System32\WindowsPowerShell\v1.0\powershell.exe</Data><Data Name='ImageLoaded'>C:\Windows\assembly\NativeImages_v4.0.30319_64\mscorlib\8967064a93c70884749ad00de74dd7a1\mscorlib.ni.dll</Data><Data Name='FileVersion'>4.8.9310.0 built by: NET481REL1LAST_C</Data><Data Name='Description'>Microsoft Common Language Runtime Class Library</Data><Data Name='Product'>Microsoft® .NET Framework</Data><Data Name='Company'>Microsoft Corporation</Data><Data Name='OriginalFileName'>mscorlib.dll</Data><Data Name='Hashes'>SHA1=07C3D5252E006A6BD213C8F658F76BD688385C68,MD5=6CC420B0F3BB8E982A37B462A6E1231B,SHA256=B10BDCD5EB2D581C4AEF3F64A1115A637944371ECF4E07F7C8C8A9755DDE4B8C,IMPHASH=00000000000000000000000000000000</Data><Data Name='Signed'>true</Data><Data Name='Signature'>Microsoft Corporation</Data><Data Name='SignatureStatus'>Valid</Data><Data Name='User'>LAPTOP-6UTB6EBF\Sssu</Data></EventData></Event>
<Event xmlns='http://schemas.microsoft.com/win/2004/08/events/event'><System><Provider Name='Microsoft-Windows-Sysmon' Guid='{5770385f-c22a-43e0-bf4c-06f5698ffbd9}'/><EventID>7</EventID><Version>3</Version><Level>4</Level><Task>7</Task><Opcode>0</Opcode><Keywords>0x8000000000000000</Keywords><TimeCreated SystemTime='2025-08-14T14:38:33.1007725Z'/><EventRecordID>4613864</EventRecordID><Correlation/><Execution ProcessID='5792' ThreadID='8244'/><Channel>Microsoft-Windows-Sysmon/Operational</Channel><Computer>LAPTOP-6UTB6EBF</Computer><Security UserID='S-1-5-18'/></System><EventData><Data Name='RuleName'>-</Data><Data Name='UtcTime'>2025-08-14 14:38:32.759</Data><Data Name='ProcessGuid'>{750e87f3-f4e8-689d-5fe0-000000001b00}</Data><Data Name='ProcessId'>29036</Data><Data Name='Image'>C:\Windows\System32\wbem\WMIC.exe</Data><Data Name='ImageLoaded'>C:\Windows\System32\vbscript.dll</Data><Data Name='FileVersion'>5.812.10240.16384</Data><Data Name='Description'>Microsoft ® VBScript</Data><Data Name='Product'>Microsoft ® VBScript</Data><Data Name='Company'>Microsoft Corporation</Data><Data Name='OriginalFileName'>vbscript.dll</Data><Data Name='Hashes'>SHA1=57E5C871F739253E0EC454A0E1BA1943C91AA712,MD5=000925BC996F8E275B3B1ABFD58CB646,SHA256=0B2E83ED08B9AF26936B63ABC0210ABAC8190546E22724DD658F6E257A2130D2,IMPHASH=BF727BE741BCC38BEBA557146BAF372A</Data><Data Name='Signed'>true</Data><Data Name='Signature'>Microsoft Windows</Data><Data Name='SignatureStatus'>Valid</Data><Data Name='User'>LAPTOP-6UTB6EBF\Sssu</Data></EventData></Event>
<Event xmlns='http://schemas.microsoft.com/win/2004/08/events/event'><System><Provider Name='Microsoft-Windows-Sysmon' Guid='{5770385f-c22a-43e0-bf4c-06f5698ffbd9}'/><EventID>7</EventID><Version>3</Version><Level>4</Level><Task>7</Task><Opcode>0</Opcode><Keywords>0x8000000000000000</Keywords><TimeCreated SystemTime='2025-08-14T14:38:33.0946483Z'/><EventRecordID>4613863</EventRecordID><Correlation/><Execution ProcessID='5792' ThreadID='8236'/><Channel>Microsoft-Windows-Sysmon/Operational</Channel><Computer>LAPTOP-6UTB6EBF</Computer><Security UserID='S-1-5-18'/></System><EventData><Data Name='RuleName'>technique_id=T1055,technique_name=Process Injection</Data><Data Name='UtcTime'>2025-08-14 14:38:33.091</Data><Data Name='ProcessGuid'>{750e87f3-f4e9-689d-63e0-000000001b00}</Data><Data Name='ProcessId'>26996</Data><Data Name='Image'>C:\Windows\System32\WindowsPowerShell\v1.0\powershell.exe</Data><Data Name='ImageLoaded'>C:\Windows\Microsoft.NET\Framework64\v4.0.30319\clr.dll</Data><Data Name='FileVersion'>4.8.9310.0 built by: NET481REL1LAST_C</Data><Data Name='Description'>Microsoft .NET Runtime Common Language Runtime - WorkStation</Data><Data Name='Product'>Microsoft® .NET Framework</Data><Data Name='Company'>Microsoft Corporation</Data><Data Name='OriginalFileName'>clr.dll</Data><Data Name='Hashes'>SHA1=E6EFB2580F6F209913552B3647C328C1D6AB479E,MD5=B6E5DA251AC054E8BF15DB3A40EA5AED,SHA256=8AA62B9BE054D79B6575BEF1DCEDCB2A707741E0245EC876AF4FA0DAB71594FF,IMPHASH=01E0958B232430E87E27DC8010111684</Data><Data Name='Signed'>true</Data><Data Name='Signature'>Microsoft Corporation</Data><Data Name='SignatureStatus'>Valid</Data><Data Name='User'>LAPTOP-6UTB6EBF\Sssu</Data></EventData></Event>
<Event xmlns='http://schemas.microsoft.com/win/2004/08/events/event'><System><Provider Name='Microsoft-Windows-Sysmon' Guid='{5770385f-c22a-43e0-bf4c-06f5698ffbd9}'/><EventID>7</EventID><Version>3</Version><Level>4</Level><Task>7</Task><Opcode>0</Opcode><Keywords>0x8000000000000000</Keywords><TimeCreated SystemTime='2025-08-14T14:38:33.0917215Z'/><EventRecordID>4613862</EventRecordID><Correlation/><Execution ProcessID='5792' ThreadID='8236'/><Channel>Microsoft-Windows-Sysmon/Operational</Channel><Computer>LAPTOP-6UTB6EBF</Computer><Security UserID='S-1-5-18'/></System><EventData><Data Name='RuleName'>technique_id=T1055,technique_name=Process Injection</Data><Data Name='UtcTime'>2025-08-14 14:38:33.087</Data><Data Name='ProcessGuid'>{750e87f3-f4e9-689d-63e0-000000001b00}</Data><Data Name='ProcessId'>26996</Data><Data Name='Image'>C:\Windows\System32\WindowsPowerShell\v1.0\powershell.exe</Data><Data Name='ImageLoaded'>C:\Windows\Microsoft.NET\Framework64\v4.0.30319\mscoreei.dll</Data><Data Name='FileVersion'>4.8.9065.0 built by: NET481REL1LAST_C</Data><Data Name='Description'>Microsoft .NET Runtime Execution Engine</Data><Data Name='Product'>Microsoft® .NET Framework</Data><Data Name='Company'>Microsoft Corporation</Data><Data Name='OriginalFileName'>mscoreei.dll</Data><Data Name='Hashes'>SHA1=086D56AF8A8BE29E21DDD85EE5221725DBDA9F7C,MD5=21F240C8019E5125044508ACF5FC9C09,SHA256=BC19C902FE2D59344687338A412D687FAC950F8C0E1AEAD7BD051573E2C62A15,IMPHASH=BDAAD270BEE58C9A3A7622CD1CA3EF79</Data><Data Name='Signed'>true</Data><Data Name='Signature'>Microsoft Corporation</Data><Data Name='SignatureStatus'>Valid</Data><Data Name='User'>LAPTOP-6UTB6EBF\Sssu</Data></EventData></Event>
<Event xmlns='http://schemas.microsoft.com/win/2004/08/events/event'><System><Provider Name='Microsoft-Windows-Sysmon' Guid='{5770385f-c22a-43e0-bf4c-06f5698ffbd9}'/><EventID>7</EventID><Version>3</Version><Level>4</Level><Task>7</Task><Opcode>0</Opcode><Keywords>0x8000000000000000</Keywords><TimeCreated SystemTime='2025-08-14T14:38:33.0889408Z'/><EventRecordID>4613861</EventRecordID><Correlation/><Execution ProcessID='5792' ThreadID='8236'/><Channel>Microsoft-Windows-Sysmon/Operational</Channel><Computer>LAPTOP-6UTB6EBF</Computer><Security UserID='S-1-5-18'/></System><EventData><Data Name='RuleName'>technique_id=T1055,technique_name=Process Injection</Data><Data Name='UtcTime'>2025-08-14 14:38:33.082</Data><Data Name='ProcessGuid'>{750e87f3-f4e9-689d-63e0-000000001b00}</Data><Data Name='ProcessId'>26996</Data><Data Name='Image'>C:\Windows\System32\WindowsPowerShell\v1.0\powershell.exe</Data><Data Name='ImageLoaded'>C:\Windows\System32\mscoree.dll</Data><Data Name='FileVersion'>10.0.26100.3624 (WinBuild.160101.0800)</Data><Data Name='Description'>Microsoft .NET Runtime Execution Engine</Data><Data Name='Product'>Microsoft® Windows® Operating System</Data><Data Name='Company'>Microsoft Corporation</Data><Data Name='OriginalFileName'>mscoree.dll</Data><Data Name='Hashes'>SHA1=832627F610A3900FA9B0DB77CFF27168DB836A6A,MD5=1DC1B5FC0E47414580644B07C30F0E3D,SHA256=07F1EA065C452D37DA2AD56CE505184E41947C42A560D8235276E0FB8B758701,IMPHASH=CDE7B90B871501A5DFCA7B3AB565C6A1</Data><Data Name='Signed'>true</Data><Data Name='Signature'>Microsoft Windows</Data><Data Name='SignatureStatus'>Valid</Data><Data Name='User'>LAPTOP-6UTB6EBF\Sssu</Data></EventData></Event>
<Event xmlns='http://schemas.microsoft.com/win/2004/08/events/event'><System><Provider Name='Microsoft-Windows-Sysmon' Guid='{5770385f-c22a-43e0-bf4c-06f5698ffbd9}'/><EventID>13</EventID><Version>2</Version><Level>4</Level><Task>13</Task><Opcode>0</Opcode><Keywords>0x8000000000000000</Keywords><TimeCreated SystemTime='2025-08-14T14:38:33.0531351Z'/><EventRecordID>4613860</EventRecordID><Correlation/><Execution ProcessID='5792' ThreadID='8236'/><Channel>Microsoft-Windows-Sysmon/Operational</Channel><Computer>LAPTOP-6UTB6EBF</Computer><Security UserID='S-1-5-18'/></System><EventData><Data Name='RuleName'>-</Data><Data Name='EventType'>SetValue</Data><Data Name='UtcTime'>2025-08-14 14:38:33.052</Data><Data Name='ProcessGuid'>{750e87f3-f4e9-689d-63e0-000000001b00}</Data><Data Name='ProcessId'>26996</Data><Data Name='Image'>C:\Windows\System32\WindowsPowerShell\v1.0\powershell.exe</Data><Data Name='TargetObject'>HKLM\System\CurrentControlSet\Services\bam\State\UserSettings\S-1-5-21-2535620217-2053583276-3195117501-1001\\Device\HarddiskVolume3\Windows\System32\conhost.exe</Data><Data Name='Details'>Binary Data</Data><Data Name='User'>LAPTOP-6UTB6EBF\Sssu</Data></EventData></Event>
<Event xmlns='http://schemas.microsoft.com/win/2004/08/events/event'><System><Provider Name='Microsoft-Windows-Sysmon' Guid='{5770385f-c22a-43e0-bf4c-06f5698ffbd9}'/><EventID>10</EventID><Version>3</Version><Level>4</Level><Task>10</Task><Opcode>0</Opcode><Keywords>0x8000000000000000</Keywords><TimeCreated SystemTime='2025-08-14T14:38:33.0422334Z'/><EventRecordID>4613859</EventRecordID><Correlation/><Execution ProcessID='5792' ThreadID='8236'/><Channel>Microsoft-Windows-Sysmon/Operational</Channel><Computer>LAPTOP-6UTB6EBF</Computer><Security UserID='S-1-5-18'/></System><EventData><Data Name='RuleName'>technique_id=T1055.001,technique_name=Dynamic-link Library Injection</Data><Data Name='UtcTime'>2025-08-14 14:38:33.037</Data><Data Name='SourceProcessGUID'>{750e87f3-f0b8-689d-d0dd-000000001b00}</Data><Data Name='SourceProcessId'>10304</Data><Data Name='SourceThreadId'>17572</Data><Data Name='SourceImage'>D:\Microsoft VS Code\Code.exe</Data><Data Name='TargetProcessGUID'>{750e87f3-f4e9-689d-63e0-000000001b00}</Data><Data Name='TargetProcessId'>26996</Data><Data Name='TargetImage'>C:\Windows\System32\WindowsPowerShell\v1.0\powershell.exe</Data><Data Name='GrantedAccess'>0x1fffff</Data><Data Name='CallTrace'>C:\WINDOWS\SYSTEM32\ntdll.dll+1637e4|C:\WINDOWS\System32\KERNELBASE.dll+fc93a|C:\WINDOWS\System32\KERNELBASE.dll+fa076|C:\WINDOWS\System32\KERNEL32.DLL+3c6d4|D:\Microsoft VS Code\Code.exe+25f7647|D:\Microsoft VS Code\Code.exe+6f9db2|D:\Microsoft VS Code\Code.exe+44c5274|UNKNOWN(00007FF7E0264E47)|UNKNOWN(00007FF7E03D05BF)|UNKNOWN(00007FF7E081041E)|UNKNOWN(00007FF7E0903A55)|UNKNOWN(00007FF7E09040FB)|UNKNOWN(00007FF7E09042B4)|UNKNOWN(00007FF7E0825F21)|UNKNOWN(00007FF7E073F985)|UNKNOWN(00007FF7E0930438)|D:\Microsoft VS Code\Code.exe+456a07d|D:\Microsoft VS Code\Code.exe+45e86ea|D:\Microsoft VS Code\Code.exe+44f3988|D:\Microsoft VS Code\Code.exe+44c00ff|D:\Microsoft VS Code\Code.exe+3d5ca24|D:\Microsoft VS Code\Code.exe+fca2a1|D:\Microsoft VS Code\Code.exe+fca49e|D:\Microsoft VS Code\Code.exe+3d6e2c9</Data><Data Name='SourceUser'>LAPTOP-6UTB6EBF\Sssu</Data><Data Name='TargetUser'>LAPTOP-6UTB6EBF\Sssu</Data></EventData></Event>
<Event xmlns='http://schemas.microsoft.com/win/2004/08/events/event'><System><Provider Name='Microsoft-Windows-Sysmon' Guid='{5770385f-c22a-43e0-bf4c-06f5698ffbd9}'/><EventID>1</EventID><Version>5</Version><Level>4</Level><Task>1</Task><Opcode>0</Opcode><Keywords>0x8000000000000000</Keywords><TimeCreated SystemTime='2025-08-14T14:38:33.0419706Z'/><EventRecordID>4613858</EventRecordID><Correlation/><Execution ProcessID='5792' ThreadID='8236'/><Channel>Microsoft-Windows-Sysmon/Operational</Channel><Computer>LAPTOP-6UTB6EBF</Computer><Security UserID='S-1-5-18'/></System><EventData><Data Name='RuleName'>technique_id=T1059.001,technique_name=PowerShell</Data><Data Name='UtcTime'>2025-08-14 14:38:33.030</Data><Data Name='ProcessGuid'>{750e87f3-f4e9-689d-63e0-000000001b00}</Data><Data Name='ProcessId'>26996</Data><Data Name='Image'>C:\Windows\System32\WindowsPowerShell\v1.0\powershell.exe</Data><Data Name='FileVersion'>10.0.26100.3323 (WinBuild.160101.0800)</Data><Data Name='Description'>Windows PowerShell</Data><Data Name='Product'>Microsoft® Windows® Operating System</Data><Data Name='Company'>Microsoft Corporation</Data><Data Name='OriginalFileName'>PowerShell.EXE</Data><Data Name='CommandLine'>powershell -NoProfile -Command [System.Environment]::GetFolderPath([System.Environment+SpecialFolder]::MyDocuments)</Data><Data Name='CurrentDirectory'>D:\Microsoft VS Code\</Data><Data Name='User'>LAPTOP-6UTB6EBF\Sssu</Data><Data Name='LogonGuid'>{750e87f3-a408-689d-28e0-c2ee00000000}</Data><Data Name='LogonId'>0xeec2e028</Data><Data Name='TerminalSessionId'>8</Data><Data Name='IntegrityLevel'>High</Data><Data Name='Hashes'>SHA1=8B595BBBF8695CE90EEEA612B440ECC79ACC6C5D,MD5=BD542C1197F3B5217B5C5B5C4A25BD0C,SHA256=75F490D70F821AFBBBB28D8AE45FA712C0EF39F73832AF5FF0DF284BEB22A9FC,IMPHASH=AFACF6DC9041114B198160AAB4D0AE77</Data><Data Name='ParentProcessGuid'>{750e87f3-f0b8-689d-d0dd-000000001b00}</Data><Data Name='ParentProcessId'>10304</Data><Data Name='ParentImage'>D:\Microsoft VS Code\Code.exe</Data><Data Name='ParentCommandLine'>"D:\Microsoft VS Code\Code.exe" --type=utility --utility-sub-type=node.mojom.NodeService --lang=zh-CN --service-sandbox-type=none --dns-result-order=ipv4first --experimental-network-inspection --inspect-port=0 --video-capture-use-gpu-memory-buffer --user-data-dir="C:\Users\Sssu\AppData\Roaming\Code" --standard-schemes=vscode-webview,vscode-file --enable-sandbox --secure-schemes=vscode-webview,vscode-file --cors-schemes=vscode-webview,vscode-file --fetch-schemes=vscode-webview,vscode-file --service-worker-schemes=vscode-webview --code-cache-schemes=vscode-webview,vscode-file --field-trial-handle=1768,i,10854038273762721932,2201040780538170104,262144 --enable-features=DocumentPolicyIncludeJSCallStacksInCrashReports,EarlyEstablishGpuChannel,EnableTransparentHwndEnlargement,EstablishGpuChannelAsync --disable-features=CalculateNativeWinOcclusion,FontationsLinuxSystemFonts,ScreenAIOCREnabled,SpareRendererForSitePerProcess,WinDelaySpellcheckServiceInit --variations-seed-version --mojo-platform-channel-handle=3664 /prefetch:14</Data><Data Name='ParentUser'>LAPTOP-6UTB6EBF\Sssu</Data></EventData></Event>
<Event xmlns='http://schemas.microsoft.com/win/2004/08/events/event'><System><Provider Name='Microsoft-Windows-Sysmon' Guid='{5770385f-c22a-43e0-bf4c-06f5698ffbd9}'/><EventID>13</EventID><Version>2</Version><Level>4</Level><Task>13</Task><Opcode>0</Opcode><Keywords>0x8000000000000000</Keywords><TimeCreated SystemTime='2025-08-14T14:38:33.0390027Z'/><EventRecordID>4613857</EventRecordID><Correlation/><Execution ProcessID='5792' ThreadID='8236'/><Channel>Microsoft-Windows-Sysmon/Operational</Channel><Computer>LAPTOP-6UTB6EBF</Computer><Security UserID='S-1-5-18'/></System><EventData><Data Name='RuleName'>-</Data><Data Name='EventType'>SetValue</Data><Data Name='UtcTime'>2025-08-14 14:38:33.037</Data><Data Name='ProcessGuid'>{750e87f3-f0b8-689d-d0dd-000000001b00}</Data><Data Name='ProcessId'>10304</Data><Data Name='Image'>D:\Microsoft VS Code\Code.exe</Data><Data Name='TargetObject'>HKLM\System\CurrentControlSet\Services\bam\State\UserSettings\S-1-5-21-2535620217-2053583276-3195117501-1001\\Device\HarddiskVolume3\Windows\System32\WindowsPowerShell\v1.0\powershell.exe</Data><Data Name='Details'>Binary Data</Data><Data Name='User'>LAPTOP-6UTB6EBF\Sssu</Data></EventData></Event>
<Event xmlns='http://schemas.microsoft.com/win/2004/08/events/event'><System><Provider Name='Microsoft-Windows-Sysmon' Guid='{5770385f-c22a-43e0-bf4c-06f5698ffbd9}'/><EventID>17</EventID><Version>1</Version><Level>4</Level><Task>17</Task><Opcode>0</Opcode><Keywords>0x8000000000000000</Keywords><TimeCreated SystemTime='2025-08-14T14:38:33.0343252Z'/><EventRecordID>4613856</EventRecordID><Correlation/><Execution ProcessID='5792' ThreadID='8236'/><Channel>Microsoft-Windows-Sysmon/Operational</Channel><Computer>LAPTOP-6UTB6EBF</Computer><Security UserID='S-1-5-18'/></System><EventData><Data Name='RuleName'>-</Data><Data Name='EventType'>CreatePipe</Data><Data Name='UtcTime'>2025-08-14 14:38:33.029</Data><Data Name='ProcessGuid'>{750e87f3-f0b8-689d-d0dd-000000001b00}</Data><Data Name='ProcessId'>10304</Data><Data Name='PipeName'>\uv\17-10304</Data><Data Name='Image'>D:\Microsoft VS Code\Code.exe</Data><Data Name='User'>LAPTOP-6UTB6EBF\Sssu</Data></EventData></Event>
<Event xmlns='http://schemas.microsoft.com/win/2004/08/events/event'><System><Provider Name='Microsoft-Windows-Sysmon' Guid='{5770385f-c22a-43e0-bf4c-06f5698ffbd9}'/><EventID>17</EventID><Version>1</Version><Level>4</Level><Task>17</Task><Opcode>0</Opcode><Keywords>0x8000000000000000</Keywords><TimeCreated SystemTime='2025-08-14T14:38:33.0341127Z'/><EventRecordID>4613855</EventRecordID><Correlation/><Execution ProcessID='5792' ThreadID='8236'/><Channel>Microsoft-Windows-Sysmon/Operational</Channel><Computer>LAPTOP-6UTB6EBF</Computer><Security UserID='S-1-5-18'/></System><EventData><Data Name='RuleName'>-</Data><Data Name='EventType'>CreatePipe</Data><Data Name='UtcTime'>2025-08-14 14:38:33.029</Data><Data Name='ProcessGuid'>{750e87f3-f0b8-689d-d0dd-000000001b00}</Data><Data Name='ProcessId'>10304</Data><Data Name='PipeName'>\uv\7-10304</Data><Data Name='Image'>D:\Microsoft VS Code\Code.exe</Data><Data Name='User'>LAPTOP-6UTB6EBF\Sssu</Data></EventData></Event>
<Event xmlns='http://schemas.microsoft.com/win/2004/08/events/event'><System><Provider Name='Microsoft-Windows-Sysmon' Guid='{5770385f-c22a-43e0-bf4c-06f5698ffbd9}'/><EventID>17</EventID><Version>1</Version><Level>4</Level><Task>17</Task><Opcode>0</Opcode><Keywords>0x8000000000000000</Keywords><TimeCreated SystemTime='2025-08-14T14:38:33.0338963Z'/><EventRecordID>4613854</EventRecordID><Correlation/><Execution ProcessID='5792' ThreadID='8236'/><Channel>Microsoft-Windows-Sysmon/Operational</Channel><Computer>LAPTOP-6UTB6EBF</Computer><Security UserID='S-1-5-18'/></System><EventData><Data Name='RuleName'>-</Data><Data Name='EventType'>CreatePipe</Data><Data Name='UtcTime'>2025-08-14 14:38:33.029</Data><Data Name='ProcessGuid'>{750e87f3-f0b8-689d-d0dd-000000001b00}</Data><Data Name='ProcessId'>10304</Data><Data Name='PipeName'>\uv\6-10304</Data><Data Name='Image'>D:\Microsoft VS Code\Code.exe</Data><Data Name='User'>LAPTOP-6UTB6EBF\Sssu</Data></EventData></Event>
<Event xmlns='http://schemas.microsoft.com/win/2004/08/events/event'><System><Provider Name='Microsoft-Windows-Sysmon' Guid='{5770385f-c22a-43e0-bf4c-06f5698ffbd9}'/><EventID>13</EventID><Version>2</Version><Level>4</Level><Task>13</Task><Opcode>0</Opcode><Keywords>0x8000000000000000</Keywords><TimeCreated SystemTime='2025-08-14T14:38:33.0297077Z'/><EventRecordID>4613853</EventRecordID><Correlation/><Execution ProcessID='5792' ThreadID='8236'/><Channel>Microsoft-Windows-Sysmon/Operational</Channel><Computer>LAPTOP-6UTB6EBF</Computer><Security UserID='S-1-5-18'/></System><EventData><Data Name='RuleName'>-</Data><Data Name='EventType'>SetValue</Data><Data Name='UtcTime'>2025-08-14 14:38:33.020</Data><Data Name='ProcessGuid'>{00000000-0000-0000-0000-000000000000}</Data><Data Name='ProcessId'>16516</Data><Data Name='Image'>C:\WINDOWS\system32\conhost.exe</Data><Data Name='TargetObject'>HKLM\System\CurrentControlSet\Services\bam\State\UserSettings\S-1-5-21-2535620217-2053583276-3195117501-1001\\Device\HarddiskVolume3\Windows\System32\conhost.exe</Data><Data Name='Details'>Binary Data</Data><Data Name='User'>LAPTOP-6UTB6EBF\Sssu</Data></EventData></Event>
<Event xmlns='http://schemas.microsoft.com/win/2004/08/events/event'><System><Provider Name='Microsoft-Windows-Sysmon' Guid='{5770385f-c22a-43e0-bf4c-06f5698ffbd9}'/><EventID>13</EventID><Version>2</Version><Level>4</Level><Task>13</Task><Opcode>0</Opcode><Keywords>0x8000000000000000</Keywords><TimeCreated SystemTime='2025-08-14T14:38:33.0287157Z'/><EventRecordID>4613852</EventRecordID><Correlation/><Execution ProcessID='5792' ThreadID='8236'/><Channel>Microsoft-Windows-Sysmon/Operational</Channel><Computer>LAPTOP-6UTB6EBF</Computer><Security UserID='S-1-5-18'/></System><EventData><Data Name='RuleName'>-</Data><Data Name='EventType'>SetValue</Data><Data Name='UtcTime'>2025-08-14 14:38:33.018</Data><Data Name='ProcessGuid'>{750e87f3-f4e8-689d-61e0-000000001b00}</Data><Data Name='ProcessId'>30972</Data><Data Name='Image'>C:\Windows\System32\WindowsPowerShell\v1.0\powershell.exe</Data><Data Name='TargetObject'>HKLM\System\CurrentControlSet\Services\bam\State\UserSettings\S-1-5-21-2535620217-2053583276-3195117501-1001\\Device\HarddiskVolume3\Windows\System32\WindowsPowerShell\v1.0\powershell.exe</Data><Data Name='Details'>Binary Data</Data><Data Name='User'>LAPTOP-6UTB6EBF\Sssu</Data></EventData></Event>
<Event xmlns='http://schemas.microsoft.com/win/2004/08/events/event'><System><Provider Name='Microsoft-Windows-Sysmon' Guid='{5770385f-c22a-43e0-bf4c-06f5698ffbd9}'/><EventID>11</EventID><Version>2</Version><Level>4</Level><Task>11</Task><Opcode>0</Opcode><Keywords>0x8000000000000000</Keywords><TimeCreated SystemTime='2025-08-14T14:38:33.0275825Z'/><EventRecordID>4613851</EventRecordID><Correlation/><Execution ProcessID='5792' ThreadID='8236'/><Channel>Microsoft-Windows-Sysmon/Operational</Channel><Computer>LAPTOP-6UTB6EBF</Computer><Security UserID='S-1-5-18'/></System><EventData><Data Name='RuleName'>-</Data><Data Name='UtcTime'>2025-08-14 14:38:33.015</Data><Data Name='ProcessGuid'>{750e87f3-f4e8-689d-61e0-000000001b00}</Data><Data Name='ProcessId'>30972</Data><Data Name='Image'>C:\Windows\System32\WindowsPowerShell\v1.0\powershell.exe</Data><Data Name='TargetFilename'>C:\Users\Sssu\AppData\Local\Microsoft\Windows\PowerShell\StartupProfileData-NonInteractive</Data><Data Name='CreationUtcTime'>2025-02-24 08:06:28.554</Data><Data Name='User'>LAPTOP-6UTB6EBF\Sssu</Data></EventData></Event>
<Event xmlns='http://schemas.microsoft.com/win/2004/08/events/event'><System><Provider Name='Microsoft-Windows-Sysmon' Guid='{5770385f-c22a-43e0-bf4c-06f5698ffbd9}'/><EventID>7</EventID><Version>3</Version><Level>4</Level><Task>7</Task><Opcode>0</Opcode><Keywords>0x8000000000000000</Keywords><TimeCreated SystemTime='2025-08-14T14:38:32.9994658Z'/><EventRecordID>4613850</EventRecordID><Correlation/><Execution ProcessID='5792' ThreadID='8236'/><Channel>Microsoft-Windows-Sysmon/Operational</Channel><Computer>LAPTOP-6UTB6EBF</Computer><Security UserID='S-1-5-18'/></System><EventData><Data Name='RuleName'>technique_id=T1055,technique_name=Process Injection</Data><Data Name='UtcTime'>2025-08-14 14:38:32.977</Data><Data Name='ProcessGuid'>{750e87f3-f4e8-689d-61e0-000000001b00}</Data><Data Name='ProcessId'>30972</Data><Data Name='Image'>C:\Windows\System32\WindowsPowerShell\v1.0\powershell.exe</Data><Data Name='ImageLoaded'>C:\Windows\Microsoft.NET\Framework64\v4.0.30319\clrjit.dll</Data><Data Name='FileVersion'>4.8.9310.0 built by: NET481REL1LAST_C</Data><Data Name='Description'>Microsoft .NET Runtime Just-In-Time Compiler</Data><Data Name='Product'>Microsoft® .NET Framework</Data><Data Name='Company'>Microsoft Corporation</Data><Data Name='OriginalFileName'>clrjit.dll</Data><Data Name='Hashes'>SHA1=0513F2E34A02773BCDC5179DCA6E65557CD41336,MD5=6C1E4C94862BFEC94F9F5F73D5D84554,SHA256=24FCAF2398115D6946E93739FCEB11B07D5D31C6B906B4F42A8037A5DB473D85,IMPHASH=F2AFE1578B0645F42EFCA5A3FB0CE765</Data><Data Name='Signed'>true</Data><Data Name='Signature'>Microsoft Corporation</Data><Data Name='SignatureStatus'>Valid</Data><Data Name='User'>LAPTOP-6UTB6EBF\Sssu</Data></EventData></Event>
<Event xmlns='http://schemas.microsoft.com/win/2004/08/events/event'><System><Provider Name='Microsoft-Windows-Sysmon' Guid='{5770385f-c22a-43e0-bf4c-06f5698ffbd9}'/><EventID>17</EventID><Version>1</Version><Level>4</Level><Task>17</Task><Opcode>0</Opcode><Keywords>0x8000000000000000</Keywords><TimeCreated SystemTime='2025-08-14T14:38:32.9951545Z'/><EventRecordID>4613849</EventRecordID><Correlation/><Execution ProcessID='5792' ThreadID='8236'/><Channel>Microsoft-Windows-Sysmon/Operational</Channel><Computer>LAPTOP-6UTB6EBF</Computer><Security UserID='S-1-5-18'/></System><EventData><Data Name='RuleName'>-</Data><Data Name='EventType'>CreatePipe</Data><Data Name='UtcTime'>2025-08-14 14:38:32.968</Data><Data Name='ProcessGuid'>{750e87f3-f4e8-689d-61e0-000000001b00}</Data><Data Name='ProcessId'>30972</Data><Data Name='PipeName'>\PSHost.133996559127935835.30972.DefaultAppDomain.powershell</Data><Data Name='Image'>C:\Windows\System32\WindowsPowerShell\v1.0\powershell.exe</Data><Data Name='User'>LAPTOP-6UTB6EBF\Sssu</Data></EventData></Event>
<Event xmlns='http://schemas.microsoft.com/win/2004/08/events/event'><System><Provider Name='Microsoft-Windows-Sysmon' Guid='{5770385f-c22a-43e0-bf4c-06f5698ffbd9}'/><EventID>26</EventID><Version>5</Version><Level>4</Level><Task>26</Task><Opcode>0</Opcode><Keywords>0x8000000000000000</Keywords><TimeCreated SystemTime='2025-08-14T14:38:32.9846485Z'/><EventRecordID>4613848</EventRecordID><Correlation/><Execution ProcessID='5792' ThreadID='8236'/><Channel>Microsoft-Windows-Sysmon/Operational</Channel><Computer>LAPTOP-6UTB6EBF</Computer><Security UserID='S-1-5-18'/></System><EventData><Data Name='RuleName'>-</Data><Data Name='UtcTime'>2025-08-14 14:38:32.947</Data><Data Name='ProcessGuid'>{750e87f3-f4e8-689d-61e0-000000001b00}</Data><Data Name='ProcessId'>30972</Data><Data Name='User'>LAPTOP-6UTB6EBF\Sssu</Data><Data Name='Image'>C:\Windows\System32\WindowsPowerShell\v1.0\powershell.exe</Data><Data Name='TargetFilename'>C:\Users\Sssu\AppData\Local\Temp\__PSScriptPolicyTest_5hopi0f1.0jk.ps1</Data><Data Name='Hashes'>SHA1=6AB83620379FC69F80C0242105DDFFD7D98D5D9D,MD5=D17FE0A3F47BE24A6453E9EF58C94641,SHA256=96AD1146EB96877EAB5942AE0736B82D8B5E2039A80D3D6932665C1A4C87DCF7,IMPHASH=00000000000000000000000000000000</Data><Data Name='IsExecutable'>false</Data></EventData></Event>
<Event xmlns='http://schemas.microsoft.com/win/2004/08/events/event'><System><Provider Name='Microsoft-Windows-Sysmon' Guid='{5770385f-c22a-43e0-bf4c-06f5698ffbd9}'/><EventID>11</EventID><Version>2</Version><Level>4</Level><Task>11</Task><Opcode>0</Opcode><Keywords>0x8000000000000000</Keywords><TimeCreated SystemTime='2025-08-14T14:38:32.9372820Z'/><EventRecordID>4613847</EventRecordID><Correlation/><Execution ProcessID='5792' ThreadID='8236'/><Channel>Microsoft-Windows-Sysmon/Operational</Channel><Computer>LAPTOP-6UTB6EBF</Computer><Security UserID='S-1-5-18'/></System><EventData><Data Name='RuleName'>technique_id=T1059.001,technique_name=PowerShell</Data><Data Name='UtcTime'>2025-08-14 14:38:32.920</Data><Data Name='ProcessGuid'>{750e87f3-f4e8-689d-61e0-000000001b00}</Data><Data Name='ProcessId'>30972</Data><Data Name='Image'>C:\Windows\System32\WindowsPowerShell\v1.0\powershell.exe</Data><Data Name='TargetFilename'>C:\Users\Sssu\AppData\Local\Temp\__PSScriptPolicyTest_5hopi0f1.0jk.ps1</Data><Data Name='CreationUtcTime'>2025-08-14 14:38:32.920</Data><Data Name='User'>LAPTOP-6UTB6EBF\Sssu</Data></EventData></Event>
<Event xmlns='http://schemas.microsoft.com/win/2004/08/events/event'><System><Provider Name='Microsoft-Windows-Sysmon' Guid='{5770385f-c22a-43e0-bf4c-06f5698ffbd9}'/><EventID>7</EventID><Version>3</Version><Level>4</Level><Task>7</Task><Opcode>0</Opcode><Keywords>0x8000000000000000</Keywords><TimeCreated SystemTime='2025-08-14T14:38:32.9064770Z'/><EventRecordID>4613846</EventRecordID><Correlation/><Execution ProcessID='5792' ThreadID='8236'/><Channel>Microsoft-Windows-Sysmon/Operational</Channel><Computer>LAPTOP-6UTB6EBF</Computer><Security UserID='S-1-5-18'/></System><EventData><Data Name='RuleName'>technique_id=T1059.001,technique_name=PowerShell</Data><Data Name='UtcTime'>2025-08-14 14:38:32.901</Data><Data Name='ProcessGuid'>{750e87f3-f4e8-689d-61e0-000000001b00}</Data><Data Name='ProcessId'>30972</Data><Data Name='Image'>C:\Windows\System32\WindowsPowerShell\v1.0\powershell.exe</Data><Data Name='ImageLoaded'>C:\Windows\assembly\NativeImages_v4.0.30319_64\System.Manaa57fc8cc#\a0d5f359035413a6cfc74536cf1ac124\System.Management.Automation.ni.dll</Data><Data Name='FileVersion'>10.0.26100.4652</Data><Data Name='Description'>System.Management.Automation</Data><Data Name='Product'>Microsoft (R) Windows (R) Operating System</Data><Data Name='Company'>Microsoft Corporation</Data><Data Name='OriginalFileName'>System.Management.Automation.dll</Data><Data Name='Hashes'>SHA1=5AC7859C7D75340EA18E7BCA823CB28CFF9631C5,MD5=3499854B7DED02B8829F6D9D041D76D8,SHA256=EE3FD3D1E2A0EBAEBFDC341FA88F0436B8D4CE1ED65DEE8838C22179A6722AF2,IMPHASH=00000000000000000000000000000000</Data><Data Name='Signed'>false</Data><Data Name='Signature'>-</Data><Data Name='SignatureStatus'>Unavailable</Data><Data Name='User'>LAPTOP-6UTB6EBF\Sssu</Data></EventData></Event>
<Event xmlns='http://schemas.microsoft.com/win/2004/08/events/event'><System><Provider Name='Microsoft-Windows-Sysmon' Guid='{5770385f-c22a-43e0-bf4c-06f5698ffbd9}'/><EventID>7</EventID><Version>3</Version><Level>4</Level><Task>7</Task><Opcode>0</Opcode><Keywords>0x8000000000000000</Keywords><TimeCreated SystemTime='2025-08-14T14:38:32.8901126Z'/><EventRecordID>4613845</EventRecordID><Correlation/><Execution ProcessID='5792' ThreadID='8236'/><Channel>Microsoft-Windows-Sysmon/Operational</Channel><Computer>LAPTOP-6UTB6EBF</Computer><Security UserID='S-1-5-18'/></System><EventData><Data Name='RuleName'>technique_id=T1055,technique_name=Process Injection</Data><Data Name='UtcTime'>2025-08-14 14:38:32.885</Data><Data Name='ProcessGuid'>{750e87f3-f4e8-689d-61e0-000000001b00}</Data><Data Name='ProcessId'>30972</Data><Data Name='Image'>C:\Windows\System32\WindowsPowerShell\v1.0\powershell.exe</Data><Data Name='ImageLoaded'>C:\Windows\assembly\NativeImages_v4.0.30319_64\mscorlib\8967064a93c70884749ad00de74dd7a1\mscorlib.ni.dll</Data><Data Name='FileVersion'>4.8.9310.0 built by: NET481REL1LAST_C</Data><Data Name='Description'>Microsoft Common Language Runtime Class Library</Data><Data Name='Product'>Microsoft® .NET Framework</Data><Data Name='Company'>Microsoft Corporation</Data><Data Name='OriginalFileName'>mscorlib.dll</Data><Data Name='Hashes'>SHA1=07C3D5252E006A6BD213C8F658F76BD688385C68,MD5=6CC420B0F3BB8E982A37B462A6E1231B,SHA256=B10BDCD5EB2D581C4AEF3F64A1115A637944371ECF4E07F7C8C8A9755DDE4B8C,IMPHASH=00000000000000000000000000000000</Data><Data Name='Signed'>true</Data><Data Name='Signature'>Microsoft Corporation</Data><Data Name='SignatureStatus'>Valid</Data><Data Name='User'>LAPTOP-6UTB6EBF\Sssu</Data></EventData></Event>
<Event xmlns='http://schemas.microsoft.com/win/2004/08/events/event'><System><Provider Name='Microsoft-Windows-Sysmon' Guid='{5770385f-c22a-43e0-bf4c-06f5698ffbd9}'/><EventID>7</EventID><Version>3</Version><Level>4</Level><Task>7</Task><Opcode>0</Opcode><Keywords>0x8000000000000000</Keywords><TimeCreated SystemTime='2025-08-14T14:38:32.8819500Z'/><EventRecordID>4613844</EventRecordID><Correlation/><Execution ProcessID='5792' ThreadID='8236'/><Channel>Microsoft-Windows-Sysmon/Operational</Channel><Computer>LAPTOP-6UTB6EBF</Computer><Security UserID='S-1-5-18'/></System><EventData><Data Name='RuleName'>technique_id=T1055,technique_name=Process Injection</Data><Data Name='UtcTime'>2025-08-14 14:38:32.880</Data><Data Name='ProcessGuid'>{750e87f3-f4e8-689d-61e0-000000001b00}</Data><Data Name='ProcessId'>30972</Data><Data Name='Image'>C:\Windows\System32\WindowsPowerShell\v1.0\powershell.exe</Data><Data Name='ImageLoaded'>C:\Windows\Microsoft.NET\Framework64\v4.0.30319\clr.dll</Data><Data Name='FileVersion'>4.8.9310.0 built by: NET481REL1LAST_C</Data><Data Name='Description'>Microsoft .NET Runtime Common Language Runtime - WorkStation</Data><Data Name='Product'>Microsoft® .NET Framework</Data><Data Name='Company'>Microsoft Corporation</Data><Data Name='OriginalFileName'>clr.dll</Data><Data Name='Hashes'>SHA1=E6EFB2580F6F209913552B3647C328C1D6AB479E,MD5=B6E5DA251AC054E8BF15DB3A40EA5AED,SHA256=8AA62B9BE054D79B6575BEF1DCEDCB2A707741E0245EC876AF4FA0DAB71594FF,IMPHASH=01E0958B232430E87E27DC8010111684</Data><Data Name='Signed'>true</Data><Data Name='Signature'>Microsoft Corporation</Data><Data Name='SignatureStatus'>Valid</Data><Data Name='User'>LAPTOP-6UTB6EBF\Sssu</Data></EventData></Event>
<Event xmlns='http://schemas.microsoft.com/win/2004/08/events/event'><System><Provider Name='Microsoft-Windows-Sysmon' Guid='{5770385f-c22a-43e0-bf4c-06f5698ffbd9}'/><EventID>7</EventID><Version>3</Version><Level>4</Level><Task>7</Task><Opcode>0</Opcode><Keywords>0x8000000000000000</Keywords><TimeCreated SystemTime='2025-08-14T14:38:32.8773910Z'/><EventRecordID>4613843</EventRecordID><Correlation/><Execution ProcessID='5792' ThreadID='8236'/><Channel>Microsoft-Windows-Sysmon/Operational</Channel><Computer>LAPTOP-6UTB6EBF</Computer><Security UserID='S-1-5-18'/></System><EventData><Data Name='RuleName'>technique_id=T1055,technique_name=Process Injection</Data><Data Name='UtcTime'>2025-08-14 14:38:32.875</Data><Data Name='ProcessGuid'>{750e87f3-f4e8-689d-61e0-000000001b00}</Data><Data Name='ProcessId'>30972</Data><Data Name='Image'>C:\Windows\System32\WindowsPowerShell\v1.0\powershell.exe</Data><Data Name='ImageLoaded'>C:\Windows\Microsoft.NET\Framework64\v4.0.30319\mscoreei.dll</Data><Data Name='FileVersion'>4.8.9065.0 built by: NET481REL1LAST_C</Data><Data Name='Description'>Microsoft .NET Runtime Execution Engine</Data><Data Name='Product'>Microsoft® .NET Framework</Data><Data Name='Company'>Microsoft Corporation</Data><Data Name='OriginalFileName'>mscoreei.dll</Data><Data Name='Hashes'>SHA1=086D56AF8A8BE29E21DDD85EE5221725DBDA9F7C,MD5=21F240C8019E5125044508ACF5FC9C09,SHA256=BC19C902FE2D59344687338A412D687FAC950F8C0E1AEAD7BD051573E2C62A15,IMPHASH=BDAAD270BEE58C9A3A7622CD1CA3EF79</Data><Data Name='Signed'>true</Data><Data Name='Signature'>Microsoft Corporation</Data><Data Name='SignatureStatus'>Valid</Data><Data Name='User'>LAPTOP-6UTB6EBF\Sssu</Data></EventData></Event>
<Event xmlns='http://schemas.microsoft.com/win/2004/08/events/event'><System><Provider Name='Microsoft-Windows-Sysmon' Guid='{5770385f-c22a-43e0-bf4c-06f5698ffbd9}'/><EventID>7</EventID><Version>3</Version><Level>4</Level><Task>7</Task><Opcode>0</Opcode><Keywords>0x8000000000000000</Keywords><TimeCreated SystemTime='2025-08-14T14:38:32.8717368Z'/><EventRecordID>4613842</EventRecordID><Correlation/><Execution ProcessID='5792' ThreadID='8236'/><Channel>Microsoft-Windows-Sysmon/Operational</Channel><Computer>LAPTOP-6UTB6EBF</Computer><Security UserID='S-1-5-18'/></System><EventData><Data Name='RuleName'>technique_id=T1055,technique_name=Process Injection</Data><Data Name='UtcTime'>2025-08-14 14:38:32.867</Data><Data Name='ProcessGuid'>{750e87f3-f4e8-689d-61e0-000000001b00}</Data><Data Name='ProcessId'>30972</Data><Data Name='Image'>C:\Windows\System32\WindowsPowerShell\v1.0\powershell.exe</Data><Data Name='ImageLoaded'>C:\Windows\System32\mscoree.dll</Data><Data Name='FileVersion'>10.0.26100.3624 (WinBuild.160101.0800)</Data><Data Name='Description'>Microsoft .NET Runtime Execution Engine</Data><Data Name='Product'>Microsoft® Windows® Operating System</Data><Data Name='Company'>Microsoft Corporation</Data><Data Name='OriginalFileName'>mscoree.dll</Data><Data Name='Hashes'>SHA1=832627F610A3900FA9B0DB77CFF27168DB836A6A,MD5=1DC1B5FC0E47414580644B07C30F0E3D,SHA256=07F1EA065C452D37DA2AD56CE505184E41947C42A560D8235276E0FB8B758701,IMPHASH=CDE7B90B871501A5DFCA7B3AB565C6A1</Data><Data Name='Signed'>true</Data><Data Name='Signature'>Microsoft Windows</Data><Data Name='SignatureStatus'>Valid</Data><Data Name='User'>LAPTOP-6UTB6EBF\Sssu</Data></EventData></Event>
