<Event xmlns='http://schemas.microsoft.com/win/2004/08/events/event'><System><Provider Name='Microsoft-Windows-Sysmon' Guid='{5770385f-c22a-43e0-bf4c-06f5698ffbd9}'/><EventID>13</EventID><Version>2</Version><Level>4</Level><Task>13</Task><Opcode>0</Opcode><Keywords>0x8000000000000000</Keywords><TimeCreated SystemTime='2025-08-14T14:38:30.6176140Z'/><EventRecordID>4613806</EventRecordID><Correlation/><Execution ProcessID='5792' ThreadID='8236'/><Channel>Microsoft-Windows-Sysmon/Operational</Channel><Computer>LAPTOP-6UTB6EBF</Computer><Security UserID='S-1-5-18'/></System><EventData><Data Name='RuleName'>technique_id=T1005,technique_name=Data from Local System</Data><Data Name='EventType'>SetValue</Data><Data Name='UtcTime'>2025-08-14 14:38:30.616</Data><Data Name='ProcessGuid'>{750e87f3-4bcf-688f-b100-000000001b00}</Data><Data Name='ProcessId'>11456</Data><Data Name='Image'>C:\WINDOWS\system32\svchost.exe</Data><Data Name='TargetObject'>HKU\S-1-5-21-2535620217-2053583276-3195117501-1001\Software\Microsoft\Windows\CurrentVersion\CapabilityAccessManager\ConsentStore\location\NonPackaged\C:#Program Files (x86)#Lenovo#PCManager#5.1.120.7041#Modules#SE#SmartEngineHost.exe\LastUsedTimeStop</Data><Data Name='Details'>QWORD (0x00000000-0x00000000)</Data><Data Name='User'>NT AUTHORITY\SYSTEM</Data></EventData></Event>
<Event xmlns='http://schemas.microsoft.com/win/2004/08/events/event'><System><Provider Name='Microsoft-Windows-Sysmon' Guid='{5770385f-c22a-43e0-bf4c-06f5698ffbd9}'/><EventID>13</EventID><Version>2</Version><Level>4</Level><Task>13</Task><Opcode>0</Opcode><Keywords>0x8000000000000000</Keywords><TimeCreated SystemTime='2025-08-14T14:38:30.6120264Z'/><EventRecordID>4613805</EventRecordID><Correlation/><Execution ProcessID='5792' ThreadID='8236'/><Channel>Microsoft-Windows-Sysmon/Operational</Channel><Computer>LAPTOP-6UTB6EBF</Computer><Security UserID='S-1-5-18'/></System><EventData><Data Name='RuleName'>technique_id=T1005,technique_name=Data from Local System</Data><Data Name='EventType'>SetValue</Data><Data Name='UtcTime'>2025-08-14 14:38:30.609</Data><Data Name='ProcessGuid'>{750e87f3-4bcf-688f-b100-000000001b00}</Data><Data Name='ProcessId'>11456</Data><Data Name='Image'>C:\WINDOWS\system32\svchost.exe</Data><Data Name='TargetObject'>HKU\S-1-5-21-2535620217-2053583276-3195117501-1001\Software\Microsoft\Windows\CurrentVersion\CapabilityAccessManager\ConsentStore\location\NonPackaged\C:#Program Files (x86)#Lenovo#PCManager#5.1.120.7041#Modules#SE#SmartEngineHost.exe\LastUserAnnotatedLabel</Data><Data Name='Details'>DWORD (0x00000002)</Data><Data Name='User'>NT AUTHORITY\SYSTEM</Data></EventData></Event>
<Event xmlns='http://schemas.microsoft.com/win/2004/08/events/event'><System><Provider Name='Microsoft-Windows-Sysmon' Guid='{5770385f-c22a-43e0-bf4c-06f5698ffbd9}'/><EventID>13</EventID><Version>2</Version><Level>4</Level><Task>13</Task><Opcode>0</Opcode><Keywords>0x8000000000000000</Keywords><TimeCreated SystemTime='2025-08-14T14:38:30.6107369Z'/><EventRecordID>4613804</EventRecordID><Correlation/><Execution ProcessID='5792' ThreadID='8236'/><Channel>Microsoft-Windows-Sysmon/Operational</Channel><Computer>LAPTOP-6UTB6EBF</Computer><Security UserID='S-1-5-18'/></System><EventData><Data Name='RuleName'>technique_id=T1005,technique_name=Data from Local System</Data><Data Name='EventType'>SetValue</Data><Data Name='UtcTime'>2025-08-14 14:38:30.608</Data><Data Name='ProcessGuid'>{750e87f3-4bcf-688f-b100-000000001b00}</Data><Data Name='ProcessId'>11456</Data><Data Name='Image'>C:\WINDOWS\system32\svchost.exe</Data><Data Name='TargetObject'>HKU\S-1-5-21-2535620217-2053583276-3195117501-1001\Software\Microsoft\Windows\CurrentVersion\CapabilityAccessManager\ConsentStore\location\NonPackaged\C:#Program Files (x86)#Lenovo#PCManager#5.1.120.7041#Modules#SE#SmartEngineHost.exe\LastUsedTimeStart</Data><Data Name='Details'>QWORD (0x01dc0d29-0x1aa46397)</Data><Data Name='User'>NT AUTHORITY\SYSTEM</Data></EventData></Event>
<Event xmlns='http://schemas.microsoft.com/win/2004/08/events/event'><System><Provider Name='Microsoft-Windows-Sysmon' Guid='{5770385f-c22a-43e0-bf4c-06f5698ffbd9}'/><EventID>1</EventID><Version>5</Version><Level>4</Level><Task>1</Task><Opcode>0</Opcode><Keywords>0x8000000000000000</Keywords><TimeCreated SystemTime='2025-08-14T14:38:30.1328533Z'/><EventRecordID>4613803</EventRecordID><Correlation/><Execution ProcessID='5792' ThreadID='8236'/><Channel>Microsoft-Windows-Sysmon/Operational</Channel><Computer>LAPTOP-6UTB6EBF</Computer><Security UserID='S-1-5-18'/></System><EventData><Data Name='RuleName'>technique_id=T1083,technique_name=File and Directory Discovery</Data><Data Name='UtcTime'>2025-08-14 14:38:29.480</Data><Data Name='ProcessGuid'>{750e87f3-f4e5-689d-59e0-000000001b00}</Data><Data Name='ProcessId'>14692</Data><Data Name='Image'>D:\Git\cmd\git.exe</Data><Data Name='FileVersion'>2.47.0.windows.2</Data><Data Name='Description'>Git for Windows</Data><Data Name='Product'>Git</Data><Data Name='Company'>The Git Development Community</Data><Data Name='OriginalFileName'>git.exe</Data><Data Name='CommandLine'>git  rev-parse --git-dir</Data><Data Name='CurrentDirectory'>d:\FTAgent-master\</Data><Data Name='User'>LAPTOP-6UTB6EBF\Sssu</Data><Data Name='LogonGuid'>{750e87f3-a408-689d-28e0-c2ee00000000}</Data><Data Name='LogonId'>0xeec2e028</Data><Data Name='TerminalSessionId'>8</Data><Data Name='IntegrityLevel'>High</Data><Data Name='Hashes'>SHA1=82DDE99F19734EFA3D7E7A2A2FA6748B3AB2F8BA,MD5=55C2E7CB229D2C59CED0B32B487B6080,SHA256=054DFE58DF35F7FCFBAE184FF9D6A7C0DA1E3743BF0401D951E012E290217C73,IMPHASH=EE3C6A8F0AB6258AC0199A08F878F6B3</Data><Data Name='ParentProcessGuid'>{750e87f3-f4e5-689d-57e0-000000001b00}</Data><Data Name='ParentProcessId'>18628</Data><Data Name='ParentImage'>C:\Windows\System32\cmd.exe</Data><Data Name='ParentCommandLine'>C:\WINDOWS\system32\cmd.exe /d /s /c "git rev-parse --git-dir"</Data><Data Name='ParentUser'>LAPTOP-6UTB6EBF\Sssu</Data></EventData></Event>
<Event xmlns='http://schemas.microsoft.com/win/2004/08/events/event'><System><Provider Name='Microsoft-Windows-Sysmon' Guid='{5770385f-c22a-43e0-bf4c-06f5698ffbd9}'/><EventID>13</EventID><Version>2</Version><Level>4</Level><Task>13</Task><Opcode>0</Opcode><Keywords>0x8000000000000000</Keywords><TimeCreated SystemTime='2025-08-14T14:38:29.4584940Z'/><EventRecordID>4613802</EventRecordID><Correlation/><Execution ProcessID='5792' ThreadID='8236'/><Channel>Microsoft-Windows-Sysmon/Operational</Channel><Computer>LAPTOP-6UTB6EBF</Computer><Security UserID='S-1-5-18'/></System><EventData><Data Name='RuleName'>-</Data><Data Name='EventType'>SetValue</Data><Data Name='UtcTime'>2025-08-14 14:38:29.457</Data><Data Name='ProcessGuid'>{750e87f3-f4e5-689d-57e0-000000001b00}</Data><Data Name='ProcessId'>18628</Data><Data Name='Image'>C:\WINDOWS\system32\cmd.exe</Data><Data Name='TargetObject'>HKLM\System\CurrentControlSet\Services\bam\State\UserSettings\S-1-5-21-2535620217-2053583276-3195117501-1001\\Device\HarddiskVolume3\Windows\System32\conhost.exe</Data><Data Name='Details'>Binary Data</Data><Data Name='User'>LAPTOP-6UTB6EBF\Sssu</Data></EventData></Event>
<Event xmlns='http://schemas.microsoft.com/win/2004/08/events/event'><System><Provider Name='Microsoft-Windows-Sysmon' Guid='{5770385f-c22a-43e0-bf4c-06f5698ffbd9}'/><EventID>10</EventID><Version>3</Version><Level>4</Level><Task>10</Task><Opcode>0</Opcode><Keywords>0x8000000000000000</Keywords><TimeCreated SystemTime='2025-08-14T14:38:29.4485605Z'/><EventRecordID>4613801</EventRecordID><Correlation/><Execution ProcessID='5792' ThreadID='8236'/><Channel>Microsoft-Windows-Sysmon/Operational</Channel><Computer>LAPTOP-6UTB6EBF</Computer><Security UserID='S-1-5-18'/></System><EventData><Data Name='RuleName'>technique_id=T1055.001,technique_name=Dynamic-link Library Injection</Data><Data Name='UtcTime'>2025-08-14 14:38:29.446</Data><Data Name='SourceProcessGUID'>{750e87f3-f0b8-689d-d0dd-000000001b00}</Data><Data Name='SourceProcessId'>10304</Data><Data Name='SourceThreadId'>17572</Data><Data Name='SourceImage'>D:\Microsoft VS Code\Code.exe</Data><Data Name='TargetProcessGUID'>{750e87f3-f4e5-689d-57e0-000000001b00}</Data><Data Name='TargetProcessId'>18628</Data><Data Name='TargetImage'>C:\WINDOWS\system32\cmd.exe</Data><Data Name='GrantedAccess'>0x1fffff</Data><Data Name='CallTrace'>C:\WINDOWS\SYSTEM32\ntdll.dll+1637e4|C:\WINDOWS\System32\KERNELBASE.dll+fc93a|C:\WINDOWS\System32\KERNELBASE.dll+fa076|C:\WINDOWS\System32\KERNEL32.DLL+3c6d4|D:\Microsoft VS Code\Code.exe+25f7647|D:\Microsoft VS Code\Code.exe+6f9db2|D:\Microsoft VS Code\Code.exe+44c5274|UNKNOWN(00007FF7E0264E47)|UNKNOWN(00007FF7E03D05BF)|UNKNOWN(00007FF7E0A53600)|D:\Microsoft VS Code\Code.exe+44c3435|UNKNOWN(00007FF7E0A548DB)|UNKNOWN(00007FF7E0A54BD3)|UNKNOWN(00007FF7E0A54D3D)|D:\Microsoft VS Code\Code.exe+44c3435|D:\Microsoft VS Code\Code.exe+44c3435|D:\Microsoft VS Code\Code.exe+4505d2e|D:\Microsoft VS Code\Code.exe+45e86ea|D:\Microsoft VS Code\Code.exe+44f3988|D:\Microsoft VS Code\Code.exe+44c00ff|D:\Microsoft VS Code\Code.exe+3d5ca24|D:\Microsoft VS Code\Code.exe+fca2a1|D:\Microsoft VS Code\Code.exe+fca49e|D:\Microsoft VS Code\Code.exe+3d6e2c9</Data><Data Name='SourceUser'>LAPTOP-6UTB6EBF\Sssu</Data><Data Name='TargetUser'>LAPTOP-6UTB6EBF\Sssu</Data></EventData></Event>
<Event xmlns='http://schemas.microsoft.com/win/2004/08/events/event'><System><Provider Name='Microsoft-Windows-Sysmon' Guid='{5770385f-c22a-43e0-bf4c-06f5698ffbd9}'/><EventID>1</EventID><Version>5</Version><Level>4</Level><Task>1</Task><Opcode>0</Opcode><Keywords>0x8000000000000000</Keywords><TimeCreated SystemTime='2025-08-14T14:38:29.4484635Z'/><EventRecordID>4613800</EventRecordID><Correlation/><Execution ProcessID='5792' ThreadID='8236'/><Channel>Microsoft-Windows-Sysmon/Operational</Channel><Computer>LAPTOP-6UTB6EBF</Computer><Security UserID='S-1-5-18'/></System><EventData><Data Name='RuleName'>technique_id=T1083,technique_name=File and Directory Discovery</Data><Data Name='UtcTime'>2025-08-14 14:38:29.441</Data><Data Name='ProcessGuid'>{750e87f3-f4e5-689d-57e0-000000001b00}</Data><Data Name='ProcessId'>18628</Data><Data Name='Image'>C:\Windows\System32\cmd.exe</Data><Data Name='FileVersion'>10.0.26100.4484 (WinBuild.160101.0800)</Data><Data Name='Description'>Windows Command Processor</Data><Data Name='Product'>Microsoft® Windows® Operating System</Data><Data Name='Company'>Microsoft Corporation</Data><Data Name='OriginalFileName'>Cmd.Exe</Data><Data Name='CommandLine'>C:\WINDOWS\system32\cmd.exe /d /s /c "git rev-parse --git-dir"</Data><Data Name='CurrentDirectory'>d:\FTAgent-master\</Data><Data Name='User'>LAPTOP-6UTB6EBF\Sssu</Data><Data Name='LogonGuid'>{750e87f3-a408-689d-28e0-c2ee00000000}</Data><Data Name='LogonId'>0xeec2e028</Data><Data Name='TerminalSessionId'>8</Data><Data Name='IntegrityLevel'>High</Data><Data Name='Hashes'>SHA1=0B6A832A8DA0EA7AECB6182A460E9EA59B9C66EF,MD5=823CD190CE323284F6525D67DBDEFD0D,SHA256=875B19DD825BF2086119A0A43431002FB2A3DAFEE7F755453C4DA9109D070566,IMPHASH=ED799256EDA047E9421AD70A5FE3ACD6</Data><Data Name='ParentProcessGuid'>{750e87f3-f0b8-689d-d0dd-000000001b00}</Data><Data Name='ParentProcessId'>10304</Data><Data Name='ParentImage'>D:\Microsoft VS Code\Code.exe</Data><Data Name='ParentCommandLine'>"D:\Microsoft VS Code\Code.exe" --type=utility --utility-sub-type=node.mojom.NodeService --lang=zh-CN --service-sandbox-type=none --dns-result-order=ipv4first --experimental-network-inspection --inspect-port=0 --video-capture-use-gpu-memory-buffer --user-data-dir="C:\Users\Sssu\AppData\Roaming\Code" --standard-schemes=vscode-webview,vscode-file --enable-sandbox --secure-schemes=vscode-webview,vscode-file --cors-schemes=vscode-webview,vscode-file --fetch-schemes=vscode-webview,vscode-file --service-worker-schemes=vscode-webview --code-cache-schemes=vscode-webview,vscode-file --field-trial-handle=1768,i,10854038273762721932,2201040780538170104,262144 --enable-features=DocumentPolicyIncludeJSCallStacksInCrashReports,EarlyEstablishGpuChannel,EnableTransparentHwndEnlargement,EstablishGpuChannelAsync --disable-features=CalculateNativeWinOcclusion,FontationsLinuxSystemFonts,ScreenAIOCREnabled,SpareRendererForSitePerProcess,WinDelaySpellcheckServiceInit --variations-seed-version --mojo-platform-channel-handle=3664 /prefetch:14</Data><Data Name='ParentUser'>LAPTOP-6UTB6EBF\Sssu</Data></EventData></Event>
<Event xmlns='http://schemas.microsoft.com/win/2004/08/events/event'><System><Provider Name='Microsoft-Windows-Sysmon' Guid='{5770385f-c22a-43e0-bf4c-06f5698ffbd9}'/><EventID>13</EventID><Version>2</Version><Level>4</Level><Task>13</Task><Opcode>0</Opcode><Keywords>0x8000000000000000</Keywords><TimeCreated SystemTime='2025-08-14T14:38:29.4466601Z'/><EventRecordID>4613799</EventRecordID><Correlation/><Execution ProcessID='5792' ThreadID='8236'/><Channel>Microsoft-Windows-Sysmon/Operational</Channel><Computer>LAPTOP-6UTB6EBF</Computer><Security UserID='S-1-5-18'/></System><EventData><Data Name='RuleName'>-</Data><Data Name='EventType'>SetValue</Data><Data Name='UtcTime'>2025-08-14 14:38:29.446</Data><Data Name='ProcessGuid'>{750e87f3-f0b8-689d-d0dd-000000001b00}</Data><Data Name='ProcessId'>10304</Data><Data Name='Image'>D:\Microsoft VS Code\Code.exe</Data><Data Name='TargetObject'>HKLM\System\CurrentControlSet\Services\bam\State\UserSettings\S-1-5-21-2535620217-2053583276-3195117501-1001\\Device\HarddiskVolume3\Windows\System32\cmd.exe</Data><Data Name='Details'>Binary Data</Data><Data Name='User'>LAPTOP-6UTB6EBF\Sssu</Data></EventData></Event>
<Event xmlns='http://schemas.microsoft.com/win/2004/08/events/event'><System><Provider Name='Microsoft-Windows-Sysmon' Guid='{5770385f-c22a-43e0-bf4c-06f5698ffbd9}'/><EventID>17</EventID><Version>1</Version><Level>4</Level><Task>17</Task><Opcode>0</Opcode><Keywords>0x8000000000000000</Keywords><TimeCreated SystemTime='2025-08-14T14:38:29.4411797Z'/><EventRecordID>4613798</EventRecordID><Correlation/><Execution ProcessID='5792' ThreadID='8236'/><Channel>Microsoft-Windows-Sysmon/Operational</Channel><Computer>LAPTOP-6UTB6EBF</Computer><Security UserID='S-1-5-18'/></System><EventData><Data Name='RuleName'>-</Data><Data Name='EventType'>CreatePipe</Data><Data Name='UtcTime'>2025-08-14 14:38:29.440</Data><Data Name='ProcessGuid'>{750e87f3-f0b8-689d-d0dd-000000001b00}</Data><Data Name='ProcessId'>10304</Data><Data Name='PipeName'>\uv\17-10304</Data><Data Name='Image'>D:\Microsoft VS Code\Code.exe</Data><Data Name='User'>LAPTOP-6UTB6EBF\Sssu</Data></EventData></Event>
<Event xmlns='http://schemas.microsoft.com/win/2004/08/events/event'><System><Provider Name='Microsoft-Windows-Sysmon' Guid='{5770385f-c22a-43e0-bf4c-06f5698ffbd9}'/><EventID>17</EventID><Version>1</Version><Level>4</Level><Task>17</Task><Opcode>0</Opcode><Keywords>0x8000000000000000</Keywords><TimeCreated SystemTime='2025-08-14T14:38:29.4410757Z'/><EventRecordID>4613797</EventRecordID><Correlation/><Execution ProcessID='5792' ThreadID='8236'/><Channel>Microsoft-Windows-Sysmon/Operational</Channel><Computer>LAPTOP-6UTB6EBF</Computer><Security UserID='S-1-5-18'/></System><EventData><Data Name='RuleName'>-</Data><Data Name='EventType'>CreatePipe</Data><Data Name='UtcTime'>2025-08-14 14:38:29.440</Data><Data Name='ProcessGuid'>{750e87f3-f0b8-689d-d0dd-000000001b00}</Data><Data Name='ProcessId'>10304</Data><Data Name='PipeName'>\uv\7-10304</Data><Data Name='Image'>D:\Microsoft VS Code\Code.exe</Data><Data Name='User'>LAPTOP-6UTB6EBF\Sssu</Data></EventData></Event>
<Event xmlns='http://schemas.microsoft.com/win/2004/08/events/event'><System><Provider Name='Microsoft-Windows-Sysmon' Guid='{5770385f-c22a-43e0-bf4c-06f5698ffbd9}'/><EventID>13</EventID><Version>2</Version><Level>4</Level><Task>13</Task><Opcode>0</Opcode><Keywords>0x8000000000000000</Keywords><TimeCreated SystemTime='2025-08-14T14:38:29.4409412Z'/><EventRecordID>4613796</EventRecordID><Correlation/><Execution ProcessID='5792' ThreadID='8236'/><Channel>Microsoft-Windows-Sysmon/Operational</Channel><Computer>LAPTOP-6UTB6EBF</Computer><Security UserID='S-1-5-18'/></System><EventData><Data Name='RuleName'>-</Data><Data Name='EventType'>SetValue</Data><Data Name='UtcTime'>2025-08-14 14:38:29.440</Data><Data Name='ProcessGuid'>{750e87f3-f4e3-689d-54e0-000000001b00}</Data><Data Name='ProcessId'>8324</Data><Data Name='Image'>C:\WINDOWS\system32\conhost.exe</Data><Data Name='TargetObject'>HKLM\System\CurrentControlSet\Services\bam\State\UserSettings\S-1-5-21-2535620217-2053583276-3195117501-1001\\Device\HarddiskVolume3\Windows\System32\conhost.exe</Data><Data Name='Details'>Binary Data</Data><Data Name='User'>LAPTOP-6UTB6EBF\Sssu</Data></EventData></Event>
<Event xmlns='http://schemas.microsoft.com/win/2004/08/events/event'><System><Provider Name='Microsoft-Windows-Sysmon' Guid='{5770385f-c22a-43e0-bf4c-06f5698ffbd9}'/><EventID>17</EventID><Version>1</Version><Level>4</Level><Task>17</Task><Opcode>0</Opcode><Keywords>0x8000000000000000</Keywords><TimeCreated SystemTime='2025-08-14T14:38:29.4406463Z'/><EventRecordID>4613795</EventRecordID><Correlation/><Execution ProcessID='5792' ThreadID='8236'/><Channel>Microsoft-Windows-Sysmon/Operational</Channel><Computer>LAPTOP-6UTB6EBF</Computer><Security UserID='S-1-5-18'/></System><EventData><Data Name='RuleName'>-</Data><Data Name='EventType'>CreatePipe</Data><Data Name='UtcTime'>2025-08-14 14:38:29.440</Data><Data Name='ProcessGuid'>{750e87f3-f0b8-689d-d0dd-000000001b00}</Data><Data Name='ProcessId'>10304</Data><Data Name='PipeName'>\uv\6-10304</Data><Data Name='Image'>D:\Microsoft VS Code\Code.exe</Data><Data Name='User'>LAPTOP-6UTB6EBF\Sssu</Data></EventData></Event>
<Event xmlns='http://schemas.microsoft.com/win/2004/08/events/event'><System><Provider Name='Microsoft-Windows-Sysmon' Guid='{5770385f-c22a-43e0-bf4c-06f5698ffbd9}'/><EventID>13</EventID><Version>2</Version><Level>4</Level><Task>13</Task><Opcode>0</Opcode><Keywords>0x8000000000000000</Keywords><TimeCreated SystemTime='2025-08-14T14:38:29.4405562Z'/><EventRecordID>4613794</EventRecordID><Correlation/><Execution ProcessID='5792' ThreadID='8236'/><Channel>Microsoft-Windows-Sysmon/Operational</Channel><Computer>LAPTOP-6UTB6EBF</Computer><Security UserID='S-1-5-18'/></System><EventData><Data Name='RuleName'>-</Data><Data Name='EventType'>SetValue</Data><Data Name='UtcTime'>2025-08-14 14:38:29.438</Data><Data Name='ProcessGuid'>{750e87f3-f4e3-689d-53e0-000000001b00}</Data><Data Name='ProcessId'>708</Data><Data Name='Image'>C:\WINDOWS\system32\cmd.exe</Data><Data Name='TargetObject'>HKLM\System\CurrentControlSet\Services\bam\State\UserSettings\S-1-5-21-2535620217-2053583276-3195117501-1001\\Device\HarddiskVolume3\Windows\System32\cmd.exe</Data><Data Name='Details'>Binary Data</Data><Data Name='User'>LAPTOP-6UTB6EBF\Sssu</Data></EventData></Event>
<Event xmlns='http://schemas.microsoft.com/win/2004/08/events/event'><System><Provider Name='Microsoft-Windows-Sysmon' Guid='{5770385f-c22a-43e0-bf4c-06f5698ffbd9}'/><EventID>13</EventID><Version>2</Version><Level>4</Level><Task>13</Task><Opcode>0</Opcode><Keywords>0x8000000000000000</Keywords><TimeCreated SystemTime='2025-08-14T14:38:27.9198102Z'/><EventRecordID>4613793</EventRecordID><Correlation/><Execution ProcessID='5792' ThreadID='8236'/><Channel>Microsoft-Windows-Sysmon/Operational</Channel><Computer>LAPTOP-6UTB6EBF</Computer><Security UserID='S-1-5-18'/></System><EventData><Data Name='RuleName'>-</Data><Data Name='EventType'>SetValue</Data><Data Name='UtcTime'>2025-08-14 14:38:27.919</Data><Data Name='ProcessGuid'>{750e87f3-f4e3-689d-53e0-000000001b00}</Data><Data Name='ProcessId'>708</Data><Data Name='Image'>C:\WINDOWS\system32\cmd.exe</Data><Data Name='TargetObject'>HKLM\System\CurrentControlSet\Services\bam\State\UserSettings\S-1-5-21-2535620217-2053583276-3195117501-1001\\Device\HarddiskVolume3\Windows\System32\conhost.exe</Data><Data Name='Details'>Binary Data</Data><Data Name='User'>LAPTOP-6UTB6EBF\Sssu</Data></EventData></Event>
<Event xmlns='http://schemas.microsoft.com/win/2004/08/events/event'><System><Provider Name='Microsoft-Windows-Sysmon' Guid='{5770385f-c22a-43e0-bf4c-06f5698ffbd9}'/><EventID>10</EventID><Version>3</Version><Level>4</Level><Task>10</Task><Opcode>0</Opcode><Keywords>0x8000000000000000</Keywords><TimeCreated SystemTime='2025-08-14T14:38:27.9031946Z'/><EventRecordID>4613792</EventRecordID><Correlation/><Execution ProcessID='5792' ThreadID='8236'/><Channel>Microsoft-Windows-Sysmon/Operational</Channel><Computer>LAPTOP-6UTB6EBF</Computer><Security UserID='S-1-5-18'/></System><EventData><Data Name='RuleName'>technique_id=T1055.001,technique_name=Dynamic-link Library Injection</Data><Data Name='UtcTime'>2025-08-14 14:38:27.900</Data><Data Name='SourceProcessGUID'>{750e87f3-f0b8-689d-d0dd-000000001b00}</Data><Data Name='SourceProcessId'>10304</Data><Data Name='SourceThreadId'>17572</Data><Data Name='SourceImage'>D:\Microsoft VS Code\Code.exe</Data><Data Name='TargetProcessGUID'>{750e87f3-f4e3-689d-53e0-000000001b00}</Data><Data Name='TargetProcessId'>708</Data><Data Name='TargetImage'>C:\WINDOWS\system32\cmd.exe</Data><Data Name='GrantedAccess'>0x1fffff</Data><Data Name='CallTrace'>C:\WINDOWS\SYSTEM32\ntdll.dll+1637e4|C:\WINDOWS\System32\KERNELBASE.dll+fc93a|C:\WINDOWS\System32\KERNELBASE.dll+fa076|C:\WINDOWS\System32\KERNEL32.DLL+3c6d4|D:\Microsoft VS Code\Code.exe+25f7647|D:\Microsoft VS Code\Code.exe+6f9db2|D:\Microsoft VS Code\Code.exe+44c5274|UNKNOWN(00007FF7E0264E47)|UNKNOWN(00007FF7E03D05BF)|UNKNOWN(00007FF7E0A53600)|D:\Microsoft VS Code\Code.exe+44c3435|UNKNOWN(00007FF7E0A548DB)|UNKNOWN(00007FF7E0A54BD3)|UNKNOWN(00007FF7E0A54D3D)|D:\Microsoft VS Code\Code.exe+44c3435|D:\Microsoft VS Code\Code.exe+44c3435|D:\Microsoft VS Code\Code.exe+44c3435|D:\Microsoft VS Code\Code.exe+4505d2e|D:\Microsoft VS Code\Code.exe+45e86ea|D:\Microsoft VS Code\Code.exe+44f3988|D:\Microsoft VS Code\Code.exe+44c00ff|D:\Microsoft VS Code\Code.exe+3d5ca24|D:\Microsoft VS Code\Code.exe+fca2a1|D:\Microsoft VS Code\Code.exe+fca49e</Data><Data Name='SourceUser'>LAPTOP-6UTB6EBF\Sssu</Data><Data Name='TargetUser'>LAPTOP-6UTB6EBF\Sssu</Data></EventData></Event>
<Event xmlns='http://schemas.microsoft.com/win/2004/08/events/event'><System><Provider Name='Microsoft-Windows-Sysmon' Guid='{5770385f-c22a-43e0-bf4c-06f5698ffbd9}'/><EventID>1</EventID><Version>5</Version><Level>4</Level><Task>1</Task><Opcode>0</Opcode><Keywords>0x8000000000000000</Keywords><TimeCreated SystemTime='2025-08-14T14:38:27.9030611Z'/><EventRecordID>4613791</EventRecordID><Correlation/><Execution ProcessID='5792' ThreadID='8236'/><Channel>Microsoft-Windows-Sysmon/Operational</Channel><Computer>LAPTOP-6UTB6EBF</Computer><Security UserID='S-1-5-18'/></System><EventData><Data Name='RuleName'>technique_id=T1059.003,technique_name=Windows Command Shell</Data><Data Name='UtcTime'>2025-08-14 14:38:27.892</Data><Data Name='ProcessGuid'>{750e87f3-f4e3-689d-53e0-000000001b00}</Data><Data Name='ProcessId'>708</Data><Data Name='Image'>C:\Windows\System32\cmd.exe</Data><Data Name='FileVersion'>10.0.26100.4484 (WinBuild.160101.0800)</Data><Data Name='Description'>Windows Command Processor</Data><Data Name='Product'>Microsoft® Windows® Operating System</Data><Data Name='Company'>Microsoft Corporation</Data><Data Name='OriginalFileName'>Cmd.Exe</Data><Data Name='CommandLine'>C:\WINDOWS\system32\cmd.exe /d /s /c "git --version"</Data><Data Name='CurrentDirectory'>D:\Microsoft VS Code\</Data><Data Name='User'>LAPTOP-6UTB6EBF\Sssu</Data><Data Name='LogonGuid'>{750e87f3-a408-689d-28e0-c2ee00000000}</Data><Data Name='LogonId'>0xeec2e028</Data><Data Name='TerminalSessionId'>8</Data><Data Name='IntegrityLevel'>High</Data><Data Name='Hashes'>SHA1=0B6A832A8DA0EA7AECB6182A460E9EA59B9C66EF,MD5=823CD190CE323284F6525D67DBDEFD0D,SHA256=875B19DD825BF2086119A0A43431002FB2A3DAFEE7F755453C4DA9109D070566,IMPHASH=ED799256EDA047E9421AD70A5FE3ACD6</Data><Data Name='ParentProcessGuid'>{750e87f3-f0b8-689d-d0dd-000000001b00}</Data><Data Name='ParentProcessId'>10304</Data><Data Name='ParentImage'>D:\Microsoft VS Code\Code.exe</Data><Data Name='ParentCommandLine'>"D:\Microsoft VS Code\Code.exe" --type=utility --utility-sub-type=node.mojom.NodeService --lang=zh-CN --service-sandbox-type=none --dns-result-order=ipv4first --experimental-network-inspection --inspect-port=0 --video-capture-use-gpu-memory-buffer --user-data-dir="C:\Users\Sssu\AppData\Roaming\Code" --standard-schemes=vscode-webview,vscode-file --enable-sandbox --secure-schemes=vscode-webview,vscode-file --cors-schemes=vscode-webview,vscode-file --fetch-schemes=vscode-webview,vscode-file --service-worker-schemes=vscode-webview --code-cache-schemes=vscode-webview,vscode-file --field-trial-handle=1768,i,10854038273762721932,2201040780538170104,262144 --enable-features=DocumentPolicyIncludeJSCallStacksInCrashReports,EarlyEstablishGpuChannel,EnableTransparentHwndEnlargement,EstablishGpuChannelAsync --disable-features=CalculateNativeWinOcclusion,FontationsLinuxSystemFonts,ScreenAIOCREnabled,SpareRendererForSitePerProcess,WinDelaySpellcheckServiceInit --variations-seed-version --mojo-platform-channel-handle=3664 /prefetch:14</Data><Data Name='ParentUser'>LAPTOP-6UTB6EBF\Sssu</Data></EventData></Event>
<Event xmlns='http://schemas.microsoft.com/win/2004/08/events/event'><System><Provider Name='Microsoft-Windows-Sysmon' Guid='{5770385f-c22a-43e0-bf4c-06f5698ffbd9}'/><EventID>13</EventID><Version>2</Version><Level>4</Level><Task>13</Task><Opcode>0</Opcode><Keywords>0x8000000000000000</Keywords><TimeCreated SystemTime='2025-08-14T14:38:27.9008329Z'/><EventRecordID>4613790</EventRecordID><Correlation/><Execution ProcessID='5792' ThreadID='8236'/><Channel>Microsoft-Windows-Sysmon/Operational</Channel><Computer>LAPTOP-6UTB6EBF</Computer><Security UserID='S-1-5-18'/></System><EventData><Data Name='RuleName'>-</Data><Data Name='EventType'>SetValue</Data><Data Name='UtcTime'>2025-08-14 14:38:27.900</Data><Data Name='ProcessGuid'>{750e87f3-f0b8-689d-d0dd-000000001b00}</Data><Data Name='ProcessId'>10304</Data><Data Name='Image'>D:\Microsoft VS Code\Code.exe</Data><Data Name='TargetObject'>HKLM\System\CurrentControlSet\Services\bam\State\UserSettings\S-1-5-21-2535620217-2053583276-3195117501-1001\\Device\HarddiskVolume3\Windows\System32\cmd.exe</Data><Data Name='Details'>Binary Data</Data><Data Name='User'>LAPTOP-6UTB6EBF\Sssu</Data></EventData></Event>
<Event xmlns='http://schemas.microsoft.com/win/2004/08/events/event'><System><Provider Name='Microsoft-Windows-Sysmon' Guid='{5770385f-c22a-43e0-bf4c-06f5698ffbd9}'/><EventID>13</EventID><Version>2</Version><Level>4</Level><Task>13</Task><Opcode>0</Opcode><Keywords>0x8000000000000000</Keywords><TimeCreated SystemTime='2025-08-14T14:38:27.8926597Z'/><EventRecordID>4613789</EventRecordID><Correlation/><Execution ProcessID='5792' ThreadID='8236'/><Channel>Microsoft-Windows-Sysmon/Operational</Channel><Computer>LAPTOP-6UTB6EBF</Computer><Security UserID='S-1-5-18'/></System><EventData><Data Name='RuleName'>-</Data><Data Name='EventType'>SetValue</Data><Data Name='UtcTime'>2025-08-14 14:38:27.891</Data><Data Name='ProcessGuid'>{750e87f3-f4e2-689d-50e0-000000001b00}</Data><Data Name='ProcessId'>35596</Data><Data Name='Image'>C:\WINDOWS\system32\conhost.exe</Data><Data Name='TargetObject'>HKLM\System\CurrentControlSet\Services\bam\State\UserSettings\S-1-5-21-2535620217-2053583276-3195117501-1001\\Device\HarddiskVolume3\Windows\System32\conhost.exe</Data><Data Name='Details'>Binary Data</Data><Data Name='User'>LAPTOP-6UTB6EBF\Sssu</Data></EventData></Event>
<Event xmlns='http://schemas.microsoft.com/win/2004/08/events/event'><System><Provider Name='Microsoft-Windows-Sysmon' Guid='{5770385f-c22a-43e0-bf4c-06f5698ffbd9}'/><EventID>17</EventID><Version>1</Version><Level>4</Level><Task>17</Task><Opcode>0</Opcode><Keywords>0x8000000000000000</Keywords><TimeCreated SystemTime='2025-08-14T14:38:27.8917823Z'/><EventRecordID>4613788</EventRecordID><Correlation/><Execution ProcessID='5792' ThreadID='8236'/><Channel>Microsoft-Windows-Sysmon/Operational</Channel><Computer>LAPTOP-6UTB6EBF</Computer><Security UserID='S-1-5-18'/></System><EventData><Data Name='RuleName'>-</Data><Data Name='EventType'>CreatePipe</Data><Data Name='UtcTime'>2025-08-14 14:38:27.891</Data><Data Name='ProcessGuid'>{750e87f3-f0b8-689d-d0dd-000000001b00}</Data><Data Name='ProcessId'>10304</Data><Data Name='PipeName'>\uv\17-10304</Data><Data Name='Image'>D:\Microsoft VS Code\Code.exe</Data><Data Name='User'>LAPTOP-6UTB6EBF\Sssu</Data></EventData></Event>
<Event xmlns='http://schemas.microsoft.com/win/2004/08/events/event'><System><Provider Name='Microsoft-Windows-Sysmon' Guid='{5770385f-c22a-43e0-bf4c-06f5698ffbd9}'/><EventID>17</EventID><Version>1</Version><Level>4</Level><Task>17</Task><Opcode>0</Opcode><Keywords>0x8000000000000000</Keywords><TimeCreated SystemTime='2025-08-14T14:38:27.8916129Z'/><EventRecordID>4613787</EventRecordID><Correlation/><Execution ProcessID='5792' ThreadID='8236'/><Channel>Microsoft-Windows-Sysmon/Operational</Channel><Computer>LAPTOP-6UTB6EBF</Computer><Security UserID='S-1-5-18'/></System><EventData><Data Name='RuleName'>-</Data><Data Name='EventType'>CreatePipe</Data><Data Name='UtcTime'>2025-08-14 14:38:27.891</Data><Data Name='ProcessGuid'>{750e87f3-f0b8-689d-d0dd-000000001b00}</Data><Data Name='ProcessId'>10304</Data><Data Name='PipeName'>\uv\7-10304</Data><Data Name='Image'>D:\Microsoft VS Code\Code.exe</Data><Data Name='User'>LAPTOP-6UTB6EBF\Sssu</Data></EventData></Event>
<Event xmlns='http://schemas.microsoft.com/win/2004/08/events/event'><System><Provider Name='Microsoft-Windows-Sysmon' Guid='{5770385f-c22a-43e0-bf4c-06f5698ffbd9}'/><EventID>17</EventID><Version>1</Version><Level>4</Level><Task>17</Task><Opcode>0</Opcode><Keywords>0x8000000000000000</Keywords><TimeCreated SystemTime='2025-08-14T14:38:27.8914723Z'/><EventRecordID>4613786</EventRecordID><Correlation/><Execution ProcessID='5792' ThreadID='8236'/><Channel>Microsoft-Windows-Sysmon/Operational</Channel><Computer>LAPTOP-6UTB6EBF</Computer><Security UserID='S-1-5-18'/></System><EventData><Data Name='RuleName'>-</Data><Data Name='EventType'>CreatePipe</Data><Data Name='UtcTime'>2025-08-14 14:38:27.891</Data><Data Name='ProcessGuid'>{750e87f3-f0b8-689d-d0dd-000000001b00}</Data><Data Name='ProcessId'>10304</Data><Data Name='PipeName'>\uv\6-10304</Data><Data Name='Image'>D:\Microsoft VS Code\Code.exe</Data><Data Name='User'>LAPTOP-6UTB6EBF\Sssu</Data></EventData></Event>
<Event xmlns='http://schemas.microsoft.com/win/2004/08/events/event'><System><Provider Name='Microsoft-Windows-Sysmon' Guid='{5770385f-c22a-43e0-bf4c-06f5698ffbd9}'/><EventID>13</EventID><Version>2</Version><Level>4</Level><Task>13</Task><Opcode>0</Opcode><Keywords>0x8000000000000000</Keywords><TimeCreated SystemTime='2025-08-14T14:38:27.8901134Z'/><EventRecordID>4613785</EventRecordID><Correlation/><Execution ProcessID='5792' ThreadID='8236'/><Channel>Microsoft-Windows-Sysmon/Operational</Channel><Computer>LAPTOP-6UTB6EBF</Computer><Security UserID='S-1-5-18'/></System><EventData><Data Name='RuleName'>-</Data><Data Name='EventType'>SetValue</Data><Data Name='UtcTime'>2025-08-14 14:38:27.889</Data><Data Name='ProcessGuid'>{750e87f3-f4e2-689d-4fe0-000000001b00}</Data><Data Name='ProcessId'>6400</Data><Data Name='Image'>C:\WINDOWS\system32\cmd.exe</Data><Data Name='TargetObject'>HKLM\System\CurrentControlSet\Services\bam\State\UserSettings\S-1-5-21-2535620217-2053583276-3195117501-1001\\Device\HarddiskVolume3\Windows\System32\cmd.exe</Data><Data Name='Details'>Binary Data</Data><Data Name='User'>LAPTOP-6UTB6EBF\Sssu</Data></EventData></Event>
<Event xmlns='http://schemas.microsoft.com/win/2004/08/events/event'><System><Provider Name='Microsoft-Windows-Sysmon' Guid='{5770385f-c22a-43e0-bf4c-06f5698ffbd9}'/><EventID>13</EventID><Version>2</Version><Level>4</Level><Task>13</Task><Opcode>0</Opcode><Keywords>0x8000000000000000</Keywords><TimeCreated SystemTime='2025-08-14T14:38:27.5214140Z'/><EventRecordID>4613784</EventRecordID><Correlation/><Execution ProcessID='5792' ThreadID='8236'/><Channel>Microsoft-Windows-Sysmon/Operational</Channel><Computer>LAPTOP-6UTB6EBF</Computer><Security UserID='S-1-5-18'/></System><EventData><Data Name='RuleName'>technique_id=T1005,technique_name=Data from Local System</Data><Data Name='EventType'>SetValue</Data><Data Name='UtcTime'>2025-08-14 14:38:27.520</Data><Data Name='ProcessGuid'>{750e87f3-4bcf-688f-b100-000000001b00}</Data><Data Name='ProcessId'>11456</Data><Data Name='Image'>C:\WINDOWS\system32\svchost.exe</Data><Data Name='TargetObject'>HKU\S-1-5-21-2535620217-2053583276-3195117501-1001\Software\Microsoft\Windows\CurrentVersion\CapabilityAccessManager\ConsentStore\location\NonPackaged\C:#Program Files (x86)#Lenovo#PCManager#5.1.120.7041#Modules#SE#SmartEngineHost.exe\PersistedInDatabase</Data><Data Name='Details'>DWORD (0x00000001)</Data><Data Name='User'>NT AUTHORITY\SYSTEM</Data></EventData></Event>
<Event xmlns='http://schemas.microsoft.com/win/2004/08/events/event'><System><Provider Name='Microsoft-Windows-Sysmon' Guid='{5770385f-c22a-43e0-bf4c-06f5698ffbd9}'/><EventID>13</EventID><Version>2</Version><Level>4</Level><Task>13</Task><Opcode>0</Opcode><Keywords>0x8000000000000000</Keywords><TimeCreated SystemTime='2025-08-14T14:38:27.5199508Z'/><EventRecordID>4613783</EventRecordID><Correlation/><Execution ProcessID='5792' ThreadID='8236'/><Channel>Microsoft-Windows-Sysmon/Operational</Channel><Computer>LAPTOP-6UTB6EBF</Computer><Security UserID='S-1-5-18'/></System><EventData><Data Name='RuleName'>technique_id=T1005,technique_name=Data from Local System</Data><Data Name='EventType'>SetValue</Data><Data Name='UtcTime'>2025-08-14 14:38:27.519</Data><Data Name='ProcessGuid'>{750e87f3-4bcf-688f-b100-000000001b00}</Data><Data Name='ProcessId'>11456</Data><Data Name='Image'>C:\WINDOWS\system32\svchost.exe</Data><Data Name='TargetObject'>HKU\S-1-5-21-2535620217-2053583276-3195117501-1001\Software\Microsoft\Windows\CurrentVersion\CapabilityAccessManager\ConsentStore\location\NonPackaged\C:#Program Files (x86)#Lenovo#PCManager#5.1.120.7041#Modules#SE#SmartEngineHost.exe\LastUsedTimeStop</Data><Data Name='Details'>QWORD (0x01dc0d29-0x18cbe95b)</Data><Data Name='User'>NT AUTHORITY\SYSTEM</Data></EventData></Event>
<Event xmlns='http://schemas.microsoft.com/win/2004/08/events/event'><System><Provider Name='Microsoft-Windows-Sysmon' Guid='{5770385f-c22a-43e0-bf4c-06f5698ffbd9}'/><EventID>13</EventID><Version>2</Version><Level>4</Level><Task>13</Task><Opcode>0</Opcode><Keywords>0x8000000000000000</Keywords><TimeCreated SystemTime='2025-08-14T14:38:27.5106774Z'/><EventRecordID>4613782</EventRecordID><Correlation/><Execution ProcessID='5792' ThreadID='8236'/><Channel>Microsoft-Windows-Sysmon/Operational</Channel><Computer>LAPTOP-6UTB6EBF</Computer><Security UserID='S-1-5-18'/></System><EventData><Data Name='RuleName'>technique_id=T1005,technique_name=Data from Local System</Data><Data Name='EventType'>SetValue</Data><Data Name='UtcTime'>2025-08-14 14:38:27.509</Data><Data Name='ProcessGuid'>{750e87f3-4bcf-688f-b100-000000001b00}</Data><Data Name='ProcessId'>11456</Data><Data Name='Image'>C:\WINDOWS\system32\svchost.exe</Data><Data Name='TargetObject'>HKU\S-1-5-21-2535620217-2053583276-3195117501-1001\Software\Microsoft\Windows\CurrentVersion\CapabilityAccessManager\ConsentStore\location\NonPackaged\C:#Program Files (x86)#Lenovo#PCManager#5.1.120.7041#Modules#SE#SmartEngineHost.exe\LastUsedTimeStop</Data><Data Name='Details'>QWORD (0x00000000-0x00000000)</Data><Data Name='User'>NT AUTHORITY\SYSTEM</Data></EventData></Event>
<Event xmlns='http://schemas.microsoft.com/win/2004/08/events/event'><System><Provider Name='Microsoft-Windows-Sysmon' Guid='{5770385f-c22a-43e0-bf4c-06f5698ffbd9}'/><EventID>13</EventID><Version>2</Version><Level>4</Level><Task>13</Task><Opcode>0</Opcode><Keywords>0x8000000000000000</Keywords><TimeCreated SystemTime='2025-08-14T14:38:27.5046997Z'/><EventRecordID>4613781</EventRecordID><Correlation/><Execution ProcessID='5792' ThreadID='8236'/><Channel>Microsoft-Windows-Sysmon/Operational</Channel><Computer>LAPTOP-6UTB6EBF</Computer><Security UserID='S-1-5-18'/></System><EventData><Data Name='RuleName'>technique_id=T1005,technique_name=Data from Local System</Data><Data Name='EventType'>SetValue</Data><Data Name='UtcTime'>2025-08-14 14:38:27.503</Data><Data Name='ProcessGuid'>{750e87f3-4bcf-688f-b100-000000001b00}</Data><Data Name='ProcessId'>11456</Data><Data Name='Image'>C:\WINDOWS\system32\svchost.exe</Data><Data Name='TargetObject'>HKU\S-1-5-21-2535620217-2053583276-3195117501-1001\Software\Microsoft\Windows\CurrentVersion\CapabilityAccessManager\ConsentStore\location\NonPackaged\C:#Program Files (x86)#Lenovo#PCManager#5.1.120.7041#Modules#SE#SmartEngineHost.exe\LastUserAnnotatedLabel</Data><Data Name='Details'>DWORD (0x00000002)</Data><Data Name='User'>NT AUTHORITY\SYSTEM</Data></EventData></Event>
<Event xmlns='http://schemas.microsoft.com/win/2004/08/events/event'><System><Provider Name='Microsoft-Windows-Sysmon' Guid='{5770385f-c22a-43e0-bf4c-06f5698ffbd9}'/><EventID>13</EventID><Version>2</Version><Level>4</Level><Task>13</Task><Opcode>0</Opcode><Keywords>0x8000000000000000</Keywords><TimeCreated SystemTime='2025-08-14T14:38:27.5033750Z'/><EventRecordID>4613780</EventRecordID><Correlation/><Execution ProcessID='5792' ThreadID='8236'/><Channel>Microsoft-Windows-Sysmon/Operational</Channel><Computer>LAPTOP-6UTB6EBF</Computer><Security UserID='S-1-5-18'/></System><EventData><Data Name='RuleName'>technique_id=T1005,technique_name=Data from Local System</Data><Data Name='EventType'>SetValue</Data><Data Name='UtcTime'>2025-08-14 14:38:27.502</Data><Data Name='ProcessGuid'>{750e87f3-4bcf-688f-b100-000000001b00}</Data><Data Name='ProcessId'>11456</Data><Data Name='Image'>C:\WINDOWS\system32\svchost.exe</Data><Data Name='TargetObject'>HKU\S-1-5-21-2535620217-2053583276-3195117501-1001\Software\Microsoft\Windows\CurrentVersion\CapabilityAccessManager\ConsentStore\location\NonPackaged\C:#Program Files (x86)#Lenovo#PCManager#5.1.120.7041#Modules#SE#SmartEngineHost.exe\LastUsedTimeStart</Data><Data Name='Details'>QWORD (0x01dc0d29-0x18ca7b94)</Data><Data Name='User'>NT AUTHORITY\SYSTEM</Data></EventData></Event>
<Event xmlns='http://schemas.microsoft.com/win/2004/08/events/event'><System><Provider Name='Microsoft-Windows-Sysmon' Guid='{5770385f-c22a-43e0-bf4c-06f5698ffbd9}'/><EventID>13</EventID><Version>2</Version><Level>4</Level><Task>13</Task><Opcode>0</Opcode><Keywords>0x8000000000000000</Keywords><TimeCreated SystemTime='2025-08-14T14:38:27.4610676Z'/><EventRecordID>4613779</EventRecordID><Correlation/><Execution ProcessID='5792' ThreadID='8236'/><Channel>Microsoft-Windows-Sysmon/Operational</Channel><Computer>LAPTOP-6UTB6EBF</Computer><Security UserID='S-1-5-18'/></System><EventData><Data Name='RuleName'>technique_id=T1005,technique_name=Data from Local System</Data><Data Name='EventType'>SetValue</Data><Data Name='UtcTime'>2025-08-14 14:38:27.459</Data><Data Name='ProcessGuid'>{750e87f3-4bcf-688f-b100-000000001b00}</Data><Data Name='ProcessId'>11456</Data><Data Name='Image'>C:\WINDOWS\system32\svchost.exe</Data><Data Name='TargetObject'>HKU\S-1-5-21-2535620217-2053583276-3195117501-1001\Software\Microsoft\Windows\CurrentVersion\CapabilityAccessManager\ConsentStore\location\NonPackaged\C:#Program Files (x86)#Lenovo#PCManager#5.1.120.7041#Modules#SE#SmartEngineHost.exe\PersistedInDatabase</Data><Data Name='Details'>DWORD (0x00000001)</Data><Data Name='User'>NT AUTHORITY\SYSTEM</Data></EventData></Event>
<Event xmlns='http://schemas.microsoft.com/win/2004/08/events/event'><System><Provider Name='Microsoft-Windows-Sysmon' Guid='{5770385f-c22a-43e0-bf4c-06f5698ffbd9}'/><EventID>13</EventID><Version>2</Version><Level>4</Level><Task>13</Task><Opcode>0</Opcode><Keywords>0x8000000000000000</Keywords><TimeCreated SystemTime='2025-08-14T14:38:27.4600522Z'/><EventRecordID>4613778</EventRecordID><Correlation/><Execution ProcessID='5792' ThreadID='8236'/><Channel>Microsoft-Windows-Sysmon/Operational</Channel><Computer>LAPTOP-6UTB6EBF</Computer><Security UserID='S-1-5-18'/></System><EventData><Data Name='RuleName'>technique_id=T1005,technique_name=Data from Local System</Data><Data Name='EventType'>SetValue</Data><Data Name='UtcTime'>2025-08-14 14:38:27.458</Data><Data Name='ProcessGuid'>{750e87f3-4bcf-688f-b100-000000001b00}</Data><Data Name='ProcessId'>11456</Data><Data Name='Image'>C:\WINDOWS\system32\svchost.exe</Data><Data Name='TargetObject'>HKU\S-1-5-21-2535620217-2053583276-3195117501-1001\Software\Microsoft\Windows\CurrentVersion\CapabilityAccessManager\ConsentStore\location\NonPackaged\C:#Program Files (x86)#Lenovo#PCManager#5.1.120.7041#Modules#SE#SmartEngineHost.exe\LastUsedTimeStop</Data><Data Name='Details'>QWORD (0x01dc0d29-0x18c27237)</Data><Data Name='User'>NT AUTHORITY\SYSTEM</Data></EventData></Event>
<Event xmlns='http://schemas.microsoft.com/win/2004/08/events/event'><System><Provider Name='Microsoft-Windows-Sysmon' Guid='{5770385f-c22a-43e0-bf4c-06f5698ffbd9}'/><EventID>13</EventID><Version>2</Version><Level>4</Level><Task>13</Task><Opcode>0</Opcode><Keywords>0x8000000000000000</Keywords><TimeCreated SystemTime='2025-08-14T14:38:27.4475168Z'/><EventRecordID>4613777</EventRecordID><Correlation/><Execution ProcessID='5792' ThreadID='8236'/><Channel>Microsoft-Windows-Sysmon/Operational</Channel><Computer>LAPTOP-6UTB6EBF</Computer><Security UserID='S-1-5-18'/></System><EventData><Data Name='RuleName'>technique_id=T1005,technique_name=Data from Local System</Data><Data Name='EventType'>SetValue</Data><Data Name='UtcTime'>2025-08-14 14:38:27.446</Data><Data Name='ProcessGuid'>{750e87f3-4bcf-688f-b100-000000001b00}</Data><Data Name='ProcessId'>11456</Data><Data Name='Image'>C:\WINDOWS\system32\svchost.exe</Data><Data Name='TargetObject'>HKU\S-1-5-21-2535620217-2053583276-3195117501-1001\Software\Microsoft\Windows\CurrentVersion\CapabilityAccessManager\ConsentStore\location\NonPackaged\C:#Program Files (x86)#Lenovo#PCManager#5.1.120.7041#Modules#SE#SmartEngineHost.exe\LastUsedTimeStop</Data><Data Name='Details'>QWORD (0x00000000-0x00000000)</Data><Data Name='User'>NT AUTHORITY\SYSTEM</Data></EventData></Event>
<Event xmlns='http://schemas.microsoft.com/win/2004/08/events/event'><System><Provider Name='Microsoft-Windows-Sysmon' Guid='{5770385f-c22a-43e0-bf4c-06f5698ffbd9}'/><EventID>13</EventID><Version>2</Version><Level>4</Level><Task>13</Task><Opcode>0</Opcode><Keywords>0x8000000000000000</Keywords><TimeCreated SystemTime='2025-08-14T14:38:27.4424146Z'/><EventRecordID>4613776</EventRecordID><Correlation/><Execution ProcessID='5792' ThreadID='8236'/><Channel>Microsoft-Windows-Sysmon/Operational</Channel><Computer>LAPTOP-6UTB6EBF</Computer><Security UserID='S-1-5-18'/></System><EventData><Data Name='RuleName'>technique_id=T1005,technique_name=Data from Local System</Data><Data Name='EventType'>SetValue</Data><Data Name='UtcTime'>2025-08-14 14:38:27.441</Data><Data Name='ProcessGuid'>{750e87f3-4bcf-688f-b100-000000001b00}</Data><Data Name='ProcessId'>11456</Data><Data Name='Image'>C:\WINDOWS\system32\svchost.exe</Data><Data Name='TargetObject'>HKU\S-1-5-21-2535620217-2053583276-3195117501-1001\Software\Microsoft\Windows\CurrentVersion\CapabilityAccessManager\ConsentStore\location\NonPackaged\C:#Program Files (x86)#Lenovo#PCManager#5.1.120.7041#Modules#SE#SmartEngineHost.exe\LastUserAnnotatedLabel</Data><Data Name='Details'>DWORD (0x00000002)</Data><Data Name='User'>NT AUTHORITY\SYSTEM</Data></EventData></Event>
